 Enter the input file name (in INP directory)
 filename=INP/13.1degcarbon2019.inp                                            
input files for EXTERNAL: runplan/target/output                         
RUNPLAN/10.6gev_13.1deg.inp                                                     
TARG/targ.C15_2017                                                              
OUT/10.6gev_13.1deg_C15_details.out                                             
 got here
 Reading parameters for Ioana's model
 Pauli suppression factors
  1.00 0.05 1.00 0.63 1.00 0.61 0.83 0.68 0.63 1.00 0.61 0.83
 Pauli suppression factors
  1.00 0.10 1.00 0.83 1.00 0.79 0.92 0.84 0.83 1.00 0.79 0.92
 Pauli suppression factors
  1.00 0.15 1.00 0.94 1.00 0.87 0.96 0.91 0.94 1.00 0.87 0.96
 Pauli suppression factors
  1.00 0.20 1.00 0.99 1.00 0.89 0.97 0.94 0.99 1.00 0.89 0.97
 Pauli suppression factors
  1.00 0.25 1.00 1.00 1.00 1.00 0.98 0.96 1.00 1.00 1.00 0.98
 Pauli suppression factors
  2.00 0.05 1.00 0.63 1.00 0.62 0.83 0.68 0.63 1.00 0.62 0.83
 Pauli suppression factors
  2.00 0.10 1.00 0.83 1.00 0.80 0.92 0.84 0.83 1.00 0.80 0.92
 Pauli suppression factors
  2.00 0.15 1.00 0.94 1.00 0.90 0.96 0.91 0.94 1.00 0.90 0.96
 Pauli suppression factors
  2.00 0.20 1.00 0.99 1.00 0.94 0.97 0.94 0.99 1.00 0.94 0.97
 Pauli suppression factors
  2.00 0.25 1.00 1.00 1.00 1.00 0.98 0.96 1.00 1.00 1.00 0.98
 Pauli suppression factors
  3.00 0.05 1.00 0.63 1.00 0.62 0.83 0.68 0.63 1.00 0.62 0.83
 Pauli suppression factors
  3.00 0.10 1.00 0.83 1.00 0.81 0.92 0.84 0.83 1.00 0.81 0.92
 Pauli suppression factors
  3.00 0.15 1.00 0.94 1.00 0.91 0.96 0.91 0.94 1.00 0.91 0.96
 Pauli suppression factors
  3.00 0.20 1.00 0.99 1.00 0.95 0.97 0.94 0.99 1.00 0.95 0.97
 Pauli suppression factors
  3.00 0.25 1.00 1.00 1.00 1.00 0.98 0.96 1.00 1.00 1.00 0.98
 Pauli suppression factors
  4.00 0.05 1.00 0.63 1.00 0.62 0.83 0.68 0.63 1.00 0.62 0.83
 Pauli suppression factors
  4.00 0.10 1.00 0.83 1.00 0.81 0.92 0.84 0.83 1.00 0.81 0.92
 Pauli suppression factors
  4.00 0.15 1.00 0.94 1.00 0.91 0.96 0.91 0.94 1.00 0.91 0.96
 Pauli suppression factors
  4.00 0.20 1.00 0.99 1.00 0.96 0.97 0.94 0.99 1.00 0.96 0.97
 Pauli suppression factors
  4.00 0.25 1.00 1.00 1.00 1.00 0.98 0.96 1.00 1.00 1.00 0.98
 Pauli suppression factors
  5.00 0.05 1.00 0.63 1.00 0.62 0.83 0.68 0.63 1.00 0.62 0.83
 Pauli suppression factors
  5.00 0.10 1.00 0.83 1.00 0.81 0.92 0.84 0.83 1.00 0.81 0.92
 Pauli suppression factors
  5.00 0.15 1.00 0.94 1.00 0.92 0.96 0.91 0.94 1.00 0.92 0.96
 Pauli suppression factors
  5.00 0.20 1.00 0.99 1.00 0.97 0.97 0.94 0.99 1.00 0.97 0.97
 Pauli suppression factors
  5.00 0.25 1.00 1.00 1.00 1.00 0.98 0.96 1.00 1.00 1.00 0.98
 e,ep,th,sigb,sigqe=   10.59    8.33   13.10  0.0000E+00  0.2552E+01
   10.5890   8.3300  13.1000   1.0830   4.5910  0.25406E+01  0.00000E+00  0.25406E+01  0.25525E+01  0.00000E+00  0.00000E+00  0.00000E+00  0.10047E+01
 e,ep,th,sigb,sigqe=   10.59    8.34   13.10  0.0000E+00  0.2491E+01
   10.5890   8.3400  13.1000   1.0891   4.5965  0.24792E+01  0.00000E+00  0.24792E+01  0.24912E+01  0.00000E+00  0.00000E+00  0.00000E+00  0.10048E+01
 e,ep,th,sigb,sigqe=   10.59    8.35   13.10  0.0000E+00  0.2428E+01
   10.5890   8.3500  13.1000   1.0953   4.6020  0.24155E+01  0.00000E+00  0.24155E+01  0.24276E+01  0.00000E+00  0.00000E+00  0.00000E+00  0.10050E+01
 e,ep,th,sigb,sigqe=   10.59    8.36   13.10  0.0000E+00  0.2362E+01
   10.5890   8.3600  13.1000   1.1015   4.6075  0.23499E+01  0.00000E+00  0.23499E+01  0.23621E+01  0.00000E+00  0.00000E+00  0.00000E+00  0.10052E+01
 e,ep,th,sigb,sigqe=   10.59    8.37   13.10  0.0000E+00  0.2295E+01
   10.5890   8.3700  13.1000   1.1078   4.6130  0.22829E+01  0.00000E+00  0.22829E+01  0.22950E+01  0.00000E+00  0.00000E+00  0.00000E+00  0.10053E+01
 e,ep,th,sigb,sigqe=   10.59    8.38   13.10  0.0000E+00  0.2227E+01
   10.5890   8.3800  13.1000   1.1142   4.6185  0.22147E+01  0.00000E+00  0.22147E+01  0.22268E+01  0.00000E+00  0.00000E+00  0.00000E+00  0.10055E+01
 e,ep,th,sigb,sigqe=   10.59    8.39   13.10  0.0000E+00  0.2158E+01
   10.5890   8.3900  13.1000   1.1206   4.6240  0.21458E+01  0.00000E+00  0.21458E+01  0.21578E+01  0.00000E+00  0.00000E+00  0.00000E+00  0.10056E+01
 e,ep,th,sigb,sigqe=   10.59    8.40   13.10  0.0000E+00  0.2088E+01
   10.5890   8.4000  13.1000   1.1270   4.6296  0.20766E+01  0.00000E+00  0.20766E+01  0.20884E+01  0.00000E+00  0.00000E+00  0.00000E+00  0.10057E+01
 e,ep,th,sigb,sigqe=   10.59    8.41   13.10  0.0000E+00  0.2019E+01
   10.5890   8.4100  13.1000   1.1335   4.6351  0.20073E+01  0.00000E+00  0.20073E+01  0.20190E+01  0.00000E+00  0.00000E+00  0.00000E+00  0.10058E+01
 e,ep,th,sigb,sigqe=   10.59    8.42   13.10  0.0000E+00  0.1950E+01
   10.5890   8.4200  13.1000   1.1401   4.6406  0.19384E+01  0.00000E+00  0.19384E+01  0.19498E+01  0.00000E+00  0.00000E+00  0.00000E+00  0.10059E+01
 e,ep,th,sigb,sigqe=   10.59    8.43   13.10  0.0000E+00  0.1881E+01
   10.5890   8.4300  13.1000   1.1468   4.6461  0.18700E+01  0.00000E+00  0.18700E+01  0.18813E+01  0.00000E+00  0.00000E+00  0.00000E+00  0.10060E+01
 e,ep,th,sigb,sigqe=   10.59    8.44   13.10  0.0000E+00  0.1814E+01
   10.5890   8.4400  13.1000   1.1535   4.6516  0.18026E+01  0.00000E+00  0.18026E+01  0.18135E+01  0.00000E+00  0.00000E+00  0.00000E+00  0.10061E+01
 e,ep,th,sigb,sigqe=   10.59    8.45   13.10  0.0000E+00  0.1747E+01
   10.5890   8.4500  13.1000   1.1602   4.6571  0.17363E+01  0.00000E+00  0.17363E+01  0.17469E+01  0.00000E+00  0.00000E+00  0.00000E+00  0.10061E+01
 e,ep,th,sigb,sigqe=   10.59    8.46   13.10  0.0000E+00  0.1682E+01
   10.5890   8.4600  13.1000   1.1671   4.6626  0.16713E+01  0.00000E+00  0.16713E+01  0.16817E+01  0.00000E+00  0.00000E+00  0.00000E+00  0.10062E+01
 e,ep,th,sigb,sigqe=   10.59    8.47   13.10  0.0000E+00  0.1618E+01
   10.5890   8.4700  13.1000   1.1740   4.6681  0.16079E+01  0.00000E+00  0.16079E+01  0.16180E+01  0.00000E+00  0.00000E+00  0.00000E+00  0.10062E+01
 e,ep,th,sigb,sigqe=   10.59    8.48   13.10  0.0000E+00  0.1556E+01
   10.5890   8.4800  13.1000   1.1809   4.6736  0.15462E+01  0.00000E+00  0.15462E+01  0.15559E+01  0.00000E+00  0.00000E+00  0.00000E+00  0.10063E+01
 e,ep,th,sigb,sigqe=   10.59    8.49   13.10  0.0000E+00  0.1496E+01
   10.5890   8.4900  13.1000   1.1879   4.6792  0.14863E+01  0.00000E+00  0.14863E+01  0.14957E+01  0.00000E+00  0.00000E+00  0.00000E+00  0.10063E+01
 e,ep,th,sigb,sigqe=   10.59    8.50   13.10  0.0000E+00  0.1437E+01
   10.5890   8.5000  13.1000   1.1950   4.6847  0.14283E+01  0.00000E+00  0.14283E+01  0.14373E+01  0.00000E+00  0.00000E+00  0.00000E+00  0.10063E+01
 e,ep,th,sigb,sigqe=   10.59    8.51   13.10  0.0000E+00  0.1381E+01
   10.5890   8.5100  13.1000   1.2022   4.6902  0.13723E+01  0.00000E+00  0.13723E+01  0.13810E+01  0.00000E+00  0.00000E+00  0.00000E+00  0.10063E+01
 e,ep,th,sigb,sigqe=   10.59    8.52   13.10  0.0000E+00  0.1327E+01
   10.5890   8.5200  13.1000   1.2094   4.6957  0.13183E+01  0.00000E+00  0.13183E+01  0.13267E+01  0.00000E+00  0.00000E+00  0.00000E+00  0.10063E+01
 e,ep,th,sigb,sigqe=   10.59    8.53   13.10  0.0000E+00  0.1274E+01
   10.5890   8.5300  13.1000   1.2167   4.7012  0.12664E+01  0.00000E+00  0.12664E+01  0.12744E+01  0.00000E+00  0.00000E+00  0.00000E+00  0.10063E+01
 e,ep,th,sigb,sigqe=   10.59    8.54   13.10  0.0000E+00  0.1224E+01
   10.5890   8.5400  13.1000   1.2241   4.7067  0.12166E+01  0.00000E+00  0.12166E+01  0.12242E+01  0.00000E+00  0.00000E+00  0.00000E+00  0.10063E+01
 e,ep,th,sigb,sigqe=   10.59    8.55   13.10  0.0000E+00  0.9419E+00
   10.5890   8.5500  13.1000   1.2315   4.7122  0.93398E+00  0.00000E+00  0.93398E+00  0.94190E+00  0.00000E+00  0.00000E+00  0.00000E+00  0.10085E+01
 e,ep,th,sigb,sigqe=   10.59    8.56   13.10  0.0000E+00  0.8860E+00
   10.5890   8.5600  13.1000   1.2391   4.7177  0.87853E+00  0.00000E+00  0.87853E+00  0.88604E+00  0.00000E+00  0.00000E+00  0.00000E+00  0.10085E+01
 e,ep,th,sigb,sigqe=   10.59    8.57   13.10  0.0000E+00  0.8329E+00
   10.5890   8.5700  13.1000   1.2466   4.7232  0.82577E+00  0.00000E+00  0.82577E+00  0.83287E+00  0.00000E+00  0.00000E+00  0.00000E+00  0.10086E+01
 e,ep,th,sigb,sigqe=   10.59    8.58   13.10  0.0000E+00  0.7824E+00
   10.5890   8.5800  13.1000   1.2543   4.7288  0.77565E+00  0.00000E+00  0.77565E+00  0.78236E+00  0.00000E+00  0.00000E+00  0.00000E+00  0.10086E+01
 e,ep,th,sigb,sigqe=   10.59    8.59   13.10  0.0000E+00  0.7344E+00
   10.5890   8.5900  13.1000   1.2621   4.7343  0.72813E+00  0.00000E+00  0.72813E+00  0.73445E+00  0.00000E+00  0.00000E+00  0.00000E+00  0.10087E+01
 e,ep,th,sigb,sigqe=   10.59    8.60   13.10  0.0000E+00  0.6891E+00
   10.5890   8.6000  13.1000   1.2699   4.7398  0.68312E+00  0.00000E+00  0.68312E+00  0.68908E+00  0.00000E+00  0.00000E+00  0.00000E+00  0.10087E+01
 e,ep,th,sigb,sigqe=   10.59    8.61   13.10  0.0000E+00  0.6462E+00
   10.5890   8.6100  13.1000   1.2778   4.7453  0.64058E+00  0.00000E+00  0.64058E+00  0.64619E+00  0.00000E+00  0.00000E+00  0.00000E+00  0.10088E+01
 e,ep,th,sigb,sigqe=   10.59    8.62   13.10  0.0000E+00  0.6057E+00
   10.5890   8.6200  13.1000   1.2858   4.7508  0.60040E+00  0.00000E+00  0.60040E+00  0.60567E+00  0.00000E+00  0.00000E+00  0.00000E+00  0.10088E+01
 e,ep,th,sigb,sigqe=   10.59    8.63   13.10  0.0000E+00  0.5675E+00
   10.5890   8.6300  13.1000   1.2938   4.7563  0.56251E+00  0.00000E+00  0.56251E+00  0.56746E+00  0.00000E+00  0.00000E+00  0.00000E+00  0.10088E+01
 e,ep,th,sigb,sigqe=   10.59    8.64   13.10  0.0000E+00  0.5314E+00
   10.5890   8.6400  13.1000   1.3020   4.7618  0.52680E+00  0.00000E+00  0.52680E+00  0.53145E+00  0.00000E+00  0.00000E+00  0.00000E+00  0.10088E+01
 e,ep,th,sigb,sigqe=   10.59    8.65   13.10  0.0000E+00  0.4976E+00
   10.5890   8.6500  13.1000   1.3102   4.7673  0.49320E+00  0.00000E+00  0.49320E+00  0.49755E+00  0.00000E+00  0.00000E+00  0.00000E+00  0.10088E+01
 e,ep,th,sigb,sigqe=   10.59    8.66   13.10  0.0000E+00  0.4657E+00
   10.5890   8.6600  13.1000   1.3185   4.7728  0.46159E+00  0.00000E+00  0.46159E+00  0.46567E+00  0.00000E+00  0.00000E+00  0.00000E+00  0.10088E+01
 e,ep,th,sigb,sigqe=   10.59    8.67   13.10  0.0000E+00  0.4357E+00
   10.5890   8.6700  13.1000   1.3269   4.7784  0.43190E+00  0.00000E+00  0.43190E+00  0.43572E+00  0.00000E+00  0.00000E+00  0.00000E+00  0.10088E+01
 e,ep,th,sigb,sigqe=   10.59    8.68   13.10  0.0000E+00  0.4076E+00
   10.5890   8.6800  13.1000   1.3354   4.7839  0.40401E+00  0.00000E+00  0.40401E+00  0.40758E+00  0.00000E+00  0.00000E+00  0.00000E+00  0.10088E+01
 e,ep,th,sigb,sigqe=   10.59    8.69   13.10  0.0000E+00  0.3812E+00
   10.5890   8.6900  13.1000   1.3440   4.7894  0.37784E+00  0.00000E+00  0.37784E+00  0.38118E+00  0.00000E+00  0.00000E+00  0.00000E+00  0.10088E+01
 e,ep,th,sigb,sigqe=   10.59    8.70   13.10  0.0000E+00  0.3564E+00
   10.5890   8.7000  13.1000   1.3526   4.7949  0.35330E+00  0.00000E+00  0.35330E+00  0.35643E+00  0.00000E+00  0.00000E+00  0.00000E+00  0.10088E+01
 e,ep,th,sigb,sigqe=   10.59    8.71   13.10  0.0000E+00  0.3332E+00
   10.5890   8.7100  13.1000   1.3614   4.8004  0.33030E+00  0.00000E+00  0.33030E+00  0.33322E+00  0.00000E+00  0.00000E+00  0.00000E+00  0.10088E+01
 e,ep,th,sigb,sigqe=   10.59    8.72   13.10  0.0000E+00  0.3115E+00
   10.5890   8.7200  13.1000   1.3703   4.8059  0.30875E+00  0.00000E+00  0.30875E+00  0.31148E+00  0.00000E+00  0.00000E+00  0.00000E+00  0.10088E+01
 e,ep,th,sigb,sigqe=   10.59    8.73   13.10  0.0000E+00  0.2911E+00
   10.5890   8.7300  13.1000   1.3792   4.8114  0.28858E+00  0.00000E+00  0.28858E+00  0.29112E+00  0.00000E+00  0.00000E+00  0.00000E+00  0.10088E+01
 e,ep,th,sigb,sigqe=   10.59    8.74   13.10  0.0000E+00  0.2721E+00
   10.5890   8.7400  13.1000   1.3883   4.8169  0.26969E+00  0.00000E+00  0.26969E+00  0.27206E+00  0.00000E+00  0.00000E+00  0.00000E+00  0.10088E+01
 e,ep,th,sigb,sigqe=   10.59    8.75   13.10  0.0000E+00  0.2542E+00
   10.5890   8.7500  13.1000   1.3974   4.8224  0.25202E+00  0.00000E+00  0.25202E+00  0.25423E+00  0.00000E+00  0.00000E+00  0.00000E+00  0.10088E+01
 e,ep,th,sigb,sigqe=   10.59    8.76   13.10  0.0000E+00  0.2375E+00
   10.5890   8.7600  13.1000   1.4067   4.8280  0.23548E+00  0.00000E+00  0.23548E+00  0.23755E+00  0.00000E+00  0.00000E+00  0.00000E+00  0.10088E+01
 e,ep,th,sigb,sigqe=   10.59    8.77   13.10  0.0000E+00  0.2219E+00
   10.5890   8.7700  13.1000   1.4160   4.8335  0.22002E+00  0.00000E+00  0.22002E+00  0.22195E+00  0.00000E+00  0.00000E+00  0.00000E+00  0.10088E+01
 e,ep,th,sigb,sigqe=   10.59    8.78   13.10  0.0000E+00  0.2074E+00
   10.5890   8.7800  13.1000   1.4255   4.8390  0.20557E+00  0.00000E+00  0.20557E+00  0.20736E+00  0.00000E+00  0.00000E+00  0.00000E+00  0.10087E+01
 e,ep,th,sigb,sigqe=   10.59    8.79   13.10  0.0000E+00  0.1937E+00
   10.5890   8.7900  13.1000   1.4350   4.8445  0.19205E+00  0.00000E+00  0.19205E+00  0.19373E+00  0.00000E+00  0.00000E+00  0.00000E+00  0.10087E+01
 e,ep,th,sigb,sigqe=   10.59    8.80   13.10  0.0000E+00  0.1810E+00
   10.5890   8.8000  13.1000   1.4447   4.8500  0.17942E+00  0.00000E+00  0.17942E+00  0.18098E+00  0.00000E+00  0.00000E+00  0.00000E+00  0.10087E+01
 e,ep,th,sigb,sigqe=   10.59    8.81   13.10  0.0000E+00  0.1691E+00
   10.5890   8.8100  13.1000   1.4544   4.8555  0.16762E+00  0.00000E+00  0.16762E+00  0.16908E+00  0.00000E+00  0.00000E+00  0.00000E+00  0.10087E+01
 e,ep,th,sigb,sigqe=   10.59    8.82   13.10  0.0000E+00  0.1580E+00
   10.5890   8.8200  13.1000   1.4643   4.8610  0.15660E+00  0.00000E+00  0.15660E+00  0.15795E+00  0.00000E+00  0.00000E+00  0.00000E+00  0.10087E+01
 e,ep,th,sigb,sigqe=   10.59    8.83   13.10  0.0000E+00  0.1476E+00
   10.5890   8.8300  13.1000   1.4743   4.8665  0.14630E+00  0.00000E+00  0.14630E+00  0.14756E+00  0.00000E+00  0.00000E+00  0.00000E+00  0.10086E+01
 e,ep,th,sigb,sigqe=   10.59    8.84   13.10  0.0000E+00  0.1379E+00
   10.5890   8.8400  13.1000   1.4844   4.8721  0.13667E+00  0.00000E+00  0.13667E+00  0.13785E+00  0.00000E+00  0.00000E+00  0.00000E+00  0.10086E+01
 e,ep,th,sigb,sigqe=   10.59    8.85   13.10  0.0000E+00  0.1288E+00
   10.5890   8.8500  13.1000   1.4947   4.8776  0.12769E+00  0.00000E+00  0.12769E+00  0.12878E+00  0.00000E+00  0.00000E+00  0.00000E+00  0.10086E+01
 e,ep,th,sigb,sigqe=   10.59    8.86   13.10  0.0000E+00  0.1203E+00
   10.5890   8.8600  13.1000   1.5050   4.8831  0.11929E+00  0.00000E+00  0.11929E+00  0.12031E+00  0.00000E+00  0.00000E+00  0.00000E+00  0.10086E+01
 e,ep,th,sigb,sigqe=   10.59    8.87   13.10  0.0000E+00  0.1124E+00
   10.5890   8.8700  13.1000   1.5155   4.8886  0.11145E+00  0.00000E+00  0.11145E+00  0.11240E+00  0.00000E+00  0.00000E+00  0.00000E+00  0.10085E+01
 e,ep,th,sigb,sigqe=   10.59    8.88   13.10  0.0000E+00  0.1050E+00
   10.5890   8.8800  13.1000   1.5260   4.8941  0.10413E+00  0.00000E+00  0.10413E+00  0.10502E+00  0.00000E+00  0.00000E+00  0.00000E+00  0.10085E+01
 e,ep,th,sigb,sigqe=   10.59    8.89   13.10  0.0000E+00  0.9812E-01
   10.5890   8.8900  13.1000   1.5368   4.8996  0.97294E-01  0.00000E+00  0.97294E-01  0.98119E-01  0.00000E+00  0.00000E+00  0.00000E+00  0.10085E+01
 e,ep,th,sigb,sigqe=   10.59    8.90   13.10  0.0000E+00  0.9168E-01
   10.5890   8.9000  13.1000   1.5476   4.9051  0.90909E-01  0.00000E+00  0.90909E-01  0.91678E-01  0.00000E+00  0.00000E+00  0.00000E+00  0.10085E+01
 e,ep,th,sigb,sigqe=   10.59    8.91   13.10  0.0000E+00  0.8566E-01
   10.5890   8.9100  13.1000   1.5586   4.9106  0.84945E-01  0.00000E+00  0.84945E-01  0.85662E-01  0.00000E+00  0.00000E+00  0.00000E+00  0.10084E+01
 e,ep,th,sigb,sigqe=   10.59    8.92   13.10  0.0000E+00  0.8004E-01
   10.5890   8.9200  13.1000   1.5697   4.9161  0.79376E-01  0.00000E+00  0.79376E-01  0.80044E-01  0.00000E+00  0.00000E+00  0.00000E+00  0.10084E+01
 e,ep,th,sigb,sigqe=   10.59    8.93   13.10  0.0000E+00  0.7480E-01
   10.5890   8.9300  13.1000   1.5809   4.9217  0.74175E-01  0.00000E+00  0.74175E-01  0.74798E-01  0.00000E+00  0.00000E+00  0.00000E+00  0.10084E+01
 e,ep,th,sigb,sigqe=   10.59    8.94   13.10  0.0000E+00  0.6990E-01
   10.5890   8.9400  13.1000   1.5923   4.9272  0.69319E-01  0.00000E+00  0.69319E-01  0.69898E-01  0.00000E+00  0.00000E+00  0.00000E+00  0.10084E+01
 e,ep,th,sigb,sigqe=   10.59    8.95   13.10  0.0000E+00  0.6532E-01
   10.5890   8.9500  13.1000   1.6038   4.9327  0.64783E-01  0.00000E+00  0.64783E-01  0.65323E-01  0.00000E+00  0.00000E+00  0.00000E+00  0.10083E+01
 e,ep,th,sigb,sigqe=   10.59    8.96   13.10  0.0000E+00  0.6105E-01
   10.5890   8.9600  13.1000   1.6154   4.9382  0.60546E-01  0.00000E+00  0.60546E-01  0.61049E-01  0.00000E+00  0.00000E+00  0.00000E+00  0.10083E+01
 e,ep,th,sigb,sigqe=   10.59    8.97   13.10  0.0000E+00  0.5706E-01
   10.5890   8.9700  13.1000   1.6272   4.9437  0.56590E-01  0.00000E+00  0.56590E-01  0.57058E-01  0.00000E+00  0.00000E+00  0.00000E+00  0.10083E+01
 e,ep,th,sigb,sigqe=   10.59    8.98   13.10  0.0000E+00  0.5333E-01
   10.5890   8.9800  13.1000   1.6391   4.9492  0.52894E-01  0.00000E+00  0.52894E-01  0.53331E-01  0.00000E+00  0.00000E+00  0.00000E+00  0.10083E+01
 e,ep,th,sigb,sigqe=   10.59    8.99   13.10  0.0000E+00  0.4985E-01
   10.5890   8.9900  13.1000   1.6512   4.9547  0.49442E-01  0.00000E+00  0.49442E-01  0.49849E-01  0.00000E+00  0.00000E+00  0.00000E+00  0.10082E+01
 e,ep,th,sigb,sigqe=   10.59    9.00   13.10  0.0000E+00  0.4660E-01
   10.5890   9.0000  13.1000   1.6635   4.9602  0.46218E-01  0.00000E+00  0.46218E-01  0.46597E-01  0.00000E+00  0.00000E+00  0.00000E+00  0.10082E+01
 e,ep,th,sigb,sigqe=   10.59    9.01   13.10  0.0000E+00  0.4356E-01
   10.5890   9.0100  13.1000   1.6759   4.9657  0.43205E-01  0.00000E+00  0.43205E-01  0.43558E-01  0.00000E+00  0.00000E+00  0.00000E+00  0.10082E+01
 e,ep,th,sigb,sigqe=   10.59    9.02   13.10  0.0000E+00  0.4072E-01
   10.5890   9.0200  13.1000   1.6884   4.9713  0.40391E-01  0.00000E+00  0.40391E-01  0.40720E-01  0.00000E+00  0.00000E+00  0.00000E+00  0.10081E+01
 e,ep,th,sigb,sigqe=   10.59    9.03   13.10  0.0000E+00  0.3807E-01
   10.5890   9.0300  13.1000   1.7011   4.9768  0.37762E-01  0.00000E+00  0.37762E-01  0.38069E-01  0.00000E+00  0.00000E+00  0.00000E+00  0.10081E+01
 e,ep,th,sigb,sigqe=   10.59    9.04   13.10  0.0000E+00  0.3559E-01
   10.5890   9.0400  13.1000   1.7140   4.9823  0.35306E-01  0.00000E+00  0.35306E-01  0.35592E-01  0.00000E+00  0.00000E+00  0.00000E+00  0.10081E+01
 e,ep,th,sigb,sigqe=   10.59    9.05   13.10  0.0000E+00  0.3328E-01
   10.5890   9.0500  13.1000   1.7271   4.9878  0.33011E-01  0.00000E+00  0.33011E-01  0.33277E-01  0.00000E+00  0.00000E+00  0.00000E+00  0.10081E+01
 e,ep,th,sigb,sigqe=   10.59    9.06   13.10  0.0000E+00  0.3111E-01
   10.5890   9.0600  13.1000   1.7403   4.9933  0.30867E-01  0.00000E+00  0.30867E-01  0.31115E-01  0.00000E+00  0.00000E+00  0.00000E+00  0.10080E+01
 e,ep,th,sigb,sigqe=   10.59    9.07   13.10  0.0000E+00  0.2909E-01
   10.5890   9.0700  13.1000   1.7537   4.9988  0.28863E-01  0.00000E+00  0.28863E-01  0.29094E-01  0.00000E+00  0.00000E+00  0.00000E+00  0.10080E+01
 e,ep,th,sigb,sigqe=   10.59    9.08   13.10  0.0000E+00  0.2721E-01
   10.5890   9.0800  13.1000   1.7672   5.0043  0.26990E-01  0.00000E+00  0.26990E-01  0.27206E-01  0.00000E+00  0.00000E+00  0.00000E+00  0.10080E+01
 e,ep,th,sigb,sigqe=   10.59    9.09   13.10  0.0000E+00  0.2544E-01
   10.5890   9.0900  13.1000   1.7810   5.0098  0.25240E-01  0.00000E+00  0.25240E-01  0.25441E-01  0.00000E+00  0.00000E+00  0.00000E+00  0.10080E+01
 e,ep,th,sigb,sigqe=   10.59    9.10   13.10  0.0000E+00  0.2379E-01
   10.5890   9.1000  13.1000   1.7949   5.0153  0.23604E-01  0.00000E+00  0.23604E-01  0.23792E-01  0.00000E+00  0.00000E+00  0.00000E+00  0.10079E+01
 e,ep,th,sigb,sigqe=   10.59    9.11   13.10  0.0000E+00  0.2225E-01
   10.5890   9.1100  13.1000   1.8090   5.0209  0.22075E-01  0.00000E+00  0.22075E-01  0.22250E-01  0.00000E+00  0.00000E+00  0.00000E+00  0.10079E+01
 e,ep,th,sigb,sigqe=   10.59    9.12   13.10  0.0000E+00  0.2081E-01
   10.5890   9.1200  13.1000   1.8234   5.0264  0.20646E-01  0.00000E+00  0.20646E-01  0.20809E-01  0.00000E+00  0.00000E+00  0.00000E+00  0.10079E+01
 e,ep,th,sigb,sigqe=   10.59    9.13   13.10  0.0000E+00  0.1946E-01
   10.5890   9.1300  13.1000   1.8379   5.0319  0.19310E-01  0.00000E+00  0.19310E-01  0.19462E-01  0.00000E+00  0.00000E+00  0.00000E+00  0.10079E+01
 e,ep,th,sigb,sigqe=   10.59    9.14   13.10  0.0000E+00  0.1820E-01
   10.5890   9.1400  13.1000   1.8526   5.0374  0.18061E-01  0.00000E+00  0.18061E-01  0.18203E-01  0.00000E+00  0.00000E+00  0.00000E+00  0.10078E+01
 e,ep,th,sigb,sigqe=   10.59    9.15   13.10  0.0000E+00  0.1703E-01
   10.5890   9.1500  13.1000   1.8675   5.0429  0.16894E-01  0.00000E+00  0.16894E-01  0.17026E-01  0.00000E+00  0.00000E+00  0.00000E+00  0.10078E+01
 e,ep,th,sigb,sigqe=   10.59    9.16   13.10  0.0000E+00  0.1593E-01
   10.5890   9.1600  13.1000   1.8826   5.0484  0.15802E-01  0.00000E+00  0.15802E-01  0.15925E-01  0.00000E+00  0.00000E+00  0.00000E+00  0.10078E+01
 e,ep,th,sigb,sigqe=   10.59    9.17   13.10  0.0000E+00  0.1490E-01
   10.5890   9.1700  13.1000   1.8979   5.0539  0.14782E-01  0.00000E+00  0.14782E-01  0.14896E-01  0.00000E+00  0.00000E+00  0.00000E+00  0.10078E+01
 e,ep,th,sigb,sigqe=   10.59    9.18   13.10  0.0000E+00  0.1393E-01
   10.5890   9.1800  13.1000   1.9135   5.0594  0.13827E-01  0.00000E+00  0.13827E-01  0.13934E-01  0.00000E+00  0.00000E+00  0.00000E+00  0.10077E+01
 e,ep,th,sigb,sigqe=   10.59    9.19   13.10  0.0000E+00  0.1303E-01
   10.5890   9.1900  13.1000   1.9293   5.0649  0.12935E-01  0.00000E+00  0.12935E-01  0.13035E-01  0.00000E+00  0.00000E+00  0.00000E+00  0.10077E+01
 e,ep,th,sigb,sigqe=   10.59    9.20   13.10  0.0000E+00  0.1219E-01
   10.5890   9.2000  13.1000   1.9453   5.0705  0.12100E-01  0.00000E+00  0.12100E-01  0.12194E-01  0.00000E+00  0.00000E+00  0.00000E+00  0.10077E+01
 e,ep,th,sigb,sigqe=   10.59    9.21   13.10  0.0000E+00  0.1141E-01
   10.5890   9.2100  13.1000   1.9615   5.0760  0.11320E-01  0.00000E+00  0.11320E-01  0.11407E-01  0.00000E+00  0.00000E+00  0.00000E+00  0.10077E+01
 e,ep,th,sigb,sigqe=   10.59    9.22   13.10  0.0000E+00  0.1067E-01
   10.5890   9.2200  13.1000   1.9780   5.0815  0.10590E-01  0.00000E+00  0.10590E-01  0.10671E-01  0.00000E+00  0.00000E+00  0.00000E+00  0.10076E+01
 e,ep,th,sigb,sigqe=   10.59    9.23   13.10  0.0000E+00  0.9983E-02
   10.5890   9.2300  13.1000   1.9947   5.0870  0.99075E-02  0.00000E+00  0.99075E-02  0.99831E-02  0.00000E+00  0.00000E+00  0.00000E+00  0.10076E+01
 e,ep,th,sigb,sigqe=   10.59    9.24   13.10  0.0000E+00  0.9339E-02
   10.5890   9.2400  13.1000   2.0117   5.0925  0.92690E-02  0.00000E+00  0.92690E-02  0.93395E-02  0.00000E+00  0.00000E+00  0.00000E+00  0.10076E+01
 e,ep,th,sigb,sigqe=   10.59    9.25   13.10  0.0000E+00  0.8738E-02
   10.5890   9.2500  13.1000   2.0289   5.0980  0.86718E-02  0.00000E+00  0.86718E-02  0.87375E-02  0.00000E+00  0.00000E+00  0.00000E+00  0.10076E+01
 e,ep,th,sigb,sigqe=   10.59    9.26   13.10  0.0000E+00  0.8174E-02
   10.5890   9.2600  13.1000   2.0464   5.1035  0.81132E-02  0.00000E+00  0.81132E-02  0.81745E-02  0.00000E+00  0.00000E+00  0.00000E+00  0.10076E+01
 e,ep,th,sigb,sigqe=   10.59    9.27   13.10  0.0000E+00  0.7648E-02
   10.5890   9.2700  13.1000   2.0641   5.1090  0.75907E-02  0.00000E+00  0.75907E-02  0.76478E-02  0.00000E+00  0.00000E+00  0.00000E+00  0.10075E+01
 e,ep,th,sigb,sigqe=   10.59    9.28   13.10  0.0000E+00  0.7155E-02
   10.5890   9.2800  13.1000   2.0821   5.1146  0.71019E-02  0.00000E+00  0.71019E-02  0.71552E-02  0.00000E+00  0.00000E+00  0.00000E+00  0.10075E+01
 e,ep,th,sigb,sigqe=   10.59    9.29   13.10  0.0000E+00  0.6694E-02
   10.5890   9.2900  13.1000   2.1004   5.1201  0.66446E-02  0.00000E+00  0.66446E-02  0.66943E-02  0.00000E+00  0.00000E+00  0.00000E+00  0.10075E+01
 e,ep,th,sigb,sigqe=   10.59    9.30   13.10  0.0000E+00  0.6263E-02
   10.5890   9.3000  13.1000   2.1190   5.1256  0.62167E-02  0.00000E+00  0.62167E-02  0.62632E-02  0.00000E+00  0.00000E+00  0.00000E+00  0.10075E+01
 e,ep,th,sigb,sigqe=   10.59    9.31   13.10  0.0000E+00  0.5860E-02
   10.5890   9.3100  13.1000   2.1378   5.1311  0.58165E-02  0.00000E+00  0.58165E-02  0.58598E-02  0.00000E+00  0.00000E+00  0.00000E+00  0.10074E+01
 e,ep,th,sigb,sigqe=   10.59    9.32   13.10  0.0000E+00  0.5482E-02
   10.5890   9.3200  13.1000   2.1570   5.1366  0.54421E-02  0.00000E+00  0.54421E-02  0.54825E-02  0.00000E+00  0.00000E+00  0.00000E+00  0.10074E+01
 e,ep,th,sigb,sigqe=   10.59    9.33   13.10  0.0000E+00  0.5129E-02
   10.5890   9.3300  13.1000   2.1765   5.1421  0.50917E-02  0.00000E+00  0.50917E-02  0.51294E-02  0.00000E+00  0.00000E+00  0.00000E+00  0.10074E+01
 e,ep,th,sigb,sigqe=   10.59    9.34   13.10  0.0000E+00  0.4799E-02
   10.5890   9.3400  13.1000   2.1962   5.1476  0.47639E-02  0.00000E+00  0.47639E-02  0.47991E-02  0.00000E+00  0.00000E+00  0.00000E+00  0.10074E+01
 e,ep,th,sigb,sigqe=   10.59    9.35   13.10  0.0000E+00  0.4490E-02
   10.5890   9.3500  13.1000   2.2163   5.1531  0.44572E-02  0.00000E+00  0.44572E-02  0.44900E-02  0.00000E+00  0.00000E+00  0.00000E+00  0.10074E+01
 e,ep,th,sigb,sigqe=   10.59    9.36   13.10  0.0000E+00  0.4201E-02
   10.5890   9.3600  13.1000   2.2368   5.1586  0.41702E-02  0.00000E+00  0.41702E-02  0.42008E-02  0.00000E+00  0.00000E+00  0.00000E+00  0.10073E+01
 e,ep,th,sigb,sigqe=   10.59    9.37   13.10  0.0000E+00  0.3930E-02
   10.5890   9.3700  13.1000   2.2575   5.1642  0.39017E-02  0.00000E+00  0.39017E-02  0.39302E-02  0.00000E+00  0.00000E+00  0.00000E+00  0.10073E+01
 e,ep,th,sigb,sigqe=   10.59    9.38   13.10  0.0000E+00  0.3677E-02
   10.5890   9.3800  13.1000   2.2786   5.1697  0.36504E-02  0.00000E+00  0.36504E-02  0.36771E-02  0.00000E+00  0.00000E+00  0.00000E+00  0.10073E+01
 e,ep,th,sigb,sigqe=   10.59    9.39   13.10  0.0000E+00  0.3440E-02
   10.5890   9.3900  13.1000   2.3001   5.1752  0.34153E-02  0.00000E+00  0.34153E-02  0.34401E-02  0.00000E+00  0.00000E+00  0.00000E+00  0.10073E+01
 e,ep,th,sigb,sigqe=   10.59    9.40   13.10  0.0000E+00  0.3218E-02
   10.5890   9.4000  13.1000   2.3219   5.1807  0.31953E-02  0.00000E+00  0.31953E-02  0.32185E-02  0.00000E+00  0.00000E+00  0.00000E+00  0.10073E+01
 e,ep,th,sigb,sigqe=   10.59    9.41   13.10  0.0000E+00  0.3011E-02
   10.5890   9.4100  13.1000   2.3441   5.1862  0.29894E-02  0.00000E+00  0.29894E-02  0.30110E-02  0.00000E+00  0.00000E+00  0.00000E+00  0.10072E+01
 e,ep,th,sigb,sigqe=   10.59    9.42   13.10  0.0000E+00  0.2817E-02
   10.5890   9.4200  13.1000   2.3666   5.1917  0.27968E-02  0.00000E+00  0.27968E-02  0.28169E-02  0.00000E+00  0.00000E+00  0.00000E+00  0.10072E+01
 e,ep,th,sigb,sigqe=   10.59    9.43   13.10  0.0000E+00  0.2635E-02
   10.5890   9.4300  13.1000   2.3896   5.1972  0.26165E-02  0.00000E+00  0.26165E-02  0.26353E-02  0.00000E+00  0.00000E+00  0.00000E+00  0.10072E+01
 e,ep,th,sigb,sigqe=   10.59    9.44   13.10  0.0000E+00  0.2465E-02
   10.5890   9.4400  13.1000   2.4130   5.2027  0.24478E-02  0.00000E+00  0.24478E-02  0.24653E-02  0.00000E+00  0.00000E+00  0.00000E+00  0.10072E+01
 e,ep,th,sigb,sigqe=   10.59    9.45   13.10  0.0000E+00  0.2306E-02
   10.5890   9.4500  13.1000   2.4367   5.2082  0.22899E-02  0.00000E+00  0.22899E-02  0.23063E-02  0.00000E+00  0.00000E+00  0.00000E+00  0.10072E+01
 e,ep,th,sigb,sigqe=   10.59    9.46   13.10  0.0000E+00  0.2157E-02
   10.5890   9.4600  13.1000   2.4609   5.2138  0.21422E-02  0.00000E+00  0.21422E-02  0.21574E-02  0.00000E+00  0.00000E+00  0.00000E+00  0.10071E+01
 e,ep,th,sigb,sigqe=   10.59    9.47   13.10  0.0000E+00  0.2018E-02
   10.5890   9.4700  13.1000   2.4855   5.2193  0.20039E-02  0.00000E+00  0.20039E-02  0.20182E-02  0.00000E+00  0.00000E+00  0.00000E+00  0.10071E+01
 e,ep,th,sigb,sigqe=   10.59    9.48   13.10  0.0000E+00  0.1888E-02
   10.5890   9.4800  13.1000   2.5106   5.2248  0.18745E-02  0.00000E+00  0.18745E-02  0.18878E-02  0.00000E+00  0.00000E+00  0.00000E+00  0.10071E+01
 e,ep,th,sigb,sigqe=   10.59    9.49   13.10  0.0000E+00  0.1766E-02
   10.5890   9.4900  13.1000   2.5361   5.2303  0.17535E-02  0.00000E+00  0.17535E-02  0.17659E-02  0.00000E+00  0.00000E+00  0.00000E+00  0.10071E+01
 e,ep,th,sigb,sigqe=   10.59    9.50   13.10  0.0000E+00  0.1652E-02
   10.5890   9.5000  13.1000   2.5621   5.2358  0.16402E-02  0.00000E+00  0.16402E-02  0.16517E-02  0.00000E+00  0.00000E+00  0.00000E+00  0.10071E+01
 e,ep,th,sigb,sigqe=   10.59    9.51   13.10  0.0000E+00  0.1545E-02
   10.5890   9.5100  13.1000   2.5885   5.2413  0.15342E-02  0.00000E+00  0.15342E-02  0.15449E-02  0.00000E+00  0.00000E+00  0.00000E+00  0.10070E+01
 e,ep,th,sigb,sigqe=   10.59    9.52   13.10  0.0000E+00  0.1445E-02
   10.5890   9.5200  13.1000   2.6155   5.2468  0.14349E-02  0.00000E+00  0.14349E-02  0.14450E-02  0.00000E+00  0.00000E+00  0.00000E+00  0.10070E+01
 e,ep,th,sigb,sigqe=   10.59    9.53   13.10  0.0000E+00  0.1352E-02
   10.5890   9.5300  13.1000   2.6430   5.2523  0.13421E-02  0.00000E+00  0.13421E-02  0.13515E-02  0.00000E+00  0.00000E+00  0.00000E+00  0.10070E+01
 e,ep,th,sigb,sigqe=   10.59    9.54   13.10  0.0000E+00  0.1264E-02
   10.5890   9.5400  13.1000   2.6710   5.2578  0.12552E-02  0.00000E+00  0.12552E-02  0.12640E-02  0.00000E+00  0.00000E+00  0.00000E+00  0.10070E+01
 e,ep,th,sigb,sigqe=   10.59    9.55   13.10  0.0000E+00  0.1182E-02
   10.5890   9.5500  13.1000   2.6995   5.2634  0.11739E-02  0.00000E+00  0.11739E-02  0.11821E-02  0.00000E+00  0.00000E+00  0.00000E+00  0.10070E+01
 e,ep,th,sigb,sigqe=   10.59    9.56   13.10  0.0000E+00  0.1105E-02
   10.5890   9.5600  13.1000   2.7286   5.2689  0.10979E-02  0.00000E+00  0.10979E-02  0.11055E-02  0.00000E+00  0.00000E+00  0.00000E+00  0.10069E+01
 e,ep,th,sigb,sigqe=   10.59    9.57   13.10  0.0000E+00  0.1034E-02
   10.5890   9.5700  13.1000   2.7583   5.2744  0.10267E-02  0.00000E+00  0.10267E-02  0.10338E-02  0.00000E+00  0.00000E+00  0.00000E+00  0.10069E+01
 e,ep,th,sigb,sigqe=   10.59    9.58   13.10  0.0000E+00  0.9667E-03
   10.5890   9.5800  13.1000   2.7885   5.2799  0.96010E-03  0.00000E+00  0.96010E-03  0.96673E-03  0.00000E+00  0.00000E+00  0.00000E+00  0.10069E+01
 e,ep,th,sigb,sigqe=   10.59    9.59   13.10  0.0000E+00  0.9040E-03
   10.5890   9.5900  13.1000   2.8194   5.2854  0.89779E-03  0.00000E+00  0.89779E-03  0.90397E-03  0.00000E+00  0.00000E+00  0.00000E+00  0.10069E+01
 e,ep,th,sigb,sigqe=   10.59    9.60   13.10  0.0000E+00  0.8452E-03
   10.5890   9.6000  13.1000   2.8508   5.2909  0.83948E-03  0.00000E+00  0.83948E-03  0.84524E-03  0.00000E+00  0.00000E+00  0.00000E+00  0.10069E+01
 e,ep,th,sigb,sigqe=   10.59    9.61   13.10  0.0000E+00  0.7903E-03
   10.5890   9.6100  13.1000   2.8830   5.2964  0.78493E-03  0.00000E+00  0.78493E-03  0.79030E-03  0.00000E+00  0.00000E+00  0.00000E+00  0.10068E+01
 e,ep,th,sigb,sigqe=   10.59    9.62   13.10  0.0000E+00  0.7389E-03
   10.5890   9.6200  13.1000   2.9157   5.3019  0.73389E-03  0.00000E+00  0.73389E-03  0.73890E-03  0.00000E+00  0.00000E+00  0.00000E+00  0.10068E+01
 e,ep,th,sigb,sigqe=   10.59    9.63   13.10  0.0000E+00  0.6908E-03
   10.5890   9.6300  13.1000   2.9492   5.3074  0.68613E-03  0.00000E+00  0.68613E-03  0.69081E-03  0.00000E+00  0.00000E+00  0.00000E+00  0.10068E+01
 e,ep,th,sigb,sigqe=   10.59    9.64   13.10  0.0000E+00  0.6458E-03
   10.5890   9.6400  13.1000   2.9834   5.3130  0.64146E-03  0.00000E+00  0.64146E-03  0.64581E-03  0.00000E+00  0.00000E+00  0.00000E+00  0.10068E+01
 e,ep,th,sigb,sigqe=   10.59    9.65   13.10  0.0000E+00  0.6037E-03
   10.5890   9.6500  13.1000   3.0183   5.3185  0.59967E-03  0.00000E+00  0.59967E-03  0.60373E-03  0.00000E+00  0.00000E+00  0.00000E+00  0.10068E+01
 e,ep,th,sigb,sigqe=   10.59    9.66   13.10  0.0000E+00  0.5644E-03
   10.5890   9.6600  13.1000   3.0539   5.3240  0.56057E-03  0.00000E+00  0.56057E-03  0.56435E-03  0.00000E+00  0.00000E+00  0.00000E+00  0.10068E+01
 e,ep,th,sigb,sigqe=   10.59    9.67   13.10  0.0000E+00  0.5275E-03
   10.5890   9.6700  13.1000   3.0904   5.3295  0.52399E-03  0.00000E+00  0.52399E-03  0.52752E-03  0.00000E+00  0.00000E+00  0.00000E+00  0.10067E+01
 e,ep,th,sigb,sigqe=   10.59    9.68   13.10  0.0000E+00  0.4931E-03
   10.5890   9.6800  13.1000   3.1276   5.3350  0.48977E-03  0.00000E+00  0.48977E-03  0.49306E-03  0.00000E+00  0.00000E+00  0.00000E+00  0.10067E+01
 e,ep,th,sigb,sigqe=   10.59    9.69   13.10  0.0000E+00  0.4608E-03
   10.5890   9.6900  13.1000   3.1656   5.3405  0.45777E-03  0.00000E+00  0.45777E-03  0.46084E-03  0.00000E+00  0.00000E+00  0.00000E+00  0.10067E+01
 e,ep,th,sigb,sigqe=   10.59    9.70   13.10  0.0000E+00  0.4307E-03
   10.5890   9.7000  13.1000   3.2046   5.3460  0.42783E-03  0.00000E+00  0.42783E-03  0.43069E-03  0.00000E+00  0.00000E+00  0.00000E+00  0.10067E+01
 e,ep,th,sigb,sigqe=   10.59    9.71   13.10  0.0000E+00  0.4025E-03
   10.5890   9.7100  13.1000   3.2443   5.3515  0.39983E-03  0.00000E+00  0.39983E-03  0.40250E-03  0.00000E+00  0.00000E+00  0.00000E+00  0.10067E+01
 e,ep,th,sigb,sigqe=   10.59    9.72   13.10  0.0000E+00  0.3761E-03
   10.5890   9.7200  13.1000   3.2851   5.3571  0.37364E-03  0.00000E+00  0.37364E-03  0.37613E-03  0.00000E+00  0.00000E+00  0.00000E+00  0.10066E+01
 e,ep,th,sigb,sigqe=   10.59    9.73   13.10  0.0000E+00  0.3515E-03
   10.5890   9.7300  13.1000   3.3267   5.3626  0.34915E-03  0.00000E+00  0.34915E-03  0.35146E-03  0.00000E+00  0.00000E+00  0.00000E+00  0.10066E+01
 e,ep,th,sigb,sigqe=   10.59    9.74   13.10  0.0000E+00  0.3284E-03
   10.5890   9.7400  13.1000   3.3694   5.3681  0.32624E-03  0.00000E+00  0.32624E-03  0.32840E-03  0.00000E+00  0.00000E+00  0.00000E+00  0.10066E+01
 e,ep,th,sigb,sigqe=   10.59    9.75   13.10  0.0000E+00  0.3068E-03
   10.5890   9.7500  13.1000   3.4130   5.3736  0.30482E-03  0.00000E+00  0.30482E-03  0.30683E-03  0.00000E+00  0.00000E+00  0.00000E+00  0.10066E+01
 e,ep,th,sigb,sigqe=   10.59    9.76   13.10  0.0000E+00  0.2867E-03
   10.5890   9.7600  13.1000   3.4577   5.3791  0.28479E-03  0.00000E+00  0.28479E-03  0.28666E-03  0.00000E+00  0.00000E+00  0.00000E+00  0.10066E+01
 e,ep,th,sigb,sigqe=   10.59    9.77   13.10  0.0000E+00  0.2678E-03
   10.5890   9.7700  13.1000   3.5035   5.3846  0.26605E-03  0.00000E+00  0.26605E-03  0.26780E-03  0.00000E+00  0.00000E+00  0.00000E+00  0.10066E+01
 e,ep,th,sigb,sigqe=   10.59    9.78   13.10  0.0000E+00  0.2502E-03
   10.5890   9.7800  13.1000   3.5505   5.3901  0.24854E-03  0.00000E+00  0.24854E-03  0.25017E-03  0.00000E+00  0.00000E+00  0.00000E+00  0.10065E+01
 e,ep,th,sigb,sigqe=   10.59    9.79   13.10  0.0000E+00  0.2337E-03
   10.5890   9.7900  13.1000   3.5986   5.3956  0.23216E-03  0.00000E+00  0.23216E-03  0.23368E-03  0.00000E+00  0.00000E+00  0.00000E+00  0.10065E+01
 e,ep,th,sigb,sigqe=   10.59    9.80   13.10  0.0000E+00  0.2183E-03
   10.5890   9.8000  13.1000   3.6479   5.4011  0.21685E-03  0.00000E+00  0.21685E-03  0.21826E-03  0.00000E+00  0.00000E+00  0.00000E+00  0.10065E+01
 e,ep,th,sigb,sigqe=   10.59    9.81   13.10  0.0000E+00  0.2039E-03
   10.5890   9.8100  13.1000   3.6985   5.4067  0.20254E-03  0.00000E+00  0.20254E-03  0.20385E-03  0.00000E+00  0.00000E+00  0.00000E+00  0.10065E+01
 e,ep,th,sigb,sigqe=   10.59    9.82   13.10  0.0000E+00  0.1904E-03
   10.5890   9.8200  13.1000   3.7504   5.4122  0.18916E-03  0.00000E+00  0.18916E-03  0.19038E-03  0.00000E+00  0.00000E+00  0.00000E+00  0.10065E+01
 e,ep,th,sigb,sigqe=   10.59    9.83   13.10  0.0000E+00  0.1778E-03
   10.5890   9.8300  13.1000   3.8037   5.4177  0.17665E-03  0.00000E+00  0.17665E-03  0.17779E-03  0.00000E+00  0.00000E+00  0.00000E+00  0.10065E+01
 e,ep,th,sigb,sigqe=   10.59    9.84   13.10  0.0000E+00  0.1660E-03
   10.5890   9.8400  13.1000   3.8584   5.4232  0.16495E-03  0.00000E+00  0.16495E-03  0.16602E-03  0.00000E+00  0.00000E+00  0.00000E+00  0.10064E+01
 e,ep,th,sigb,sigqe=   10.59    9.85   13.10  0.0000E+00  0.1550E-03
   10.5890   9.8500  13.1000   3.9146   5.4287  0.15403E-03  0.00000E+00  0.15403E-03  0.15502E-03  0.00000E+00  0.00000E+00  0.00000E+00  0.10064E+01
 e,ep,th,sigb,sigqe=   10.59    9.86   13.10  0.0000E+00  0.1447E-03
   10.5890   9.8600  13.1000   3.9723   5.4342  0.14381E-03  0.00000E+00  0.14381E-03  0.14473E-03  0.00000E+00  0.00000E+00  0.00000E+00  0.10064E+01
 e,ep,th,sigb,sigqe=   10.59    9.87   13.10  0.0000E+00  0.1351E-03
   10.5890   9.8700  13.1000   4.0317   5.4397  0.13426E-03  0.00000E+00  0.13426E-03  0.13512E-03  0.00000E+00  0.00000E+00  0.00000E+00  0.10064E+01
 e,ep,th,sigb,sigqe=   10.59    9.88   13.10  0.0000E+00  0.1261E-03
   10.5890   9.8800  13.1000   4.0927   5.4452  0.12534E-03  0.00000E+00  0.12534E-03  0.12614E-03  0.00000E+00  0.00000E+00  0.00000E+00  0.10064E+01
 e,ep,th,sigb,sigqe=   10.59    9.89   13.10  0.0000E+00  0.1177E-03
   10.5890   9.8900  13.1000   4.1554   5.4507  0.11700E-03  0.00000E+00  0.11700E-03  0.11775E-03  0.00000E+00  0.00000E+00  0.00000E+00  0.10064E+01
 e,ep,th,sigb,sigqe=   10.59    9.90   13.10  0.0000E+00  0.1099E-03
   10.5890   9.9000  13.1000   4.2200   5.4563  0.10922E-03  0.00000E+00  0.10922E-03  0.10991E-03  0.00000E+00  0.00000E+00  0.00000E+00  0.10063E+01
 e,ep,th,sigb,sigqe=   10.59    9.91   13.10  0.0000E+00  0.1026E-03
   10.5890   9.9100  13.1000   4.2865   5.4618  0.10194E-03  0.00000E+00  0.10194E-03  0.10258E-03  0.00000E+00  0.00000E+00  0.00000E+00  0.10063E+01
 e,ep,th,sigb,sigqe=   10.59    9.92   13.10  0.0000E+00  0.9574E-04
   10.5890   9.9200  13.1000   4.3549   5.4673  0.95136E-04  0.00000E+00  0.95136E-04  0.95736E-04  0.00000E+00  0.00000E+00  0.00000E+00  0.10063E+01
 e,ep,th,sigb,sigqe=   10.59    9.93   13.10  0.0000E+00  0.8934E-04
   10.5890   9.9300  13.1000   4.4255   5.4728  0.88782E-04  0.00000E+00  0.88782E-04  0.89341E-04  0.00000E+00  0.00000E+00  0.00000E+00  0.10063E+01
 e,ep,th,sigb,sigqe=   10.59    9.94   13.10  0.0000E+00  0.8337E-04
   10.5890   9.9400  13.1000   4.4982   5.4783  0.82847E-04  0.00000E+00  0.82847E-04  0.83367E-04  0.00000E+00  0.00000E+00  0.00000E+00  0.10063E+01
 e,ep,th,sigb,sigqe=   10.59    9.95   13.10  0.0000E+00  0.7779E-04
   10.5890   9.9500  13.1000   4.5732   5.4838  0.77303E-04  0.00000E+00  0.77303E-04  0.77787E-04  0.00000E+00  0.00000E+00  0.00000E+00  0.10063E+01
 e,ep,th,sigb,sigqe=   10.59    9.96   13.10  0.0000E+00  0.7257E-04
   10.5890   9.9600  13.1000   4.6506   5.4893  0.72125E-04  0.00000E+00  0.72125E-04  0.72575E-04  0.00000E+00  0.00000E+00  0.00000E+00  0.10062E+01
 e,ep,th,sigb,sigqe=   10.59    9.97   13.10  0.0000E+00  0.6771E-04
   10.5890   9.9700  13.1000   4.7304   5.4948  0.67288E-04  0.00000E+00  0.67288E-04  0.67707E-04  0.00000E+00  0.00000E+00  0.00000E+00  0.10062E+01
 e,ep,th,sigb,sigqe=   10.59    9.98   13.10  0.0000E+00  0.6316E-04
   10.5890   9.9800  13.1000   4.8129   5.5003  0.62772E-04  0.00000E+00  0.62772E-04  0.63161E-04  0.00000E+00  0.00000E+00  0.00000E+00  0.10062E+01
 e,ep,th,sigb,sigqe=   10.59    9.99   13.10  0.0000E+00  0.5892E-04
   10.5890   9.9900  13.1000   4.8982   5.5059  0.58553E-04  0.00000E+00  0.58553E-04  0.58916E-04  0.00000E+00  0.00000E+00  0.00000E+00  0.10062E+01
 e,ep,th,sigb,sigqe=   10.59   10.00   13.10  0.0000E+00  0.5495E-04
   10.5890  10.0000  13.1000   4.9863   5.5114  0.54614E-04  0.00000E+00  0.54614E-04  0.54951E-04  0.00000E+00  0.00000E+00  0.00000E+00  0.10062E+01
 e,ep,th,sigb,sigqe=   10.59   10.01   13.10  0.0000E+00  0.5125E-04
   10.5890  10.0100  13.1000   5.0775   5.5169  0.50936E-04  0.00000E+00  0.50936E-04  0.51250E-04  0.00000E+00  0.00000E+00  0.00000E+00  0.10062E+01
 e,ep,th,sigb,sigqe=   10.59   10.02   13.10  0.0000E+00  0.4779E-04
   10.5890  10.0200  13.1000   5.1719   5.5224  0.47503E-04  0.00000E+00  0.47503E-04  0.47795E-04  0.00000E+00  0.00000E+00  0.00000E+00  0.10061E+01
 e,ep,th,sigb,sigqe=   10.59   10.03   13.10  0.0000E+00  0.4457E-04
   10.5890  10.0300  13.1000   5.2697   5.5279  0.44297E-04  0.00000E+00  0.44297E-04  0.44569E-04  0.00000E+00  0.00000E+00  0.00000E+00  0.10061E+01
 e,ep,th,sigb,sigqe=   10.59   10.04   13.10  0.0000E+00  0.4156E-04
   10.5890  10.0400  13.1000   5.3710   5.5334  0.41305E-04  0.00000E+00  0.41305E-04  0.41557E-04  0.00000E+00  0.00000E+00  0.00000E+00  0.10061E+01
 e,ep,th,sigb,sigqe=   10.59   10.05   13.10  0.0000E+00  0.3875E-04
   10.5890  10.0500  13.1000   5.4761   5.5389  0.38511E-04  0.00000E+00  0.38511E-04  0.38746E-04  0.00000E+00  0.00000E+00  0.00000E+00  0.10061E+01
 e,ep,th,sigb,sigqe=   10.59   10.06   13.10  0.0000E+00  0.3612E-04
   10.5890  10.0600  13.1000   5.5852   5.5444  0.35904E-04  0.00000E+00  0.35904E-04  0.36122E-04  0.00000E+00  0.00000E+00  0.00000E+00  0.10061E+01
 e,ep,th,sigb,sigqe=   10.59   10.07   13.10  0.0000E+00  0.3367E-04
   10.5890  10.0700  13.1000   5.6985   5.5499  0.33471E-04  0.00000E+00  0.33471E-04  0.33673E-04  0.00000E+00  0.00000E+00  0.00000E+00  0.10061E+01
 e,ep,th,sigb,sigqe=   10.59   10.08   13.10  0.0000E+00  0.3139E-04
   10.5890  10.0800  13.1000   5.8162   5.5555  0.31200E-04  0.00000E+00  0.31200E-04  0.31388E-04  0.00000E+00  0.00000E+00  0.00000E+00  0.10060E+01
 e,ep,th,sigb,sigqe=   10.59   10.09   13.10  0.0000E+00  0.2926E-04
   10.5890  10.0900  13.1000   5.9387   5.5610  0.29080E-04  0.00000E+00  0.29080E-04  0.29256E-04  0.00000E+00  0.00000E+00  0.00000E+00  0.10060E+01
 e,ep,th,sigb,sigqe=   10.59   10.10   13.10  0.0000E+00  0.2727E-04
   10.5890  10.1000  13.1000   6.0661   5.5665  0.27103E-04  0.00000E+00  0.27103E-04  0.27266E-04  0.00000E+00  0.00000E+00  0.00000E+00  0.10060E+01
 e,ep,th,sigb,sigqe=   10.59   10.11   13.10  0.0000E+00  0.2541E-04
   10.5890  10.1100  13.1000   6.1989   5.5720  0.25258E-04  0.00000E+00  0.25258E-04  0.25410E-04  0.00000E+00  0.00000E+00  0.00000E+00  0.10060E+01
 e,ep,th,sigb,sigqe=   10.59   10.12   13.10  0.0000E+00  0.2368E-04
   10.5890  10.1200  13.1000   6.3373   5.5775  0.23537E-04  0.00000E+00  0.23537E-04  0.23678E-04  0.00000E+00  0.00000E+00  0.00000E+00  0.10060E+01
 e,ep,th,sigb,sigqe=   10.59   10.13   13.10  0.0000E+00  0.2206E-04
   10.5890  10.1300  13.1000   6.4818   5.5830  0.21931E-04  0.00000E+00  0.21931E-04  0.22062E-04  0.00000E+00  0.00000E+00  0.00000E+00  0.10060E+01
 e,ep,th,sigb,sigqe=   10.59   10.14   13.10  0.0000E+00  0.2055E-04
   10.5890  10.1400  13.1000   6.6327   5.5885  0.20433E-04  0.00000E+00  0.20433E-04  0.20555E-04  0.00000E+00  0.00000E+00  0.00000E+00  0.10059E+01
 e,ep,th,sigb,sigqe=   10.59   10.15   13.10  0.0000E+00  0.1915E-04
   10.5890  10.1500  13.1000   6.7904   5.5940  0.19037E-04  0.00000E+00  0.19037E-04  0.19149E-04  0.00000E+00  0.00000E+00  0.00000E+00  0.10059E+01
 e,ep,th,sigb,sigqe=   10.59   10.16   13.10  0.0000E+00  0.1784E-04
   10.5890  10.1600  13.1000   6.9556   5.5996  0.17734E-04  0.00000E+00  0.17734E-04  0.17838E-04  0.00000E+00  0.00000E+00  0.00000E+00  0.10059E+01
 e,ep,th,sigb,sigqe=   10.59   10.17   13.10  0.0000E+00  0.1662E-04
   10.5890  10.1700  13.1000   7.1286   5.6051  0.16519E-04  0.00000E+00  0.16519E-04  0.16616E-04  0.00000E+00  0.00000E+00  0.00000E+00  0.10059E+01
 e,ep,th,sigb,sigqe=   10.59   10.18   13.10  0.0000E+00  0.1548E-04
   10.5890  10.1800  13.1000   7.3101   5.6106  0.15385E-04  0.00000E+00  0.15385E-04  0.15476E-04  0.00000E+00  0.00000E+00  0.00000E+00  0.10059E+01
 e,ep,th,sigb,sigqe=   10.59   10.19   13.10  0.0000E+00  0.1441E-04
   10.5890  10.1900  13.1000   7.5006   5.6161  0.14329E-04  0.00000E+00  0.14329E-04  0.14413E-04  0.00000E+00  0.00000E+00  0.00000E+00  0.10059E+01
 e,ep,th,sigb,sigqe=   10.59   10.20   13.10  0.0000E+00  0.1342E-04
   10.5890  10.2000  13.1000   7.7010   5.6216  0.13344E-04  0.00000E+00  0.13344E-04  0.13422E-04  0.00000E+00  0.00000E+00  0.00000E+00  0.10059E+01
 e,ep,th,sigb,sigqe=   10.59   10.21   13.10  0.0000E+00  0.1250E-04
   10.5890  10.2100  13.1000   7.9120   5.6271  0.12426E-04  0.00000E+00  0.12426E-04  0.12498E-04  0.00000E+00  0.00000E+00  0.00000E+00  0.10058E+01
 e,ep,th,sigb,sigqe=   10.59   10.22   13.10  0.0000E+00  0.1164E-04
   10.5890  10.2200  13.1000   8.1343   5.6326  0.11570E-04  0.00000E+00  0.11570E-04  0.11637E-04  0.00000E+00  0.00000E+00  0.00000E+00  0.10058E+01
 e,ep,th,sigb,sigqe=   10.59   10.23   13.10  0.0000E+00  0.1083E-04
   10.5890  10.2300  13.1000   8.3691   5.6381  0.10772E-04  0.00000E+00  0.10772E-04  0.10834E-04  0.00000E+00  0.00000E+00  0.00000E+00  0.10058E+01
 e,ep,th,sigb,sigqe=   10.59   10.24   13.10  0.0000E+00  0.1009E-04
   10.5890  10.2400  13.1000   8.6173   5.6436  0.10028E-04  0.00000E+00  0.10028E-04  0.10086E-04  0.00000E+00  0.00000E+00  0.00000E+00  0.10058E+01
 e,ep,th,sigb,sigqe=   10.59   10.25   13.10  0.0000E+00  0.9389E-05
   10.5890  10.2500  13.1000   8.8802   5.6492  0.93349E-05  0.00000E+00  0.93349E-05  0.93887E-05  0.00000E+00  0.00000E+00  0.00000E+00  0.10058E+01
 e,ep,th,sigb,sigqe=   10.59   10.26   13.10  0.0000E+00  0.8739E-05
   10.5890  10.2600  13.1000   9.1590   5.6547  0.86889E-05  0.00000E+00  0.86889E-05  0.87389E-05  0.00000E+00  0.00000E+00  0.00000E+00  0.10058E+01
 e,ep,th,sigb,sigqe=   10.59   10.27   13.10  0.0000E+00  0.8133E-05
   10.5890  10.2700  13.1000   9.4554   5.6602  0.80870E-05  0.00000E+00  0.80870E-05  0.81334E-05  0.00000E+00  0.00000E+00  0.00000E+00  0.10057E+01
 e,ep,th,sigb,sigqe=   10.59   10.28   13.10  0.0000E+00  0.7569E-05
   10.5890  10.2800  13.1000   9.7708   5.6657  0.75263E-05  0.00000E+00  0.75263E-05  0.75693E-05  0.00000E+00  0.00000E+00  0.00000E+00  0.10057E+01
 e,ep,th,sigb,sigqe=   10.59   10.29   13.10  0.0000E+00  0.7044E-05
   10.5890  10.2900  13.1000  10.1075   5.6712  0.70038E-05  0.00000E+00  0.70038E-05  0.70438E-05  0.00000E+00  0.00000E+00  0.00000E+00  0.10057E+01
 e,ep,th,sigb,sigqe=   10.59   10.30   13.10  0.0000E+00  0.6554E-05
   10.5890  10.3000  13.1000  10.4674   5.6767  0.65171E-05  0.00000E+00  0.65171E-05  0.65542E-05  0.00000E+00  0.00000E+00  0.00000E+00  0.10057E+01
 e,ep,th,sigb,sigqe=   10.59   10.31   13.10  0.0000E+00  0.6098E-05
   10.5890  10.3100  13.1000  10.8531   5.6822  0.60637E-05  0.00000E+00  0.60637E-05  0.60981E-05  0.00000E+00  0.00000E+00  0.00000E+00  0.10057E+01
 e,ep,th,sigb,sigqe=   10.59   10.32   13.10  0.0000E+00  0.5673E-05
   10.5890  10.3200  13.1000  11.2674   5.6877  0.56415E-05  0.00000E+00  0.56415E-05  0.56733E-05  0.00000E+00  0.00000E+00  0.00000E+00  0.10057E+01
 e,ep,th,sigb,sigqe=   10.59   10.33   13.10  0.0000E+00  0.5278E-05
   10.5890  10.3300  13.1000  11.7138   5.6932  0.52481E-05  0.00000E+00  0.52481E-05  0.52777E-05  0.00000E+00  0.00000E+00  0.00000E+00  0.10056E+01
 e,ep,th,sigb,sigqe=   10.59   10.34   13.10  0.0000E+00  0.0000E+00
   10.5890  10.3400  13.1000  12.1960   5.6988  0.00000E+00  0.00000E+00  0.00000E+00  0.00000E+00  0.00000E+00  0.00000E+00  0.00000E+00  0.10000E+01
 e,ep,th,sigb,sigqe=   10.59   10.35   13.10  0.0000E+00  0.0000E+00
   10.5890  10.3500  13.1000  12.7186   5.7043  0.00000E+00  0.00000E+00  0.00000E+00  0.00000E+00  0.00000E+00  0.00000E+00  0.00000E+00  0.10000E+01
 e,ep,th,sigb,sigqe=   10.59   10.36   13.10  0.0000E+00  0.0000E+00
   10.5890  10.3600  13.1000  13.2868   5.7098  0.00000E+00  0.00000E+00  0.00000E+00  0.00000E+00  0.00000E+00  0.00000E+00  0.00000E+00  0.10000E+01
 e,ep,th,sigb,sigqe=   10.59   10.37   13.10  0.0000E+00  0.0000E+00
   10.5890  10.3700  13.1000  13.9070   5.7153  0.00000E+00  0.00000E+00  0.00000E+00  0.00000E+00  0.00000E+00  0.00000E+00  0.00000E+00  0.10000E+01
 e,ep,th,sigb,sigqe=   10.59   10.38   13.10  0.0000E+00  0.0000E+00
   10.5890  10.3800  13.1000  14.5864   5.7208  0.00000E+00  0.00000E+00  0.00000E+00  0.00000E+00  0.00000E+00  0.00000E+00  0.00000E+00  0.10000E+01
 e,ep,th,sigb,sigqe=   10.59   10.39   13.10  0.0000E+00  0.0000E+00
   10.5890  10.3900  13.1000  15.3342   5.7263  0.00000E+00  0.00000E+00  0.00000E+00  0.00000E+00  0.00000E+00  0.00000E+00  0.00000E+00  0.10000E+01
 e,ep,th,sigb,sigqe=   10.59   10.40   13.10  0.0000E+00  0.0000E+00
   10.5890  10.4000  13.1000  16.1610   5.7318  0.00000E+00  0.00000E+00  0.00000E+00  0.00000E+00  0.00000E+00  0.00000E+00  0.00000E+00  0.10000E+01
 e,ep,th,sigb,sigqe=   10.59   10.41   13.10  0.0000E+00  0.0000E+00
   10.5890  10.4100  13.1000  17.0803   5.7373  0.00000E+00  0.00000E+00  0.00000E+00  0.00000E+00  0.00000E+00  0.00000E+00  0.00000E+00  0.10000E+01
 e,ep,th,sigb,sigqe=   10.59   10.42   13.10  0.0000E+00  0.0000E+00
   10.5890  10.4200  13.1000  18.1084   5.7428  0.00000E+00  0.00000E+00  0.00000E+00  0.00000E+00  0.00000E+00  0.00000E+00  0.00000E+00  0.10000E+01
 e,ep,th,sigb,sigqe=   10.59   10.43   13.10  0.0000E+00  0.0000E+00
   10.5890  10.4300  13.1000  19.2657   5.7484  0.00000E+00  0.00000E+00  0.00000E+00  0.00000E+00  0.00000E+00  0.00000E+00  0.00000E+00  0.10000E+01
 e,ep,th,sigb,sigqe=   10.59   10.44   13.10  0.0000E+00  0.0000E+00
   10.5890  10.4400  13.1000  20.5784   5.7539  0.00000E+00  0.00000E+00  0.00000E+00  0.00000E+00  0.00000E+00  0.00000E+00  0.00000E+00  0.10000E+01
 e,ep,th,sigb,sigqe=   10.59   10.45   13.10  0.0000E+00  0.0000E+00
   10.5890  10.4500  13.1000  22.0800   5.7594  0.00000E+00  0.00000E+00  0.00000E+00  0.00000E+00  0.00000E+00  0.00000E+00  0.00000E+00  0.10000E+01
 e,ep,th,sigb,sigqe=   10.59   10.46   13.10  0.0000E+00  0.0000E+00
   10.5890  10.4600  13.1000  23.8144   5.7649  0.00000E+00  0.00000E+00  0.00000E+00  0.00000E+00  0.00000E+00  0.00000E+00  0.00000E+00  0.10000E+01
 e,ep,th,sigb,sigqe=   10.59   10.47   13.10  0.0000E+00  0.0000E+00
   10.5890  10.4700  13.1000  25.8404   5.7704  0.00000E+00  0.00000E+00  0.00000E+00  0.00000E+00  0.00000E+00  0.00000E+00  0.00000E+00  0.10000E+01
 e,ep,th,sigb,sigqe=   10.59   10.48   13.10  0.0000E+00  0.0000E+00
   10.5890  10.4800  13.1000  28.2378   5.7759  0.00000E+00  0.00000E+00  0.00000E+00  0.00000E+00  0.00000E+00  0.00000E+00  0.00000E+00  0.10000E+01
 e,ep,th,sigb,sigqe=   10.59   10.49   13.10  0.0000E+00  0.0000E+00
   10.5890  10.4900  13.1000  31.1199   5.7814  0.00000E+00  0.00000E+00  0.00000E+00  0.00000E+00  0.00000E+00  0.00000E+00  0.00000E+00  0.10000E+01
 e,ep,th,sigb,sigqe=   10.59   10.50   13.10  0.0000E+00  0.0000E+00
   10.5890  10.5000  13.1000  34.6496   5.7869  0.00000E+00  0.00000E+00  0.00000E+00  0.00000E+00  0.00000E+00  0.00000E+00  0.00000E+00  0.10000E+01
 e,ep,th,sigb,sigqe=   10.59   10.51   13.10  0.0000E+00  0.0000E+00
   10.5890  10.5100  13.1000  39.0729   5.7924  0.00000E+00  0.00000E+00  0.00000E+00  0.00000E+00  0.00000E+00  0.00000E+00  0.00000E+00  0.10000E+01
 e,ep,th,sigb,sigqe=   10.59   10.52   13.10  0.0000E+00  0.0000E+00
   10.5890  10.5200  13.1000  44.7784   5.7980  0.00000E+00  0.00000E+00  0.00000E+00  0.00000E+00  0.00000E+00  0.00000E+00  0.00000E+00  0.10000E+01
 e,ep,th,sigb,sigqe=   10.59   10.53   13.10  0.0000E+00  0.0000E+00
   10.5890  10.5300  13.1000  52.4171   5.8035  0.00000E+00  0.00000E+00  0.00000E+00  0.00000E+00  0.00000E+00  0.00000E+00  0.00000E+00  0.10000E+01
 e,ep,th,sigb,sigqe=   10.59   10.54   13.10  0.0000E+00  0.0000E+00
   10.5890  10.5400  13.1000  63.1748   5.8090  0.00000E+00  0.00000E+00  0.00000E+00  0.00000E+00  0.00000E+00  0.00000E+00  0.00000E+00  0.10000E+01
 e,ep,th,sigb,sigqe=   10.59   10.55   13.10  0.0000E+00  0.0000E+00
   10.5890  10.5500  13.1000  79.4493   5.8145  0.00000E+00  0.00000E+00  0.00000E+00  0.00000E+00  0.00000E+00  0.00000E+00  0.00000E+00  0.10000E+01
 e,ep,th,sigb,sigqe=   10.59   10.56   13.10  0.0000E+00  0.0000E+00
   10.5890  10.5600  13.1000 106.9481   5.8200  0.00000E+00  0.00000E+00  0.00000E+00  0.00000E+00  0.00000E+00  0.00000E+00  0.00000E+00  0.10000E+01
 e,ep,th,sigb,sigqe=   10.59   10.57   13.10  0.0000E+00  0.0000E+00
   10.5890  10.5700  13.1000 163.3869   5.8255  0.00000E+00  0.00000E+00  0.00000E+00  0.00000E+00  0.00000E+00  0.00000E+00  0.00000E+00  0.10000E+01
 e,ep,th,sigb,sigqe=   10.59   10.58   13.10  0.0000E+00  0.0000E+00
   10.5890  10.5800  13.1000 345.2620   5.8310  0.00000E+00  0.00000E+00  0.00000E+00  0.00000E+00  0.00000E+00  0.00000E+00  0.00000E+00  0.10000E+01
