 Enter the input file name (in INP directory)
 filename=INP/13p1degdeuterium2019.inp                                         
input files for EXTERNAL: runplan/target/output                         
RUNPLAN/10.6gev_13p1deg.inp                                                     
TARG/targ.D2cryo17_shms                                                         
OUT/10.6gev_13p1deg_deuterium_details.out                                       
 got here
 Reading parameters for Ioana's model
 Pauli suppression factors
  1.00 0.05 1.00 0.63 1.00 0.61 0.83 0.68 0.63 1.00 0.61 0.83
 Pauli suppression factors
  1.00 0.10 1.00 0.83 1.00 0.79 0.92 0.84 0.83 1.00 0.79 0.92
 Pauli suppression factors
  1.00 0.15 1.00 0.94 1.00 0.87 0.96 0.91 0.94 1.00 0.87 0.96
 Pauli suppression factors
  1.00 0.20 1.00 0.99 1.00 0.89 0.97 0.94 0.99 1.00 0.89 0.97
 Pauli suppression factors
  1.00 0.25 1.00 1.00 1.00 1.00 0.98 0.96 1.00 1.00 1.00 0.98
 Pauli suppression factors
  2.00 0.05 1.00 0.63 1.00 0.62 0.83 0.68 0.63 1.00 0.62 0.83
 Pauli suppression factors
  2.00 0.10 1.00 0.83 1.00 0.80 0.92 0.84 0.83 1.00 0.80 0.92
 Pauli suppression factors
  2.00 0.15 1.00 0.94 1.00 0.90 0.96 0.91 0.94 1.00 0.90 0.96
 Pauli suppression factors
  2.00 0.20 1.00 0.99 1.00 0.94 0.97 0.94 0.99 1.00 0.94 0.97
 Pauli suppression factors
  2.00 0.25 1.00 1.00 1.00 1.00 0.98 0.96 1.00 1.00 1.00 0.98
 Pauli suppression factors
  3.00 0.05 1.00 0.63 1.00 0.62 0.83 0.68 0.63 1.00 0.62 0.83
 Pauli suppression factors
  3.00 0.10 1.00 0.83 1.00 0.81 0.92 0.84 0.83 1.00 0.81 0.92
 Pauli suppression factors
  3.00 0.15 1.00 0.94 1.00 0.91 0.96 0.91 0.94 1.00 0.91 0.96
 Pauli suppression factors
  3.00 0.20 1.00 0.99 1.00 0.95 0.97 0.94 0.99 1.00 0.95 0.97
 Pauli suppression factors
  3.00 0.25 1.00 1.00 1.00 1.00 0.98 0.96 1.00 1.00 1.00 0.98
 Pauli suppression factors
  4.00 0.05 1.00 0.63 1.00 0.62 0.83 0.68 0.63 1.00 0.62 0.83
 Pauli suppression factors
  4.00 0.10 1.00 0.83 1.00 0.81 0.92 0.84 0.83 1.00 0.81 0.92
 Pauli suppression factors
  4.00 0.15 1.00 0.94 1.00 0.91 0.96 0.91 0.94 1.00 0.91 0.96
 Pauli suppression factors
  4.00 0.20 1.00 0.99 1.00 0.96 0.97 0.94 0.99 1.00 0.96 0.97
 Pauli suppression factors
  4.00 0.25 1.00 1.00 1.00 1.00 0.98 0.96 1.00 1.00 1.00 0.98
 Pauli suppression factors
  5.00 0.05 1.00 0.63 1.00 0.62 0.83 0.68 0.63 1.00 0.62 0.83
 Pauli suppression factors
  5.00 0.10 1.00 0.83 1.00 0.81 0.92 0.84 0.83 1.00 0.81 0.92
 Pauli suppression factors
  5.00 0.15 1.00 0.94 1.00 0.92 0.96 0.91 0.94 1.00 0.92 0.96
 Pauli suppression factors
  5.00 0.20 1.00 0.99 1.00 0.97 0.97 0.94 0.99 1.00 0.97 0.97
 Pauli suppression factors
  5.00 0.25 1.00 1.00 1.00 1.00 0.98 0.96 1.00 1.00 1.00 0.98
 e,ep,th,sigb,sigqe=   10.59    8.33   13.10  0.0000E+00  0.5630E+00
 CRYO17 rad len=   0.00000   0.00146   0.00000   0.01270   0.01345
 CRYO17 rad len=   2.50317   0.00146   0.00335   0.00974   0.01324
 CRYO17 rad len=   7.50951   0.00146   0.01006   0.00338   0.01313
 CRYO17 rad len=   5.00634   0.00146   0.00671   0.00662   0.01315
 CRYO17 rad len=  10.01268   0.00146   0.01342  -0.00000   0.01320
 CRYO17 rad len=   0.00000   0.00146   0.00000   0.01270   0.01345
  10.589 13.100  4.59    0.00    0.00 -100.00   77.49    0.00  -22.51  1.000
   8.330  1.083  0.53    0.00    0.00 -100.00   65.68    0.00  -34.32 5.630E-01

   10.5890   8.3300  13.1000   1.0830   4.5910  0.56301E+00  0.00000E+00  0.56301E+00  0.36981E+00  0.29213E-06  0.36981E+00  0.00000E+00  0.10000E+01
 e,ep,th,sigb,sigqe=   10.59    8.34   13.10  0.0000E+00  0.5028E+00
  10.589 13.100  4.60    0.00    0.00 -100.00   77.53    0.00  -22.47  1.000
   8.340  1.089  0.50    0.00    0.00 -100.00   65.75    0.00  -34.25 5.028E-01

   10.5890   8.3400  13.1000   1.0891   4.5965  0.50283E+00  0.00000E+00  0.50283E+00  0.33060E+00  0.28433E-06  0.33060E+00  0.00000E+00  0.10000E+01
 e,ep,th,sigb,sigqe=   10.59    8.35   13.10  0.0000E+00  0.4541E+00
  10.589 13.100  4.60    0.00    0.00 -100.00   77.46    0.00  -22.54  1.000
   8.350  1.095  0.48    0.00    0.00 -100.00   65.65    0.00  -34.35 4.541E-01

   10.5890   8.3500  13.1000   1.0953   4.6020  0.45409E+00  0.00000E+00  0.45409E+00  0.29810E+00  0.27690E-06  0.29810E+00  0.00000E+00  0.10000E+01
 e,ep,th,sigb,sigqe=   10.59    8.36   13.10  0.0000E+00  0.4090E+00
  10.589 13.100  4.61    0.00    0.00 -100.00   77.43    0.00  -22.57  1.000
   8.360  1.102  0.46    0.00    0.00 -100.00   65.61    0.00  -34.39 4.090E-01

   10.5890   8.3600  13.1000   1.1015   4.6075  0.40898E+00  0.00000E+00  0.40898E+00  0.26834E+00  0.26983E-06  0.26834E+00  0.00000E+00  0.10000E+01
 e,ep,th,sigb,sigqe=   10.59    8.37   13.10  0.0000E+00  0.3578E+00
  10.589 13.100  4.61    0.00    0.00 -100.00   77.68    0.00  -22.32  1.000
   8.370  1.108  0.43    0.00    0.00 -100.00   65.94    0.00  -34.06 3.578E-01

   10.5890   8.3700  13.1000   1.1078   4.6130  0.35783E+00  0.00000E+00  0.35783E+00  0.23594E+00  0.26309E-06  0.23594E+00  0.00000E+00  0.10000E+01
 e,ep,th,sigb,sigqe=   10.59    8.38   13.10  0.0000E+00  0.3241E+00
  10.589 13.100  4.62    0.00    0.00 -100.00   77.60    0.00  -22.40  1.000
   8.380  1.114  0.41    0.00    0.00 -100.00   65.84    0.00  -34.16 3.241E-01

   10.5890   8.3800  13.1000   1.1142   4.6185  0.32407E+00  0.00000E+00  0.32407E+00  0.21336E+00  0.25668E-06  0.21336E+00  0.00000E+00  0.10000E+01
 e,ep,th,sigb,sigqe=   10.59    8.39   13.10  0.0000E+00  0.2836E+00
  10.589 13.100  4.62    0.00    0.00 -100.00   77.89    0.00  -22.11  1.000
   8.390  1.121  0.38    0.00    0.00 -100.00   66.22    0.00  -33.78 2.836E-01

   10.5890   8.3900  13.1000   1.1206   4.6240  0.28359E+00  0.00000E+00  0.28359E+00  0.18780E+00  0.25058E-06  0.18780E+00  0.00000E+00  0.10000E+01
 e,ep,th,sigb,sigqe=   10.59    8.40   13.10  0.0000E+00  0.2585E+00
  10.589 13.100  4.63    0.00    0.00 -100.00   77.76    0.00  -22.24  1.000
   8.400  1.127  0.36    0.00    0.00 -100.00   66.05    0.00  -33.95 2.585E-01

   10.5890   8.4000  13.1000   1.1270   4.6296  0.25848E+00  0.00000E+00  0.25848E+00  0.17073E+00  0.24478E-06  0.17073E+00  0.00000E+00  0.10000E+01
 e,ep,th,sigb,sigqe=   10.59    8.41   13.10  0.0000E+00  0.2332E+00
  10.589 13.100  4.64    0.00    0.00 -100.00   77.78    0.00  -22.22  1.000
   8.410  1.134  0.33    0.00    0.00 -100.00   66.08    0.00  -33.92 2.332E-01

   10.5890   8.4100  13.1000   1.1335   4.6351  0.23319E+00  0.00000E+00  0.23319E+00  0.15409E+00  0.23926E-06  0.15409E+00  0.00000E+00  0.10000E+01
 e,ep,th,sigb,sigqe=   10.59    8.42   13.10  0.0000E+00  0.2076E+00
  10.589 13.100  4.64    0.00    0.00 -100.00   77.91    0.00  -22.09  1.000
   8.420  1.140  0.31    0.00    0.00 -100.00   66.26    0.00  -33.74 2.076E-01

   10.5890   8.4200  13.1000   1.1401   4.6406  0.20757E+00  0.00000E+00  0.20757E+00  0.13753E+00  0.23403E-06  0.13753E+00  0.00000E+00  0.10000E+01
 e,ep,th,sigb,sigqe=   10.59    8.43   13.10  0.0000E+00  0.1884E+00
  10.589 13.100  4.65    0.00    0.00 -100.00   77.86    0.00  -22.14  1.000
   8.430  1.147  0.29    0.00    0.00 -100.00   66.19    0.00  -33.81 1.884E-01

   10.5890   8.4300  13.1000   1.1468   4.6461  0.18835E+00  0.00000E+00  0.18835E+00  0.12467E+00  0.22902E-06  0.12467E+00  0.00000E+00  0.10000E+01
 e,ep,th,sigb,sigqe=   10.59    8.44   13.10  0.0000E+00  0.1677E+00
  10.589 13.100  4.65    0.00    0.00 -100.00   78.05    0.00  -21.95  1.000
   8.440  1.153  0.26    0.00    0.00 -100.00   66.43    0.00  -33.57 1.677E-01

   10.5890   8.4400  13.1000   1.1535   4.6516  0.16768E+00  0.00000E+00  0.16768E+00  0.11139E+00  0.22429E-06  0.11139E+00  0.00000E+00  0.10000E+01
 e,ep,th,sigb,sigqe=   10.59    8.45   13.10  0.0000E+00  0.1531E+00
  10.589 13.100  4.66    0.00    0.00 -100.00   77.92    0.00  -22.08  1.000
   8.450  1.160  0.24    0.00    0.00 -100.00   66.27    0.00  -33.73 1.531E-01

   10.5890   8.4500  13.1000   1.1602   4.6571  0.15309E+00  0.00000E+00  0.15309E+00  0.10145E+00  0.21979E-06  0.10145E+00  0.00000E+00  0.10000E+01
 e,ep,th,sigb,sigqe=   10.59    8.46   13.10  0.0000E+00  0.1364E+00
  10.589 13.100  4.66    0.00    0.00 -100.00   78.11    0.00  -21.89  1.000
   8.460  1.167  0.21    0.00    0.00 -100.00   66.52    0.00  -33.48 1.364E-01

   10.5890   8.4600  13.1000   1.1671   4.6626  0.13644E+00  0.00000E+00  0.13644E+00  0.90767E-01  0.21552E-06  0.90767E-01  0.00000E+00  0.10000E+01
 e,ep,th,sigb,sigqe=   10.59    8.47   13.10  0.0000E+00  0.1253E+00
  10.589 13.100  4.67    0.00    0.00 -100.00   77.97    0.00  -22.03  1.000
   8.470  1.174  0.19    0.00    0.00 -100.00   66.35    0.00  -33.65 1.253E-01

   10.5890   8.4700  13.1000   1.1740   4.6681  0.12531E+00  0.00000E+00  0.12531E+00  0.83137E-01  0.21148E-06  0.83137E-01  0.00000E+00  0.10000E+01
 e,ep,th,sigb,sigqe=   10.59    8.48   13.10  0.0000E+00  0.1170E+00
  10.589 13.100  4.67    0.00    0.00 -100.00   77.62    0.00  -22.38  1.000
   8.480  1.181  0.16    0.00    0.00 -100.00   65.88    0.00  -34.12 1.170E-01

   10.5890   8.4800  13.1000   1.1809   4.6736  0.11700E+00  0.00000E+00  0.11700E+00  0.77082E-01  0.20764E-06  0.77081E-01  0.00000E+00  0.10000E+01
 e,ep,th,sigb,sigqe=   10.59    8.49   13.10  0.0000E+00  0.9873E-01
  10.589 13.100  4.68    0.00    0.00 -100.00   78.39    0.00  -21.61  1.000
   8.490  1.188  0.14    0.00    0.00 -100.00   66.90    0.00  -33.10 9.873E-02

   10.5890   8.4900  13.1000   1.1879   4.6792  0.98725E-01  0.00000E+00  0.98725E-01  0.66044E-01  0.20402E-06  0.66043E-01  0.00000E+00  0.10000E+01
 e,ep,th,sigb,sigqe=   10.59    8.50   13.10  0.0000E+00  0.9053E-01
  10.589 13.100  4.68    0.00    0.00 -100.00   78.33    0.00  -21.67  1.000
   8.500  1.195  0.12    0.00    0.00 -100.00   66.81    0.00  -33.19 9.053E-02

   10.5890   8.5000  13.1000   1.1950   4.6847  0.90525E-01  0.00000E+00  0.90525E-01  0.60481E-01  0.20059E-06  0.60481E-01  0.00000E+00  0.10000E+01
 e,ep,th,sigb,sigqe=   10.59    8.51   13.10  0.0000E+00  0.8207E-01
  10.589 13.100  4.69    0.00    0.00 -100.00   78.43    0.00  -21.57  1.000
   8.510  1.202  0.09    0.00    0.00 -100.00   66.95    0.00  -33.05 8.207E-02

   10.5890   8.5100  13.1000   1.2022   4.6902  0.82070E-01  0.00000E+00  0.82070E-01  0.54945E-01  0.19736E-06  0.54945E-01  0.00000E+00  0.10000E+01
 e,ep,th,sigb,sigqe=   10.59    8.52   13.10  0.0000E+00  0.7394E-01
  10.589 13.100  4.70    0.00    0.00 -100.00   78.56    0.00  -21.44  1.000
   8.520  1.209  0.07    0.00    0.00 -100.00   67.13    0.00  -32.87 7.394E-02

   10.5890   8.5200  13.1000   1.2094   4.6957  0.73939E-01  0.00000E+00  0.73939E-01  0.49632E-01  0.19433E-06  0.49632E-01  0.00000E+00  0.10000E+01
 e,ep,th,sigb,sigqe=   10.59    8.53   13.10  0.0000E+00  0.6727E-01
  10.589 13.100  4.70    0.00    0.00 -100.00   78.67    0.00  -21.33  1.000
   8.530  1.217  0.04    0.00    0.00 -100.00   67.27    0.00  -32.73 6.727E-02

   10.5890   8.5300  13.1000   1.2167   4.7012  0.67268E-01  0.00000E+00  0.67268E-01  0.45249E-01  0.19148E-06  0.45248E-01  0.00000E+00  0.10000E+01
 e,ep,th,sigb,sigqe=   10.59    8.54   13.10  0.0000E+00  0.6086E-01
  10.589 13.100  4.71    0.00    0.00 -100.00   78.81    0.00  -21.19  1.000
   8.540  1.224  0.02    0.00    0.00 -100.00   67.45    0.00  -32.55 6.086E-02

   10.5890   8.5400  13.1000   1.2241   4.7067  0.60862E-01  0.00000E+00  0.60862E-01  0.41052E-01  0.18883E-06  0.41052E-01  0.00000E+00  0.10000E+01
 e,ep,th,sigb,sigqe=   10.59    8.55   13.10  0.0000E+00  0.5672E-01
  10.589 13.100  4.71    0.00    0.00 -100.00   78.68    0.00  -21.32  1.000
   8.550  1.232 -0.01    0.00    0.00 -100.00   67.28    0.00  -32.72 5.672E-02

   10.5890   8.5500  13.1000   1.2315   4.7122  0.56720E-01  0.00000E+00  0.56720E-01  0.38163E-01  0.18636E-06  0.38163E-01  0.00000E+00  0.10000E+01
 e,ep,th,sigb,sigqe=   10.59    8.56   13.10  0.0000E+00  0.5061E-01
  10.589 13.100  4.72    0.00    0.00 -100.00   79.00    0.00  -21.00  1.000
   8.560  1.239 -0.03    0.00    0.00 -100.00   67.71    0.00  -32.29 5.061E-02

   10.5890   8.5600  13.1000   1.2391   4.7177  0.50606E-01  0.00000E+00  0.50606E-01  0.34266E-01  0.18407E-06  0.34266E-01  0.00000E+00  0.10000E+01
 e,ep,th,sigb,sigqe=   10.59    8.57   13.10  0.0000E+00  0.4728E-01
  10.589 13.100  4.72    0.00    0.00 -100.00   78.86    0.00  -21.14  1.000
   8.570  1.247 -0.05    0.00    0.00 -100.00   67.51    0.00  -32.49 4.728E-02

   10.5890   8.5700  13.1000   1.2466   4.7232  0.47278E-01  0.00000E+00  0.47278E-01  0.31918E-01  0.18197E-06  0.31918E-01  0.00000E+00  0.10000E+01
 e,ep,th,sigb,sigqe=   10.59    8.58   13.10  0.0000E+00  0.4237E-01
  10.589 13.100  4.73    0.00    0.00 -100.00   79.19    0.00  -20.81  1.000
   8.580  1.254 -0.08    0.00    0.00 -100.00   67.96    0.00  -32.04 4.237E-02

   10.5890   8.5800  13.1000   1.2543   4.7288  0.42370E-01  0.00000E+00  0.42370E-01  0.28795E-01  0.18004E-06  0.28795E-01  0.00000E+00  0.10000E+01
 e,ep,th,sigb,sigqe=   10.59    8.59   13.10  0.0000E+00  0.3972E-01
  10.589 13.100  4.73    0.00    0.00 -100.00   79.00    0.00  -21.00  1.000
   8.590  1.262 -0.10    0.00    0.00 -100.00   67.72    0.00  -32.28 3.972E-02

   10.5890   8.5900  13.1000   1.2621   4.7343  0.39721E-01  0.00000E+00  0.39721E-01  0.26897E-01  0.17829E-06  0.26897E-01  0.00000E+00  0.10000E+01
 e,ep,th,sigb,sigqe=   10.59    8.60   13.10  0.0000E+00  0.3580E-01
  10.589 13.100  4.74    0.00    0.00 -100.00   79.32    0.00  -20.68  1.000
   8.600  1.270 -0.13    0.00    0.00 -100.00   68.13    0.00  -31.87 3.580E-02

   10.5890   8.6000  13.1000   1.2699   4.7398  0.35803E-01  0.00000E+00  0.35803E-01  0.24393E-01  0.17671E-06  0.24393E-01  0.00000E+00  0.10000E+01
 e,ep,th,sigb,sigqe=   10.59    8.61   13.10  0.0000E+00  0.3310E-01
  10.589 13.100  4.75    0.00    0.00 -100.00   79.28    0.00  -20.72  1.000
   8.610  1.278 -0.15    0.00    0.00 -100.00   68.08    0.00  -31.92 3.310E-02

   10.5890   8.6100  13.1000   1.2778   4.7453  0.33096E-01  0.00000E+00  0.33096E-01  0.22532E-01  0.17530E-06  0.22532E-01  0.00000E+00  0.10000E+01
 e,ep,th,sigb,sigqe=   10.59    8.62   13.10  0.0000E+00  0.3150E-01
  10.589 13.100  4.75    0.00    0.00 -100.00   79.02    0.00  -20.98  1.000
   8.620  1.286 -0.18    0.00    0.00 -100.00   67.74    0.00  -32.26 3.150E-02

   10.5890   8.6200  13.1000   1.2858   4.7508  0.31497E-01  0.00000E+00  0.31497E-01  0.21336E-01  0.17405E-06  0.21336E-01  0.00000E+00  0.10000E+01
 e,ep,th,sigb,sigqe=   10.59    8.63   13.10  0.0000E+00  0.2739E-01
  10.589 13.100  4.76    0.00    0.00 -100.00   79.80    0.00  -20.20  1.000
   8.630  1.294 -0.20    0.00    0.00 -100.00   68.76    0.00  -31.24 2.739E-02

   10.5890   8.6300  13.1000   1.2938   4.7563  0.27393E-01  0.00000E+00  0.27393E-01  0.18836E-01  0.17295E-06  0.18836E-01  0.00000E+00  0.10000E+01
 e,ep,th,sigb,sigqe=   10.59    8.64   13.10  0.0000E+00  0.2544E-01
  10.589 13.100  4.76    0.00    0.00 -100.00   79.86    0.00  -20.14  1.000
   8.640  1.302 -0.22    0.00    0.00 -100.00   68.84    0.00  -31.16 2.544E-02

   10.5890   8.6400  13.1000   1.3020   4.7618  0.25445E-01  0.00000E+00  0.25445E-01  0.17517E-01  0.17198E-06  0.17517E-01  0.00000E+00  0.10000E+01
 e,ep,th,sigb,sigqe=   10.59    8.65   13.10  0.0000E+00  0.2328E-01
  10.589 13.100  4.77    0.00    0.00 -100.00   80.12    0.00  -19.88  1.000
   8.650  1.310 -0.25    0.00    0.00 -100.00   69.18    0.00  -30.82 2.328E-02

   10.5890   8.6500  13.1000   1.3102   4.7673  0.23282E-01  0.00000E+00  0.23282E-01  0.16107E-01  0.17118E-06  0.16107E-01  0.00000E+00  0.10000E+01
 e,ep,th,sigb,sigqe=   10.59    8.66   13.10  0.0000E+00  0.2205E-01
  10.589 13.100  4.77    0.00    0.00 -100.00   79.96    0.00  -20.04  1.000
   8.660  1.319 -0.27    0.00    0.00 -100.00   68.98    0.00  -31.02 2.205E-02

   10.5890   8.6600  13.1000   1.3185   4.7728  0.22052E-01  0.00000E+00  0.22052E-01  0.15212E-01  0.17052E-06  0.15212E-01  0.00000E+00  0.10000E+01
 e,ep,th,sigb,sigqe=   10.59    8.67   13.10  0.0000E+00  0.1997E-01
  10.589 13.100  4.78    0.00    0.00 -100.00   80.41    0.00  -19.59  1.000
   8.670  1.327 -0.30    0.00    0.00 -100.00   69.58    0.00  -30.42 1.997E-02

   10.5890   8.6700  13.1000   1.3269   4.7784  0.19965E-01  0.00000E+00  0.19965E-01  0.13892E-01  0.17000E-06  0.13891E-01  0.00000E+00  0.10000E+01
 e,ep,th,sigb,sigqe=   10.59    8.68   13.10  0.0000E+00  0.1877E-01
  10.589 13.100  4.78    0.00    0.00 -100.00   80.37    0.00  -19.62  1.000
   8.680  1.335 -0.32    0.00    0.00 -100.00   69.53    0.00  -30.47 1.877E-02

   10.5890   8.6800  13.1000   1.3354   4.7839  0.18772E-01  0.00000E+00  0.18772E-01  0.13053E-01  0.16962E-06  0.13053E-01  0.00000E+00  0.10000E+01
 e,ep,th,sigb,sigqe=   10.59    8.69   13.10  0.0000E+00  0.1736E-01
  10.589 13.100  4.79    0.00    0.00 -100.00   80.59    0.00  -19.41  1.000
   8.690  1.344 -0.35    0.00    0.00 -100.00   69.81    0.00  -30.19 1.736E-02

   10.5890   8.6900  13.1000   1.3440   4.7894  0.17363E-01  0.00000E+00  0.17363E-01  0.12122E-01  0.16937E-06  0.12122E-01  0.00000E+00  0.10000E+01
 e,ep,th,sigb,sigqe=   10.59    8.70   13.10  0.0000E+00  0.1635E-01
  10.589 13.100  4.79    0.00    0.00 -100.00   80.53    0.00  -19.47  1.000
   8.700  1.353 -0.37    0.00    0.00 -100.00   69.74    0.00  -30.26 1.635E-02

   10.5890   8.7000  13.1000   1.3526   4.7949  0.16353E-01  0.00000E+00  0.16353E-01  0.11405E-01  0.16925E-06  0.11404E-01  0.00000E+00  0.10000E+01
 e,ep,th,sigb,sigqe=   10.59    8.71   13.10  0.0000E+00  0.1520E-01
  10.589 13.100  4.80    0.00    0.00 -100.00   80.73    0.00  -19.27  1.000
   8.710  1.361 -0.39    0.00    0.00 -100.00   69.99    0.00  -30.00 1.520E-02

   10.5890   8.7100  13.1000   1.3614   4.8004  0.15202E-01  0.00000E+00  0.15202E-01  0.10641E-01  0.16926E-06  0.10640E-01  0.00000E+00  0.10000E+01
 e,ep,th,sigb,sigqe=   10.59    8.72   13.10  0.0000E+00  0.1402E-01
  10.589 13.100  4.81    0.00    0.00 -100.00   81.02    0.00  -18.98  1.000
   8.720  1.370 -0.42    0.00    0.00 -100.00   70.38    0.00  -29.62 1.402E-02

   10.5890   8.7200  13.1000   1.3703   4.8059  0.14019E-01  0.00000E+00  0.14019E-01  0.98667E-02  0.16939E-06  0.98666E-02  0.00000E+00  0.10000E+01
 e,ep,th,sigb,sigqe=   10.59    8.73   13.10  0.0000E+00  0.1343E-01
  10.589 13.100  4.81    0.00    0.00 -100.00   80.87    0.00  -19.13  1.000
   8.730  1.379 -0.44    0.00    0.00 -100.00   70.19    0.00  -29.81 1.343E-02

   10.5890   8.7300  13.1000   1.3792   4.8114  0.13430E-01  0.00000E+00  0.13430E-01  0.94268E-02  0.16966E-06  0.94266E-02  0.00000E+00  0.10000E+01
 e,ep,th,sigb,sigqe=   10.59    8.74   13.10  0.0000E+00  0.1242E-01
  10.589 13.100  4.82    0.00    0.00 -100.00   81.18    0.00  -18.82  1.000
   8.740  1.388 -0.47    0.00    0.00 -100.00   70.60    0.00  -29.40 1.242E-02

   10.5890   8.7400  13.1000   1.3883   4.8169  0.12418E-01  0.00000E+00  0.12418E-01  0.87667E-02  0.17005E-06  0.87665E-02  0.00000E+00  0.10000E+01
 e,ep,th,sigb,sigqe=   10.59    8.75   13.10  0.0000E+00  0.1182E-01
  10.589 13.100  4.82    0.00    0.00 -100.00   81.16    0.00  -18.84  1.000
   8.750  1.397 -0.49    0.00    0.00 -100.00   70.57    0.00  -29.43 1.182E-02

   10.5890   8.7500  13.1000   1.3974   4.8224  0.11817E-01  0.00000E+00  0.11817E-01  0.83392E-02  0.17058E-06  0.83390E-02  0.00000E+00  0.10000E+01
 e,ep,th,sigb,sigqe=   10.59    8.76   13.10  0.0000E+00  0.1111E-01
  10.589 13.100  4.83    0.00    0.00 -100.00   81.26    0.00  -18.74  1.000
   8.760  1.407 -0.52    0.00    0.00 -100.00   70.70    0.00  -29.30 1.111E-02

   10.5890   8.7600  13.1000   1.4067   4.8280  0.11108E-01  0.00000E+00  0.11108E-01  0.78538E-02  0.17124E-06  0.78536E-02  0.00000E+00  0.10000E+01
 e,ep,th,sigb,sigqe=   10.59    8.77   13.10  0.0000E+00  0.1060E-01
  10.589 13.100  4.83    0.00    0.00 -100.00   81.18    0.00  -18.82  1.000
   8.770  1.416 -0.54    0.00    0.00 -100.00   70.60    0.00  -29.40 1.060E-02

   10.5890   8.7700  13.1000   1.4160   4.8335  0.10602E-01  0.00000E+00  0.10602E-01  0.74850E-02  0.17203E-06  0.74848E-02  0.00000E+00  0.10000E+01
 e,ep,th,sigb,sigqe=   10.59    8.78   13.10  0.0000E+00  0.9918E-02
  10.589 13.100  4.84    0.00    0.00 -100.00   81.42    0.00  -18.58  1.000
   8.780  1.425 -0.56    0.00    0.00 -100.00   70.90    0.00  -29.10 9.918E-03

   10.5890   8.7800  13.1000   1.4255   4.8390  0.99183E-02  0.00000E+00  0.99183E-02  0.70325E-02  0.17296E-06  0.70324E-02  0.00000E+00  0.10000E+01
 e,ep,th,sigb,sigqe=   10.59    8.79   13.10  0.0000E+00  0.9374E-02
  10.589 13.100  4.84    0.00    0.00 -100.00   81.49    0.00  -18.51  1.000
   8.790  1.435 -0.59    0.00    0.00 -100.00   71.00    0.00  -28.99 9.374E-03

   10.5890   8.7900  13.1000   1.4350   4.8445  0.93740E-02  0.00000E+00  0.93740E-02  0.66560E-02  0.17403E-06  0.66558E-02  0.00000E+00  0.10000E+01
 e,ep,th,sigb,sigqe=   10.59    8.80   13.10  0.0000E+00  0.8821E-02
  10.589 13.100  4.85    0.00    0.00 -100.00   81.67    0.00  -18.33  1.000
   8.800  1.445 -0.61    0.00    0.00 -100.00   71.24    0.00  -28.76 8.821E-03

   10.5890   8.8000  13.1000   1.4447   4.8500  0.88209E-02  0.00000E+00  0.88209E-02  0.62842E-02  0.17525E-06  0.62840E-02  0.00000E+00  0.10000E+01
 e,ep,th,sigb,sigqe=   10.59    8.81   13.10  0.0000E+00  0.8449E-02
  10.589 13.100  4.86    0.00    0.00 -100.00   81.60    0.00  -18.40  1.000
   8.810  1.454 -0.64    0.00    0.00 -100.00   71.15    0.00  -28.85 8.449E-03

   10.5890   8.8100  13.1000   1.4544   4.8555  0.84487E-02  0.00000E+00  0.84487E-02  0.60113E-02  0.17662E-06  0.60111E-02  0.00000E+00  0.10000E+01
 e,ep,th,sigb,sigqe=   10.59    8.82   13.10  0.0000E+00  0.8041E-02
  10.589 13.100  4.86    0.00    0.00 -100.00   81.63    0.00  -18.37  1.000
   8.820  1.464 -0.66    0.00    0.00 -100.00   71.18    0.00  -28.81 8.041E-03

   10.5890   8.8200  13.1000   1.4643   4.8610  0.80413E-02  0.00000E+00  0.80413E-02  0.57244E-02  0.17813E-06  0.57242E-02  0.00000E+00  0.10000E+01
 e,ep,th,sigb,sigqe=   10.59    8.83   13.10  0.0000E+00  0.7720E-02
  10.589 13.100  4.87    0.00    0.00 -100.00   81.53    0.00  -18.46  1.000
   8.830  1.474 -0.69    0.00    0.00 -100.00   71.06    0.00  -28.94 7.720E-03

   10.5890   8.8300  13.1000   1.4743   4.8665  0.77195E-02  0.00000E+00  0.77195E-02  0.54857E-02  0.17981E-06  0.54855E-02  0.00000E+00  0.10000E+01
 e,ep,th,sigb,sigqe=   10.59    8.84   13.10  0.0000E+00  0.7297E-02
  10.589 13.100  4.87    0.00    0.00 -100.00   81.67    0.00  -18.33  1.000
   8.840  1.484 -0.71    0.00    0.00 -100.00   71.23    0.00  -28.76 7.297E-03

   10.5890   8.8400  13.1000   1.4844   4.8721  0.72967E-02  0.00000E+00  0.72967E-02  0.51980E-02  0.18165E-06  0.51978E-02  0.00000E+00  0.10000E+01
 e,ep,th,sigb,sigqe=   10.59    8.85   13.10  0.0000E+00  0.7028E-02
  10.589 13.100  4.88    0.00    0.00 -100.00   81.55    0.00  -18.45  1.000
   8.850  1.495 -0.73    0.00    0.00 -100.00   71.08    0.00  -28.92 7.028E-03

   10.5890   8.8500  13.1000   1.4947   4.8776  0.70281E-02  0.00000E+00  0.70281E-02  0.49957E-02  0.18366E-06  0.49955E-02  0.00000E+00  0.10000E+01
 e,ep,th,sigb,sigqe=   10.59    8.86   13.10  0.0000E+00  0.6662E-02
  10.589 13.100  4.88    0.00    0.00 -100.00   81.65    0.00  -18.35  1.000
   8.860  1.505 -0.76    0.00    0.00 -100.00   71.21    0.00  -28.79 6.662E-03

   10.5890   8.8600  13.1000   1.5050   4.8831  0.66618E-02  0.00000E+00  0.66618E-02  0.47439E-02  0.18586E-06  0.47437E-02  0.00000E+00  0.10000E+01
 e,ep,th,sigb,sigqe=   10.59    8.87   13.10  0.0000E+00  0.6376E-02
  10.589 13.100  4.89    0.00    0.00 -100.00   81.62    0.00  -18.38  1.000
   8.870  1.515 -0.78    0.00    0.00 -100.00   71.17    0.00  -28.83 6.376E-03

   10.5890   8.8700  13.1000   1.5155   4.8886  0.63763E-02  0.00000E+00  0.63763E-02  0.45382E-02  0.18825E-06  0.45380E-02  0.00000E+00  0.10000E+01
 e,ep,th,sigb,sigqe=   10.59    8.88   13.10  0.0000E+00  0.6147E-02
  10.589 13.100  4.89    0.00    0.00 -100.00   81.50    0.00  -18.49  1.000
   8.880  1.526 -0.81    0.00    0.00 -100.00   71.02    0.00  -28.98 6.147E-03

   10.5890   8.8800  13.1000   1.5260   4.8941  0.61473E-02  0.00000E+00  0.61473E-02  0.43659E-02  0.19084E-06  0.43657E-02  0.00000E+00  0.10000E+01
 e,ep,th,sigb,sigqe=   10.59    8.89   13.10  0.0000E+00  0.5839E-02
  10.589 13.100  4.90    0.00    0.00 -100.00   81.56    0.00  -18.43  1.000
   8.890  1.537 -0.83    0.00    0.00 -100.00   71.09    0.00  -28.90 5.839E-03

   10.5890   8.8900  13.1000   1.5368   4.8996  0.58389E-02  0.00000E+00  0.58389E-02  0.41513E-02  0.19364E-06  0.41511E-02  0.00000E+00  0.10000E+01
 e,ep,th,sigb,sigqe=   10.59    8.90   13.10  0.0000E+00  0.5647E-02
  10.589 13.100  4.91    0.00    0.00 -100.00   81.40    0.00  -18.59  1.000
   8.900  1.548 -0.86    0.00    0.00 -100.00   70.88    0.00  -29.11 5.647E-03

   10.5890   8.9000  13.1000   1.5476   4.9051  0.56468E-02  0.00000E+00  0.56468E-02  0.40029E-02  0.19668E-06  0.40027E-02  0.00000E+00  0.10000E+01
 e,ep,th,sigb,sigqe=   10.59    8.91   13.10  0.0000E+00  0.5385E-02
  10.589 13.100  4.91    0.00    0.00 -100.00   81.42    0.00  -18.58  1.000
   8.910  1.559 -0.88    0.00    0.00 -100.00   70.90    0.00  -29.09 5.385E-03

   10.5890   8.9100  13.1000   1.5586   4.9106  0.53849E-02  0.00000E+00  0.53849E-02  0.38182E-02  0.19942E-06  0.38180E-02  0.00000E+00  0.10000E+01
 e,ep,th,sigb,sigqe=   10.59    8.92   13.10  0.0000E+00  0.5171E-02
  10.589 13.100  4.92    0.00    0.00 -100.00   81.33    0.00  -18.66  1.000
   8.920  1.570 -0.90    0.00    0.00 -100.00   70.79    0.00  -29.21 5.171E-03

   10.5890   8.9200  13.1000   1.5697   4.9161  0.51712E-02  0.00000E+00  0.51712E-02  0.36610E-02  0.20352E-06  0.36608E-02  0.00000E+00  0.10000E+01
 e,ep,th,sigb,sigqe=   10.59    8.93   13.10  0.0000E+00  0.4966E-02
  10.589 13.100  4.92    0.00    0.00 -100.00   81.26    0.00  -18.74  1.000
   8.930  1.581 -0.93    0.00    0.00 -100.00   70.69    0.00  -29.31 4.966E-03

   10.5890   8.9300  13.1000   1.5809   4.9217  0.49658E-02  0.00000E+00  0.49658E-02  0.35103E-02  0.20736E-06  0.35101E-02  0.00000E+00  0.10000E+01
 e,ep,th,sigb,sigqe=   10.59    8.94   13.10  0.0000E+00  0.4768E-02
  10.589 13.100  4.93    0.00    0.00 -100.00   81.16    0.00  -18.84  1.000
   8.940  1.592 -0.95    0.00    0.00 -100.00   70.56    0.00  -29.43 4.768E-03

   10.5890   8.9400  13.1000   1.5923   4.9272  0.47685E-02  0.00000E+00  0.47685E-02  0.33650E-02  0.21152E-06  0.33648E-02  0.00000E+00  0.10000E+01
 e,ep,th,sigb,sigqe=   10.59    8.95   13.10  0.0000E+00  0.4550E-02
  10.589 13.100  4.93    0.00    0.00 -100.00   81.15    0.00  -18.84  1.000
   8.950  1.604 -0.98    0.00    0.00 -100.00   70.55    0.00  -29.44 4.550E-03

   10.5890   8.9500  13.1000   1.6038   4.9327  0.45503E-02  0.00000E+00  0.45503E-02  0.32106E-02  0.21602E-06  0.32104E-02  0.00000E+00  0.10000E+01
 e,ep,th,sigb,sigqe=   10.59    8.96   13.10  0.0000E+00  0.4401E-02
  10.589 13.100  4.94    0.00    0.00 -100.00   80.95    0.00  -19.04  1.000
   8.960  1.615 -1.00    0.00    0.00 -100.00   70.29    0.01  -29.70 4.401E-03

   10.5890   8.9600  13.1000   1.6154   4.9382  0.44013E-02  0.00000E+00  0.44013E-02  0.30940E-02  0.22090E-06  0.30937E-02  0.00000E+00  0.10000E+01
 e,ep,th,sigb,sigqe=   10.59    8.97   13.10  0.0000E+00  0.4213E-02
  10.589 13.100  4.94    0.00    0.00 -100.00   80.88    0.00  -19.12  1.000
   8.970  1.627 -1.03    0.00    0.00 -100.00   70.19    0.01  -29.80 4.213E-03

   10.5890   8.9700  13.1000   1.6272   4.9437  0.42133E-02  0.00000E+00  0.42133E-02  0.29577E-02  0.22621E-06  0.29574E-02  0.00000E+00  0.10000E+01
 e,ep,th,sigb,sigqe=   10.59    8.98   13.10  0.0000E+00  0.4078E-02
  10.589 13.100  4.95    0.00    0.00 -100.00   80.68    0.00  -19.32  1.000
   8.980  1.639 -1.05    0.00    0.00 -100.00   69.93    0.01  -30.07 4.078E-03

   10.5890   8.9800  13.1000   1.6391   4.9492  0.40777E-02  0.00000E+00  0.40777E-02  0.28516E-02  0.23197E-06  0.28514E-02  0.00000E+00  0.10000E+01
 e,ep,th,sigb,sigqe=   10.59    8.99   13.10  0.0000E+00  0.3884E-02
  10.589 13.100  4.95    0.00    0.00 -100.00   80.66    0.00  -19.34  1.000
   8.990  1.651 -1.07    0.00    0.00 -100.00   69.90    0.01  -30.09 3.884E-03

   10.5890   8.9900  13.1000   1.6512   4.9547  0.38836E-02  0.00000E+00  0.38836E-02  0.27148E-02  0.23825E-06  0.27146E-02  0.00000E+00  0.10000E+01
 e,ep,th,sigb,sigqe=   10.59    9.00   13.10  0.0000E+00  0.3721E-02
  10.589 13.100  4.96    0.00    0.00 -100.00   80.56    0.00  -19.44  1.000
   9.000  1.663 -1.10    0.00    0.00 -100.00   69.77    0.01  -30.23 3.721E-03

   10.5890   9.0000  13.1000   1.6635   4.9602  0.37214E-02  0.00000E+00  0.37214E-02  0.25966E-02  0.24512E-06  0.25963E-02  0.00000E+00  0.10000E+01
 e,ep,th,sigb,sigqe=   10.59    9.01   13.10  0.0000E+00  0.3606E-02
  10.589 13.100  4.97    0.00    0.00 -100.00   80.30    0.01  -19.70  1.000
   9.010  1.676 -1.12    0.00    0.00 -100.00   69.42    0.01  -30.57 3.606E-03

   10.5890   9.0100  13.1000   1.6759   4.9657  0.36062E-02  0.00000E+00  0.36062E-02  0.25037E-02  0.25264E-06  0.25035E-02  0.00000E+00  0.10000E+01
 e,ep,th,sigb,sigqe=   10.59    9.02   13.10  0.0000E+00  0.3443E-02
  10.589 13.100  4.97    0.00    0.00 -100.00   80.21    0.01  -19.79  1.000
   9.020  1.688 -1.15    0.00    0.00 -100.00   69.30    0.01  -30.69 3.443E-03

   10.5890   9.0200  13.1000   1.6884   4.9713  0.34431E-02  0.00000E+00  0.34431E-02  0.23864E-02  0.26089E-06  0.23862E-02  0.00000E+00  0.10000E+01
 e,ep,th,sigb,sigqe=   10.59    9.03   13.10  0.0000E+00  0.3295E-02
  10.589 13.100  4.98    0.00    0.00 -100.00   80.09    0.01  -19.91  1.000
   9.030  1.701 -1.17    0.00    0.00 -100.00   69.14    0.01  -30.85 3.295E-03

   10.5890   9.0300  13.1000   1.7011   4.9768  0.32948E-02  0.00000E+00  0.32948E-02  0.22784E-02  0.26995E-06  0.22781E-02  0.00000E+00  0.10000E+01
 e,ep,th,sigb,sigqe=   10.59    9.04   13.10  0.0000E+00  0.3170E-02
  10.589 13.100  4.98    0.00    0.00 -100.00   79.88    0.01  -20.12  1.000
   9.040  1.714 -1.20    0.00    0.00 -100.00   68.87    0.01  -31.12 3.170E-03

   10.5890   9.0400  13.1000   1.7140   4.9823  0.31705E-02  0.00000E+00  0.31705E-02  0.21837E-02  0.27999E-06  0.21834E-02  0.00000E+00  0.10000E+01
 e,ep,th,sigb,sigqe=   10.59    9.05   13.10  0.0000E+00  0.3047E-02
  10.589 13.100  4.99    0.00    0.00 -100.00   79.66    0.01  -20.33  1.000
   9.050  1.727 -1.22    0.00    0.00 -100.00   68.58    0.01  -31.41 3.047E-03

   10.5890   9.0500  13.1000   1.7271   4.9878  0.30467E-02  0.00000E+00  0.30467E-02  0.20897E-02  0.29114E-06  0.20894E-02  0.00000E+00  0.10000E+01
 e,ep,th,sigb,sigqe=   10.59    9.06   13.10  0.0000E+00  0.2931E-02
  10.589 13.100  4.99    0.00    0.00 -100.00   79.43    0.01  -20.56  1.000
   9.060  1.740 -1.24    0.00    0.00 -100.00   68.28    0.01  -31.71 2.931E-03

   10.5890   9.0600  13.1000   1.7403   4.9933  0.29309E-02  0.00000E+00  0.29309E-02  0.20017E-02  0.30362E-06  0.20013E-02  0.00000E+00  0.10000E+01
 e,ep,th,sigb,sigqe=   10.59    9.07   13.10  0.0000E+00  0.2801E-02
  10.589 13.100  5.00    0.00    0.00 -100.00   79.25    0.01  -20.74  1.000
   9.070  1.754 -1.27    0.00    0.00 -100.00   68.04    0.01  -31.95 2.801E-03

   10.5890   9.0700  13.1000   1.7537   4.9988  0.28006E-02  0.00000E+00  0.28006E-02  0.19060E-02  0.31764E-06  0.19056E-02  0.00000E+00  0.10000E+01
 e,ep,th,sigb,sigqe=   10.59    9.08   13.10  0.0000E+00  0.2673E-02
  10.589 13.100  5.00    0.00    0.00 -100.00   79.06    0.01  -20.93  1.000
   9.080  1.767 -1.29    0.00    0.00 -100.00   67.79    0.01  -32.20 2.673E-03

   10.5890   9.0800  13.1000   1.7672   5.0043  0.26728E-02  0.00000E+00  0.26728E-02  0.18123E-02  0.33350E-06  0.18119E-02  0.00000E+00  0.10000E+01
 e,ep,th,sigb,sigqe=   10.59    9.09   13.10  0.0000E+00  0.2588E-02
  10.589 13.100  5.01    0.00    0.00 -100.00   78.68    0.01  -21.31  1.000
   9.090  1.781 -1.32    0.00    0.00 -100.00   67.30    0.01  -32.69 2.588E-03

   10.5890   9.0900  13.1000   1.7810   5.0098  0.25880E-02  0.00000E+00  0.25880E-02  0.17421E-02  0.35158E-06  0.17418E-02  0.00000E+00  0.10000E+01
 e,ep,th,sigb,sigqe=   10.59    9.10   13.10  0.0000E+00  0.2458E-02
  10.589 13.100  5.02    0.00    0.00 -100.00   78.50    0.01  -21.49  1.000
   9.100  1.795 -1.34    0.00    0.00 -100.00   67.06    0.02  -32.92 2.458E-03

   10.5890   9.1000  13.1000   1.7949   5.0153  0.24578E-02  0.00000E+00  0.24578E-02  0.16486E-02  0.37115E-06  0.16482E-02  0.00000E+00  0.10000E+01
 e,ep,th,sigb,sigqe=   10.59    9.11   13.10  0.0000E+00  0.2342E-02
  10.589 13.100  5.02    0.00    0.00 -100.00   78.23    0.01  -21.75  1.000
   9.110  1.809 -1.37    0.00    0.00 -100.00   66.71    0.02  -33.27 2.342E-03

   10.5890   9.1100  13.1000   1.8090   5.0209  0.23423E-02  0.00000E+00  0.23423E-02  0.15629E-02  0.39520E-06  0.15625E-02  0.00000E+00  0.10000E+01
 e,ep,th,sigb,sigqe=   10.59    9.12   13.10  0.0000E+00  0.2265E-02
  10.589 13.100  5.03    0.00    0.00 -100.00   77.79    0.01  -22.19  1.000
   9.120  1.823 -1.39    0.00    0.00 -100.00   66.13    0.02  -33.85 2.265E-03

   10.5890   9.1200  13.1000   1.8234   5.0264  0.22648E-02  0.00000E+00  0.22648E-02  0.14982E-02  0.42347E-06  0.14978E-02  0.00000E+00  0.10000E+01
 e,ep,th,sigb,sigqe=   10.59    9.13   13.10  0.0000E+00  0.2160E-02
  10.589 13.100  5.03    0.00    0.00 -100.00   77.45    0.02  -22.54  1.000
   9.130  1.838 -1.41    0.00    0.00 -100.00   65.68    0.02  -34.30 2.160E-03

   10.5890   9.1300  13.1000   1.8379   5.0319  0.21603E-02  0.00000E+00  0.21603E-02  0.14194E-02  0.45716E-06  0.14190E-02  0.00000E+00  0.10000E+01
 e,ep,th,sigb,sigqe=   10.59    9.14   13.10  0.0000E+00  0.2044E-02
  10.589 13.100  5.04    0.00    0.00 -100.00   77.11    0.02  -22.87  1.000
   9.140  1.853 -1.44    0.00    0.00 -100.00   65.24    0.02  -34.73 2.044E-03

   10.5890   9.1400  13.1000   1.8526   5.0374  0.20445E-02  0.00000E+00  0.20445E-02  0.13343E-02  0.49799E-06  0.13338E-02  0.00000E+00  0.10000E+01
 e,ep,th,sigb,sigqe=   10.59    9.15   13.10  0.0000E+00  0.1976E-02
  10.589 13.100  5.04    0.00    0.00 -100.00   76.54    0.02  -23.44  1.000
   9.150  1.867 -1.46    0.00    0.00 -100.00   64.49    0.03  -35.48 1.976E-03

   10.5890   9.1500  13.1000   1.8675   5.0429  0.19763E-02  0.00000E+00  0.19763E-02  0.12751E-02  0.55041E-06  0.12745E-02  0.00000E+00  0.10000E+01
 e,ep,th,sigb,sigqe=   10.59    9.16   13.10  0.0000E+00  0.1871E-02
  10.589 13.100  5.05    0.00    0.00 -100.00   76.05    0.02  -23.93  1.000
   9.160  1.883 -1.49    0.00    0.00 -100.00   63.86    0.03  -36.11 1.871E-03

   10.5890   9.1600  13.1000   1.8826   5.0484  0.18714E-02  0.00000E+00  0.18714E-02  0.11957E-02  0.61483E-06  0.11951E-02  0.00000E+00  0.10000E+01
 e,ep,th,sigb,sigqe=   10.59    9.17   13.10  0.0000E+00  0.1779E-02
  10.589 13.100  5.05    0.00    0.00 -100.00   75.43    0.03  -24.54  1.000
   9.170  1.898 -1.51    0.00    0.00 -100.00   63.05    0.04  -36.91 1.779E-03

   10.5890   9.1700  13.1000   1.8979   5.0539  0.17795E-02  0.00000E+00  0.17795E-02  0.11227E-02  0.69948E-06  0.11220E-02  0.00000E+00  0.10000E+01
 e,ep,th,sigb,sigqe=   10.59    9.18   13.10  0.0000E+00  0.1719E-02
  10.589 13.100  5.06    0.00    0.00 -100.00   74.57    0.04  -25.39  1.000
   9.180  1.914 -1.53    0.00    0.00 -100.00   61.95    0.05  -38.01 1.719E-03

   10.5890   9.1800  13.1000   1.9135   5.0594  0.17187E-02  0.00000E+00  0.17187E-02  0.10655E-02  0.81585E-06  0.10647E-02  0.00000E+00  0.10000E+01
 e,ep,th,sigb,sigqe=   10.59    9.19   13.10  0.0000E+00  0.1626E-02
  10.589 13.100  5.06    0.00    0.00 -100.00   73.66    0.05  -26.29  1.000
   9.190  1.929 -1.56    0.00    0.00 -100.00   60.78    0.06  -39.16 1.626E-03

   10.5890   9.1900  13.1000   1.9293   5.0649  0.16263E-02  0.00000E+00  0.16263E-02  0.98948E-03  0.98635E-06  0.98849E-03  0.00000E+00  0.10000E+01
 e,ep,th,sigb,sigqe=   10.59    9.20   13.10  0.0000E+00  0.1544E-02
  10.589 13.100  5.07    0.00    0.00 -100.00   72.44    0.06  -27.50  1.000
   9.200  1.945 -1.58    0.00    0.00 -100.00   59.21    0.08  -40.71 1.544E-03

   10.5890   9.2000  13.1000   1.9453   5.0705  0.15440E-02  0.00000E+00  0.15440E-02  0.91547E-03  0.12616E-05  0.91421E-03  0.00000E+00  0.10000E+01
 e,ep,th,sigb,sigqe=   10.59    9.21   13.10  0.0000E+00  0.1478E-02
  10.589 13.100  5.08    0.00    0.00 -100.00   70.73    0.09  -29.18  1.000
   9.210  1.962 -1.61    0.00    0.00 -100.00   57.02    0.12  -42.86 1.478E-03

   10.5890   9.2100  13.1000   1.9615   5.0760  0.14780E-02  0.00000E+00  0.14780E-02  0.84456E-03  0.17861E-05  0.84277E-03  0.00000E+00  0.10000E+01
 e,ep,th,sigb,sigqe=   10.59    9.22   13.10  0.0000E+00  0.1404E-02
  10.589 13.100  5.08    0.00    0.00 -100.00   68.13    0.16  -31.70  1.000
   9.220  1.978 -1.63    0.00    0.00 -100.00   53.64    0.23  -46.13 1.404E-03

   10.5890   9.2200  13.1000   1.9780   5.0815  0.14042E-02  0.00000E+00  0.14042E-02  0.75641E-03  0.32084E-05  0.75320E-03  0.00000E+00  0.10000E+01
 e,ep,th,sigb,sigqe=   10.59    9.23   13.10  0.0000E+00  0.1323E-02
  10.589 13.100  5.09    0.00    0.00 -100.00   67.63    0.81  -31.56  1.000
   9.230  1.995 -1.66    0.00    0.00 -100.00   52.87    1.64  -45.49 1.323E-03

   10.5890   9.2300  13.1000   1.9947   5.0870  0.13231E-02  0.00000E+00  0.13231E-02  0.72128E-03  0.21749E-04  0.69953E-03  0.00000E+00  0.10000E+01
 e,ep,th,sigb,sigqe=   10.59    9.24   13.10  0.0000E+00  0.0000E+00
  10.589 13.100  5.09    0.00    0.00    0.00    0.00    0.00    0.00  1.000
   9.240  2.012 -1.68    0.00    0.00    0.00    0.00    0.00    0.00 0.000E+00

   10.5890   9.2400  13.1000   2.0117   5.0925  0.00000E+00  0.00000E+00  0.00000E+00  0.00000E+00  0.00000E+00  0.00000E+00  0.00000E+00  0.10000E+01
 e,ep,th,sigb,sigqe=   10.59    9.25   13.10  0.0000E+00  0.0000E+00
  10.589 13.100  5.10    0.00    0.00    0.00    0.00    0.00    0.00  1.000
   9.250  2.029 -1.70    0.00    0.00    0.00    0.00    0.00    0.00 0.000E+00

   10.5890   9.2500  13.1000   2.0289   5.0980  0.00000E+00  0.00000E+00  0.00000E+00  0.00000E+00  0.00000E+00  0.00000E+00  0.00000E+00  0.10000E+01
 e,ep,th,sigb,sigqe=   10.59    9.26   13.10  0.0000E+00  0.0000E+00
  10.589 13.100  5.10    0.00    0.00    0.00    0.00    0.00    0.00  1.000
   9.260  2.046 -1.73    0.00    0.00    0.00    0.00    0.00    0.00 0.000E+00

   10.5890   9.2600  13.1000   2.0464   5.1035  0.00000E+00  0.00000E+00  0.00000E+00  0.00000E+00  0.00000E+00  0.00000E+00  0.00000E+00  0.10000E+01
 e,ep,th,sigb,sigqe=   10.59    9.27   13.10  0.0000E+00  0.0000E+00
  10.589 13.100  5.11    0.00    0.00    0.00    0.00    0.00    0.00  1.000
   9.270  2.064 -1.75    0.00    0.00    0.00    0.00    0.00    0.00 0.000E+00

   10.5890   9.2700  13.1000   2.0641   5.1090  0.00000E+00  0.00000E+00  0.00000E+00  0.00000E+00  0.00000E+00  0.00000E+00  0.00000E+00  0.10000E+01
 e,ep,th,sigb,sigqe=   10.59    9.28   13.10  0.0000E+00  0.0000E+00
  10.589 13.100  5.11    0.00    0.00    0.00    0.00    0.00    0.00  1.000
   9.280  2.082 -1.78    0.00    0.00    0.00    0.00    0.00    0.00 0.000E+00

   10.5890   9.2800  13.1000   2.0821   5.1146  0.00000E+00  0.00000E+00  0.00000E+00  0.00000E+00  0.00000E+00  0.00000E+00  0.00000E+00  0.10000E+01
 e,ep,th,sigb,sigqe=   10.59    9.29   13.10  0.0000E+00  0.0000E+00
  10.589 13.100  5.12    0.00    0.00    0.00    0.00    0.00    0.00  1.000
   9.290  2.100 -1.80    0.00    0.00    0.00    0.00    0.00    0.00 0.000E+00

   10.5890   9.2900  13.1000   2.1004   5.1201  0.00000E+00  0.00000E+00  0.00000E+00  0.00000E+00  0.00000E+00  0.00000E+00  0.00000E+00  0.10000E+01
 e,ep,th,sigb,sigqe=   10.59    9.30   13.10  0.0000E+00  0.0000E+00
  10.589 13.100  5.13    0.00    0.00    0.00    0.00    0.00    0.00  1.000
   9.300  2.119 -1.83    0.00    0.00    0.00    0.00    0.00    0.00 0.000E+00

   10.5890   9.3000  13.1000   2.1190   5.1256  0.00000E+00  0.00000E+00  0.00000E+00  0.00000E+00  0.00000E+00  0.00000E+00  0.00000E+00  0.10000E+01
 e,ep,th,sigb,sigqe=   10.59    9.31   13.10  0.0000E+00  0.0000E+00
  10.589 13.100  5.13    0.00    0.00    0.00    0.00    0.00    0.00  1.000
   9.310  2.138 -1.85    0.00    0.00    0.00    0.00    0.00    0.00 0.000E+00

   10.5890   9.3100  13.1000   2.1378   5.1311  0.00000E+00  0.00000E+00  0.00000E+00  0.00000E+00  0.00000E+00  0.00000E+00  0.00000E+00  0.10000E+01
 e,ep,th,sigb,sigqe=   10.59    9.32   13.10  0.0000E+00  0.0000E+00
  10.589 13.100  5.14    0.00    0.00    0.00    0.00    0.00    0.00  1.000
   9.320  2.157 -1.87    0.00    0.00    0.00    0.00    0.00    0.00 0.000E+00

   10.5890   9.3200  13.1000   2.1570   5.1366  0.00000E+00  0.00000E+00  0.00000E+00  0.00000E+00  0.00000E+00  0.00000E+00  0.00000E+00  0.10000E+01
 e,ep,th,sigb,sigqe=   10.59    9.33   13.10  0.0000E+00  0.0000E+00
  10.589 13.100  5.14    0.00    0.00    0.00    0.00    0.00    0.00  1.000
   9.330  2.176 -1.90    0.00    0.00    0.00    0.00    0.00    0.00 0.000E+00

   10.5890   9.3300  13.1000   2.1765   5.1421  0.00000E+00  0.00000E+00  0.00000E+00  0.00000E+00  0.00000E+00  0.00000E+00  0.00000E+00  0.10000E+01
 e,ep,th,sigb,sigqe=   10.59    9.34   13.10  0.0000E+00  0.0000E+00
  10.589 13.100  5.15    0.00    0.00    0.00    0.00    0.00    0.00  1.000
   9.340  2.196 -1.92    0.00    0.00    0.00    0.00    0.00    0.00 0.000E+00

   10.5890   9.3400  13.1000   2.1962   5.1476  0.00000E+00  0.00000E+00  0.00000E+00  0.00000E+00  0.00000E+00  0.00000E+00  0.00000E+00  0.10000E+01
 e,ep,th,sigb,sigqe=   10.59    9.35   13.10  0.0000E+00  0.0000E+00
  10.589 13.100  5.15    0.00    0.00    0.00    0.00    0.00    0.00  1.000
   9.350  2.216 -1.95    0.00    0.00    0.00    0.00    0.00    0.00 0.000E+00

   10.5890   9.3500  13.1000   2.2163   5.1531  0.00000E+00  0.00000E+00  0.00000E+00  0.00000E+00  0.00000E+00  0.00000E+00  0.00000E+00  0.10000E+01
 e,ep,th,sigb,sigqe=   10.59    9.36   13.10  0.0000E+00  0.0000E+00
  10.589 13.100  5.16    0.00    0.00    0.00    0.00    0.00    0.00  1.000
   9.360  2.237 -1.97    0.00    0.00    0.00    0.00    0.00    0.00 0.000E+00

   10.5890   9.3600  13.1000   2.2368   5.1586  0.00000E+00  0.00000E+00  0.00000E+00  0.00000E+00  0.00000E+00  0.00000E+00  0.00000E+00  0.10000E+01
 e,ep,th,sigb,sigqe=   10.59    9.37   13.10  0.0000E+00  0.0000E+00
  10.589 13.100  5.16    0.00    0.00    0.00    0.00    0.00    0.00  1.000
   9.370  2.258 -2.00    0.00    0.00    0.00    0.00    0.00    0.00 0.000E+00

   10.5890   9.3700  13.1000   2.2575   5.1642  0.00000E+00  0.00000E+00  0.00000E+00  0.00000E+00  0.00000E+00  0.00000E+00  0.00000E+00  0.10000E+01
 e,ep,th,sigb,sigqe=   10.59    9.38   13.10  0.0000E+00  0.0000E+00
  10.589 13.100  5.17    0.00    0.00    0.00    0.00    0.00    0.00  1.000
   9.380  2.279 -2.02    0.00    0.00    0.00    0.00    0.00    0.00 0.000E+00

   10.5890   9.3800  13.1000   2.2786   5.1697  0.00000E+00  0.00000E+00  0.00000E+00  0.00000E+00  0.00000E+00  0.00000E+00  0.00000E+00  0.10000E+01
 e,ep,th,sigb,sigqe=   10.59    9.39   13.10  0.0000E+00  0.0000E+00
  10.589 13.100  5.18    0.00    0.00    0.00    0.00    0.00    0.00  1.000
   9.390  2.300 -2.04    0.00    0.00    0.00    0.00    0.00    0.00 0.000E+00

   10.5890   9.3900  13.1000   2.3001   5.1752  0.00000E+00  0.00000E+00  0.00000E+00  0.00000E+00  0.00000E+00  0.00000E+00  0.00000E+00  0.10000E+01
 e,ep,th,sigb,sigqe=   10.59    9.40   13.10  0.0000E+00  0.0000E+00
  10.589 13.100  5.18    0.00    0.00    0.00    0.00    0.00    0.00  1.000
   9.400  2.322 -2.07    0.00    0.00    0.00    0.00    0.00    0.00 0.000E+00

   10.5890   9.4000  13.1000   2.3219   5.1807  0.00000E+00  0.00000E+00  0.00000E+00  0.00000E+00  0.00000E+00  0.00000E+00  0.00000E+00  0.10000E+01
 e,ep,th,sigb,sigqe=   10.59    9.41   13.10  0.0000E+00  0.0000E+00
  10.589 13.100  5.19    0.00    0.00    0.00    0.00    0.00    0.00  1.000
   9.410  2.344 -2.09    0.00    0.00    0.00    0.00    0.00    0.00 0.000E+00

   10.5890   9.4100  13.1000   2.3441   5.1862  0.00000E+00  0.00000E+00  0.00000E+00  0.00000E+00  0.00000E+00  0.00000E+00  0.00000E+00  0.10000E+01
 e,ep,th,sigb,sigqe=   10.59    9.42   13.10  0.0000E+00  0.0000E+00
  10.589 13.100  5.19    0.00    0.00    0.00    0.00    0.00    0.00  1.000
   9.420  2.367 -2.12    0.00    0.00    0.00    0.00    0.00    0.00 0.000E+00

   10.5890   9.4200  13.1000   2.3666   5.1917  0.00000E+00  0.00000E+00  0.00000E+00  0.00000E+00  0.00000E+00  0.00000E+00  0.00000E+00  0.10000E+01
 e,ep,th,sigb,sigqe=   10.59    9.43   13.10  0.0000E+00  0.0000E+00
  10.589 13.100  5.20    0.00    0.00    0.00    0.00    0.00    0.00  1.000
   9.430  2.390 -2.14    0.00    0.00    0.00    0.00    0.00    0.00 0.000E+00

   10.5890   9.4300  13.1000   2.3896   5.1972  0.00000E+00  0.00000E+00  0.00000E+00  0.00000E+00  0.00000E+00  0.00000E+00  0.00000E+00  0.10000E+01
 e,ep,th,sigb,sigqe=   10.59    9.44   13.10  0.0000E+00  0.0000E+00
  10.589 13.100  5.20    0.00    0.00    0.00    0.00    0.00    0.00  1.000
   9.440  2.413 -2.17    0.00    0.00    0.00    0.00    0.00    0.00 0.000E+00

   10.5890   9.4400  13.1000   2.4130   5.2027  0.00000E+00  0.00000E+00  0.00000E+00  0.00000E+00  0.00000E+00  0.00000E+00  0.00000E+00  0.10000E+01
 e,ep,th,sigb,sigqe=   10.59    9.45   13.10  0.0000E+00  0.0000E+00
  10.589 13.100  5.21    0.00    0.00    0.00    0.00    0.00    0.00  1.000
   9.450  2.437 -2.19    0.00    0.00    0.00    0.00    0.00    0.00 0.000E+00

   10.5890   9.4500  13.1000   2.4367   5.2082  0.00000E+00  0.00000E+00  0.00000E+00  0.00000E+00  0.00000E+00  0.00000E+00  0.00000E+00  0.10000E+01
 e,ep,th,sigb,sigqe=   10.59    9.46   13.10  0.0000E+00  0.0000E+00
  10.589 13.100  5.21    0.00    0.00    0.00    0.00    0.00    0.00  1.000
   9.460  2.461 -2.21    0.00    0.00    0.00    0.00    0.00    0.00 0.000E+00

   10.5890   9.4600  13.1000   2.4609   5.2138  0.00000E+00  0.00000E+00  0.00000E+00  0.00000E+00  0.00000E+00  0.00000E+00  0.00000E+00  0.10000E+01
 e,ep,th,sigb,sigqe=   10.59    9.47   13.10  0.0000E+00  0.0000E+00
  10.589 13.100  5.22    0.00    0.00    0.00    0.00    0.00    0.00  1.000
   9.470  2.486 -2.24    0.00    0.00    0.00    0.00    0.00    0.00 0.000E+00

   10.5890   9.4700  13.1000   2.4855   5.2193  0.00000E+00  0.00000E+00  0.00000E+00  0.00000E+00  0.00000E+00  0.00000E+00  0.00000E+00  0.10000E+01
 e,ep,th,sigb,sigqe=   10.59    9.48   13.10  0.0000E+00  0.0000E+00
  10.589 13.100  5.22    0.00    0.00    0.00    0.00    0.00    0.00  1.000
   9.480  2.511 -2.26    0.00    0.00    0.00    0.00    0.00    0.00 0.000E+00

   10.5890   9.4800  13.1000   2.5106   5.2248  0.00000E+00  0.00000E+00  0.00000E+00  0.00000E+00  0.00000E+00  0.00000E+00  0.00000E+00  0.10000E+01
 e,ep,th,sigb,sigqe=   10.59    9.49   13.10  0.0000E+00  0.0000E+00
  10.589 13.100  5.23    0.00    0.00    0.00    0.00    0.00    0.00  1.000
   9.490  2.536 -2.29    0.00    0.00    0.00    0.00    0.00    0.00 0.000E+00

   10.5890   9.4900  13.1000   2.5361   5.2303  0.00000E+00  0.00000E+00  0.00000E+00  0.00000E+00  0.00000E+00  0.00000E+00  0.00000E+00  0.10000E+01
 e,ep,th,sigb,sigqe=   10.59    9.50   13.10  0.0000E+00  0.0000E+00
  10.589 13.100  5.24    0.00    0.00    0.00    0.00    0.00    0.00  1.000
   9.500  2.562 -2.31    0.00    0.00    0.00    0.00    0.00    0.00 0.000E+00

   10.5890   9.5000  13.1000   2.5621   5.2358  0.00000E+00  0.00000E+00  0.00000E+00  0.00000E+00  0.00000E+00  0.00000E+00  0.00000E+00  0.10000E+01
 e,ep,th,sigb,sigqe=   10.59    9.51   13.10  0.0000E+00  0.0000E+00
  10.589 13.100  5.24    0.00    0.00    0.00    0.00    0.00    0.00  1.000
   9.510  2.589 -2.34    0.00    0.00    0.00    0.00    0.00    0.00 0.000E+00

   10.5890   9.5100  13.1000   2.5885   5.2413  0.00000E+00  0.00000E+00  0.00000E+00  0.00000E+00  0.00000E+00  0.00000E+00  0.00000E+00  0.10000E+01
 e,ep,th,sigb,sigqe=   10.59    9.52   13.10  0.0000E+00  0.0000E+00
  10.589 13.100  5.25    0.00    0.00    0.00    0.00    0.00    0.00  1.000
   9.520  2.616 -2.36    0.00    0.00    0.00    0.00    0.00    0.00 0.000E+00

   10.5890   9.5200  13.1000   2.6155   5.2468  0.00000E+00  0.00000E+00  0.00000E+00  0.00000E+00  0.00000E+00  0.00000E+00  0.00000E+00  0.10000E+01
 e,ep,th,sigb,sigqe=   10.59    9.53   13.10  0.0000E+00  0.0000E+00
  10.589 13.100  5.25    0.00    0.00    0.00    0.00    0.00    0.00  1.000
   9.530  2.643 -2.38    0.00    0.00    0.00    0.00    0.00    0.00 0.000E+00

   10.5890   9.5300  13.1000   2.6430   5.2523  0.00000E+00  0.00000E+00  0.00000E+00  0.00000E+00  0.00000E+00  0.00000E+00  0.00000E+00  0.10000E+01
 e,ep,th,sigb,sigqe=   10.59    9.54   13.10  0.0000E+00  0.0000E+00
  10.589 13.100  5.26    0.00    0.00    0.00    0.00    0.00    0.00  1.000
   9.540  2.671 -2.41    0.00    0.00    0.00    0.00    0.00    0.00 0.000E+00

   10.5890   9.5400  13.1000   2.6710   5.2578  0.00000E+00  0.00000E+00  0.00000E+00  0.00000E+00  0.00000E+00  0.00000E+00  0.00000E+00  0.10000E+01
 e,ep,th,sigb,sigqe=   10.59    9.55   13.10  0.0000E+00  0.0000E+00
  10.589 13.100  5.26    0.00    0.00    0.00    0.00    0.00    0.00  1.000
   9.550  2.700 -2.43    0.00    0.00    0.00    0.00    0.00    0.00 0.000E+00

   10.5890   9.5500  13.1000   2.6995   5.2634  0.00000E+00  0.00000E+00  0.00000E+00  0.00000E+00  0.00000E+00  0.00000E+00  0.00000E+00  0.10000E+01
 e,ep,th,sigb,sigqe=   10.59    9.56   13.10  0.0000E+00  0.0000E+00
  10.589 13.100  5.27    0.00    0.00    0.00    0.00    0.00    0.00  1.000
   9.560  2.729 -2.46    0.00    0.00    0.00    0.00    0.00    0.00 0.000E+00

   10.5890   9.5600  13.1000   2.7286   5.2689  0.00000E+00  0.00000E+00  0.00000E+00  0.00000E+00  0.00000E+00  0.00000E+00  0.00000E+00  0.10000E+01
 e,ep,th,sigb,sigqe=   10.59    9.57   13.10  0.0000E+00  0.0000E+00
  10.589 13.100  5.27    0.00    0.00    0.00    0.00    0.00    0.00  1.000
   9.570  2.758 -2.48    0.00    0.00    0.00    0.00    0.00    0.00 0.000E+00

   10.5890   9.5700  13.1000   2.7583   5.2744  0.00000E+00  0.00000E+00  0.00000E+00  0.00000E+00  0.00000E+00  0.00000E+00  0.00000E+00  0.10000E+01
 e,ep,th,sigb,sigqe=   10.59    9.58   13.10  0.0000E+00  0.0000E+00
  10.589 13.100  5.28    0.00    0.00    0.00    0.00    0.00    0.00  1.000
   9.580  2.789 -2.51    0.00    0.00    0.00    0.00    0.00    0.00 0.000E+00

   10.5890   9.5800  13.1000   2.7885   5.2799  0.00000E+00  0.00000E+00  0.00000E+00  0.00000E+00  0.00000E+00  0.00000E+00  0.00000E+00  0.10000E+01
 e,ep,th,sigb,sigqe=   10.59    9.59   13.10  0.0000E+00  0.0000E+00
  10.589 13.100  5.29    0.00    0.00    0.00    0.00    0.00    0.00  1.000
   9.590  2.819 -2.53    0.00    0.00    0.00    0.00    0.00    0.00 0.000E+00

   10.5890   9.5900  13.1000   2.8194   5.2854  0.00000E+00  0.00000E+00  0.00000E+00  0.00000E+00  0.00000E+00  0.00000E+00  0.00000E+00  0.10000E+01
 e,ep,th,sigb,sigqe=   10.59    9.60   13.10  0.0000E+00  0.0000E+00
  10.589 13.100  5.29    0.00    0.00    0.00    0.00    0.00    0.00  1.000
   9.600  2.851 -2.55    0.00    0.00    0.00    0.00    0.00    0.00 0.000E+00

   10.5890   9.6000  13.1000   2.8508   5.2909  0.00000E+00  0.00000E+00  0.00000E+00  0.00000E+00  0.00000E+00  0.00000E+00  0.00000E+00  0.10000E+01
 e,ep,th,sigb,sigqe=   10.59    9.61   13.10  0.0000E+00  0.0000E+00
  10.589 13.100  5.30    0.00    0.00    0.00    0.00    0.00    0.00  1.000
   9.610  2.883 -2.58    0.00    0.00    0.00    0.00    0.00    0.00 0.000E+00

   10.5890   9.6100  13.1000   2.8830   5.2964  0.00000E+00  0.00000E+00  0.00000E+00  0.00000E+00  0.00000E+00  0.00000E+00  0.00000E+00  0.10000E+01
 e,ep,th,sigb,sigqe=   10.59    9.62   13.10  0.0000E+00  0.0000E+00
  10.589 13.100  5.30    0.00    0.00    0.00    0.00    0.00    0.00  1.000
   9.620  2.916 -2.60    0.00    0.00    0.00    0.00    0.00    0.00 0.000E+00

   10.5890   9.6200  13.1000   2.9157   5.3019  0.00000E+00  0.00000E+00  0.00000E+00  0.00000E+00  0.00000E+00  0.00000E+00  0.00000E+00  0.10000E+01
 e,ep,th,sigb,sigqe=   10.59    9.63   13.10  0.0000E+00  0.0000E+00
  10.589 13.100  5.31    0.00    0.00    0.00    0.00    0.00    0.00  1.000
   9.630  2.949 -2.63    0.00    0.00    0.00    0.00    0.00    0.00 0.000E+00

   10.5890   9.6300  13.1000   2.9492   5.3074  0.00000E+00  0.00000E+00  0.00000E+00  0.00000E+00  0.00000E+00  0.00000E+00  0.00000E+00  0.10000E+01
 e,ep,th,sigb,sigqe=   10.59    9.64   13.10  0.0000E+00  0.0000E+00
  10.589 13.100  5.31    0.00    0.00    0.00    0.00    0.00    0.00  1.000
   9.640  2.983 -2.65    0.00    0.00    0.00    0.00    0.00    0.00 0.000E+00

   10.5890   9.6400  13.1000   2.9834   5.3130  0.00000E+00  0.00000E+00  0.00000E+00  0.00000E+00  0.00000E+00  0.00000E+00  0.00000E+00  0.10000E+01
 e,ep,th,sigb,sigqe=   10.59    9.65   13.10  0.0000E+00  0.0000E+00
  10.589 13.100  5.32    0.00    0.00    0.00    0.00    0.00    0.00  1.000
   9.650  3.018 -2.68    0.00    0.00    0.00    0.00    0.00    0.00 0.000E+00

   10.5890   9.6500  13.1000   3.0183   5.3185  0.00000E+00  0.00000E+00  0.00000E+00  0.00000E+00  0.00000E+00  0.00000E+00  0.00000E+00  0.10000E+01
 e,ep,th,sigb,sigqe=   10.59    9.66   13.10  0.0000E+00  0.0000E+00
  10.589 13.100  5.32    0.00    0.00    0.00    0.00    0.00    0.00  1.000
   9.660  3.054 -2.70    0.00    0.00    0.00    0.00    0.00    0.00 0.000E+00

   10.5890   9.6600  13.1000   3.0539   5.3240  0.00000E+00  0.00000E+00  0.00000E+00  0.00000E+00  0.00000E+00  0.00000E+00  0.00000E+00  0.10000E+01
 e,ep,th,sigb,sigqe=   10.59    9.67   13.10  0.0000E+00  0.0000E+00
  10.589 13.100  5.33    0.00    0.00    0.00    0.00    0.00    0.00  1.000
   9.670  3.090 -2.72    0.00    0.00    0.00    0.00    0.00    0.00 0.000E+00

   10.5890   9.6700  13.1000   3.0904   5.3295  0.00000E+00  0.00000E+00  0.00000E+00  0.00000E+00  0.00000E+00  0.00000E+00  0.00000E+00  0.10000E+01
 e,ep,th,sigb,sigqe=   10.59    9.68   13.10  0.0000E+00  0.0000E+00
  10.589 13.100  5.34    0.00    0.00    0.00    0.00    0.00    0.00  1.000
   9.680  3.128 -2.75    0.00    0.00    0.00    0.00    0.00    0.00 0.000E+00

   10.5890   9.6800  13.1000   3.1276   5.3350  0.00000E+00  0.00000E+00  0.00000E+00  0.00000E+00  0.00000E+00  0.00000E+00  0.00000E+00  0.10000E+01
 e,ep,th,sigb,sigqe=   10.59    9.69   13.10  0.0000E+00  0.0000E+00
  10.589 13.100  5.34    0.00    0.00    0.00    0.00    0.00    0.00  1.000
   9.690  3.166 -2.77    0.00    0.00    0.00    0.00    0.00    0.00 0.000E+00

   10.5890   9.6900  13.1000   3.1656   5.3405  0.00000E+00  0.00000E+00  0.00000E+00  0.00000E+00  0.00000E+00  0.00000E+00  0.00000E+00  0.10000E+01
 e,ep,th,sigb,sigqe=   10.59    9.70   13.10  0.0000E+00  0.0000E+00
  10.589 13.100  5.35    0.00    0.00    0.00    0.00    0.00    0.00  1.000
   9.700  3.205 -2.80    0.00    0.00    0.00    0.00    0.00    0.00 0.000E+00

   10.5890   9.7000  13.1000   3.2046   5.3460  0.00000E+00  0.00000E+00  0.00000E+00  0.00000E+00  0.00000E+00  0.00000E+00  0.00000E+00  0.10000E+01
 e,ep,th,sigb,sigqe=   10.59    9.71   13.10  0.0000E+00  0.0000E+00
  10.589 13.100  5.35    0.00    0.00    0.00    0.00    0.00    0.00  1.000
   9.710  3.244 -2.82    0.00    0.00    0.00    0.00    0.00    0.00 0.000E+00

   10.5890   9.7100  13.1000   3.2443   5.3515  0.00000E+00  0.00000E+00  0.00000E+00  0.00000E+00  0.00000E+00  0.00000E+00  0.00000E+00  0.10000E+01
 e,ep,th,sigb,sigqe=   10.59    9.72   13.10  0.0000E+00  0.0000E+00
  10.589 13.100  5.36    0.00    0.00    0.00    0.00    0.00    0.00  1.000
   9.720  3.285 -2.85    0.00    0.00    0.00    0.00    0.00    0.00 0.000E+00

   10.5890   9.7200  13.1000   3.2851   5.3571  0.00000E+00  0.00000E+00  0.00000E+00  0.00000E+00  0.00000E+00  0.00000E+00  0.00000E+00  0.10000E+01
 e,ep,th,sigb,sigqe=   10.59    9.73   13.10  0.0000E+00  0.0000E+00
  10.589 13.100  5.36    0.00    0.00    0.00    0.00    0.00    0.00  1.000
   9.730  3.327 -2.87    0.00    0.00    0.00    0.00    0.00    0.00 0.000E+00

   10.5890   9.7300  13.1000   3.3267   5.3626  0.00000E+00  0.00000E+00  0.00000E+00  0.00000E+00  0.00000E+00  0.00000E+00  0.00000E+00  0.10000E+01
 e,ep,th,sigb,sigqe=   10.59    9.74   13.10  0.0000E+00  0.0000E+00
  10.589 13.100  5.37    0.00    0.00    0.00    0.00    0.00    0.00  1.000
   9.740  3.369 -2.89    0.00    0.00    0.00    0.00    0.00    0.00 0.000E+00

   10.5890   9.7400  13.1000   3.3694   5.3681  0.00000E+00  0.00000E+00  0.00000E+00  0.00000E+00  0.00000E+00  0.00000E+00  0.00000E+00  0.10000E+01
 e,ep,th,sigb,sigqe=   10.59    9.75   13.10  0.0000E+00  0.0000E+00
  10.589 13.100  5.37    0.00    0.00    0.00    0.00    0.00    0.00  1.000
   9.750  3.413 -2.92    0.00    0.00    0.00    0.00    0.00    0.00 0.000E+00

   10.5890   9.7500  13.1000   3.4130   5.3736  0.00000E+00  0.00000E+00  0.00000E+00  0.00000E+00  0.00000E+00  0.00000E+00  0.00000E+00  0.10000E+01
 e,ep,th,sigb,sigqe=   10.59    9.76   13.10  0.0000E+00  0.0000E+00
  10.589 13.100  5.38    0.00    0.00    0.00    0.00    0.00    0.00  1.000
   9.760  3.458 -2.94    0.00    0.00    0.00    0.00    0.00    0.00 0.000E+00

   10.5890   9.7600  13.1000   3.4577   5.3791  0.00000E+00  0.00000E+00  0.00000E+00  0.00000E+00  0.00000E+00  0.00000E+00  0.00000E+00  0.10000E+01
 e,ep,th,sigb,sigqe=   10.59    9.77   13.10  0.0000E+00  0.0000E+00
  10.589 13.100  5.38    0.00    0.00    0.00    0.00    0.00    0.00  1.000
   9.770  3.504 -2.97    0.00    0.00    0.00    0.00    0.00    0.00 0.000E+00

   10.5890   9.7700  13.1000   3.5035   5.3846  0.00000E+00  0.00000E+00  0.00000E+00  0.00000E+00  0.00000E+00  0.00000E+00  0.00000E+00  0.10000E+01
 e,ep,th,sigb,sigqe=   10.59    9.78   13.10  0.0000E+00  0.0000E+00
  10.589 13.100  5.39    0.00    0.00    0.00    0.00    0.00    0.00  1.000
   9.780  3.550 -2.99    0.00    0.00    0.00    0.00    0.00    0.00 0.000E+00

   10.5890   9.7800  13.1000   3.5505   5.3901  0.00000E+00  0.00000E+00  0.00000E+00  0.00000E+00  0.00000E+00  0.00000E+00  0.00000E+00  0.10000E+01
 e,ep,th,sigb,sigqe=   10.59    9.79   13.10  0.0000E+00  0.0000E+00
  10.589 13.100  5.40    0.00    0.00    0.00    0.00    0.00    0.00  1.000
   9.790  3.599 -3.02    0.00    0.00    0.00    0.00    0.00    0.00 0.000E+00

   10.5890   9.7900  13.1000   3.5986   5.3956  0.00000E+00  0.00000E+00  0.00000E+00  0.00000E+00  0.00000E+00  0.00000E+00  0.00000E+00  0.10000E+01
 e,ep,th,sigb,sigqe=   10.59    9.80   13.10  0.0000E+00  0.0000E+00
  10.589 13.100  5.40    0.00    0.00    0.00    0.00    0.00    0.00  1.000
   9.800  3.648 -3.04    0.00    0.00    0.00    0.00    0.00    0.00 0.000E+00

   10.5890   9.8000  13.1000   3.6479   5.4011  0.00000E+00  0.00000E+00  0.00000E+00  0.00000E+00  0.00000E+00  0.00000E+00  0.00000E+00  0.10000E+01
 e,ep,th,sigb,sigqe=   10.59    9.81   13.10  0.0000E+00  0.0000E+00
  10.589 13.100  5.41    0.00    0.00    0.00    0.00    0.00    0.00  1.000
   9.810  3.699 -3.06    0.00    0.00    0.00    0.00    0.00    0.00 0.000E+00

   10.5890   9.8100  13.1000   3.6985   5.4067  0.00000E+00  0.00000E+00  0.00000E+00  0.00000E+00  0.00000E+00  0.00000E+00  0.00000E+00  0.10000E+01
 e,ep,th,sigb,sigqe=   10.59    9.82   13.10  0.0000E+00  0.0000E+00
  10.589 13.100  5.41    0.00    0.00    0.00    0.00    0.00    0.00  1.000
   9.820  3.750 -3.09    0.00    0.00    0.00    0.00    0.00    0.00 0.000E+00

   10.5890   9.8200  13.1000   3.7504   5.4122  0.00000E+00  0.00000E+00  0.00000E+00  0.00000E+00  0.00000E+00  0.00000E+00  0.00000E+00  0.10000E+01
 e,ep,th,sigb,sigqe=   10.59    9.83   13.10  0.0000E+00  0.0000E+00
  10.589 13.100  5.42    0.00    0.00    0.00    0.00    0.00    0.00  1.000
   9.830  3.804 -3.11    0.00    0.00    0.00    0.00    0.00    0.00 0.000E+00

   10.5890   9.8300  13.1000   3.8037   5.4177  0.00000E+00  0.00000E+00  0.00000E+00  0.00000E+00  0.00000E+00  0.00000E+00  0.00000E+00  0.10000E+01
 e,ep,th,sigb,sigqe=   10.59    9.84   13.10  0.0000E+00  0.0000E+00
  10.589 13.100  5.42    0.00    0.00    0.00    0.00    0.00    0.00  1.000
   9.840  3.858 -3.14    0.00    0.00    0.00    0.00    0.00    0.00 0.000E+00

   10.5890   9.8400  13.1000   3.8584   5.4232  0.00000E+00  0.00000E+00  0.00000E+00  0.00000E+00  0.00000E+00  0.00000E+00  0.00000E+00  0.10000E+01
 e,ep,th,sigb,sigqe=   10.59    9.85   13.10  0.0000E+00  0.0000E+00
  10.589 13.100  5.43    0.00    0.00    0.00    0.00    0.00    0.00  1.000
   9.850  3.915 -3.16    0.00    0.00    0.00    0.00    0.00    0.00 0.000E+00

   10.5890   9.8500  13.1000   3.9146   5.4287  0.00000E+00  0.00000E+00  0.00000E+00  0.00000E+00  0.00000E+00  0.00000E+00  0.00000E+00  0.10000E+01
 e,ep,th,sigb,sigqe=   10.59    9.86   13.10  0.0000E+00  0.0000E+00
  10.589 13.100  5.43    0.00    0.00    0.00    0.00    0.00    0.00  1.000
   9.860  3.972 -3.19    0.00    0.00    0.00    0.00    0.00    0.00 0.000E+00

   10.5890   9.8600  13.1000   3.9723   5.4342  0.00000E+00  0.00000E+00  0.00000E+00  0.00000E+00  0.00000E+00  0.00000E+00  0.00000E+00  0.10000E+01
 e,ep,th,sigb,sigqe=   10.59    9.87   13.10  0.0000E+00  0.0000E+00
  10.589 13.100  5.44    0.00    0.00    0.00    0.00    0.00    0.00  1.000
   9.870  4.032 -3.21    0.00    0.00    0.00    0.00    0.00    0.00 0.000E+00

   10.5890   9.8700  13.1000   4.0317   5.4397  0.00000E+00  0.00000E+00  0.00000E+00  0.00000E+00  0.00000E+00  0.00000E+00  0.00000E+00  0.10000E+01
 e,ep,th,sigb,sigqe=   10.59    9.88   13.10  0.0000E+00  0.0000E+00
  10.589 13.100  5.45    0.00    0.00    0.00    0.00    0.00    0.00  1.000
   9.880  4.093 -3.23    0.00    0.00    0.00    0.00    0.00    0.00 0.000E+00

   10.5890   9.8800  13.1000   4.0927   5.4452  0.00000E+00  0.00000E+00  0.00000E+00  0.00000E+00  0.00000E+00  0.00000E+00  0.00000E+00  0.10000E+01
 e,ep,th,sigb,sigqe=   10.59    9.89   13.10  0.0000E+00  0.0000E+00
  10.589 13.100  5.45    0.00    0.00    0.00    0.00    0.00    0.00  1.000
   9.890  4.155 -3.26    0.00    0.00    0.00    0.00    0.00    0.00 0.000E+00

   10.5890   9.8900  13.1000   4.1554   5.4507  0.00000E+00  0.00000E+00  0.00000E+00  0.00000E+00  0.00000E+00  0.00000E+00  0.00000E+00  0.10000E+01
 e,ep,th,sigb,sigqe=   10.59    9.90   13.10  0.0000E+00  0.0000E+00
  10.589 13.100  5.46    0.00    0.00    0.00    0.00    0.00    0.00  1.000
   9.900  4.220 -3.28    0.00    0.00    0.00    0.00    0.00    0.00 0.000E+00

   10.5890   9.9000  13.1000   4.2200   5.4563  0.00000E+00  0.00000E+00  0.00000E+00  0.00000E+00  0.00000E+00  0.00000E+00  0.00000E+00  0.10000E+01
 e,ep,th,sigb,sigqe=   10.59    9.91   13.10  0.0000E+00  0.0000E+00
  10.589 13.100  5.46    0.00    0.00    0.00    0.00    0.00    0.00  1.000
   9.910  4.286 -3.31    0.00    0.00    0.00    0.00    0.00    0.00 0.000E+00

   10.5890   9.9100  13.1000   4.2865   5.4618  0.00000E+00  0.00000E+00  0.00000E+00  0.00000E+00  0.00000E+00  0.00000E+00  0.00000E+00  0.10000E+01
 e,ep,th,sigb,sigqe=   10.59    9.92   13.10  0.0000E+00  0.0000E+00
  10.589 13.100  5.47    0.00    0.00    0.00    0.00    0.00    0.00  1.000
   9.920  4.355 -3.33    0.00    0.00    0.00    0.00    0.00    0.00 0.000E+00

   10.5890   9.9200  13.1000   4.3549   5.4673  0.00000E+00  0.00000E+00  0.00000E+00  0.00000E+00  0.00000E+00  0.00000E+00  0.00000E+00  0.10000E+01
 e,ep,th,sigb,sigqe=   10.59    9.93   13.10  0.0000E+00  0.0000E+00
  10.589 13.100  5.47    0.00    0.00    0.00    0.00    0.00    0.00  1.000
   9.930  4.425 -3.36    0.00    0.00    0.00    0.00    0.00    0.00 0.000E+00

   10.5890   9.9300  13.1000   4.4255   5.4728  0.00000E+00  0.00000E+00  0.00000E+00  0.00000E+00  0.00000E+00  0.00000E+00  0.00000E+00  0.10000E+01
 e,ep,th,sigb,sigqe=   10.59    9.94   13.10  0.0000E+00  0.0000E+00
  10.589 13.100  5.48    0.00    0.00    0.00    0.00    0.00    0.00  1.000
   9.940  4.498 -3.38    0.00    0.00    0.00    0.00    0.00    0.00 0.000E+00

   10.5890   9.9400  13.1000   4.4982   5.4783  0.00000E+00  0.00000E+00  0.00000E+00  0.00000E+00  0.00000E+00  0.00000E+00  0.00000E+00  0.10000E+01
 e,ep,th,sigb,sigqe=   10.59    9.95   13.10  0.0000E+00  0.0000E+00
  10.589 13.100  5.48    0.00    0.00    0.00    0.00    0.00    0.00  1.000
   9.950  4.573 -3.40    0.00    0.00    0.00    0.00    0.00    0.00 0.000E+00

   10.5890   9.9500  13.1000   4.5732   5.4838  0.00000E+00  0.00000E+00  0.00000E+00  0.00000E+00  0.00000E+00  0.00000E+00  0.00000E+00  0.10000E+01
 e,ep,th,sigb,sigqe=   10.59    9.96   13.10  0.0000E+00  0.0000E+00
  10.589 13.100  5.49    0.00    0.00    0.00    0.00    0.00    0.00  1.000
   9.960  4.651 -3.43    0.00    0.00    0.00    0.00    0.00    0.00 0.000E+00

   10.5890   9.9600  13.1000   4.6506   5.4893  0.00000E+00  0.00000E+00  0.00000E+00  0.00000E+00  0.00000E+00  0.00000E+00  0.00000E+00  0.10000E+01
 e,ep,th,sigb,sigqe=   10.59    9.97   13.10  0.0000E+00  0.0000E+00
  10.589 13.100  5.49    0.00    0.00    0.00    0.00    0.00    0.00  1.000
   9.970  4.730 -3.45    0.00    0.00    0.00    0.00    0.00    0.00 0.000E+00

   10.5890   9.9700  13.1000   4.7304   5.4948  0.00000E+00  0.00000E+00  0.00000E+00  0.00000E+00  0.00000E+00  0.00000E+00  0.00000E+00  0.10000E+01
 e,ep,th,sigb,sigqe=   10.59    9.98   13.10  0.0000E+00  0.0000E+00
  10.589 13.100  5.50    0.00    0.00    0.00    0.00    0.00    0.00  1.000
   9.980  4.813 -3.48    0.00    0.00    0.00    0.00    0.00    0.00 0.000E+00

   10.5890   9.9800  13.1000   4.8129   5.5003  0.00000E+00  0.00000E+00  0.00000E+00  0.00000E+00  0.00000E+00  0.00000E+00  0.00000E+00  0.10000E+01
 e,ep,th,sigb,sigqe=   10.59    9.99   13.10  0.0000E+00  0.0000E+00
  10.589 13.100  5.51    0.00    0.00    0.00    0.00    0.00    0.00  1.000
   9.990  4.898 -3.50    0.00    0.00    0.00    0.00    0.00    0.00 0.000E+00

   10.5890   9.9900  13.1000   4.8982   5.5059  0.00000E+00  0.00000E+00  0.00000E+00  0.00000E+00  0.00000E+00  0.00000E+00  0.00000E+00  0.10000E+01
 e,ep,th,sigb,sigqe=   10.59   10.00   13.10  0.0000E+00  0.0000E+00
  10.589 13.100  5.51    0.00    0.00    0.00    0.00    0.00    0.00  1.000
  10.000  4.986 -3.53    0.00    0.00    0.00    0.00    0.00    0.00 0.000E+00

   10.5890  10.0000  13.1000   4.9863   5.5114  0.00000E+00  0.00000E+00  0.00000E+00  0.00000E+00  0.00000E+00  0.00000E+00  0.00000E+00  0.10000E+01
 e,ep,th,sigb,sigqe=   10.59   10.01   13.10  0.0000E+00  0.0000E+00
  10.589 13.100  5.52    0.00    0.00    0.00    0.00    0.00    0.00  1.000
  10.010  5.078 -3.55    0.00    0.00    0.00    0.00    0.00    0.00 0.000E+00

   10.5890  10.0100  13.1000   5.0775   5.5169  0.00000E+00  0.00000E+00  0.00000E+00  0.00000E+00  0.00000E+00  0.00000E+00  0.00000E+00  0.10000E+01
 e,ep,th,sigb,sigqe=   10.59   10.02   13.10  0.0000E+00  0.0000E+00
  10.589 13.100  5.52    0.00    0.00    0.00    0.00    0.00    0.00  1.000
  10.020  5.172 -3.57    0.00    0.00    0.00    0.00    0.00    0.00 0.000E+00

   10.5890  10.0200  13.1000   5.1719   5.5224  0.00000E+00  0.00000E+00  0.00000E+00  0.00000E+00  0.00000E+00  0.00000E+00  0.00000E+00  0.10000E+01
 e,ep,th,sigb,sigqe=   10.59   10.03   13.10  0.0000E+00  0.0000E+00
  10.589 13.100  5.53    0.00    0.00    0.00    0.00    0.00    0.00  1.000
  10.030  5.270 -3.60    0.00    0.00    0.00    0.00    0.00    0.00 0.000E+00

   10.5890  10.0300  13.1000   5.2697   5.5279  0.00000E+00  0.00000E+00  0.00000E+00  0.00000E+00  0.00000E+00  0.00000E+00  0.00000E+00  0.10000E+01
 e,ep,th,sigb,sigqe=   10.59   10.04   13.10  0.0000E+00  0.0000E+00
  10.589 13.100  5.53    0.00    0.00    0.00    0.00    0.00    0.00  1.000
  10.040  5.371 -3.62    0.00    0.00    0.00    0.00    0.00    0.00 0.000E+00

   10.5890  10.0400  13.1000   5.3710   5.5334  0.00000E+00  0.00000E+00  0.00000E+00  0.00000E+00  0.00000E+00  0.00000E+00  0.00000E+00  0.10000E+01
 e,ep,th,sigb,sigqe=   10.59   10.05   13.10  0.0000E+00  0.0000E+00
  10.589 13.100  5.54    0.00    0.00    0.00    0.00    0.00    0.00  1.000
  10.050  5.476 -3.65    0.00    0.00    0.00    0.00    0.00    0.00 0.000E+00

   10.5890  10.0500  13.1000   5.4761   5.5389  0.00000E+00  0.00000E+00  0.00000E+00  0.00000E+00  0.00000E+00  0.00000E+00  0.00000E+00  0.10000E+01
 e,ep,th,sigb,sigqe=   10.59   10.06   13.10  0.0000E+00  0.0000E+00
  10.589 13.100  5.54    0.00    0.00    0.00    0.00    0.00    0.00  1.000
  10.060  5.585 -3.67    0.00    0.00    0.00    0.00    0.00    0.00 0.000E+00

   10.5890  10.0600  13.1000   5.5852   5.5444  0.00000E+00  0.00000E+00  0.00000E+00  0.00000E+00  0.00000E+00  0.00000E+00  0.00000E+00  0.10000E+01
 e,ep,th,sigb,sigqe=   10.59   10.07   13.10  0.0000E+00  0.0000E+00
  10.589 13.100  5.55    0.00    0.00    0.00    0.00    0.00    0.00  1.000
  10.070  5.698 -3.70    0.00    0.00    0.00    0.00    0.00    0.00 0.000E+00

   10.5890  10.0700  13.1000   5.6985   5.5499  0.00000E+00  0.00000E+00  0.00000E+00  0.00000E+00  0.00000E+00  0.00000E+00  0.00000E+00  0.10000E+01
 e,ep,th,sigb,sigqe=   10.59   10.08   13.10  0.0000E+00  0.0000E+00
  10.589 13.100  5.56    0.00    0.00    0.00    0.00    0.00    0.00  1.000
  10.080  5.816 -3.72    0.00    0.00    0.00    0.00    0.00    0.00 0.000E+00

   10.5890  10.0800  13.1000   5.8162   5.5555  0.00000E+00  0.00000E+00  0.00000E+00  0.00000E+00  0.00000E+00  0.00000E+00  0.00000E+00  0.10000E+01
 e,ep,th,sigb,sigqe=   10.59   10.09   13.10  0.0000E+00  0.0000E+00
  10.589 13.100  5.56    0.00    0.00    0.00    0.00    0.00    0.00  1.000
  10.090  5.939 -3.74    0.00    0.00    0.00    0.00    0.00    0.00 0.000E+00

   10.5890  10.0900  13.1000   5.9387   5.5610  0.00000E+00  0.00000E+00  0.00000E+00  0.00000E+00  0.00000E+00  0.00000E+00  0.00000E+00  0.10000E+01
 e,ep,th,sigb,sigqe=   10.59   10.10   13.10  0.0000E+00  0.0000E+00
  10.589 13.100  5.57    0.00    0.00    0.00    0.00    0.00    0.00  1.000
  10.100  6.066 -3.77    0.00    0.00    0.00    0.00    0.00    0.00 0.000E+00

   10.5890  10.1000  13.1000   6.0661   5.5665  0.00000E+00  0.00000E+00  0.00000E+00  0.00000E+00  0.00000E+00  0.00000E+00  0.00000E+00  0.10000E+01
 e,ep,th,sigb,sigqe=   10.59   10.11   13.10  0.0000E+00  0.0000E+00
  10.589 13.100  5.57    0.00    0.00    0.00    0.00    0.00    0.00  1.000
  10.110  6.199 -3.79    0.00    0.00    0.00    0.00    0.00    0.00 0.000E+00

   10.5890  10.1100  13.1000   6.1989   5.5720  0.00000E+00  0.00000E+00  0.00000E+00  0.00000E+00  0.00000E+00  0.00000E+00  0.00000E+00  0.10000E+01
 e,ep,th,sigb,sigqe=   10.59   10.12   13.10  0.0000E+00  0.0000E+00
  10.589 13.100  5.58    0.00    0.00    0.00    0.00    0.00    0.00  1.000
  10.120  6.337 -3.82    0.00    0.00    0.00    0.00    0.00    0.00 0.000E+00

   10.5890  10.1200  13.1000   6.3373   5.5775  0.00000E+00  0.00000E+00  0.00000E+00  0.00000E+00  0.00000E+00  0.00000E+00  0.00000E+00  0.10000E+01
 e,ep,th,sigb,sigqe=   10.59   10.13   13.10  0.0000E+00  0.0000E+00
  10.589 13.100  5.58    0.00    0.00    0.00    0.00    0.00    0.00  1.000
  10.130  6.482 -3.84    0.00    0.00    0.00    0.00    0.00    0.00 0.000E+00

   10.5890  10.1300  13.1000   6.4818   5.5830  0.00000E+00  0.00000E+00  0.00000E+00  0.00000E+00  0.00000E+00  0.00000E+00  0.00000E+00  0.10000E+01
 e,ep,th,sigb,sigqe=   10.59   10.14   13.10  0.0000E+00  0.0000E+00
  10.589 13.100  5.59    0.00    0.00    0.00    0.00    0.00    0.00  1.000
  10.140  6.633 -3.87    0.00    0.00    0.00    0.00    0.00    0.00 0.000E+00

   10.5890  10.1400  13.1000   6.6327   5.5885  0.00000E+00  0.00000E+00  0.00000E+00  0.00000E+00  0.00000E+00  0.00000E+00  0.00000E+00  0.10000E+01
 e,ep,th,sigb,sigqe=   10.59   10.15   13.10  0.0000E+00  0.0000E+00
  10.589 13.100  5.59    0.00    0.00    0.00    0.00    0.00    0.00  1.000
  10.150  6.790 -3.89    0.00    0.00    0.00    0.00    0.00    0.00 0.000E+00

   10.5890  10.1500  13.1000   6.7904   5.5940  0.00000E+00  0.00000E+00  0.00000E+00  0.00000E+00  0.00000E+00  0.00000E+00  0.00000E+00  0.10000E+01
 e,ep,th,sigb,sigqe=   10.59   10.16   13.10  0.0000E+00  0.0000E+00
  10.589 13.100  5.60    0.00    0.00    0.00    0.00    0.00    0.00  1.000
  10.160  6.956 -3.91    0.00    0.00    0.00    0.00    0.00    0.00 0.000E+00

   10.5890  10.1600  13.1000   6.9556   5.5996  0.00000E+00  0.00000E+00  0.00000E+00  0.00000E+00  0.00000E+00  0.00000E+00  0.00000E+00  0.10000E+01
 e,ep,th,sigb,sigqe=   10.59   10.17   13.10  0.0000E+00  0.0000E+00
  10.589 13.100  5.61    0.00    0.00    0.00    0.00    0.00    0.00  1.000
  10.170  7.129 -3.94    0.00    0.00    0.00    0.00    0.00    0.00 0.000E+00

   10.5890  10.1700  13.1000   7.1286   5.6051  0.00000E+00  0.00000E+00  0.00000E+00  0.00000E+00  0.00000E+00  0.00000E+00  0.00000E+00  0.10000E+01
 e,ep,th,sigb,sigqe=   10.59   10.18   13.10  0.0000E+00  0.0000E+00
  10.589 13.100  5.61    0.00    0.00    0.00    0.00    0.00    0.00  1.000
  10.180  7.310 -3.96    0.00    0.00    0.00    0.00    0.00    0.00 0.000E+00

   10.5890  10.1800  13.1000   7.3101   5.6106  0.00000E+00  0.00000E+00  0.00000E+00  0.00000E+00  0.00000E+00  0.00000E+00  0.00000E+00  0.10000E+01
 e,ep,th,sigb,sigqe=   10.59   10.19   13.10  0.0000E+00  0.0000E+00
  10.589 13.100  5.62    0.00    0.00    0.00    0.00    0.00    0.00  1.000
  10.190  7.501 -3.99    0.00    0.00    0.00    0.00    0.00    0.00 0.000E+00

   10.5890  10.1900  13.1000   7.5006   5.6161  0.00000E+00  0.00000E+00  0.00000E+00  0.00000E+00  0.00000E+00  0.00000E+00  0.00000E+00  0.10000E+01
 e,ep,th,sigb,sigqe=   10.59   10.20   13.10  0.0000E+00  0.0000E+00
  10.589 13.100  5.62    0.00    0.00    0.00    0.00    0.00    0.00  1.000
  10.200  7.701 -4.01    0.00    0.00    0.00    0.00    0.00    0.00 0.000E+00

   10.5890  10.2000  13.1000   7.7010   5.6216  0.00000E+00  0.00000E+00  0.00000E+00  0.00000E+00  0.00000E+00  0.00000E+00  0.00000E+00  0.10000E+01
 e,ep,th,sigb,sigqe=   10.59   10.21   13.10  0.0000E+00  0.0000E+00
  10.589 13.100  5.63    0.00    0.00    0.00    0.00    0.00    0.00  1.000
  10.210  7.912 -4.04    0.00    0.00    0.00    0.00    0.00    0.00 0.000E+00

   10.5890  10.2100  13.1000   7.9120   5.6271  0.00000E+00  0.00000E+00  0.00000E+00  0.00000E+00  0.00000E+00  0.00000E+00  0.00000E+00  0.10000E+01
 e,ep,th,sigb,sigqe=   10.59   10.22   13.10  0.0000E+00  0.0000E+00
  10.589 13.100  5.63    0.00    0.00    0.00    0.00    0.00    0.00  1.000
  10.220  8.134 -4.06    0.00    0.00    0.00    0.00    0.00    0.00 0.000E+00

   10.5890  10.2200  13.1000   8.1343   5.6326  0.00000E+00  0.00000E+00  0.00000E+00  0.00000E+00  0.00000E+00  0.00000E+00  0.00000E+00  0.10000E+01
 e,ep,th,sigb,sigqe=   10.59   10.23   13.10  0.0000E+00  0.0000E+00
  10.589 13.100  5.64    0.00    0.00    0.00    0.00    0.00    0.00  1.000
  10.230  8.369 -4.08    0.00    0.00    0.00    0.00    0.00    0.00 0.000E+00

   10.5890  10.2300  13.1000   8.3691   5.6381  0.00000E+00  0.00000E+00  0.00000E+00  0.00000E+00  0.00000E+00  0.00000E+00  0.00000E+00  0.10000E+01
 e,ep,th,sigb,sigqe=   10.59   10.24   13.10  0.0000E+00  0.0000E+00
  10.589 13.100  5.64    0.00    0.00    0.00    0.00    0.00    0.00  1.000
  10.240  8.617 -4.11    0.00    0.00    0.00    0.00    0.00    0.00 0.000E+00

   10.5890  10.2400  13.1000   8.6173   5.6436  0.00000E+00  0.00000E+00  0.00000E+00  0.00000E+00  0.00000E+00  0.00000E+00  0.00000E+00  0.10000E+01
 e,ep,th,sigb,sigqe=   10.59   10.25   13.10  0.0000E+00  0.0000E+00
  10.589 13.100  5.65    0.00    0.00    0.00    0.00    0.00    0.00  1.000
  10.250  8.880 -4.13    0.00    0.00    0.00    0.00    0.00    0.00 0.000E+00

   10.5890  10.2500  13.1000   8.8802   5.6492  0.00000E+00  0.00000E+00  0.00000E+00  0.00000E+00  0.00000E+00  0.00000E+00  0.00000E+00  0.10000E+01
 e,ep,th,sigb,sigqe=   10.59   10.26   13.10  0.0000E+00  0.0000E+00
  10.589 13.100  5.65    0.00    0.00    0.00    0.00    0.00    0.00  1.000
  10.260  9.159 -4.16    0.00    0.00    0.00    0.00    0.00    0.00 0.000E+00

   10.5890  10.2600  13.1000   9.1590   5.6547  0.00000E+00  0.00000E+00  0.00000E+00  0.00000E+00  0.00000E+00  0.00000E+00  0.00000E+00  0.10000E+01
 e,ep,th,sigb,sigqe=   10.59   10.27   13.10  0.0000E+00  0.0000E+00
  10.589 13.100  5.66    0.00    0.00    0.00    0.00    0.00    0.00  1.000
  10.270  9.455 -4.18    0.00    0.00    0.00    0.00    0.00    0.00 0.000E+00

   10.5890  10.2700  13.1000   9.4554   5.6602  0.00000E+00  0.00000E+00  0.00000E+00  0.00000E+00  0.00000E+00  0.00000E+00  0.00000E+00  0.10000E+01
 e,ep,th,sigb,sigqe=   10.59   10.28   13.10  0.0000E+00  0.0000E+00
  10.589 13.100  5.67    0.00    0.00    0.00    0.00    0.00    0.00  1.000
  10.280  9.771 -4.21    0.00    0.00    0.00    0.00    0.00    0.00 0.000E+00

   10.5890  10.2800  13.1000   9.7708   5.6657  0.00000E+00  0.00000E+00  0.00000E+00  0.00000E+00  0.00000E+00  0.00000E+00  0.00000E+00  0.10000E+01
 e,ep,th,sigb,sigqe=   10.59   10.29   13.10  0.0000E+00  0.0000E+00
  10.589 13.100  5.67    0.00    0.00    0.00    0.00    0.00    0.00  1.000
  10.290 10.107 -4.23    0.00    0.00    0.00    0.00    0.00    0.00 0.000E+00

   10.5890  10.2900  13.1000  10.1075   5.6712  0.00000E+00  0.00000E+00  0.00000E+00  0.00000E+00  0.00000E+00  0.00000E+00  0.00000E+00  0.10000E+01
 e,ep,th,sigb,sigqe=   10.59   10.30   13.10  0.0000E+00  0.0000E+00
  10.589 13.100  5.68    0.00    0.00    0.00    0.00    0.00    0.00  1.000
  10.300 10.467 -4.25    0.00    0.00    0.00    0.00    0.00    0.00 0.000E+00

   10.5890  10.3000  13.1000  10.4674   5.6767  0.00000E+00  0.00000E+00  0.00000E+00  0.00000E+00  0.00000E+00  0.00000E+00  0.00000E+00  0.10000E+01
 e,ep,th,sigb,sigqe=   10.59   10.31   13.10  0.0000E+00  0.0000E+00
  10.589 13.100  5.68    0.00    0.00    0.00    0.00    0.00    0.00  1.000
  10.310 10.853 -4.28    0.00    0.00    0.00    0.00    0.00    0.00 0.000E+00

   10.5890  10.3100  13.1000  10.8531   5.6822  0.00000E+00  0.00000E+00  0.00000E+00  0.00000E+00  0.00000E+00  0.00000E+00  0.00000E+00  0.10000E+01
 e,ep,th,sigb,sigqe=   10.59   10.32   13.10  0.0000E+00  0.0000E+00
  10.589 13.100  5.69    0.00    0.00    0.00    0.00    0.00    0.00  1.000
  10.320 11.267 -4.30    0.00    0.00    0.00    0.00    0.00    0.00 0.000E+00

   10.5890  10.3200  13.1000  11.2674   5.6877  0.00000E+00  0.00000E+00  0.00000E+00  0.00000E+00  0.00000E+00  0.00000E+00  0.00000E+00  0.10000E+01
 e,ep,th,sigb,sigqe=   10.59   10.33   13.10  0.0000E+00  0.0000E+00
  10.589 13.100  5.69    0.00    0.00    0.00    0.00    0.00    0.00  1.000
  10.330 11.714 -4.33    0.00    0.00    0.00    0.00    0.00    0.00 0.000E+00

   10.5890  10.3300  13.1000  11.7138   5.6932  0.00000E+00  0.00000E+00  0.00000E+00  0.00000E+00  0.00000E+00  0.00000E+00  0.00000E+00  0.10000E+01
 e,ep,th,sigb,sigqe=   10.59   10.34   13.10  0.0000E+00  0.0000E+00
  10.589 13.100  5.70    0.00    0.00    0.00    0.00    0.00    0.00  1.000
  10.340 12.196 -4.35    0.00    0.00    0.00    0.00    0.00    0.00 0.000E+00

   10.5890  10.3400  13.1000  12.1960   5.6988  0.00000E+00  0.00000E+00  0.00000E+00  0.00000E+00  0.00000E+00  0.00000E+00  0.00000E+00  0.10000E+01
 e,ep,th,sigb,sigqe=   10.59   10.35   13.10  0.0000E+00  0.0000E+00
  10.589 13.100  5.70    0.00    0.00    0.00    0.00    0.00    0.00  1.000
  10.350 12.719 -4.38    0.00    0.00    0.00    0.00    0.00    0.00 0.000E+00

   10.5890  10.3500  13.1000  12.7186   5.7043  0.00000E+00  0.00000E+00  0.00000E+00  0.00000E+00  0.00000E+00  0.00000E+00  0.00000E+00  0.10000E+01
 e,ep,th,sigb,sigqe=   10.59   10.36   13.10  0.0000E+00  0.0000E+00
  10.589 13.100  5.71    0.00    0.00    0.00    0.00    0.00    0.00  1.000
  10.360 13.287 -4.40    0.00    0.00    0.00    0.00    0.00    0.00 0.000E+00

   10.5890  10.3600  13.1000  13.2868   5.7098  0.00000E+00  0.00000E+00  0.00000E+00  0.00000E+00  0.00000E+00  0.00000E+00  0.00000E+00  0.10000E+01
 e,ep,th,sigb,sigqe=   10.59   10.37   13.10  0.0000E+00  0.0000E+00
  10.589 13.100  5.72    0.00    0.00    0.00    0.00    0.00    0.00  1.000
  10.370 13.907 -4.42    0.00    0.00    0.00    0.00    0.00    0.00 0.000E+00

   10.5890  10.3700  13.1000  13.9070   5.7153  0.00000E+00  0.00000E+00  0.00000E+00  0.00000E+00  0.00000E+00  0.00000E+00  0.00000E+00  0.10000E+01
 e,ep,th,sigb,sigqe=   10.59   10.38   13.10  0.0000E+00  0.0000E+00
  10.589 13.100  5.72    0.00    0.00    0.00    0.00    0.00    0.00  1.000
  10.380 14.586 -4.45    0.00    0.00    0.00    0.00    0.00    0.00 0.000E+00

   10.5890  10.3800  13.1000  14.5864   5.7208  0.00000E+00  0.00000E+00  0.00000E+00  0.00000E+00  0.00000E+00  0.00000E+00  0.00000E+00  0.10000E+01
 e,ep,th,sigb,sigqe=   10.59   10.39   13.10  0.0000E+00  0.0000E+00
  10.589 13.100  5.73    0.00    0.00    0.00    0.00    0.00    0.00  1.000
  10.390 15.334 -4.47    0.00    0.00    0.00    0.00    0.00    0.00 0.000E+00

   10.5890  10.3900  13.1000  15.3342   5.7263  0.00000E+00  0.00000E+00  0.00000E+00  0.00000E+00  0.00000E+00  0.00000E+00  0.00000E+00  0.10000E+01
 e,ep,th,sigb,sigqe=   10.59   10.40   13.10  0.0000E+00  0.0000E+00
  10.589 13.100  5.73    0.00    0.00    0.00    0.00    0.00    0.00  1.000
  10.400 16.161 -4.50    0.00    0.00    0.00    0.00    0.00    0.00 0.000E+00

   10.5890  10.4000  13.1000  16.1610   5.7318  0.00000E+00  0.00000E+00  0.00000E+00  0.00000E+00  0.00000E+00  0.00000E+00  0.00000E+00  0.10000E+01
 e,ep,th,sigb,sigqe=   10.59   10.41   13.10  0.0000E+00  0.0000E+00
  10.589 13.100  5.74    0.00    0.00    0.00    0.00    0.00    0.00  1.000
  10.410 17.080 -4.52    0.00    0.00    0.00    0.00    0.00    0.00 0.000E+00

   10.5890  10.4100  13.1000  17.0803   5.7373  0.00000E+00  0.00000E+00  0.00000E+00  0.00000E+00  0.00000E+00  0.00000E+00  0.00000E+00  0.10000E+01
 e,ep,th,sigb,sigqe=   10.59   10.42   13.10  0.0000E+00  0.0000E+00
  10.589 13.100  5.74    0.00    0.00    0.00    0.00    0.00    0.00  1.000
  10.420 18.108 -4.55    0.00    0.00    0.00    0.00    0.00    0.00 0.000E+00

   10.5890  10.4200  13.1000  18.1084   5.7428  0.00000E+00  0.00000E+00  0.00000E+00  0.00000E+00  0.00000E+00  0.00000E+00  0.00000E+00  0.10000E+01
 e,ep,th,sigb,sigqe=   10.59   10.43   13.10  0.0000E+00  0.0000E+00
  10.589 13.100  5.75    0.00    0.00    0.00    0.00    0.00    0.00  1.000
  10.430 19.266 -4.57    0.00    0.00    0.00    0.00    0.00    0.00 0.000E+00

   10.5890  10.4300  13.1000  19.2657   5.7484  0.00000E+00  0.00000E+00  0.00000E+00  0.00000E+00  0.00000E+00  0.00000E+00  0.00000E+00  0.10000E+01
 e,ep,th,sigb,sigqe=   10.59   10.44   13.10  0.0000E+00  0.0000E+00
  10.589 13.100  5.75    0.00    0.00    0.00    0.00    0.00    0.00  1.000
  10.440 20.578 -4.59    0.00    0.00    0.00    0.00    0.00    0.00 0.000E+00

   10.5890  10.4400  13.1000  20.5784   5.7539  0.00000E+00  0.00000E+00  0.00000E+00  0.00000E+00  0.00000E+00  0.00000E+00  0.00000E+00  0.10000E+01
 e,ep,th,sigb,sigqe=   10.59   10.45   13.10  0.0000E+00  0.0000E+00
  10.589 13.100  5.76    0.00    0.00    0.00    0.00    0.00    0.00  1.000
  10.450 22.080 -4.62    0.00    0.00    0.00    0.00    0.00    0.00 0.000E+00

   10.5890  10.4500  13.1000  22.0800   5.7594  0.00000E+00  0.00000E+00  0.00000E+00  0.00000E+00  0.00000E+00  0.00000E+00  0.00000E+00  0.10000E+01
 e,ep,th,sigb,sigqe=   10.59   10.46   13.10  0.0000E+00  0.0000E+00
  10.589 13.100  5.76    0.00    0.00    0.00    0.00    0.00    0.00  1.000
  10.460 23.814 -4.64    0.00    0.00    0.00    0.00    0.00    0.00 0.000E+00

   10.5890  10.4600  13.1000  23.8144   5.7649  0.00000E+00  0.00000E+00  0.00000E+00  0.00000E+00  0.00000E+00  0.00000E+00  0.00000E+00  0.10000E+01
 e,ep,th,sigb,sigqe=   10.59   10.47   13.10  0.0000E+00  0.0000E+00
  10.589 13.100  5.77    0.00    0.00    0.00    0.00    0.00    0.00  1.000
  10.470 25.840 -4.67    0.00    0.00    0.00    0.00    0.00    0.00 0.000E+00

   10.5890  10.4700  13.1000  25.8404   5.7704  0.00000E+00  0.00000E+00  0.00000E+00  0.00000E+00  0.00000E+00  0.00000E+00  0.00000E+00  0.10000E+01
 e,ep,th,sigb,sigqe=   10.59   10.48   13.10  0.0000E+00  0.0000E+00
  10.589 13.100  5.78    0.00    0.00    0.00    0.00    0.00    0.00  1.000
  10.480 28.238 -4.69    0.00    0.00    0.00    0.00    0.00    0.00 0.000E+00

   10.5890  10.4800  13.1000  28.2378   5.7759  0.00000E+00  0.00000E+00  0.00000E+00  0.00000E+00  0.00000E+00  0.00000E+00  0.00000E+00  0.10000E+01
 e,ep,th,sigb,sigqe=   10.59   10.49   13.10  0.0000E+00  0.0000E+00
  10.589 13.100  5.78    0.00    0.00    0.00    0.00    0.00    0.00  1.000
  10.490 31.120 -4.72    0.00    0.00    0.00    0.00    0.00    0.00 0.000E+00

   10.5890  10.4900  13.1000  31.1199   5.7814  0.00000E+00  0.00000E+00  0.00000E+00  0.00000E+00  0.00000E+00  0.00000E+00  0.00000E+00  0.10000E+01
 e,ep,th,sigb,sigqe=   10.59   10.50   13.10  0.0000E+00  0.0000E+00
  10.589 13.100  5.79    0.00    0.00    0.00    0.00    0.00    0.00  1.000
  10.500 34.650 -4.74    0.00    0.00    0.00    0.00    0.00    0.00 0.000E+00

   10.5890  10.5000  13.1000  34.6496   5.7869  0.00000E+00  0.00000E+00  0.00000E+00  0.00000E+00  0.00000E+00  0.00000E+00  0.00000E+00  0.10000E+01
 e,ep,th,sigb,sigqe=   10.59   10.51   13.10  0.0000E+00  0.0000E+00
  10.589 13.100  5.79    0.00    0.00    0.00    0.00    0.00    0.00  1.000
  10.510 39.073 -4.76    0.00    0.00    0.00    0.00    0.00    0.00 0.000E+00

   10.5890  10.5100  13.1000  39.0729   5.7924  0.00000E+00  0.00000E+00  0.00000E+00  0.00000E+00  0.00000E+00  0.00000E+00  0.00000E+00  0.10000E+01
 e,ep,th,sigb,sigqe=   10.59   10.52   13.10  0.0000E+00  0.0000E+00
  10.589 13.100  5.80    0.00    0.00    0.00    0.00    0.00    0.00  1.000
  10.520 44.778 -4.79    0.00    0.00    0.00    0.00    0.00    0.00 0.000E+00

   10.5890  10.5200  13.1000  44.7784   5.7980  0.00000E+00  0.00000E+00  0.00000E+00  0.00000E+00  0.00000E+00  0.00000E+00  0.00000E+00  0.10000E+01
 e,ep,th,sigb,sigqe=   10.59   10.53   13.10  0.0000E+00  0.0000E+00
  10.589 13.100  5.80    0.00    0.00    0.00    0.00    0.00    0.00  1.000
  10.530 52.417 -4.81    0.00    0.00    0.00    0.00    0.00    0.00 0.000E+00

   10.5890  10.5300  13.1000  52.4171   5.8035  0.00000E+00  0.00000E+00  0.00000E+00  0.00000E+00  0.00000E+00  0.00000E+00  0.00000E+00  0.10000E+01
 e,ep,th,sigb,sigqe=   10.59   10.54   13.10  0.0000E+00  0.0000E+00
  10.589 13.100  5.81    0.00    0.00    0.00    0.00    0.00    0.00  1.000
  10.540 63.175 -4.84    0.00    0.00    0.00    0.00    0.00    0.00 0.000E+00

   10.5890  10.5400  13.1000  63.1748   5.8090  0.00000E+00  0.00000E+00  0.00000E+00  0.00000E+00  0.00000E+00  0.00000E+00  0.00000E+00  0.10000E+01
 e,ep,th,sigb,sigqe=   10.59   10.55   13.10  0.0000E+00  0.0000E+00
  10.589 13.100  5.81    0.00    0.00    0.00    0.00    0.00    0.00  1.000
  10.550 79.449 -4.86    0.00    0.00    0.00    0.00    0.00    0.00 0.000E+00

   10.5890  10.5500  13.1000  79.4493   5.8145  0.00000E+00  0.00000E+00  0.00000E+00  0.00000E+00  0.00000E+00  0.00000E+00  0.00000E+00  0.10000E+01
 e,ep,th,sigb,sigqe=   10.59   10.56   13.10  0.0000E+00  0.0000E+00
  10.589 13.100  5.82    0.00    0.00    0.00    0.00    0.00    0.00  1.000
  10.560106.948 -4.89    0.00    0.00    0.00    0.00    0.00    0.00 0.000E+00

   10.5890  10.5600  13.1000 106.9481   5.8200  0.00000E+00  0.00000E+00  0.00000E+00  0.00000E+00  0.00000E+00  0.00000E+00  0.00000E+00  0.10000E+01
 e,ep,th,sigb,sigqe=   10.59   10.57   13.10  0.0000E+00  0.0000E+00
  10.589 13.100  5.83    0.00    0.00    0.00    0.00    0.00    0.00  1.000
  10.570163.387 -4.91    0.00    0.00    0.00    0.00    0.00    0.00 0.000E+00

   10.5890  10.5700  13.1000 163.3869   5.8255  0.00000E+00  0.00000E+00  0.00000E+00  0.00000E+00  0.00000E+00  0.00000E+00  0.00000E+00  0.10000E+01
 e,ep,th,sigb,sigqe=   10.59   10.58   13.10  0.0000E+00  0.0000E+00
  10.589 13.100  5.83    0.00    0.00    0.00    0.00    0.00    0.00  1.000
  10.580345.262 -4.93    0.00    0.00    0.00    0.00    0.00    0.00 0.000E+00

   10.5890  10.5800  13.1000 345.2620   5.8310  0.00000E+00  0.00000E+00  0.00000E+00  0.00000E+00  0.00000E+00  0.00000E+00  0.00000E+00  0.10000E+01
