 Enter the input file name (in INP directory)
 filename=INP/13p1degcarbon2019.inp                                            
input files for EXTERNAL: runplan/target/output                         
RUNPLAN/10.6gev_13p1deg.inp                                                     
TARG/targ.C15_2017                                                              
OUT/10.6gev_13p1deg_C15_details.out                                             
 got here
 Reading parameters for Ioana's model
 Pauli suppression factors
  1.00 0.05 1.00 0.63 1.00 0.61 0.83 0.68 0.63 1.00 0.61 0.83
 Pauli suppression factors
  1.00 0.10 1.00 0.83 1.00 0.79 0.92 0.84 0.83 1.00 0.79 0.92
 Pauli suppression factors
  1.00 0.15 1.00 0.94 1.00 0.87 0.96 0.91 0.94 1.00 0.87 0.96
 Pauli suppression factors
  1.00 0.20 1.00 0.99 1.00 0.89 0.97 0.94 0.99 1.00 0.89 0.97
 Pauli suppression factors
  1.00 0.25 1.00 1.00 1.00 1.00 0.98 0.96 1.00 1.00 1.00 0.98
 Pauli suppression factors
  2.00 0.05 1.00 0.63 1.00 0.62 0.83 0.68 0.63 1.00 0.62 0.83
 Pauli suppression factors
  2.00 0.10 1.00 0.83 1.00 0.80 0.92 0.84 0.83 1.00 0.80 0.92
 Pauli suppression factors
  2.00 0.15 1.00 0.94 1.00 0.90 0.96 0.91 0.94 1.00 0.90 0.96
 Pauli suppression factors
  2.00 0.20 1.00 0.99 1.00 0.94 0.97 0.94 0.99 1.00 0.94 0.97
 Pauli suppression factors
  2.00 0.25 1.00 1.00 1.00 1.00 0.98 0.96 1.00 1.00 1.00 0.98
 Pauli suppression factors
  3.00 0.05 1.00 0.63 1.00 0.62 0.83 0.68 0.63 1.00 0.62 0.83
 Pauli suppression factors
  3.00 0.10 1.00 0.83 1.00 0.81 0.92 0.84 0.83 1.00 0.81 0.92
 Pauli suppression factors
  3.00 0.15 1.00 0.94 1.00 0.91 0.96 0.91 0.94 1.00 0.91 0.96
 Pauli suppression factors
  3.00 0.20 1.00 0.99 1.00 0.95 0.97 0.94 0.99 1.00 0.95 0.97
 Pauli suppression factors
  3.00 0.25 1.00 1.00 1.00 1.00 0.98 0.96 1.00 1.00 1.00 0.98
 Pauli suppression factors
  4.00 0.05 1.00 0.63 1.00 0.62 0.83 0.68 0.63 1.00 0.62 0.83
 Pauli suppression factors
  4.00 0.10 1.00 0.83 1.00 0.81 0.92 0.84 0.83 1.00 0.81 0.92
 Pauli suppression factors
  4.00 0.15 1.00 0.94 1.00 0.91 0.96 0.91 0.94 1.00 0.91 0.96
 Pauli suppression factors
  4.00 0.20 1.00 0.99 1.00 0.96 0.97 0.94 0.99 1.00 0.96 0.97
 Pauli suppression factors
  4.00 0.25 1.00 1.00 1.00 1.00 0.98 0.96 1.00 1.00 1.00 0.98
 Pauli suppression factors
  5.00 0.05 1.00 0.63 1.00 0.62 0.83 0.68 0.63 1.00 0.62 0.83
 Pauli suppression factors
  5.00 0.10 1.00 0.83 1.00 0.81 0.92 0.84 0.83 1.00 0.81 0.92
 Pauli suppression factors
  5.00 0.15 1.00 0.94 1.00 0.92 0.96 0.91 0.94 1.00 0.92 0.96
 Pauli suppression factors
  5.00 0.20 1.00 0.99 1.00 0.97 0.97 0.94 0.99 1.00 0.97 0.97
 Pauli suppression factors
  5.00 0.25 1.00 1.00 1.00 1.00 0.98 0.96 1.00 1.00 1.00 0.98
 e,ep,th,sigb,sigqe=   10.59    8.33   13.10  0.0000E+00  0.2552E+01
  10.589 13.100  4.59    0.00    0.00 -100.00   83.01    0.00  -16.99  1.000
   8.330  1.083  0.53    0.00    0.00 -100.00   74.80    0.00  -25.20 2.552E+00

   10.5890   8.3300  13.1000   1.0830   4.5910  0.25406E+01  0.00000E+00  0.25406E+01  0.19093E+01  0.26102E-12  0.19093E+01  0.00000E+00  0.10047E+01
 e,ep,th,sigb,sigqe=   10.59    8.34   13.10  0.0000E+00  0.2491E+01
  10.589 13.100  4.60    0.00    0.00 -100.00   82.80    0.00  -17.20  1.000
   8.340  1.089  0.50    0.00    0.00 -100.00   74.54    0.00  -25.46 2.491E+00

   10.5890   8.3400  13.1000   1.0891   4.5965  0.24792E+01  0.00000E+00  0.24792E+01  0.18568E+01  0.20584E-12  0.18568E+01  0.00000E+00  0.10048E+01
 e,ep,th,sigb,sigqe=   10.59    8.35   13.10  0.0000E+00  0.2428E+01
  10.589 13.100  4.60    0.00    0.00 -100.00   82.60    0.00  -17.40  1.000
   8.350  1.095  0.48    0.00    0.00 -100.00   74.29    0.00  -25.71 2.428E+00

   10.5890   8.3500  13.1000   1.0953   4.6020  0.24155E+01  0.00000E+00  0.24155E+01  0.18034E+01  0.16191E-12  0.18034E+01  0.00000E+00  0.10050E+01
 e,ep,th,sigb,sigqe=   10.59    8.36   13.10  0.0000E+00  0.2362E+01
  10.589 13.100  4.61    0.00    0.00 -100.00   82.41    0.00  -17.59  1.000
   8.360  1.102  0.46    0.00    0.00 -100.00   74.05    0.00  -25.95 2.362E+00

   10.5890   8.3600  13.1000   1.1015   4.6075  0.23499E+01  0.00000E+00  0.23499E+01  0.17490E+01  0.12703E-12  0.17490E+01  0.00000E+00  0.10052E+01
 e,ep,th,sigb,sigqe=   10.59    8.37   13.10  0.0000E+00  0.2295E+01
  10.589 13.100  4.61    0.00    0.00 -100.00   82.22    0.00  -17.78  1.000
   8.370  1.108  0.43    0.00    0.00 -100.00   73.81    0.00  -26.19 2.295E+00

   10.5890   8.3700  13.1000   1.1078   4.6130  0.22829E+01  0.00000E+00  0.22829E+01  0.16940E+01  0.99412E-13  0.16940E+01  0.00000E+00  0.10053E+01
 e,ep,th,sigb,sigqe=   10.59    8.38   13.10  0.0000E+00  0.2227E+01
  10.589 13.100  4.62    0.00    0.00 -100.00   82.03    0.00  -17.97  1.000
   8.380  1.114  0.41    0.00    0.00 -100.00   73.58    0.00  -26.42 2.227E+00

   10.5890   8.3800  13.1000   1.1142   4.6185  0.22147E+01  0.00000E+00  0.22147E+01  0.16386E+01  0.77593E-13  0.16386E+01  0.00000E+00  0.10055E+01
 e,ep,th,sigb,sigqe=   10.59    8.39   13.10  0.0000E+00  0.2158E+01
  10.589 13.100  4.62    0.00    0.00 -100.00   81.85    0.00  -18.15  1.000
   8.390  1.121  0.38    0.00    0.00 -100.00   73.36    0.00  -26.64 2.158E+00

   10.5890   8.3900  13.1000   1.1206   4.6240  0.21458E+01  0.00000E+00  0.21458E+01  0.15830E+01  0.60403E-13  0.15830E+01  0.00000E+00  0.10056E+01
 e,ep,th,sigb,sigqe=   10.59    8.40   13.10  0.0000E+00  0.2088E+01
  10.589 13.100  4.63    0.00    0.00 -100.00   81.68    0.00  -18.32  1.000
   8.400  1.127  0.36    0.00    0.00 -100.00   73.14    0.00  -26.86 2.088E+00

   10.5890   8.4000  13.1000   1.1270   4.6296  0.20766E+01  0.00000E+00  0.20766E+01  0.15275E+01  0.46897E-13  0.15275E+01  0.00000E+00  0.10057E+01
 e,ep,th,sigb,sigqe=   10.59    8.41   13.10  0.0000E+00  0.2019E+01
  10.589 13.100  4.64    0.00    0.00 -100.00   81.50    0.00  -18.50  1.000
   8.410  1.134  0.33    0.00    0.00 -100.00   72.92    0.00  -27.08 2.019E+00

   10.5890   8.4100  13.1000   1.1335   4.6351  0.20073E+01  0.00000E+00  0.20073E+01  0.14723E+01  0.36312E-13  0.14723E+01  0.00000E+00  0.10058E+01
 e,ep,th,sigb,sigqe=   10.59    8.42   13.10  0.0000E+00  0.1950E+01
  10.589 13.100  4.64    0.00    0.00 -100.00   81.33    0.00  -18.67  1.000
   8.420  1.140  0.31    0.00    0.00 -100.00   72.71    0.00  -27.29 1.950E+00

   10.5890   8.4200  13.1000   1.1401   4.6406  0.19384E+01  0.00000E+00  0.19384E+01  0.14177E+01  0.28040E-13  0.14177E+01  0.00000E+00  0.10059E+01
 e,ep,th,sigb,sigqe=   10.59    8.43   13.10  0.0000E+00  0.1881E+01
  10.589 13.100  4.65    0.00    0.00 -100.00   81.15    0.00  -18.85  1.000
   8.430  1.147  0.29    0.00    0.00 -100.00   72.49    0.00  -27.51 1.881E+00

   10.5890   8.4300  13.1000   1.1468   4.6461  0.18700E+01  0.00000E+00  0.18700E+01  0.13637E+01  0.21592E-13  0.13637E+01  0.00000E+00  0.10060E+01
 e,ep,th,sigb,sigqe=   10.59    8.44   13.10  0.0000E+00  0.1814E+01
  10.589 13.100  4.65    0.00    0.00 -100.00   80.97    0.00  -19.03  1.000
   8.440  1.153  0.26    0.00    0.00 -100.00   72.26    0.00  -27.74 1.814E+00

   10.5890   8.4400  13.1000   1.1535   4.6516  0.18026E+01  0.00000E+00  0.18026E+01  0.13105E+01  0.16581E-13  0.13105E+01  0.00000E+00  0.10061E+01
 e,ep,th,sigb,sigqe=   10.59    8.45   13.10  0.0000E+00  0.1747E+01
  10.589 13.100  4.66    0.00    0.00 -100.00   80.78    0.00  -19.22  1.000
   8.450  1.160  0.24    0.00    0.00 -100.00   72.03    0.00  -27.97 1.747E+00

   10.5890   8.4500  13.1000   1.1602   4.6571  0.17363E+01  0.00000E+00  0.17363E+01  0.12583E+01  0.12697E-13  0.12583E+01  0.00000E+00  0.10061E+01
 e,ep,th,sigb,sigqe=   10.59    8.46   13.10  0.0000E+00  0.1682E+01
  10.589 13.100  4.66    0.00    0.00 -100.00   80.58    0.00  -19.42  1.000
   8.460  1.167  0.21    0.00    0.00 -100.00   71.78    0.00  -28.22 1.682E+00

   10.5890   8.4600  13.1000   1.1671   4.6626  0.16713E+01  0.00000E+00  0.16713E+01  0.12071E+01  0.96946E-14  0.12071E+01  0.00000E+00  0.10062E+01
 e,ep,th,sigb,sigqe=   10.59    8.47   13.10  0.0000E+00  0.1618E+01
  10.589 13.100  4.67    0.00    0.00 -100.00   80.37    0.00  -19.63  1.000
   8.470  1.174  0.19    0.00    0.00 -100.00   71.51    0.00  -28.49 1.618E+00

   10.5890   8.4700  13.1000   1.1740   4.6681  0.16079E+01  0.00000E+00  0.16079E+01  0.11571E+01  0.73810E-14  0.11571E+01  0.00000E+00  0.10062E+01
 e,ep,th,sigb,sigqe=   10.59    8.48   13.10  0.0000E+00  0.1556E+01
  10.589 13.100  4.67    0.00    0.00 -100.00   80.14    0.00  -19.86  1.000
   8.480  1.181  0.16    0.00    0.00 -100.00   71.22    0.00  -28.78 1.556E+00

   10.5890   8.4800  13.1000   1.1809   4.6736  0.15462E+01  0.00000E+00  0.15462E+01  0.11081E+01  0.56033E-14  0.11081E+01  0.00000E+00  0.10063E+01
 e,ep,th,sigb,sigqe=   10.59    8.49   13.10  0.0000E+00  0.1496E+01
  10.589 13.100  4.68    0.00    0.00 -100.00   79.88    0.00  -20.12  1.000
   8.490  1.188  0.14    0.00    0.00 -100.00   70.90    0.00  -29.10 1.496E+00

   10.5890   8.4900  13.1000   1.1879   4.6792  0.14863E+01  0.00000E+00  0.14863E+01  0.10603E+01  0.42411E-14  0.10603E+01  0.00000E+00  0.10063E+01
 e,ep,th,sigb,sigqe=   10.59    8.50   13.10  0.0000E+00  0.1437E+01
  10.589 13.100  4.68    0.00    0.00 -100.00   79.58    0.00  -20.42  1.000
   8.500  1.195  0.12    0.00    0.00 -100.00   70.52    0.00  -29.48 1.437E+00

   10.5890   8.5000  13.1000   1.1950   4.6847  0.14283E+01  0.00000E+00  0.14283E+01  0.10136E+01  0.32005E-14  0.10136E+01  0.00000E+00  0.10063E+01
 e,ep,th,sigb,sigqe=   10.59    8.51   13.10  0.0000E+00  0.1381E+01
  10.589 13.100  4.69    0.00    0.00 -100.00   79.22    0.00  -20.78  1.000
   8.510  1.202  0.09    0.00    0.00 -100.00   70.07    0.00  -29.93 1.381E+00

   10.5890   8.5100  13.1000   1.2022   4.6902  0.13723E+01  0.00000E+00  0.13723E+01  0.96765E+00  0.24079E-14  0.96765E+00  0.00000E+00  0.10063E+01
 e,ep,th,sigb,sigqe=   10.59    8.52   13.10  0.0000E+00  0.1327E+01
  10.589 13.100  4.70    0.00    0.00 -100.00   78.76    0.00  -21.24  1.000
   8.520  1.209  0.07    0.00    0.00 -100.00   69.51    0.00  -30.49 1.327E+00

   10.5890   8.5200  13.1000   1.2094   4.6957  0.13183E+01  0.00000E+00  0.13183E+01  0.92215E+00  0.18061E-14  0.92215E+00  0.00000E+00  0.10063E+01
 e,ep,th,sigb,sigqe=   10.59    8.53   13.10  0.0000E+00  0.1274E+01
  10.589 13.100  4.70    0.00    0.00 -100.00   78.14    0.00  -21.86  1.000
   8.530  1.217  0.04    0.00    0.00 -100.00   68.74    0.00  -31.26 1.274E+00

   10.5890   8.5300  13.1000   1.2167   4.7012  0.12664E+01  0.00000E+00  0.12664E+01  0.87607E+00  0.13505E-14  0.87607E+00  0.00000E+00  0.10063E+01
 e,ep,th,sigb,sigqe=   10.59    8.54   13.10  0.0000E+00  0.1224E+01
  10.589 13.100  4.71    0.00    0.00 -100.00   77.45    0.00  -22.55  1.000
   8.540  1.224  0.02    0.00    0.00 -100.00   67.89    0.00  -32.11 1.224E+00

   10.5890   8.5400  13.1000   1.2241   4.7067  0.12166E+01  0.00000E+00  0.12166E+01  0.83110E+00  0.10067E-14  0.83110E+00  0.00000E+00  0.10063E+01
 e,ep,th,sigb,sigqe=   10.59    8.55   13.10  0.0000E+00  0.9419E+00
  10.589 13.100  4.71    0.00    0.00 -100.00   79.49    0.00  -20.51  1.000
   8.550  1.232 -0.01    0.00    0.00 -100.00   70.49    0.00  -29.51 9.419E-01

   10.5890   8.5500  13.1000   1.2315   4.7122  0.93398E+00  0.00000E+00  0.93398E+00  0.66392E+00  0.74802E-15  0.66392E+00  0.00000E+00  0.10085E+01
 e,ep,th,sigb,sigqe=   10.59    8.56   13.10  0.0000E+00  0.8860E+00
  10.589 13.100  4.72    0.00    0.00 -100.00   79.43    0.00  -20.57  1.000
   8.560  1.239 -0.03    0.00    0.00 -100.00   70.42    0.00  -29.58 8.860E-01

   10.5890   8.5600  13.1000   1.2391   4.7177  0.87853E+00  0.00000E+00  0.87853E+00  0.62398E+00  0.55404E-15  0.62398E+00  0.00000E+00  0.10085E+01
 e,ep,th,sigb,sigqe=   10.59    8.57   13.10  0.0000E+00  0.8329E+00
  10.589 13.100  4.72    0.00    0.00 -100.00   79.38    0.00  -20.62  1.000
   8.570  1.247 -0.05    0.00    0.00 -100.00   70.36    0.00  -29.64 8.329E-01

   10.5890   8.5700  13.1000   1.2466   4.7232  0.82577E+00  0.00000E+00  0.82577E+00  0.58605E+00  0.40906E-15  0.58605E+00  0.00000E+00  0.10086E+01
 e,ep,th,sigb,sigqe=   10.59    8.58   13.10  0.0000E+00  0.7824E+00
  10.589 13.100  4.73    0.00    0.00 -100.00   79.34    0.00  -20.66  1.000
   8.580  1.254 -0.08    0.00    0.00 -100.00   70.31    0.00  -29.69 7.824E-01

   10.5890   8.5800  13.1000   1.2543   4.7288  0.77565E+00  0.00000E+00  0.77565E+00  0.55008E+00  0.30102E-15  0.55008E+00  0.00000E+00  0.10086E+01
 e,ep,th,sigb,sigqe=   10.59    8.59   13.10  0.0000E+00  0.7344E+00
  10.589 13.100  4.73    0.00    0.00 -100.00   79.30    0.00  -20.70  1.000
   8.590  1.262 -0.10    0.00    0.00 -100.00   70.26    0.00  -29.74 7.344E-01

   10.5890   8.5900  13.1000   1.2621   4.7343  0.72813E+00  0.00000E+00  0.72813E+00  0.51604E+00  0.22078E-15  0.51604E+00  0.00000E+00  0.10087E+01
 e,ep,th,sigb,sigqe=   10.59    8.60   13.10  0.0000E+00  0.6891E+00
  10.589 13.100  4.74    0.00    0.00 -100.00   79.26    0.00  -20.74  1.000
   8.600  1.270 -0.13    0.00    0.00 -100.00   70.22    0.00  -29.78 6.891E-01

   10.5890   8.6000  13.1000   1.2699   4.7398  0.68312E+00  0.00000E+00  0.68312E+00  0.48385E+00  0.16139E-15  0.48385E+00  0.00000E+00  0.10087E+01
 e,ep,th,sigb,sigqe=   10.59    8.61   13.10  0.0000E+00  0.6462E+00
  10.589 13.100  4.75    0.00    0.00 -100.00   79.23    0.00  -20.77  1.000
   8.610  1.278 -0.15    0.00    0.00 -100.00   70.18    0.00  -29.82 6.462E-01

   10.5890   8.6100  13.1000   1.2778   4.7453  0.64058E+00  0.00000E+00  0.64058E+00  0.45347E+00  0.11758E-15  0.45347E+00  0.00000E+00  0.10088E+01
 e,ep,th,sigb,sigqe=   10.59    8.62   13.10  0.0000E+00  0.6057E+00
  10.589 13.100  4.75    0.00    0.00 -100.00   79.20    0.00  -20.80  1.000
   8.620  1.286 -0.18    0.00    0.00 -100.00   70.14    0.00  -29.86 6.057E-01

   10.5890   8.6200  13.1000   1.2858   4.7508  0.60040E+00  0.00000E+00  0.60040E+00  0.42480E+00  0.85367E-16  0.42480E+00  0.00000E+00  0.10088E+01
 e,ep,th,sigb,sigqe=   10.59    8.63   13.10  0.0000E+00  0.5675E+00
  10.589 13.100  4.76    0.00    0.00 -100.00   79.17    0.00  -20.83  1.000
   8.630  1.294 -0.20    0.00    0.00 -100.00   70.10    0.00  -29.90 5.675E-01

   10.5890   8.6300  13.1000   1.2938   4.7563  0.56251E+00  0.00000E+00  0.56251E+00  0.39780E+00  0.61765E-16  0.39780E+00  0.00000E+00  0.10088E+01
 e,ep,th,sigb,sigqe=   10.59    8.64   13.10  0.0000E+00  0.5314E+00
  10.589 13.100  4.76    0.00    0.00 -100.00   79.14    0.00  -20.86  1.000
   8.640  1.302 -0.22    0.00    0.00 -100.00   70.07    0.00  -29.93 5.314E-01

   10.5890   8.6400  13.1000   1.3020   4.7618  0.52680E+00  0.00000E+00  0.52680E+00  0.37239E+00  0.44532E-16  0.37239E+00  0.00000E+00  0.10088E+01
 e,ep,th,sigb,sigqe=   10.59    8.65   13.10  0.0000E+00  0.4976E+00
  10.589 13.100  4.77    0.00    0.00 -100.00   79.12    0.00  -20.88  1.000
   8.650  1.310 -0.25    0.00    0.00 -100.00   70.04    0.00  -29.96 4.976E-01

   10.5890   8.6500  13.1000   1.3102   4.7673  0.49320E+00  0.00000E+00  0.49320E+00  0.34849E+00  0.31995E-16  0.34849E+00  0.00000E+00  0.10088E+01
 e,ep,th,sigb,sigqe=   10.59    8.66   13.10  0.0000E+00  0.4657E+00
  10.589 13.100  4.77    0.00    0.00 -100.00   79.10    0.00  -20.90  1.000
   8.660  1.319 -0.27    0.00    0.00 -100.00   70.01    0.00  -29.99 4.657E-01

   10.5890   8.6600  13.1000   1.3185   4.7728  0.46159E+00  0.00000E+00  0.46159E+00  0.32604E+00  0.22904E-16  0.32604E+00  0.00000E+00  0.10088E+01
 e,ep,th,sigb,sigqe=   10.59    8.67   13.10  0.0000E+00  0.4357E+00
  10.589 13.100  4.78    0.00    0.00 -100.00   79.08    0.00  -20.92  1.000
   8.670  1.327 -0.30    0.00    0.00 -100.00   69.99    0.00  -30.01 4.357E-01

   10.5890   8.6700  13.1000   1.3269   4.7784  0.43190E+00  0.00000E+00  0.43190E+00  0.30496E+00  0.16337E-16  0.30496E+00  0.00000E+00  0.10088E+01
 e,ep,th,sigb,sigqe=   10.59    8.68   13.10  0.0000E+00  0.4076E+00
  10.589 13.100  4.78    0.00    0.00 -100.00   79.06    0.00  -20.94  1.000
   8.680  1.335 -0.32    0.00    0.00 -100.00   69.97    0.00  -30.03 4.076E-01

   10.5890   8.6800  13.1000   1.3354   4.7839  0.40401E+00  0.00000E+00  0.40401E+00  0.28518E+00  0.11611E-16  0.28518E+00  0.00000E+00  0.10088E+01
 e,ep,th,sigb,sigqe=   10.59    8.69   13.10  0.0000E+00  0.3812E+00
  10.589 13.100  4.79    0.00    0.00 -100.00   79.04    0.00  -20.96  1.000
   8.690  1.344 -0.35    0.00    0.00 -100.00   69.95    0.00  -30.05 3.812E-01

   10.5890   8.6900  13.1000   1.3440   4.7894  0.37784E+00  0.00000E+00  0.37784E+00  0.26663E+00  0.82211E-17  0.26663E+00  0.00000E+00  0.10088E+01
 e,ep,th,sigb,sigqe=   10.59    8.70   13.10  0.0000E+00  0.3564E+00
  10.589 13.100  4.79    0.00    0.00 -100.00   79.03    0.00  -20.97  1.000
   8.700  1.353 -0.37    0.00    0.00 -100.00   69.93    0.00  -30.07 3.564E-01

   10.5890   8.7000  13.1000   1.3526   4.7949  0.35330E+00  0.00000E+00  0.35330E+00  0.24925E+00  0.57991E-17  0.24925E+00  0.00000E+00  0.10088E+01
 e,ep,th,sigb,sigqe=   10.59    8.71   13.10  0.0000E+00  0.3332E+00
  10.589 13.100  4.80    0.00    0.00 -100.00   79.01    0.00  -20.99  1.000
   8.710  1.361 -0.39    0.00    0.00 -100.00   69.91    0.00  -30.09 3.332E-01

   10.5890   8.7100  13.1000   1.3614   4.8004  0.33030E+00  0.00000E+00  0.33030E+00  0.23297E+00  0.40752E-17  0.23297E+00  0.00000E+00  0.10088E+01
 e,ep,th,sigb,sigqe=   10.59    8.72   13.10  0.0000E+00  0.3115E+00
  10.589 13.100  4.81    0.00    0.00 -100.00   79.00    0.00  -21.00  1.000
   8.720  1.370 -0.42    0.00    0.00 -100.00   69.90    0.00  -30.10 3.115E-01

   10.5890   8.7200  13.1000   1.3703   4.8059  0.30875E+00  0.00000E+00  0.30875E+00  0.21772E+00  0.28528E-17  0.21772E+00  0.00000E+00  0.10088E+01
 e,ep,th,sigb,sigqe=   10.59    8.73   13.10  0.0000E+00  0.2911E+00
  10.589 13.100  4.81    0.00    0.00 -100.00   78.99    0.00  -21.01  1.000
   8.730  1.379 -0.44    0.00    0.00 -100.00   69.88    0.00  -30.12 2.911E-01

   10.5890   8.7300  13.1000   1.3792   4.8114  0.28858E+00  0.00000E+00  0.28858E+00  0.20345E+00  0.19894E-17  0.20345E+00  0.00000E+00  0.10088E+01
 e,ep,th,sigb,sigqe=   10.59    8.74   13.10  0.0000E+00  0.2721E+00
  10.589 13.100  4.82    0.00    0.00 -100.00   78.98    0.00  -21.02  1.000
   8.740  1.388 -0.47    0.00    0.00 -100.00   69.87    0.00  -30.13 2.721E-01

   10.5890   8.7400  13.1000   1.3883   4.8169  0.26969E+00  0.00000E+00  0.26969E+00  0.19009E+00  0.13818E-17  0.19009E+00  0.00000E+00  0.10088E+01
 e,ep,th,sigb,sigqe=   10.59    8.75   13.10  0.0000E+00  0.2542E+00
  10.589 13.100  4.82    0.00    0.00 -100.00   78.97    0.00  -21.03  1.000
   8.750  1.397 -0.49    0.00    0.00 -100.00   69.86    0.00  -30.14 2.542E-01

   10.5890   8.7500  13.1000   1.3974   4.8224  0.25202E+00  0.00000E+00  0.25202E+00  0.17760E+00  0.95599E-18  0.17760E+00  0.00000E+00  0.10088E+01
 e,ep,th,sigb,sigqe=   10.59    8.76   13.10  0.0000E+00  0.2375E+00
  10.589 13.100  4.83    0.00    0.00 -100.00   78.96    0.00  -21.04  1.000
   8.760  1.407 -0.52    0.00    0.00 -100.00   69.85    0.00  -30.15 2.375E-01

   10.5890   8.7600  13.1000   1.4067   4.8280  0.23548E+00  0.00000E+00  0.23548E+00  0.16592E+00  0.65874E-18  0.16592E+00  0.00000E+00  0.10088E+01
 e,ep,th,sigb,sigqe=   10.59    8.77   13.10  0.0000E+00  0.2219E+00
  10.589 13.100  4.83    0.00    0.00 -100.00   78.95    0.00  -21.05  1.000
   8.770  1.416 -0.54    0.00    0.00 -100.00   69.84    0.00  -30.16 2.219E-01

   10.5890   8.7700  13.1000   1.4160   4.8335  0.22002E+00  0.00000E+00  0.22002E+00  0.15500E+00  0.45208E-18  0.15500E+00  0.00000E+00  0.10088E+01
 e,ep,th,sigb,sigqe=   10.59    8.78   13.10  0.0000E+00  0.2074E+00
  10.589 13.100  4.84    0.00    0.00 -100.00   78.94    0.00  -21.06  1.000
   8.780  1.425 -0.56    0.00    0.00 -100.00   69.83    0.00  -30.17 2.074E-01

   10.5890   8.7800  13.1000   1.4255   4.8390  0.20557E+00  0.00000E+00  0.20557E+00  0.14480E+00  0.30899E-18  0.14480E+00  0.00000E+00  0.10087E+01
 e,ep,th,sigb,sigqe=   10.59    8.79   13.10  0.0000E+00  0.1937E+00
  10.589 13.100  4.84    0.00    0.00 -100.00   78.94    0.00  -21.06  1.000
   8.790  1.435 -0.59    0.00    0.00 -100.00   69.82    0.00  -30.18 1.937E-01

   10.5890   8.7900  13.1000   1.4350   4.8445  0.19205E+00  0.00000E+00  0.19205E+00  0.13526E+00  0.21031E-18  0.13526E+00  0.00000E+00  0.10087E+01
 e,ep,th,sigb,sigqe=   10.59    8.80   13.10  0.0000E+00  0.1810E+00
  10.589 13.100  4.85    0.00    0.00 -100.00   78.93    0.00  -21.07  1.000
   8.800  1.445 -0.61    0.00    0.00 -100.00   69.81    0.00  -30.19 1.810E-01

   10.5890   8.8000  13.1000   1.4447   4.8500  0.17942E+00  0.00000E+00  0.17942E+00  0.12635E+00  0.14254E-18  0.12635E+00  0.00000E+00  0.10087E+01
 e,ep,th,sigb,sigqe=   10.59    8.81   13.10  0.0000E+00  0.1691E+00
  10.589 13.100  4.86    0.00    0.00 -100.00   78.93    0.00  -21.07  1.000
   8.810  1.454 -0.64    0.00    0.00 -100.00   69.81    0.00  -30.19 1.691E-01

   10.5890   8.8100  13.1000   1.4544   4.8555  0.16762E+00  0.00000E+00  0.16762E+00  0.11803E+00  0.96201E-19  0.11803E+00  0.00000E+00  0.10087E+01
 e,ep,th,sigb,sigqe=   10.59    8.82   13.10  0.0000E+00  0.1580E+00
  10.589 13.100  4.86    0.00    0.00 -100.00   78.92    0.00  -21.08  1.000
   8.820  1.464 -0.66    0.00    0.00 -100.00   69.80    0.00  -30.20 1.580E-01

   10.5890   8.8200  13.1000   1.4643   4.8610  0.15660E+00  0.00000E+00  0.15660E+00  0.11025E+00  0.64650E-19  0.11025E+00  0.00000E+00  0.10087E+01
 e,ep,th,sigb,sigqe=   10.59    8.83   13.10  0.0000E+00  0.1476E+00
  10.589 13.100  4.87    0.00    0.00 -100.00   78.91    0.00  -21.09  1.000
   8.830  1.474 -0.69    0.00    0.00 -100.00   69.79    0.00  -30.21 1.476E-01

   10.5890   8.8300  13.1000   1.4743   4.8665  0.14630E+00  0.00000E+00  0.14630E+00  0.10298E+00  0.43256E-19  0.10298E+00  0.00000E+00  0.10086E+01
 e,ep,th,sigb,sigqe=   10.59    8.84   13.10  0.0000E+00  0.1379E+00
  10.589 13.100  4.87    0.00    0.00 -100.00   78.91    0.00  -21.09  1.000
   8.840  1.484 -0.71    0.00    0.00 -100.00   69.79    0.00  -30.21 1.379E-01

   10.5890   8.8400  13.1000   1.4844   4.8721  0.13667E+00  0.00000E+00  0.13667E+00  0.96201E-01  0.28815E-19  0.96201E-01  0.00000E+00  0.10086E+01
 e,ep,th,sigb,sigqe=   10.59    8.85   13.10  0.0000E+00  0.1288E+00
  10.589 13.100  4.88    0.00    0.00 -100.00   78.91    0.00  -21.09  1.000
   8.850  1.495 -0.73    0.00    0.00 -100.00   69.78    0.00  -30.22 1.288E-01

   10.5890   8.8500  13.1000   1.4947   4.8776  0.12769E+00  0.00000E+00  0.12769E+00  0.89865E-01  0.19110E-19  0.89865E-01  0.00000E+00  0.10086E+01
 e,ep,th,sigb,sigqe=   10.59    8.86   13.10  0.0000E+00  0.1203E+00
  10.589 13.100  4.88    0.00    0.00 -100.00   78.90    0.00  -21.10  1.000
   8.860  1.505 -0.76    0.00    0.00 -100.00   69.78    0.00  -30.22 1.203E-01

   10.5890   8.8600  13.1000   1.5050   4.8831  0.11929E+00  0.00000E+00  0.11929E+00  0.83950E-01  0.12617E-19  0.83950E-01  0.00000E+00  0.10086E+01
 e,ep,th,sigb,sigqe=   10.59    8.87   13.10  0.0000E+00  0.1124E+00
  10.589 13.100  4.89    0.00    0.00 -100.00   78.90    0.00  -21.10  1.000
   8.870  1.515 -0.78    0.00    0.00 -100.00   69.77    0.00  -30.23 1.124E-01

   10.5890   8.8700  13.1000   1.5155   4.8886  0.11145E+00  0.00000E+00  0.11145E+00  0.78425E-01  0.82922E-20  0.78425E-01  0.00000E+00  0.10085E+01
 e,ep,th,sigb,sigqe=   10.59    8.88   13.10  0.0000E+00  0.1050E+00
  10.589 13.100  4.89    0.00    0.00 -100.00   78.89    0.00  -21.11  1.000
   8.880  1.526 -0.81    0.00    0.00 -100.00   69.77    0.00  -30.23 1.050E-01

   10.5890   8.8800  13.1000   1.5260   4.8941  0.10413E+00  0.00000E+00  0.10413E+00  0.73266E-01  0.54248E-20  0.73266E-01  0.00000E+00  0.10085E+01
 e,ep,th,sigb,sigqe=   10.59    8.89   13.10  0.0000E+00  0.9812E-01
  10.589 13.100  4.90    0.00    0.00 -100.00   78.89    0.00  -21.11  1.000
   8.890  1.537 -0.83    0.00    0.00 -100.00   69.76    0.00  -30.24 9.812E-02

   10.5890   8.8900  13.1000   1.5368   4.8996  0.97294E-01  0.00000E+00  0.97294E-01  0.68448E-01  0.35324E-20  0.68448E-01  0.00000E+00  0.10085E+01
 e,ep,th,sigb,sigqe=   10.59    8.90   13.10  0.0000E+00  0.9168E-01
  10.589 13.100  4.91    0.00    0.00 -100.00   78.89    0.00  -21.11  1.000
   8.900  1.548 -0.86    0.00    0.00 -100.00   69.76    0.00  -30.24 9.168E-02

   10.5890   8.9000  13.1000   1.5476   4.9051  0.90909E-01  0.00000E+00  0.90909E-01  0.63950E-01  0.22894E-20  0.63950E-01  0.00000E+00  0.10085E+01
 e,ep,th,sigb,sigqe=   10.59    8.91   13.10  0.0000E+00  0.8566E-01
  10.589 13.100  4.91    0.00    0.00 -100.00   78.88    0.00  -21.12  1.000
   8.910  1.559 -0.88    0.00    0.00 -100.00   69.75    0.00  -30.25 8.566E-02

   10.5890   8.9100  13.1000   1.5586   4.9106  0.84945E-01  0.00000E+00  0.84945E-01  0.59750E-01  0.14767E-20  0.59750E-01  0.00000E+00  0.10084E+01
 e,ep,th,sigb,sigqe=   10.59    8.92   13.10  0.0000E+00  0.8004E-01
  10.589 13.100  4.92    0.00    0.00 -100.00   78.88    0.00  -21.12  1.000
   8.920  1.570 -0.90    0.00    0.00 -100.00   69.75    0.00  -30.25 8.004E-02

   10.5890   8.9200  13.1000   1.5697   4.9161  0.79376E-01  0.00000E+00  0.79376E-01  0.55827E-01  0.94793E-21  0.55827E-01  0.00000E+00  0.10084E+01
 e,ep,th,sigb,sigqe=   10.59    8.93   13.10  0.0000E+00  0.7480E-01
  10.589 13.100  4.92    0.00    0.00 -100.00   78.88    0.00  -21.12  1.000
   8.930  1.581 -0.93    0.00    0.00 -100.00   69.74    0.00  -30.26 7.480E-02

   10.5890   8.9300  13.1000   1.5809   4.9217  0.74175E-01  0.00000E+00  0.74175E-01  0.52165E-01  0.60553E-21  0.52165E-01  0.00000E+00  0.10084E+01
 e,ep,th,sigb,sigqe=   10.59    8.94   13.10  0.0000E+00  0.6990E-01
  10.589 13.100  4.93    0.00    0.00 -100.00   78.87    0.00  -21.13  1.000
   8.940  1.592 -0.95    0.00    0.00 -100.00   69.74    0.00  -30.26 6.990E-02

   10.5890   8.9400  13.1000   1.5923   4.9272  0.69319E-01  0.00000E+00  0.69319E-01  0.48746E-01  0.38493E-21  0.48746E-01  0.00000E+00  0.10084E+01
 e,ep,th,sigb,sigqe=   10.59    8.95   13.10  0.0000E+00  0.6532E-01
  10.589 13.100  4.93    0.00    0.00 -100.00   78.87    0.00  -21.13  1.000
   8.950  1.604 -0.98    0.00    0.00 -100.00   69.73    0.00  -30.27 6.532E-02

   10.5890   8.9500  13.1000   1.6038   4.9327  0.64783E-01  0.00000E+00  0.64783E-01  0.45552E-01  0.24346E-21  0.45552E-01  0.00000E+00  0.10083E+01
 e,ep,th,sigb,sigqe=   10.59    8.96   13.10  0.0000E+00  0.6105E-01
  10.589 13.100  4.94    0.00    0.00 -100.00   78.87    0.00  -21.13  1.000
   8.960  1.615 -1.00    0.00    0.00 -100.00   69.73    0.00  -30.27 6.105E-02

   10.5890   8.9600  13.1000   1.6154   4.9382  0.60546E-01  0.00000E+00  0.60546E-01  0.42569E-01  0.15321E-21  0.42569E-01  0.00000E+00  0.10083E+01
 e,ep,th,sigb,sigqe=   10.59    8.97   13.10  0.0000E+00  0.5706E-01
  10.589 13.100  4.94    0.00    0.00 -100.00   78.86    0.00  -21.14  1.000
   8.970  1.627 -1.03    0.00    0.00 -100.00   69.72    0.00  -30.28 5.706E-02

   10.5890   8.9700  13.1000   1.6272   4.9437  0.56590E-01  0.00000E+00  0.56590E-01  0.39783E-01  0.95928E-22  0.39783E-01  0.00000E+00  0.10083E+01
 e,ep,th,sigb,sigqe=   10.59    8.98   13.10  0.0000E+00  0.5333E-01
  10.589 13.100  4.95    0.00    0.00 -100.00   78.86    0.00  -21.14  1.000
   8.980  1.639 -1.05    0.00    0.00 -100.00   69.72    0.00  -30.28 5.333E-02

   10.5890   8.9800  13.1000   1.6391   4.9492  0.52894E-01  0.00000E+00  0.52894E-01  0.37182E-01  0.59755E-22  0.37182E-01  0.00000E+00  0.10083E+01
 e,ep,th,sigb,sigqe=   10.59    8.99   13.10  0.0000E+00  0.4985E-01
  10.589 13.100  4.95    0.00    0.00 -100.00   78.86    0.00  -21.14  1.000
   8.990  1.651 -1.07    0.00    0.00 -100.00   69.71    0.00  -30.29 4.985E-02

   10.5890   8.9900  13.1000   1.6512   4.9547  0.49442E-01  0.00000E+00  0.49442E-01  0.34752E-01  0.37026E-22  0.34752E-01  0.00000E+00  0.10082E+01
 e,ep,th,sigb,sigqe=   10.59    9.00   13.10  0.0000E+00  0.4660E-01
  10.589 13.100  4.96    0.00    0.00 -100.00   78.85    0.00  -21.15  1.000
   9.000  1.663 -1.10    0.00    0.00 -100.00   69.71    0.00  -30.29 4.660E-02

   10.5890   9.0000  13.1000   1.6635   4.9602  0.46218E-01  0.00000E+00  0.46218E-01  0.32482E-01  0.22822E-22  0.32482E-01  0.00000E+00  0.10082E+01
 e,ep,th,sigb,sigqe=   10.59    9.01   13.10  0.0000E+00  0.4356E-01
  10.589 13.100  4.97    0.00    0.00 -100.00   78.85    0.00  -21.15  1.000
   9.010  1.676 -1.12    0.00    0.00 -100.00   69.70    0.00  -30.30 4.356E-02

   10.5890   9.0100  13.1000   1.6759   4.9657  0.43205E-01  0.00000E+00  0.43205E-01  0.30362E-01  0.13992E-22  0.30362E-01  0.00000E+00  0.10082E+01
 e,ep,th,sigb,sigqe=   10.59    9.02   13.10  0.0000E+00  0.4072E-01
  10.589 13.100  4.97    0.00    0.00 -100.00   78.84    0.00  -21.16  1.000
   9.020  1.688 -1.15    0.00    0.00 -100.00   69.70    0.00  -30.30 4.072E-02

   10.5890   9.0200  13.1000   1.6884   4.9713  0.40391E-01  0.00000E+00  0.40391E-01  0.28382E-01  0.85325E-23  0.28382E-01  0.00000E+00  0.10081E+01
 e,ep,th,sigb,sigqe=   10.59    9.03   13.10  0.0000E+00  0.3807E-01
  10.589 13.100  4.98    0.00    0.00 -100.00   78.84    0.00  -21.16  1.000
   9.030  1.701 -1.17    0.00    0.00 -100.00   69.70    0.00  -30.30 3.807E-02

   10.5890   9.0300  13.1000   1.7011   4.9768  0.37762E-01  0.00000E+00  0.37762E-01  0.26532E-01  0.51750E-23  0.26532E-01  0.00000E+00  0.10081E+01
 e,ep,th,sigb,sigqe=   10.59    9.04   13.10  0.0000E+00  0.3559E-01
  10.589 13.100  4.98    0.00    0.00 -100.00   78.84    0.00  -21.16  1.000
   9.040  1.714 -1.20    0.00    0.00 -100.00   69.69    0.00  -30.31 3.559E-02

   10.5890   9.0400  13.1000   1.7140   4.9823  0.35306E-01  0.00000E+00  0.35306E-01  0.24804E-01  0.31212E-23  0.24804E-01  0.00000E+00  0.10081E+01
 e,ep,th,sigb,sigqe=   10.59    9.05   13.10  0.0000E+00  0.3328E-01
  10.589 13.100  4.99    0.00    0.00 -100.00   78.83    0.00  -21.17  1.000
   9.050  1.727 -1.22    0.00    0.00 -100.00   69.68    0.00  -30.32 3.328E-02

   10.5890   9.0500  13.1000   1.7271   4.9878  0.33011E-01  0.00000E+00  0.33011E-01  0.23189E-01  0.18720E-23  0.23189E-01  0.00000E+00  0.10081E+01
 e,ep,th,sigb,sigqe=   10.59    9.06   13.10  0.0000E+00  0.3111E-01
  10.589 13.100  4.99    0.00    0.00 -100.00   78.83    0.00  -21.17  1.000
   9.060  1.740 -1.24    0.00    0.00 -100.00   69.68    0.00  -30.32 3.111E-02

   10.5890   9.0600  13.1000   1.7403   4.9933  0.30867E-01  0.00000E+00  0.30867E-01  0.21680E-01  0.11165E-23  0.21680E-01  0.00000E+00  0.10080E+01
 e,ep,th,sigb,sigqe=   10.59    9.07   13.10  0.0000E+00  0.2909E-01
  10.589 13.100  5.00    0.00    0.00 -100.00   78.82    0.00  -21.18  1.000
   9.070  1.754 -1.27    0.00    0.00 -100.00   69.67    0.00  -30.33 2.909E-02

   10.5890   9.0700  13.1000   1.7537   4.9988  0.28863E-01  0.00000E+00  0.28863E-01  0.20271E-01  0.66208E-24  0.20271E-01  0.00000E+00  0.10080E+01
 e,ep,th,sigb,sigqe=   10.59    9.08   13.10  0.0000E+00  0.2721E-01
  10.589 13.100  5.00    0.00    0.00 -100.00   78.82    0.00  -21.18  1.000
   9.080  1.767 -1.29    0.00    0.00 -100.00   69.67    0.00  -30.33 2.721E-02

   10.5890   9.0800  13.1000   1.7672   5.0043  0.26990E-01  0.00000E+00  0.26990E-01  0.18953E-01  0.39035E-24  0.18953E-01  0.00000E+00  0.10080E+01
 e,ep,th,sigb,sigqe=   10.59    9.09   13.10  0.0000E+00  0.2544E-01
  10.589 13.100  5.01    0.00    0.00 -100.00   78.81    0.00  -21.19  1.000
   9.090  1.781 -1.32    0.00    0.00 -100.00   69.66    0.00  -30.34 2.544E-02

   10.5890   9.0900  13.1000   1.7810   5.0098  0.25240E-01  0.00000E+00  0.25240E-01  0.17722E-01  0.22880E-24  0.17722E-01  0.00000E+00  0.10080E+01
 e,ep,th,sigb,sigqe=   10.59    9.10   13.10  0.0000E+00  0.2379E-01
  10.589 13.100  5.02    0.00    0.00 -100.00   78.81    0.00  -21.19  1.000
   9.100  1.795 -1.34    0.00    0.00 -100.00   69.65    0.00  -30.35 2.379E-02

   10.5890   9.1000  13.1000   1.7949   5.0153  0.23604E-01  0.00000E+00  0.23604E-01  0.16572E-01  0.13332E-24  0.16572E-01  0.00000E+00  0.10079E+01
 e,ep,th,sigb,sigqe=   10.59    9.11   13.10  0.0000E+00  0.2225E-01
  10.589 13.100  5.02    0.00    0.00 -100.00   78.80    0.00  -21.20  1.000
   9.110  1.809 -1.37    0.00    0.00 -100.00   69.65    0.00  -30.35 2.225E-02

   10.5890   9.1100  13.1000   1.8090   5.0209  0.22075E-01  0.00000E+00  0.22075E-01  0.15497E-01  0.77222E-25  0.15497E-01  0.00000E+00  0.10079E+01
 e,ep,th,sigb,sigqe=   10.59    9.12   13.10  0.0000E+00  0.2081E-01
  10.589 13.100  5.03    0.00    0.00 -100.00   78.80    0.00  -21.20  1.000
   9.120  1.823 -1.39    0.00    0.00 -100.00   69.64    0.00  -30.36 2.081E-02

   10.5890   9.1200  13.1000   1.8234   5.0264  0.20646E-01  0.00000E+00  0.20646E-01  0.14492E-01  0.44458E-25  0.14492E-01  0.00000E+00  0.10079E+01
 e,ep,th,sigb,sigqe=   10.59    9.13   13.10  0.0000E+00  0.1946E-01
  10.589 13.100  5.03    0.00    0.00 -100.00   78.79    0.00  -21.21  1.000
   9.130  1.838 -1.41    0.00    0.00 -100.00   69.64    0.00  -30.36 1.946E-02

   10.5890   9.1300  13.1000   1.8379   5.0319  0.19310E-01  0.00000E+00  0.19310E-01  0.13553E-01  0.25439E-25  0.13553E-01  0.00000E+00  0.10079E+01
 e,ep,th,sigb,sigqe=   10.59    9.14   13.10  0.0000E+00  0.1820E-01
  10.589 13.100  5.04    0.00    0.00 -100.00   78.79    0.00  -21.21  1.000
   9.140  1.853 -1.44    0.00    0.00 -100.00   69.63    0.00  -30.37 1.820E-02

   10.5890   9.1400  13.1000   1.8526   5.0374  0.18061E-01  0.00000E+00  0.18061E-01  0.12675E-01  0.14467E-25  0.12675E-01  0.00000E+00  0.10078E+01
 e,ep,th,sigb,sigqe=   10.59    9.15   13.10  0.0000E+00  0.1703E-01
  10.589 13.100  5.04    0.00    0.00 -100.00   78.78    0.00  -21.22  1.000
   9.150  1.867 -1.46    0.00    0.00 -100.00   69.62    0.00  -30.38 1.703E-02

   10.5890   9.1500  13.1000   1.8675   5.0429  0.16894E-01  0.00000E+00  0.16894E-01  0.11854E-01  0.81759E-26  0.11854E-01  0.00000E+00  0.10078E+01
 e,ep,th,sigb,sigqe=   10.59    9.16   13.10  0.0000E+00  0.1593E-01
  10.589 13.100  5.05    0.00    0.00 -100.00   78.78    0.00  -21.22  1.000
   9.160  1.883 -1.49    0.00    0.00 -100.00   69.61    0.00  -30.39 1.593E-02

   10.5890   9.1600  13.1000   1.8826   5.0484  0.15802E-01  0.00000E+00  0.15802E-01  0.11086E-01  0.45913E-26  0.11086E-01  0.00000E+00  0.10078E+01
 e,ep,th,sigb,sigqe=   10.59    9.17   13.10  0.0000E+00  0.1490E-01
  10.589 13.100  5.05    0.00    0.00 -100.00   78.77    0.00  -21.23  1.000
   9.170  1.898 -1.51    0.00    0.00 -100.00   69.61    0.00  -30.39 1.490E-02

   10.5890   9.1700  13.1000   1.8979   5.0539  0.14782E-01  0.00000E+00  0.14782E-01  0.10369E-01  0.25618E-26  0.10369E-01  0.00000E+00  0.10078E+01
 e,ep,th,sigb,sigqe=   10.59    9.18   13.10  0.0000E+00  0.1393E-01
  10.589 13.100  5.06    0.00    0.00 -100.00   78.77    0.00  -21.23  1.000
   9.180  1.914 -1.53    0.00    0.00 -100.00   69.60    0.00  -30.40 1.393E-02

   10.5890   9.1800  13.1000   1.9135   5.0594  0.13827E-01  0.00000E+00  0.13827E-01  0.96982E-02  0.14202E-26  0.96982E-02  0.00000E+00  0.10077E+01
 e,ep,th,sigb,sigqe=   10.59    9.19   13.10  0.0000E+00  0.1303E-01
  10.589 13.100  5.06    0.00    0.00 -100.00   78.76    0.00  -21.24  1.000
   9.190  1.929 -1.56    0.00    0.00 -100.00   69.59    0.00  -30.41 1.303E-02

   10.5890   9.1900  13.1000   1.9293   5.0649  0.12935E-01  0.00000E+00  0.12935E-01  0.90711E-02  0.78226E-27  0.90711E-02  0.00000E+00  0.10077E+01
 e,ep,th,sigb,sigqe=   10.59    9.20   13.10  0.0000E+00  0.1219E-01
  10.589 13.100  5.07    0.00    0.00 -100.00   78.75    0.00  -21.25  1.000
   9.200  1.945 -1.58    0.00    0.00 -100.00   69.58    0.00  -30.42 1.219E-02

   10.5890   9.2000  13.1000   1.9453   5.0705  0.12100E-01  0.00000E+00  0.12100E-01  0.84847E-02  0.42799E-27  0.84847E-02  0.00000E+00  0.10077E+01
 e,ep,th,sigb,sigqe=   10.59    9.21   13.10  0.0000E+00  0.1141E-01
  10.589 13.100  5.08    0.00    0.00 -100.00   78.75    0.00  -21.25  1.000
   9.210  1.962 -1.61    0.00    0.00 -100.00   69.57    0.00  -30.43 1.141E-02

   10.5890   9.2100  13.1000   1.9615   5.0760  0.11320E-01  0.00000E+00  0.11320E-01  0.79363E-02  0.23261E-27  0.79363E-02  0.00000E+00  0.10077E+01
 e,ep,th,sigb,sigqe=   10.59    9.22   13.10  0.0000E+00  0.1067E-01
  10.589 13.100  5.08    0.00    0.00 -100.00   78.74    0.00  -21.26  1.000
   9.220  1.978 -1.63    0.00    0.00 -100.00   69.57    0.00  -30.43 1.067E-02

   10.5890   9.2200  13.1000   1.9780   5.0815  0.10590E-01  0.00000E+00  0.10590E-01  0.74236E-02  0.12556E-27  0.74236E-02  0.00000E+00  0.10076E+01
 e,ep,th,sigb,sigqe=   10.59    9.23   13.10  0.0000E+00  0.9983E-02
  10.589 13.100  5.09    0.00    0.00 -100.00   78.73    0.00  -21.27  1.000
   9.230  1.995 -1.66    0.00    0.00 -100.00   69.56    0.00  -30.44 9.983E-03

   10.5890   9.2300  13.1000   1.9947   5.0870  0.99075E-02  0.00000E+00  0.99075E-02  0.69440E-02  0.67322E-28  0.69440E-02  0.00000E+00  0.10076E+01
 e,ep,th,sigb,sigqe=   10.59    9.24   13.10  0.0000E+00  0.9339E-02
  10.589 13.100  5.09    0.00    0.00 -100.00   78.73    0.00  -21.27  1.000
   9.240  2.012 -1.68    0.00    0.00 -100.00   69.55    0.00  -30.45 9.339E-03

   10.5890   9.2400  13.1000   2.0117   5.0925  0.92690E-02  0.00000E+00  0.92690E-02  0.64955E-02  0.35844E-28  0.64955E-02  0.00000E+00  0.10076E+01
 e,ep,th,sigb,sigqe=   10.59    9.25   13.10  0.0000E+00  0.8738E-02
  10.589 13.100  5.10    0.00    0.00 -100.00   78.72    0.00  -21.28  1.000
   9.250  2.029 -1.70    0.00    0.00 -100.00   69.54    0.00  -30.46 8.738E-03

   10.5890   9.2500  13.1000   2.0289   5.0980  0.86718E-02  0.00000E+00  0.86718E-02  0.60761E-02  0.18951E-28  0.60761E-02  0.00000E+00  0.10076E+01
 e,ep,th,sigb,sigqe=   10.59    9.26   13.10  0.0000E+00  0.8174E-02
  10.589 13.100  5.10    0.00    0.00 -100.00   78.71    0.00  -21.29  1.000
   9.260  2.046 -1.73    0.00    0.00 -100.00   69.53    0.00  -30.47 8.174E-03

   10.5890   9.2600  13.1000   2.0464   5.1035  0.81132E-02  0.00000E+00  0.81132E-02  0.56838E-02  0.99493E-29  0.56838E-02  0.00000E+00  0.10076E+01
 e,ep,th,sigb,sigqe=   10.59    9.27   13.10  0.0000E+00  0.7648E-02
  10.589 13.100  5.11    0.00    0.00 -100.00   78.71    0.00  -21.29  1.000
   9.270  2.064 -1.75    0.00    0.00 -100.00   69.52    0.00  -30.48 7.648E-03

   10.5890   9.2700  13.1000   2.0641   5.1090  0.75907E-02  0.00000E+00  0.75907E-02  0.53169E-02  0.51859E-29  0.53169E-02  0.00000E+00  0.10075E+01
 e,ep,th,sigb,sigqe=   10.59    9.28   13.10  0.0000E+00  0.7155E-02
  10.589 13.100  5.11    0.00    0.00 -100.00   78.70    0.00  -21.30  1.000
   9.280  2.082 -1.78    0.00    0.00 -100.00   69.51    0.00  -30.49 7.155E-03

   10.5890   9.2800  13.1000   2.0821   5.1146  0.71019E-02  0.00000E+00  0.71019E-02  0.49738E-02  0.26838E-29  0.49738E-02  0.00000E+00  0.10075E+01
 e,ep,th,sigb,sigqe=   10.59    9.29   13.10  0.0000E+00  0.6694E-02
  10.589 13.100  5.12    0.00    0.00 -100.00   78.69    0.00  -21.31  1.000
   9.290  2.100 -1.80    0.00    0.00 -100.00   69.50    0.00  -30.50 6.694E-03

   10.5890   9.2900  13.1000   2.1004   5.1201  0.66446E-02  0.00000E+00  0.66446E-02  0.46527E-02  0.13787E-29  0.46527E-02  0.00000E+00  0.10075E+01
 e,ep,th,sigb,sigqe=   10.59    9.30   13.10  0.0000E+00  0.6263E-02
  10.589 13.100  5.13    0.00    0.00 -100.00   78.68    0.00  -21.32  1.000
   9.300  2.119 -1.83    0.00    0.00 -100.00   69.49    0.00  -30.51 6.263E-03

   10.5890   9.3000  13.1000   2.1190   5.1256  0.62167E-02  0.00000E+00  0.62167E-02  0.43525E-02  0.70301E-30  0.43525E-02  0.00000E+00  0.10075E+01
 e,ep,th,sigb,sigqe=   10.59    9.31   13.10  0.0000E+00  0.5860E-02
  10.589 13.100  5.13    0.00    0.00 -100.00   78.68    0.00  -21.32  1.000
   9.310  2.138 -1.85    0.00    0.00 -100.00   69.48    0.00  -30.52 5.860E-03

   10.5890   9.3100  13.1000   2.1378   5.1311  0.58165E-02  0.00000E+00  0.58165E-02  0.40715E-02  0.35580E-30  0.40715E-02  0.00000E+00  0.10074E+01
 e,ep,th,sigb,sigqe=   10.59    9.32   13.10  0.0000E+00  0.5482E-02
  10.589 13.100  5.14    0.00    0.00 -100.00   78.67    0.00  -21.33  1.000
   9.320  2.157 -1.87    0.00    0.00 -100.00   69.47    0.00  -30.53 5.482E-03

   10.5890   9.3200  13.1000   2.1570   5.1366  0.54421E-02  0.00000E+00  0.54421E-02  0.38088E-02  0.17873E-30  0.38088E-02  0.00000E+00  0.10074E+01
 e,ep,th,sigb,sigqe=   10.59    9.33   13.10  0.0000E+00  0.5129E-02
  10.589 13.100  5.14    0.00    0.00 -100.00   78.66    0.00  -21.34  1.000
   9.330  2.176 -1.90    0.00    0.00 -100.00   69.46    0.00  -30.54 5.129E-03

   10.5890   9.3300  13.1000   2.1765   5.1421  0.50917E-02  0.00000E+00  0.50917E-02  0.35630E-02  0.89091E-31  0.35630E-02  0.00000E+00  0.10074E+01
 e,ep,th,sigb,sigqe=   10.59    9.34   13.10  0.0000E+00  0.4799E-02
  10.589 13.100  5.15    0.00    0.00 -100.00   78.65    0.00  -21.35  1.000
   9.340  2.196 -1.92    0.00    0.00 -100.00   69.45    0.00  -30.55 4.799E-03

   10.5890   9.3400  13.1000   2.1962   5.1476  0.47639E-02  0.00000E+00  0.47639E-02  0.33330E-02  0.44066E-31  0.33330E-02  0.00000E+00  0.10074E+01
 e,ep,th,sigb,sigqe=   10.59    9.35   13.10  0.0000E+00  0.4490E-02
  10.589 13.100  5.15    0.00    0.00 -100.00   78.64    0.00  -21.36  1.000
   9.350  2.216 -1.95    0.00    0.00 -100.00   69.44    0.00  -30.56 4.490E-03

   10.5890   9.3500  13.1000   2.2163   5.1531  0.44572E-02  0.00000E+00  0.44572E-02  0.31179E-02  0.21626E-31  0.31179E-02  0.00000E+00  0.10074E+01
 e,ep,th,sigb,sigqe=   10.59    9.36   13.10  0.0000E+00  0.4201E-02
  10.589 13.100  5.16    0.00    0.00 -100.00   78.63    0.00  -21.37  1.000
   9.360  2.237 -1.97    0.00    0.00 -100.00   69.43    0.00  -30.57 4.201E-03

   10.5890   9.3600  13.1000   2.2368   5.1586  0.41702E-02  0.00000E+00  0.41702E-02  0.29167E-02  0.10531E-31  0.29167E-02  0.00000E+00  0.10073E+01
 e,ep,th,sigb,sigqe=   10.59    9.37   13.10  0.0000E+00  0.3930E-02
  10.589 13.100  5.16    0.00    0.00 -100.00   78.62    0.00  -21.38  1.000
   9.370  2.258 -2.00    0.00    0.00 -100.00   69.42    0.00  -30.58 3.930E-03

   10.5890   9.3700  13.1000   2.2575   5.1642  0.39017E-02  0.00000E+00  0.39017E-02  0.27283E-02  0.50865E-32  0.27283E-02  0.00000E+00  0.10073E+01
 e,ep,th,sigb,sigqe=   10.59    9.38   13.10  0.0000E+00  0.3677E-02
  10.589 13.100  5.17    0.00    0.00 -100.00   78.62    0.00  -21.38  1.000
   9.380  2.279 -2.02    0.00    0.00 -100.00   69.41    0.00  -30.59 3.677E-03

   10.5890   9.3800  13.1000   2.2786   5.1697  0.36504E-02  0.00000E+00  0.36504E-02  0.25522E-02  0.24371E-32  0.25522E-02  0.00000E+00  0.10073E+01
 e,ep,th,sigb,sigqe=   10.59    9.39   13.10  0.0000E+00  0.3440E-02
  10.589 13.100  5.18    0.00    0.00 -100.00   78.61    0.00  -21.39  1.000
   9.390  2.300 -2.04    0.00    0.00 -100.00   69.40    0.00  -30.60 3.440E-03

   10.5890   9.3900  13.1000   2.3001   5.1752  0.34153E-02  0.00000E+00  0.34153E-02  0.23873E-02  0.11582E-32  0.23873E-02  0.00000E+00  0.10073E+01
 e,ep,th,sigb,sigqe=   10.59    9.40   13.10  0.0000E+00  0.3218E-02
  10.589 13.100  5.18    0.00    0.00 -100.00   78.60    0.00  -21.40  1.000
   9.400  2.322 -2.07    0.00    0.00 -100.00   69.38    0.00  -30.62 3.218E-03

   10.5890   9.4000  13.1000   2.3219   5.1807  0.31953E-02  0.00000E+00  0.31953E-02  0.22331E-02  0.54592E-33  0.22331E-02  0.00000E+00  0.10073E+01
 e,ep,th,sigb,sigqe=   10.59    9.41   13.10  0.0000E+00  0.3011E-02
  10.589 13.100  5.19    0.00    0.00 -100.00   78.59    0.00  -21.41  1.000
   9.410  2.344 -2.09    0.00    0.00 -100.00   69.37    0.00  -30.63 3.011E-03

   10.5890   9.4100  13.1000   2.3441   5.1862  0.29894E-02  0.00000E+00  0.29894E-02  0.20888E-02  0.25516E-33  0.20888E-02  0.00000E+00  0.10072E+01
 e,ep,th,sigb,sigqe=   10.59    9.42   13.10  0.0000E+00  0.2817E-02
  10.589 13.100  5.19    0.00    0.00 -100.00   78.58    0.00  -21.42  1.000
   9.420  2.367 -2.12    0.00    0.00 -100.00   69.36    0.00  -30.64 2.817E-03

   10.5890   9.4200  13.1000   2.3666   5.1917  0.27968E-02  0.00000E+00  0.27968E-02  0.19538E-02  0.11826E-33  0.19538E-02  0.00000E+00  0.10072E+01
 e,ep,th,sigb,sigqe=   10.59    9.43   13.10  0.0000E+00  0.2635E-02
  10.589 13.100  5.20    0.00    0.00 -100.00   78.57    0.00  -21.43  1.000
   9.430  2.390 -2.14    0.00    0.00 -100.00   69.35    0.00  -30.65 2.635E-03

   10.5890   9.4300  13.1000   2.3896   5.1972  0.26165E-02  0.00000E+00  0.26165E-02  0.18275E-02  0.54341E-34  0.18275E-02  0.00000E+00  0.10072E+01
 e,ep,th,sigb,sigqe=   10.59    9.44   13.10  0.0000E+00  0.2465E-02
  10.589 13.100  5.20    0.00    0.00 -100.00   78.56    0.00  -21.44  1.000
   9.440  2.413 -2.17    0.00    0.00 -100.00   69.34    0.00  -30.66 2.465E-03

   10.5890   9.4400  13.1000   2.4130   5.2027  0.24478E-02  0.00000E+00  0.24478E-02  0.17094E-02  0.24758E-34  0.17094E-02  0.00000E+00  0.10072E+01
 e,ep,th,sigb,sigqe=   10.59    9.45   13.10  0.0000E+00  0.2306E-02
  10.589 13.100  5.21    0.00    0.00 -100.00   78.55    0.00  -21.45  1.000
   9.450  2.437 -2.19    0.00    0.00 -100.00   69.32    0.00  -30.68 2.306E-03

   10.5890   9.4500  13.1000   2.4367   5.2082  0.22899E-02  0.00000E+00  0.22899E-02  0.15988E-02  0.11181E-34  0.15988E-02  0.00000E+00  0.10072E+01
 e,ep,th,sigb,sigqe=   10.59    9.46   13.10  0.0000E+00  0.2157E-02
  10.589 13.100  5.21    0.00    0.00 -100.00   78.54    0.00  -21.46  1.000
   9.460  2.461 -2.21    0.00    0.00 -100.00   69.31    0.00  -30.69 2.157E-03

   10.5890   9.4600  13.1000   2.4609   5.2138  0.21422E-02  0.00000E+00  0.21422E-02  0.14953E-02  0.50050E-35  0.14953E-02  0.00000E+00  0.10071E+01
 e,ep,th,sigb,sigqe=   10.59    9.47   13.10  0.0000E+00  0.2018E-02
  10.589 13.100  5.22    0.00    0.00 -100.00   78.53    0.00  -21.47  1.000
   9.470  2.486 -2.24    0.00    0.00 -100.00   69.30    0.00  -30.70 2.018E-03

   10.5890   9.4700  13.1000   2.4855   5.2193  0.20039E-02  0.00000E+00  0.20039E-02  0.13986E-02  0.22205E-35  0.13986E-02  0.00000E+00  0.10071E+01
 e,ep,th,sigb,sigqe=   10.59    9.48   13.10  0.0000E+00  0.1888E-02
  10.589 13.100  5.22    0.00    0.00 -100.00   78.52    0.00  -21.48  1.000
   9.480  2.511 -2.26    0.00    0.00 -100.00   69.28    0.00  -30.72 1.888E-03

   10.5890   9.4800  13.1000   2.5106   5.2248  0.18745E-02  0.00000E+00  0.18745E-02  0.13080E-02  0.97640E-36  0.13080E-02  0.00000E+00  0.10071E+01
 e,ep,th,sigb,sigqe=   10.59    9.49   13.10  0.0000E+00  0.1766E-02
  10.589 13.100  5.23    0.00    0.00 -100.00   78.51    0.00  -21.49  1.000
   9.490  2.536 -2.29    0.00    0.00 -100.00   69.27    0.00  -30.73 1.766E-03

   10.5890   9.4900  13.1000   2.5361   5.2303  0.17535E-02  0.00000E+00  0.17535E-02  0.12233E-02  0.42541E-36  0.12233E-02  0.00000E+00  0.10071E+01
 e,ep,th,sigb,sigqe=   10.59    9.50   13.10  0.0000E+00  0.1652E-02
  10.589 13.100  5.24    0.00    0.00 -100.00   78.50    0.00  -21.50  1.000
   9.500  2.562 -2.31    0.00    0.00 -100.00   69.26    0.00  -30.74 1.652E-03

   10.5890   9.5000  13.1000   2.5621   5.2358  0.16402E-02  0.00000E+00  0.16402E-02  0.11440E-02  0.18365E-36  0.11440E-02  0.00000E+00  0.10071E+01
 e,ep,th,sigb,sigqe=   10.59    9.51   13.10  0.0000E+00  0.1545E-02
  10.589 13.100  5.24    0.00    0.00 -100.00   78.49    0.00  -21.51  1.000
   9.510  2.589 -2.34    0.00    0.00 -100.00   69.24    0.00  -30.76 1.545E-03

   10.5890   9.5100  13.1000   2.5885   5.2413  0.15342E-02  0.00000E+00  0.15342E-02  0.10698E-02  0.78544E-37  0.10698E-02  0.00000E+00  0.10070E+01
 e,ep,th,sigb,sigqe=   10.59    9.52   13.10  0.0000E+00  0.1445E-02
  10.589 13.100  5.25    0.00    0.00 -100.00   78.48    0.00  -21.52  1.000
   9.520  2.616 -2.36    0.00    0.00 -100.00   69.23    0.00  -30.77 1.445E-03

   10.5890   9.5200  13.1000   2.6155   5.2468  0.14349E-02  0.00000E+00  0.14349E-02  0.10004E-02  0.33278E-37  0.10004E-02  0.00000E+00  0.10070E+01
 e,ep,th,sigb,sigqe=   10.59    9.53   13.10  0.0000E+00  0.1352E-02
  10.589 13.100  5.25    0.00    0.00 -100.00   78.47    0.00  -21.53  1.000
   9.530  2.643 -2.38    0.00    0.00 -100.00   69.22    0.00  -30.78 1.352E-03

   10.5890   9.5300  13.1000   2.6430   5.2523  0.13421E-02  0.00000E+00  0.13421E-02  0.93548E-03  0.13967E-37  0.93548E-03  0.00000E+00  0.10070E+01
 e,ep,th,sigb,sigqe=   10.59    9.54   13.10  0.0000E+00  0.1264E-02
  10.589 13.100  5.26    0.00    0.00 -100.00   78.45    0.00  -21.55  1.000
   9.540  2.671 -2.41    0.00    0.00 -100.00   69.20    0.00  -30.80 1.264E-03

   10.5890   9.5400  13.1000   2.6710   5.2578  0.12552E-02  0.00000E+00  0.12552E-02  0.87473E-03  0.58055E-38  0.87473E-03  0.00000E+00  0.10070E+01
 e,ep,th,sigb,sigqe=   10.59    9.55   13.10  0.0000E+00  0.1182E-02
  10.589 13.100  5.26    0.00    0.00 -100.00   78.44    0.00  -21.56  1.000
   9.550  2.700 -2.43    0.00    0.00 -100.00   69.19    0.00  -30.81 1.182E-03

   10.5890   9.5500  13.1000   2.6995   5.2634  0.11739E-02  0.00000E+00  0.11739E-02  0.81790E-03  0.23897E-38  0.81790E-03  0.00000E+00  0.10070E+01
 e,ep,th,sigb,sigqe=   10.59    9.56   13.10  0.0000E+00  0.1105E-02
  10.589 13.100  5.27    0.00    0.00 -100.00   78.43    0.00  -21.57  1.000
   9.560  2.729 -2.46    0.00    0.00 -100.00   69.18    0.00  -30.82 1.105E-03

   10.5890   9.5600  13.1000   2.7286   5.2689  0.10979E-02  0.00000E+00  0.10979E-02  0.76473E-03  0.97406E-39  0.76473E-03  0.00000E+00  0.10069E+01
 e,ep,th,sigb,sigqe=   10.59    9.57   13.10  0.0000E+00  0.1034E-02
  10.589 13.100  5.27    0.00    0.00 -100.00   78.42    0.00  -21.58  1.000
   9.570  2.758 -2.48    0.00    0.00 -100.00   69.16    0.00  -30.84 1.034E-03

   10.5890   9.5700  13.1000   2.7583   5.2744  0.10267E-02  0.00000E+00  0.10267E-02  0.71499E-03  0.39312E-39  0.71499E-03  0.00000E+00  0.10069E+01
 e,ep,th,sigb,sigqe=   10.59    9.58   13.10  0.0000E+00  0.9667E-03
  10.589 13.100  5.28    0.00    0.00 -100.00   78.41    0.00  -21.59  1.000
   9.580  2.789 -2.51    0.00    0.00 -100.00   69.15    0.00  -30.85 9.667E-04

   10.5890   9.5800  13.1000   2.7885   5.2799  0.96010E-03  0.00000E+00  0.96010E-03  0.66846E-03  0.15713E-39  0.66846E-03  0.00000E+00  0.10069E+01
 e,ep,th,sigb,sigqe=   10.59    9.59   13.10  0.0000E+00  0.9040E-03
  10.589 13.100  5.29    0.00    0.00 -100.00   78.40    0.00  -21.60  1.000
   9.590  2.819 -2.53    0.00    0.00 -100.00   69.13    0.00  -30.87 9.040E-04

   10.5890   9.5900  13.1000   2.8194   5.2854  0.89779E-03  0.00000E+00  0.89779E-03  0.62492E-03  0.62078E-40  0.62492E-03  0.00000E+00  0.10069E+01
 e,ep,th,sigb,sigqe=   10.59    9.60   13.10  0.0000E+00  0.8452E-03
  10.589 13.100  5.29    0.00    0.00 -100.00   78.38    0.00  -21.62  1.000
   9.600  2.851 -2.55    0.00    0.00 -100.00   69.12    0.00  -30.88 8.452E-04

   10.5890   9.6000  13.1000   2.8508   5.2909  0.83948E-03  0.00000E+00  0.83948E-03  0.58420E-03  0.24306E-40  0.58420E-03  0.00000E+00  0.10069E+01
 e,ep,th,sigb,sigqe=   10.59    9.61   13.10  0.0000E+00  0.7903E-03
  10.589 13.100  5.30    0.00    0.00 -100.00   78.37    0.00  -21.63  1.000
   9.610  2.883 -2.58    0.00    0.00 -100.00   69.10    0.00  -30.90 7.903E-04

   10.5890   9.6100  13.1000   2.8830   5.2964  0.78493E-03  0.00000E+00  0.78493E-03  0.54611E-03  0.94714E-41  0.54611E-03  0.00000E+00  0.10068E+01
 e,ep,th,sigb,sigqe=   10.59    9.62   13.10  0.0000E+00  0.7389E-03
  10.589 13.100  5.30    0.00    0.00 -100.00   78.36    0.00  -21.64  1.000
   9.620  2.916 -2.60    0.00    0.00 -100.00   69.09    0.00  -30.91 7.389E-04

   10.5890   9.6200  13.1000   2.9157   5.3019  0.73389E-03  0.00000E+00  0.73389E-03  0.51048E-03  0.36518E-41  0.51048E-03  0.00000E+00  0.10068E+01
 e,ep,th,sigb,sigqe=   10.59    9.63   13.10  0.0000E+00  0.6908E-03
  10.589 13.100  5.31    0.00    0.00 -100.00   78.35    0.00  -21.65  1.000
   9.630  2.949 -2.63    0.00    0.00 -100.00   69.07    0.00  -30.93 6.908E-04

   10.5890   9.6300  13.1000   2.9492   5.3074  0.68613E-03  0.00000E+00  0.68613E-03  0.47715E-03  0.13691E-41  0.47715E-03  0.00000E+00  0.10068E+01
 e,ep,th,sigb,sigqe=   10.59    9.64   13.10  0.0000E+00  0.6458E-03
  10.589 13.100  5.31    0.00    0.00 -100.00   78.34    0.00  -21.66  1.000
   9.640  2.983 -2.65    0.00    0.00 -100.00   69.06    0.00  -30.94 6.458E-04

   10.5890   9.6400  13.1000   2.9834   5.3130  0.64146E-03  0.00000E+00  0.64146E-03  0.44597E-03  0.57033E-42  0.44597E-03  0.00000E+00  0.10068E+01
 e,ep,th,sigb,sigqe=   10.59    9.65   13.10  0.0000E+00  0.6037E-03
  10.589 13.100  5.32    0.00    0.00 -100.00   78.32    0.00  -21.68  1.000
   9.650  3.018 -2.68    0.00    0.00 -100.00   69.04    0.00  -30.96 6.037E-04

   10.5890   9.6500  13.1000   3.0183   5.3185  0.59967E-03  0.00000E+00  0.59967E-03  0.41681E-03  0.22841E-42  0.41681E-03  0.00000E+00  0.10068E+01
 e,ep,th,sigb,sigqe=   10.59    9.66   13.10  0.0000E+00  0.5644E-03
  10.589 13.100  5.32    0.00    0.00 -100.00   78.31    0.00  -21.69  1.000
   9.660  3.054 -2.70    0.00    0.00 -100.00   69.02    0.00  -30.98 5.644E-04

   10.5890   9.6600  13.1000   3.0539   5.3240  0.56057E-03  0.00000E+00  0.56057E-03  0.38953E-03  0.11351E-42  0.38953E-03  0.00000E+00  0.10068E+01
 e,ep,th,sigb,sigqe=   10.59    9.67   13.10  0.0000E+00  0.5275E-03
  10.589 13.100  5.33    0.00    0.00 -100.00   78.30    0.00  -21.70  1.000
   9.670  3.090 -2.72    0.00    0.00 -100.00   69.01    0.00  -30.99 5.275E-04

   10.5890   9.6700  13.1000   3.0904   5.3295  0.52399E-03  0.00000E+00  0.52399E-03  0.36402E-03  0.00000E+00  0.36402E-03  0.00000E+00  0.10067E+01
 e,ep,th,sigb,sigqe=   10.59    9.68   13.10  0.0000E+00  0.4931E-03
  10.589 13.100  5.34    0.00    0.00 -100.00   78.28    0.00  -21.72  1.000
   9.680  3.128 -2.75    0.00    0.00 -100.00   68.99    0.00  -31.01 4.931E-04

   10.5890   9.6800  13.1000   3.1276   5.3350  0.48977E-03  0.00000E+00  0.48977E-03  0.34016E-03  0.00000E+00  0.34016E-03  0.00000E+00  0.10067E+01
 e,ep,th,sigb,sigqe=   10.59    9.69   13.10  0.0000E+00  0.4608E-03
  10.589 13.100  5.34    0.00    0.00 -100.00   78.27    0.00  -21.73  1.000
   9.690  3.166 -2.77    0.00    0.00 -100.00   68.97    0.00  -31.03 4.608E-04

   10.5890   9.6900  13.1000   3.1656   5.3405  0.45777E-03  0.00000E+00  0.45777E-03  0.31786E-03  0.00000E+00  0.31786E-03  0.00000E+00  0.10067E+01
 e,ep,th,sigb,sigqe=   10.59    9.70   13.10  0.0000E+00  0.4307E-03
  10.589 13.100  5.35    0.00    0.00 -100.00   78.26    0.00  -21.74  1.000
   9.700  3.205 -2.80    0.00    0.00 -100.00   68.96    0.00  -31.04 4.307E-04

   10.5890   9.7000  13.1000   3.2046   5.3460  0.42783E-03  0.00000E+00  0.42783E-03  0.29699E-03  0.00000E+00  0.29699E-03  0.00000E+00  0.10067E+01
 e,ep,th,sigb,sigqe=   10.59    9.71   13.10  0.0000E+00  0.4025E-03
  10.589 13.100  5.35    0.00    0.00 -100.00   78.24    0.00  -21.76  1.000
   9.710  3.244 -2.82    0.00    0.00 -100.00   68.94    0.00  -31.06 4.025E-04

   10.5890   9.7100  13.1000   3.2443   5.3515  0.39983E-03  0.00000E+00  0.39983E-03  0.27748E-03  0.00000E+00  0.27748E-03  0.00000E+00  0.10067E+01
 e,ep,th,sigb,sigqe=   10.59    9.72   13.10  0.0000E+00  0.3761E-03
  10.589 13.100  5.36    0.00    0.00 -100.00   78.23    0.00  -21.77  1.000
   9.720  3.285 -2.85    0.00    0.00 -100.00   68.92    0.00  -31.08 3.761E-04

   10.5890   9.7200  13.1000   3.2851   5.3571  0.37364E-03  0.00000E+00  0.37364E-03  0.25923E-03  0.00000E+00  0.25923E-03  0.00000E+00  0.10066E+01
 e,ep,th,sigb,sigqe=   10.59    9.73   13.10  0.0000E+00  0.3515E-03
  10.589 13.100  5.36    0.00    0.00 -100.00   78.21    0.00  -21.79  1.000
   9.730  3.327 -2.87    0.00    0.00 -100.00   68.90    0.00  -31.10 3.515E-04

   10.5890   9.7300  13.1000   3.3267   5.3626  0.34915E-03  0.00000E+00  0.34915E-03  0.24217E-03  0.00000E+00  0.24217E-03  0.00000E+00  0.10066E+01
 e,ep,th,sigb,sigqe=   10.59    9.74   13.10  0.0000E+00  0.3284E-03
  10.589 13.100  5.37    0.00    0.00 -100.00   78.20    0.00  -21.80  1.000
   9.740  3.369 -2.89    0.00    0.00 -100.00   68.88    0.00  -31.12 3.284E-04

   10.5890   9.7400  13.1000   3.3694   5.3681  0.32624E-03  0.00000E+00  0.32624E-03  0.22622E-03  0.00000E+00  0.22622E-03  0.00000E+00  0.10066E+01
 e,ep,th,sigb,sigqe=   10.59    9.75   13.10  0.0000E+00  0.3068E-03
  10.589 13.100  5.37    0.00    0.00 -100.00   78.19    0.00  -21.81  1.000
   9.750  3.413 -2.92    0.00    0.00 -100.00   68.87    0.00  -31.13 3.068E-04

   10.5890   9.7500  13.1000   3.4130   5.3736  0.30482E-03  0.00000E+00  0.30482E-03  0.21130E-03  0.00000E+00  0.21130E-03  0.00000E+00  0.10066E+01
 e,ep,th,sigb,sigqe=   10.59    9.76   13.10  0.0000E+00  0.2867E-03
  10.589 13.100  5.38    0.00    0.00 -100.00   78.17    0.00  -21.83  1.000
   9.760  3.458 -2.94    0.00    0.00 -100.00   68.85    0.00  -31.15 2.867E-04

   10.5890   9.7600  13.1000   3.4577   5.3791  0.28479E-03  0.00000E+00  0.28479E-03  0.19736E-03  0.00000E+00  0.19736E-03  0.00000E+00  0.10066E+01
 e,ep,th,sigb,sigqe=   10.59    9.77   13.10  0.0000E+00  0.2678E-03
  10.589 13.100  5.38    0.00    0.00 -100.00   78.16    0.00  -21.84  1.000
   9.770  3.504 -2.97    0.00    0.00 -100.00   68.83    0.00  -31.17 2.678E-04

   10.5890   9.7700  13.1000   3.5035   5.3846  0.26605E-03  0.00000E+00  0.26605E-03  0.18432E-03  0.00000E+00  0.18432E-03  0.00000E+00  0.10066E+01
 e,ep,th,sigb,sigqe=   10.59    9.78   13.10  0.0000E+00  0.2502E-03
  10.589 13.100  5.39    0.00    0.00 -100.00   78.14    0.00  -21.86  1.000
   9.780  3.550 -2.99    0.00    0.00 -100.00   68.81    0.00  -31.19 2.502E-04

   10.5890   9.7800  13.1000   3.5505   5.3901  0.24854E-03  0.00000E+00  0.24854E-03  0.17214E-03  0.00000E+00  0.17214E-03  0.00000E+00  0.10065E+01
 e,ep,th,sigb,sigqe=   10.59    9.79   13.10  0.0000E+00  0.2337E-03
  10.589 13.100  5.40    0.00    0.00 -100.00   78.12    0.00  -21.88  1.000
   9.790  3.599 -3.02    0.00    0.00 -100.00   68.79    0.00  -31.21 2.337E-04

   10.5890   9.7900  13.1000   3.5986   5.3956  0.23216E-03  0.00000E+00  0.23216E-03  0.16075E-03  0.00000E+00  0.16075E-03  0.00000E+00  0.10065E+01
 e,ep,th,sigb,sigqe=   10.59    9.80   13.10  0.0000E+00  0.2183E-03
  10.589 13.100  5.40    0.00    0.00 -100.00   78.11    0.00  -21.89  1.000
   9.800  3.648 -3.04    0.00    0.00 -100.00   68.77    0.00  -31.23 2.183E-04

   10.5890   9.8000  13.1000   3.6479   5.4011  0.21685E-03  0.00000E+00  0.21685E-03  0.15010E-03  0.00000E+00  0.15010E-03  0.00000E+00  0.10065E+01
 e,ep,th,sigb,sigqe=   10.59    9.81   13.10  0.0000E+00  0.2039E-03
  10.589 13.100  5.41    0.00    0.00 -100.00   78.09    0.00  -21.91  1.000
   9.810  3.699 -3.06    0.00    0.00 -100.00   68.75    0.00  -31.25 2.039E-04

   10.5890   9.8100  13.1000   3.6985   5.4067  0.20254E-03  0.00000E+00  0.20254E-03  0.14014E-03  0.00000E+00  0.14014E-03  0.00000E+00  0.10065E+01
 e,ep,th,sigb,sigqe=   10.59    9.82   13.10  0.0000E+00  0.1904E-03
  10.589 13.100  5.41    0.00    0.00 -100.00   78.07    0.00  -21.93  1.000
   9.820  3.750 -3.09    0.00    0.00 -100.00   68.73    0.00  -31.27 1.904E-04

   10.5890   9.8200  13.1000   3.7504   5.4122  0.18916E-03  0.00000E+00  0.18916E-03  0.13084E-03  0.00000E+00  0.13084E-03  0.00000E+00  0.10065E+01
 e,ep,th,sigb,sigqe=   10.59    9.83   13.10  0.0000E+00  0.1778E-03
  10.589 13.100  5.42    0.00    0.00 -100.00   78.06    0.00  -21.94  1.000
   9.830  3.804 -3.11    0.00    0.00 -100.00   68.70    0.00  -31.30 1.778E-04

   10.5890   9.8300  13.1000   3.8037   5.4177  0.17665E-03  0.00000E+00  0.17665E-03  0.12215E-03  0.00000E+00  0.12215E-03  0.00000E+00  0.10065E+01
 e,ep,th,sigb,sigqe=   10.59    9.84   13.10  0.0000E+00  0.1660E-03
  10.589 13.100  5.42    0.00    0.00 -100.00   78.04    0.00  -21.96  1.000
   9.840  3.858 -3.14    0.00    0.00 -100.00   68.68    0.00  -31.32 1.660E-04

   10.5890   9.8400  13.1000   3.8584   5.4232  0.16495E-03  0.00000E+00  0.16495E-03  0.11402E-03  0.00000E+00  0.11402E-03  0.00000E+00  0.10064E+01
 e,ep,th,sigb,sigqe=   10.59    9.85   13.10  0.0000E+00  0.1550E-03
  10.589 13.100  5.43    0.00    0.00 -100.00   78.02    0.00  -21.98  1.000
   9.850  3.915 -3.16    0.00    0.00 -100.00   68.66    0.00  -31.34 1.550E-04

   10.5890   9.8500  13.1000   3.9146   5.4287  0.15403E-03  0.00000E+00  0.15403E-03  0.10643E-03  0.00000E+00  0.10643E-03  0.00000E+00  0.10064E+01
 e,ep,th,sigb,sigqe=   10.59    9.86   13.10  0.0000E+00  0.1447E-03
  10.589 13.100  5.43    0.00    0.00 -100.00   78.00    0.00  -22.00  1.000
   9.860  3.972 -3.19    0.00    0.00 -100.00   68.64    0.00  -31.36 1.447E-04

   10.5890   9.8600  13.1000   3.9723   5.4342  0.14381E-03  0.00000E+00  0.14381E-03  0.99338E-04  0.00000E+00  0.99338E-04  0.00000E+00  0.10064E+01
 e,ep,th,sigb,sigqe=   10.59    9.87   13.10  0.0000E+00  0.1351E-03
  10.589 13.100  5.44    0.00    0.00 -100.00   77.98    0.00  -22.02  1.000
   9.870  4.032 -3.21    0.00    0.00 -100.00   68.61    0.00  -31.39 1.351E-04

   10.5890   9.8700  13.1000   4.0317   5.4397  0.13426E-03  0.00000E+00  0.13426E-03  0.92709E-04  0.00000E+00  0.92709E-04  0.00000E+00  0.10064E+01
 e,ep,th,sigb,sigqe=   10.59    9.88   13.10  0.0000E+00  0.1261E-03
  10.589 13.100  5.45    0.00    0.00 -100.00   77.96    0.00  -22.04  1.000
   9.880  4.093 -3.23    0.00    0.00 -100.00   68.59    0.00  -31.41 1.261E-04

   10.5890   9.8800  13.1000   4.0927   5.4452  0.12534E-03  0.00000E+00  0.12534E-03  0.86516E-04  0.00000E+00  0.86516E-04  0.00000E+00  0.10064E+01
 e,ep,th,sigb,sigqe=   10.59    9.89   13.10  0.0000E+00  0.1177E-03
  10.589 13.100  5.45    0.00    0.00 -100.00   77.94    0.00  -22.06  1.000
   9.890  4.155 -3.26    0.00    0.00 -100.00   68.56    0.00  -31.44 1.177E-04

   10.5890   9.8900  13.1000   4.1554   5.4507  0.11700E-03  0.00000E+00  0.11700E-03  0.80730E-04  0.00000E+00  0.80729E-04  0.00000E+00  0.10064E+01
 e,ep,th,sigb,sigqe=   10.59    9.90   13.10  0.0000E+00  0.1099E-03
  10.589 13.100  5.46    0.00    0.00 -100.00   77.92    0.00  -22.08  1.000
   9.900  4.220 -3.28    0.00    0.00 -100.00   68.53    0.00  -31.47 1.099E-04

   10.5890   9.9000  13.1000   4.2200   5.4563  0.10922E-03  0.00000E+00  0.10922E-03  0.75323E-04  0.00000E+00  0.75323E-04  0.00000E+00  0.10063E+01
 e,ep,th,sigb,sigqe=   10.59    9.91   13.10  0.0000E+00  0.1026E-03
  10.589 13.100  5.46    0.00    0.00 -100.00   77.90    0.00  -22.10  1.000
   9.910  4.286 -3.31    0.00    0.00 -100.00   68.51    0.00  -31.49 1.026E-04

   10.5890   9.9100  13.1000   4.2865   5.4618  0.10194E-03  0.00000E+00  0.10194E-03  0.70273E-04  0.00000E+00  0.70273E-04  0.00000E+00  0.10063E+01
 e,ep,th,sigb,sigqe=   10.59    9.92   13.10  0.0000E+00  0.9574E-04
  10.589 13.100  5.47    0.00    0.00 -100.00   77.87    0.00  -22.13  1.000
   9.920  4.355 -3.33    0.00    0.00 -100.00   68.48    0.00  -31.52 9.574E-05

   10.5890   9.9200  13.1000   4.3549   5.4673  0.95136E-04  0.00000E+00  0.95136E-04  0.65556E-04  0.00000E+00  0.65556E-04  0.00000E+00  0.10063E+01
 e,ep,th,sigb,sigqe=   10.59    9.93   13.10  0.0000E+00  0.8934E-04
  10.589 13.100  5.47    0.00    0.00 -100.00   77.85    0.00  -22.15  1.000
   9.930  4.425 -3.36    0.00    0.00 -100.00   68.45    0.00  -31.55 8.934E-05

   10.5890   9.9300  13.1000   4.4255   5.4728  0.88782E-04  0.00000E+00  0.88782E-04  0.61150E-04  0.00000E+00  0.61150E-04  0.00000E+00  0.10063E+01
 e,ep,th,sigb,sigqe=   10.59    9.94   13.10  0.0000E+00  0.8337E-04
  10.589 13.100  5.48    0.00    0.00 -100.00   77.83    0.00  -22.17  1.000
   9.940  4.498 -3.38    0.00    0.00 -100.00   68.41    0.00  -31.59 8.337E-05

   10.5890   9.9400  13.1000   4.4982   5.4783  0.82847E-04  0.00000E+00  0.82847E-04  0.57036E-04  0.00000E+00  0.57036E-04  0.00000E+00  0.10063E+01
 e,ep,th,sigb,sigqe=   10.59    9.95   13.10  0.0000E+00  0.7779E-04
  10.589 13.100  5.48    0.00    0.00 -100.00   77.80    0.00  -22.20  1.000
   9.950  4.573 -3.40    0.00    0.00 -100.00   68.38    0.00  -31.62 7.779E-05

   10.5890   9.9500  13.1000   4.5732   5.4838  0.77303E-04  0.00000E+00  0.77303E-04  0.53192E-04  0.00000E+00  0.53192E-04  0.00000E+00  0.10063E+01
 e,ep,th,sigb,sigqe=   10.59    9.96   13.10  0.0000E+00  0.7257E-04
  10.589 13.100  5.49    0.00    0.00 -100.00   77.77    0.00  -22.23  1.000
   9.960  4.651 -3.43    0.00    0.00 -100.00   68.35    0.00  -31.65 7.257E-05

   10.5890   9.9600  13.1000   4.6506   5.4893  0.72125E-04  0.00000E+00  0.72125E-04  0.49603E-04  0.00000E+00  0.49603E-04  0.00000E+00  0.10062E+01
 e,ep,th,sigb,sigqe=   10.59    9.97   13.10  0.0000E+00  0.6771E-04
  10.589 13.100  5.49    0.00    0.00 -100.00   77.74    0.00  -22.26  1.000
   9.970  4.730 -3.45    0.00    0.00 -100.00   68.31    0.00  -31.69 6.771E-05

   10.5890   9.9700  13.1000   4.7304   5.4948  0.67288E-04  0.00000E+00  0.67288E-04  0.46251E-04  0.00000E+00  0.46251E-04  0.00000E+00  0.10062E+01
 e,ep,th,sigb,sigqe=   10.59    9.98   13.10  0.0000E+00  0.6316E-04
  10.589 13.100  5.50    0.00    0.00 -100.00   77.71    0.00  -22.29  1.000
   9.980  4.813 -3.48    0.00    0.00 -100.00   68.27    0.00  -31.73 6.316E-05

   10.5890   9.9800  13.1000   4.8129   5.5003  0.62772E-04  0.00000E+00  0.62772E-04  0.43122E-04  0.00000E+00  0.43122E-04  0.00000E+00  0.10062E+01
 e,ep,th,sigb,sigqe=   10.59    9.99   13.10  0.0000E+00  0.5892E-04
  10.589 13.100  5.51    0.00    0.00 -100.00   77.68    0.00  -22.32  1.000
   9.990  4.898 -3.50    0.00    0.00 -100.00   68.23    0.00  -31.77 5.892E-05

   10.5890   9.9900  13.1000   4.8982   5.5059  0.58553E-04  0.00000E+00  0.58553E-04  0.40200E-04  0.00000E+00  0.40200E-04  0.00000E+00  0.10062E+01
 e,ep,th,sigb,sigqe=   10.59   10.00   13.10  0.0000E+00  0.5495E-04
  10.589 13.100  5.51    0.00    0.00 -100.00   77.65    0.00  -22.35  1.000
  10.000  4.986 -3.53    0.00    0.00 -100.00   68.19    0.00  -31.81 5.495E-05

   10.5890  10.0000  13.1000   4.9863   5.5114  0.54614E-04  0.00000E+00  0.54614E-04  0.37472E-04  0.00000E+00  0.37472E-04  0.00000E+00  0.10062E+01
 e,ep,th,sigb,sigqe=   10.59   10.01   13.10  0.0000E+00  0.5125E-04
  10.589 13.100  5.52    0.00    0.00 -100.00   77.61    0.00  -22.39  1.000
  10.010  5.078 -3.55    0.00    0.00 -100.00   68.15    0.00  -31.85 5.125E-05

   10.5890  10.0100  13.1000   5.0775   5.5169  0.50936E-04  0.00000E+00  0.50936E-04  0.34925E-04  0.00000E+00  0.34925E-04  0.00000E+00  0.10062E+01
 e,ep,th,sigb,sigqe=   10.59   10.02   13.10  0.0000E+00  0.4779E-04
  10.589 13.100  5.52    0.00    0.00 -100.00   77.57    0.00  -22.43  1.000
  10.020  5.172 -3.57    0.00    0.00 -100.00   68.10    0.00  -31.90 4.779E-05

   10.5890  10.0200  13.1000   5.1719   5.5224  0.47503E-04  0.00000E+00  0.47503E-04  0.32547E-04  0.00000E+00  0.32547E-04  0.00000E+00  0.10061E+01
 e,ep,th,sigb,sigqe=   10.59   10.03   13.10  0.0000E+00  0.4457E-04
  10.589 13.100  5.53    0.00    0.00 -100.00   77.53    0.00  -22.47  1.000
  10.030  5.270 -3.60    0.00    0.00 -100.00   68.05    0.00  -31.95 4.457E-05

   10.5890  10.0300  13.1000   5.2697   5.5279  0.44297E-04  0.00000E+00  0.44297E-04  0.30328E-04  0.00000E+00  0.30328E-04  0.00000E+00  0.10061E+01
 e,ep,th,sigb,sigqe=   10.59   10.04   13.10  0.0000E+00  0.4156E-04
  10.589 13.100  5.53    0.00    0.00 -100.00   77.49    0.00  -22.51  1.000
  10.040  5.371 -3.62    0.00    0.00 -100.00   67.99    0.00  -32.01 4.156E-05

   10.5890  10.0400  13.1000   5.3710   5.5334  0.41305E-04  0.00000E+00  0.41305E-04  0.28256E-04  0.00000E+00  0.28256E-04  0.00000E+00  0.10061E+01
 e,ep,th,sigb,sigqe=   10.59   10.05   13.10  0.0000E+00  0.3875E-04
  10.589 13.100  5.54    0.00    0.00 -100.00   77.44    0.00  -22.56  1.000
  10.050  5.476 -3.65    0.00    0.00 -100.00   67.94    0.00  -32.06 3.875E-05

   10.5890  10.0500  13.1000   5.4761   5.5389  0.38511E-04  0.00000E+00  0.38511E-04  0.26322E-04  0.00000E+00  0.26322E-04  0.00000E+00  0.10061E+01
 e,ep,th,sigb,sigqe=   10.59   10.06   13.10  0.0000E+00  0.3612E-04
  10.589 13.100  5.54    0.00    0.00 -100.00   77.39    0.00  -22.61  1.000
  10.060  5.585 -3.67    0.00    0.00 -100.00   67.87    0.00  -32.13 3.612E-05

   10.5890  10.0600  13.1000   5.5852   5.5444  0.35904E-04  0.00000E+00  0.35904E-04  0.24518E-04  0.00000E+00  0.24518E-04  0.00000E+00  0.10061E+01
 e,ep,th,sigb,sigqe=   10.59   10.07   13.10  0.0000E+00  0.3367E-04
  10.589 13.100  5.55    0.00    0.00 -100.00   77.34    0.00  -22.66  1.000
  10.070  5.698 -3.70    0.00    0.00 -100.00   67.81    0.00  -32.19 3.367E-05

   10.5890  10.0700  13.1000   5.6985   5.5499  0.33471E-04  0.00000E+00  0.33471E-04  0.22833E-04  0.00000E+00  0.22833E-04  0.00000E+00  0.10061E+01
 e,ep,th,sigb,sigqe=   10.59   10.08   13.10  0.0000E+00  0.3139E-04
  10.589 13.100  5.56    0.00    0.00 -100.00   77.28    0.00  -22.72  1.000
  10.080  5.816 -3.72    0.00    0.00 -100.00   67.74    0.00  -32.26 3.139E-05

   10.5890  10.0800  13.1000   5.8162   5.5555  0.31200E-04  0.00000E+00  0.31200E-04  0.21261E-04  0.00000E+00  0.21261E-04  0.00000E+00  0.10060E+01
 e,ep,th,sigb,sigqe=   10.59   10.09   13.10  0.0000E+00  0.2926E-04
  10.589 13.100  5.56    0.00    0.00 -100.00   77.22    0.00  -22.78  1.000
  10.090  5.939 -3.74    0.00    0.00 -100.00   67.66    0.00  -32.34 2.926E-05

   10.5890  10.0900  13.1000   5.9387   5.5610  0.29080E-04  0.00000E+00  0.29080E-04  0.19794E-04  0.00000E+00  0.19794E-04  0.00000E+00  0.10060E+01
 e,ep,th,sigb,sigqe=   10.59   10.10   13.10  0.0000E+00  0.2727E-04
  10.589 13.100  5.57    0.00    0.00 -100.00   77.15    0.00  -22.85  1.000
  10.100  6.066 -3.77    0.00    0.00 -100.00   67.57    0.00  -32.43 2.727E-05

   10.5890  10.1000  13.1000   6.0661   5.5665  0.27103E-04  0.00000E+00  0.27103E-04  0.18425E-04  0.00000E+00  0.18425E-04  0.00000E+00  0.10060E+01
 e,ep,th,sigb,sigqe=   10.59   10.11   13.10  0.0000E+00  0.2541E-04
  10.589 13.100  5.57    0.00    0.00 -100.00   77.08    0.00  -22.92  1.000
  10.110  6.199 -3.79    0.00    0.00 -100.00   67.48    0.00  -32.52 2.541E-05

   10.5890  10.1100  13.1000   6.1989   5.5720  0.25258E-04  0.00000E+00  0.25258E-04  0.17147E-04  0.00000E+00  0.17147E-04  0.00000E+00  0.10060E+01
 e,ep,th,sigb,sigqe=   10.59   10.12   13.10  0.0000E+00  0.2368E-04
  10.589 13.100  5.58    0.00    0.00 -100.00   77.00    0.00  -23.00  1.000
  10.120  6.337 -3.82    0.00    0.00 -100.00   67.38    0.00  -32.62 2.368E-05

   10.5890  10.1200  13.1000   6.3373   5.5775  0.23537E-04  0.00000E+00  0.23537E-04  0.15955E-04  0.00000E+00  0.15955E-04  0.00000E+00  0.10060E+01
 e,ep,th,sigb,sigqe=   10.59   10.13   13.10  0.0000E+00  0.2206E-04
  10.589 13.100  5.58    0.00    0.00 -100.00   76.91    0.00  -23.09  1.000
  10.130  6.482 -3.84    0.00    0.00 -100.00   67.27    0.00  -32.73 2.206E-05

   10.5890  10.1300  13.1000   6.4818   5.5830  0.21931E-04  0.00000E+00  0.21931E-04  0.14842E-04  0.00000E+00  0.14842E-04  0.00000E+00  0.10060E+01
 e,ep,th,sigb,sigqe=   10.59   10.14   13.10  0.0000E+00  0.2055E-04
  10.589 13.100  5.59    0.00    0.00 -100.00   76.82    0.00  -23.18  1.000
  10.140  6.633 -3.87    0.00    0.00 -100.00   67.15    0.00  -32.85 2.055E-05

   10.5890  10.1400  13.1000   6.6327   5.5885  0.20433E-04  0.00000E+00  0.20433E-04  0.13804E-04  0.00000E+00  0.13804E-04  0.00000E+00  0.10059E+01
 e,ep,th,sigb,sigqe=   10.59   10.15   13.10  0.0000E+00  0.1915E-04
  10.589 13.100  5.59    0.00    0.00 -100.00   76.71    0.00  -23.29  1.000
  10.150  6.790 -3.89    0.00    0.00 -100.00   67.02    0.00  -32.98 1.915E-05

   10.5890  10.1500  13.1000   6.7904   5.5940  0.19037E-04  0.00000E+00  0.19037E-04  0.12834E-04  0.00000E+00  0.12834E-04  0.00000E+00  0.10059E+01
 e,ep,th,sigb,sigqe=   10.59   10.16   13.10  0.0000E+00  0.1784E-04
  10.589 13.100  5.60    0.00    0.00 -100.00   76.60    0.00  -23.40  1.000
  10.160  6.956 -3.91    0.00    0.00 -100.00   66.88    0.00  -33.12 1.784E-05

   10.5890  10.1600  13.1000   6.9556   5.5996  0.17734E-04  0.00000E+00  0.17734E-04  0.11930E-04  0.00000E+00  0.11930E-04  0.00000E+00  0.10059E+01
 e,ep,th,sigb,sigqe=   10.59   10.17   13.10  0.0000E+00  0.1662E-04
  10.589 13.100  5.61    0.00    0.00 -100.00   76.47    0.00  -23.53  1.000
  10.170  7.129 -3.94    0.00    0.00 -100.00   66.72    0.00  -33.28 1.662E-05

   10.5890  10.1700  13.1000   7.1286   5.6051  0.16519E-04  0.00000E+00  0.16519E-04  0.11085E-04  0.00000E+00  0.11085E-04  0.00000E+00  0.10059E+01
 e,ep,th,sigb,sigqe=   10.59   10.18   13.10  0.0000E+00  0.1548E-04
  10.589 13.100  5.61    0.00    0.00 -100.00   76.32    0.00  -23.68  1.000
  10.180  7.310 -3.96    0.00    0.00 -100.00   66.53    0.00  -33.47 1.548E-05

   10.5890  10.1800  13.1000   7.3101   5.6106  0.15385E-04  0.00000E+00  0.15385E-04  0.10297E-04  0.00000E+00  0.10297E-04  0.00000E+00  0.10059E+01
 e,ep,th,sigb,sigqe=   10.59   10.19   13.10  0.0000E+00  0.1441E-04
  10.589 13.100  5.62    0.00    0.00 -100.00   76.16    0.00  -23.84  1.000
  10.190  7.501 -3.99    0.00    0.00 -100.00   66.33    0.00  -33.67 1.441E-05

   10.5890  10.1900  13.1000   7.5006   5.6161  0.14329E-04  0.00000E+00  0.14329E-04  0.95605E-05  0.00000E+00  0.95605E-05  0.00000E+00  0.10059E+01
 e,ep,th,sigb,sigqe=   10.59   10.20   13.10  0.0000E+00  0.1342E-04
  10.589 13.100  5.62    0.00    0.00 -100.00   75.98    0.00  -24.02  1.000
  10.200  7.701 -4.01    0.00    0.00 -100.00   66.10    0.00  -33.90 1.342E-05

   10.5890  10.2000  13.1000   7.7010   5.6216  0.13344E-04  0.00000E+00  0.13344E-04  0.88726E-05  0.00000E+00  0.88726E-05  0.00000E+00  0.10059E+01
 e,ep,th,sigb,sigqe=   10.59   10.21   13.10  0.0000E+00  0.1250E-04
  10.589 13.100  5.63    0.00    0.00 -100.00   75.77    0.00  -24.23  1.000
  10.210  7.912 -4.04    0.00    0.00 -100.00   65.85    0.00  -34.15 1.250E-05

   10.5890  10.2100  13.1000   7.9120   5.6271  0.12426E-04  0.00000E+00  0.12426E-04  0.82297E-05  0.00000E+00  0.82297E-05  0.00000E+00  0.10058E+01
 e,ep,th,sigb,sigqe=   10.59   10.22   13.10  0.0000E+00  0.1164E-04
  10.589 13.100  5.63    0.00    0.00 -100.00   75.54    0.00  -24.46  1.000
  10.220  8.134 -4.06    0.00    0.00 -100.00   65.55    0.00  -34.45 1.164E-05

   10.5890  10.2200  13.1000   8.1343   5.6326  0.11570E-04  0.00000E+00  0.11570E-04  0.76284E-05  0.00000E+00  0.76284E-05  0.00000E+00  0.10058E+01
 e,ep,th,sigb,sigqe=   10.59   10.23   13.10  0.0000E+00  0.1083E-04
  10.589 13.100  5.64    0.00    0.00 -100.00   75.26    0.00  -24.74  1.000
  10.230  8.369 -4.08    0.00    0.00 -100.00   65.22    0.00  -34.78 1.083E-05

   10.5890  10.2300  13.1000   8.3691   5.6381  0.10772E-04  0.00000E+00  0.10772E-04  0.70658E-05  0.00000E+00  0.70659E-05  0.00000E+00  0.10058E+01
 e,ep,th,sigb,sigqe=   10.59   10.24   13.10  0.0000E+00  0.1009E-04
  10.589 13.100  5.64    0.00    0.00 -100.00   74.95    0.00  -25.05  1.000
  10.240  8.617 -4.11    0.00    0.00 -100.00   64.83    0.00  -35.17 1.009E-05

   10.5890  10.2400  13.1000   8.6173   5.6436  0.10028E-04  0.00000E+00  0.10028E-04  0.65387E-05  0.00000E+00  0.65387E-05  0.00000E+00  0.10058E+01
 e,ep,th,sigb,sigqe=   10.59   10.25   13.10  0.0000E+00  0.9389E-05
  10.589 13.100  5.65    0.00    0.00 -100.00   74.59    0.00  -25.41  1.000
  10.250  8.880 -4.13    0.00    0.00 -100.00   64.38    0.00  -35.62 9.389E-06

   10.5890  10.2500  13.1000   8.8802   5.6492  0.93349E-05  0.00000E+00  0.93349E-05  0.60441E-05  0.00000E+00  0.60441E-05  0.00000E+00  0.10058E+01
 e,ep,th,sigb,sigqe=   10.59   10.26   13.10  0.0000E+00  0.8739E-05
  10.589 13.100  5.65    0.00    0.00 -100.00   74.15    0.00  -25.85  1.000
  10.260  9.159 -4.16    0.00    0.00 -100.00   63.84    0.00  -36.16 8.739E-06

   10.5890  10.2600  13.1000   9.1590   5.6547  0.86889E-05  0.00000E+00  0.86889E-05  0.55787E-05  0.00000E+00  0.55787E-05  0.00000E+00  0.10058E+01
 e,ep,th,sigb,sigqe=   10.59   10.27   13.10  0.0000E+00  0.8133E-05
  10.589 13.100  5.66    0.00    0.00 -100.00   73.63    0.00  -26.37  1.000
  10.270  9.455 -4.18    0.00    0.00 -100.00   63.19    0.00  -36.81 8.133E-06

   10.5890  10.2700  13.1000   9.4554   5.6602  0.80870E-05  0.00000E+00  0.80870E-05  0.51398E-05  0.00000E+00  0.51398E-05  0.00000E+00  0.10057E+01
 e,ep,th,sigb,sigqe=   10.59   10.28   13.10  0.0000E+00  0.7569E-05
  10.589 13.100  5.67    0.00    0.00 -100.00   72.99    0.00  -27.01  1.000
  10.280  9.771 -4.21    0.00    0.00 -100.00   62.40    0.00  -37.60 7.569E-06

   10.5890  10.2800  13.1000   9.7708   5.6657  0.75263E-05  0.00000E+00  0.75263E-05  0.47236E-05  0.00000E+00  0.47236E-05  0.00000E+00  0.10057E+01
 e,ep,th,sigb,sigqe=   10.59   10.29   13.10  0.0000E+00  0.7044E-05
  10.589 13.100  5.67    0.00    0.00 -100.00   72.18    0.00  -27.82  1.000
  10.290 10.107 -4.23    0.00    0.00 -100.00   61.42    0.00  -38.58 7.044E-06

   10.5890  10.2900  13.1000  10.1075   5.6712  0.70038E-05  0.00000E+00  0.70038E-05  0.43261E-05  0.00000E+00  0.43261E-05  0.00000E+00  0.10057E+01
 e,ep,th,sigb,sigqe=   10.59   10.30   13.10  0.0000E+00  0.6554E-05
  10.589 13.100  5.68    0.00    0.00 -100.00   71.12    0.00  -28.88  1.000
  10.300 10.467 -4.25    0.00    0.00 -100.00   60.13    0.00  -39.87 6.554E-06

   10.5890  10.3000  13.1000  10.4674   5.6767  0.65171E-05  0.00000E+00  0.65171E-05  0.39408E-05  0.00000E+00  0.39408E-05  0.00000E+00  0.10057E+01
 e,ep,th,sigb,sigqe=   10.59   10.31   13.10  0.0000E+00  0.6098E-05
  10.589 13.100  5.68    0.00    0.00 -100.00   69.64    0.00  -30.36  1.000
  10.310 10.853 -4.28    0.00    0.00 -100.00   58.34    0.00  -41.66 6.098E-06

   10.5890  10.3100  13.1000  10.8531   5.6822  0.60637E-05  0.00000E+00  0.60637E-05  0.35575E-05  0.00000E+00  0.35575E-05  0.00000E+00  0.10057E+01
 e,ep,th,sigb,sigqe=   10.59   10.32   13.10  0.0000E+00  0.5673E-05
  10.589 13.100  5.69    0.00    0.00 -100.00   67.72    0.00  -32.28  1.000
  10.320 11.267 -4.30    0.00    0.00 -100.00   55.92    0.00  -44.08 5.673E-06

   10.5890  10.3200  13.1000  11.2674   5.6877  0.56415E-05  0.00000E+00  0.56415E-05  0.31725E-05  0.00000E+00  0.31725E-05  0.00000E+00  0.10057E+01
 e,ep,th,sigb,sigqe=   10.59   10.33   13.10  0.0000E+00  0.5278E-05
  10.589 13.100  5.69    0.00    0.00 -100.00   66.93    0.00  -33.07  1.000
  10.330 11.714 -4.33    0.00    0.00 -100.00   54.80    0.00  -45.20 5.278E-06

   10.5890  10.3300  13.1000  11.7138   5.6932  0.52481E-05  0.00000E+00  0.52481E-05  0.28923E-05  0.00000E+00  0.28923E-05  0.00000E+00  0.10056E+01
 e,ep,th,sigb,sigqe=   10.59   10.34   13.10  0.0000E+00  0.0000E+00
  10.589 13.100  5.70    0.00    0.00    0.00    0.00    0.00    0.00  1.000
  10.340 12.196 -4.35    0.00    0.00    0.00    0.00    0.00    0.00 0.000E+00

   10.5890  10.3400  13.1000  12.1960   5.6988  0.00000E+00  0.00000E+00  0.00000E+00  0.00000E+00  0.00000E+00  0.00000E+00  0.00000E+00  0.10000E+01
 e,ep,th,sigb,sigqe=   10.59   10.35   13.10  0.0000E+00  0.0000E+00
  10.589 13.100  5.70    0.00    0.00    0.00    0.00    0.00    0.00  1.000
  10.350 12.719 -4.38    0.00    0.00    0.00    0.00    0.00    0.00 0.000E+00

   10.5890  10.3500  13.1000  12.7186   5.7043  0.00000E+00  0.00000E+00  0.00000E+00  0.00000E+00  0.00000E+00  0.00000E+00  0.00000E+00  0.10000E+01
 e,ep,th,sigb,sigqe=   10.59   10.36   13.10  0.0000E+00  0.0000E+00
  10.589 13.100  5.71    0.00    0.00    0.00    0.00    0.00    0.00  1.000
  10.360 13.287 -4.40    0.00    0.00    0.00    0.00    0.00    0.00 0.000E+00

   10.5890  10.3600  13.1000  13.2868   5.7098  0.00000E+00  0.00000E+00  0.00000E+00  0.00000E+00  0.00000E+00  0.00000E+00  0.00000E+00  0.10000E+01
 e,ep,th,sigb,sigqe=   10.59   10.37   13.10  0.0000E+00  0.0000E+00
  10.589 13.100  5.72    0.00    0.00    0.00    0.00    0.00    0.00  1.000
  10.370 13.907 -4.42    0.00    0.00    0.00    0.00    0.00    0.00 0.000E+00

   10.5890  10.3700  13.1000  13.9070   5.7153  0.00000E+00  0.00000E+00  0.00000E+00  0.00000E+00  0.00000E+00  0.00000E+00  0.00000E+00  0.10000E+01
 e,ep,th,sigb,sigqe=   10.59   10.38   13.10  0.0000E+00  0.0000E+00
  10.589 13.100  5.72    0.00    0.00    0.00    0.00    0.00    0.00  1.000
  10.380 14.586 -4.45    0.00    0.00    0.00    0.00    0.00    0.00 0.000E+00

   10.5890  10.3800  13.1000  14.5864   5.7208  0.00000E+00  0.00000E+00  0.00000E+00  0.00000E+00  0.00000E+00  0.00000E+00  0.00000E+00  0.10000E+01
 e,ep,th,sigb,sigqe=   10.59   10.39   13.10  0.0000E+00  0.0000E+00
  10.589 13.100  5.73    0.00    0.00    0.00    0.00    0.00    0.00  1.000
  10.390 15.334 -4.47    0.00    0.00    0.00    0.00    0.00    0.00 0.000E+00

   10.5890  10.3900  13.1000  15.3342   5.7263  0.00000E+00  0.00000E+00  0.00000E+00  0.00000E+00  0.00000E+00  0.00000E+00  0.00000E+00  0.10000E+01
 e,ep,th,sigb,sigqe=   10.59   10.40   13.10  0.0000E+00  0.0000E+00
  10.589 13.100  5.73    0.00    0.00    0.00    0.00    0.00    0.00  1.000
  10.400 16.161 -4.50    0.00    0.00    0.00    0.00    0.00    0.00 0.000E+00

   10.5890  10.4000  13.1000  16.1610   5.7318  0.00000E+00  0.00000E+00  0.00000E+00  0.00000E+00  0.00000E+00  0.00000E+00  0.00000E+00  0.10000E+01
 e,ep,th,sigb,sigqe=   10.59   10.41   13.10  0.0000E+00  0.0000E+00
  10.589 13.100  5.74    0.00    0.00    0.00    0.00    0.00    0.00  1.000
  10.410 17.080 -4.52    0.00    0.00    0.00    0.00    0.00    0.00 0.000E+00

   10.5890  10.4100  13.1000  17.0803   5.7373  0.00000E+00  0.00000E+00  0.00000E+00  0.00000E+00  0.00000E+00  0.00000E+00  0.00000E+00  0.10000E+01
 e,ep,th,sigb,sigqe=   10.59   10.42   13.10  0.0000E+00  0.0000E+00
  10.589 13.100  5.74    0.00    0.00    0.00    0.00    0.00    0.00  1.000
  10.420 18.108 -4.55    0.00    0.00    0.00    0.00    0.00    0.00 0.000E+00

   10.5890  10.4200  13.1000  18.1084   5.7428  0.00000E+00  0.00000E+00  0.00000E+00  0.00000E+00  0.00000E+00  0.00000E+00  0.00000E+00  0.10000E+01
 e,ep,th,sigb,sigqe=   10.59   10.43   13.10  0.0000E+00  0.0000E+00
  10.589 13.100  5.75    0.00    0.00    0.00    0.00    0.00    0.00  1.000
  10.430 19.266 -4.57    0.00    0.00    0.00    0.00    0.00    0.00 0.000E+00

   10.5890  10.4300  13.1000  19.2657   5.7484  0.00000E+00  0.00000E+00  0.00000E+00  0.00000E+00  0.00000E+00  0.00000E+00  0.00000E+00  0.10000E+01
 e,ep,th,sigb,sigqe=   10.59   10.44   13.10  0.0000E+00  0.0000E+00
  10.589 13.100  5.75    0.00    0.00    0.00    0.00    0.00    0.00  1.000
  10.440 20.578 -4.59    0.00    0.00    0.00    0.00    0.00    0.00 0.000E+00

   10.5890  10.4400  13.1000  20.5784   5.7539  0.00000E+00  0.00000E+00  0.00000E+00  0.00000E+00  0.00000E+00  0.00000E+00  0.00000E+00  0.10000E+01
 e,ep,th,sigb,sigqe=   10.59   10.45   13.10  0.0000E+00  0.0000E+00
  10.589 13.100  5.76    0.00    0.00    0.00    0.00    0.00    0.00  1.000
  10.450 22.080 -4.62    0.00    0.00    0.00    0.00    0.00    0.00 0.000E+00

   10.5890  10.4500  13.1000  22.0800   5.7594  0.00000E+00  0.00000E+00  0.00000E+00  0.00000E+00  0.00000E+00  0.00000E+00  0.00000E+00  0.10000E+01
 e,ep,th,sigb,sigqe=   10.59   10.46   13.10  0.0000E+00  0.0000E+00
  10.589 13.100  5.76    0.00    0.00    0.00    0.00    0.00    0.00  1.000
  10.460 23.814 -4.64    0.00    0.00    0.00    0.00    0.00    0.00 0.000E+00

   10.5890  10.4600  13.1000  23.8144   5.7649  0.00000E+00  0.00000E+00  0.00000E+00  0.00000E+00  0.00000E+00  0.00000E+00  0.00000E+00  0.10000E+01
 e,ep,th,sigb,sigqe=   10.59   10.47   13.10  0.0000E+00  0.0000E+00
  10.589 13.100  5.77    0.00    0.00    0.00    0.00    0.00    0.00  1.000
  10.470 25.840 -4.67    0.00    0.00    0.00    0.00    0.00    0.00 0.000E+00

   10.5890  10.4700  13.1000  25.8404   5.7704  0.00000E+00  0.00000E+00  0.00000E+00  0.00000E+00  0.00000E+00  0.00000E+00  0.00000E+00  0.10000E+01
 e,ep,th,sigb,sigqe=   10.59   10.48   13.10  0.0000E+00  0.0000E+00
  10.589 13.100  5.78    0.00    0.00    0.00    0.00    0.00    0.00  1.000
  10.480 28.238 -4.69    0.00    0.00    0.00    0.00    0.00    0.00 0.000E+00

   10.5890  10.4800  13.1000  28.2378   5.7759  0.00000E+00  0.00000E+00  0.00000E+00  0.00000E+00  0.00000E+00  0.00000E+00  0.00000E+00  0.10000E+01
 e,ep,th,sigb,sigqe=   10.59   10.49   13.10  0.0000E+00  0.0000E+00
  10.589 13.100  5.78    0.00    0.00    0.00    0.00    0.00    0.00  1.000
  10.490 31.120 -4.72    0.00    0.00    0.00    0.00    0.00    0.00 0.000E+00

   10.5890  10.4900  13.1000  31.1199   5.7814  0.00000E+00  0.00000E+00  0.00000E+00  0.00000E+00  0.00000E+00  0.00000E+00  0.00000E+00  0.10000E+01
 e,ep,th,sigb,sigqe=   10.59   10.50   13.10  0.0000E+00  0.0000E+00
  10.589 13.100  5.79    0.00    0.00    0.00    0.00    0.00    0.00  1.000
  10.500 34.650 -4.74    0.00    0.00    0.00    0.00    0.00    0.00 0.000E+00

   10.5890  10.5000  13.1000  34.6496   5.7869  0.00000E+00  0.00000E+00  0.00000E+00  0.00000E+00  0.00000E+00  0.00000E+00  0.00000E+00  0.10000E+01
 e,ep,th,sigb,sigqe=   10.59   10.51   13.10  0.0000E+00  0.0000E+00
  10.589 13.100  5.79    0.00    0.00    0.00    0.00    0.00    0.00  1.000
  10.510 39.073 -4.76    0.00    0.00    0.00    0.00    0.00    0.00 0.000E+00

   10.5890  10.5100  13.1000  39.0729   5.7924  0.00000E+00  0.00000E+00  0.00000E+00  0.00000E+00  0.00000E+00  0.00000E+00  0.00000E+00  0.10000E+01
 e,ep,th,sigb,sigqe=   10.59   10.52   13.10  0.0000E+00  0.0000E+00
  10.589 13.100  5.80    0.00    0.00    0.00    0.00    0.00    0.00  1.000
  10.520 44.778 -4.79    0.00    0.00    0.00    0.00    0.00    0.00 0.000E+00

   10.5890  10.5200  13.1000  44.7784   5.7980  0.00000E+00  0.00000E+00  0.00000E+00  0.00000E+00  0.00000E+00  0.00000E+00  0.00000E+00  0.10000E+01
 e,ep,th,sigb,sigqe=   10.59   10.53   13.10  0.0000E+00  0.0000E+00
  10.589 13.100  5.80    0.00    0.00    0.00    0.00    0.00    0.00  1.000
  10.530 52.417 -4.81    0.00    0.00    0.00    0.00    0.00    0.00 0.000E+00

   10.5890  10.5300  13.1000  52.4171   5.8035  0.00000E+00  0.00000E+00  0.00000E+00  0.00000E+00  0.00000E+00  0.00000E+00  0.00000E+00  0.10000E+01
 e,ep,th,sigb,sigqe=   10.59   10.54   13.10  0.0000E+00  0.0000E+00
  10.589 13.100  5.81    0.00    0.00    0.00    0.00    0.00    0.00  1.000
  10.540 63.175 -4.84    0.00    0.00    0.00    0.00    0.00    0.00 0.000E+00

   10.5890  10.5400  13.1000  63.1748   5.8090  0.00000E+00  0.00000E+00  0.00000E+00  0.00000E+00  0.00000E+00  0.00000E+00  0.00000E+00  0.10000E+01
 e,ep,th,sigb,sigqe=   10.59   10.55   13.10  0.0000E+00  0.0000E+00
  10.589 13.100  5.81    0.00    0.00    0.00    0.00    0.00    0.00  1.000
  10.550 79.449 -4.86    0.00    0.00    0.00    0.00    0.00    0.00 0.000E+00

   10.5890  10.5500  13.1000  79.4493   5.8145  0.00000E+00  0.00000E+00  0.00000E+00  0.00000E+00  0.00000E+00  0.00000E+00  0.00000E+00  0.10000E+01
 e,ep,th,sigb,sigqe=   10.59   10.56   13.10  0.0000E+00  0.0000E+00
  10.589 13.100  5.82    0.00    0.00    0.00    0.00    0.00    0.00  1.000
  10.560106.948 -4.89    0.00    0.00    0.00    0.00    0.00    0.00 0.000E+00

   10.5890  10.5600  13.1000 106.9481   5.8200  0.00000E+00  0.00000E+00  0.00000E+00  0.00000E+00  0.00000E+00  0.00000E+00  0.00000E+00  0.10000E+01
 e,ep,th,sigb,sigqe=   10.59   10.57   13.10  0.0000E+00  0.0000E+00
  10.589 13.100  5.83    0.00    0.00    0.00    0.00    0.00    0.00  1.000
  10.570163.387 -4.91    0.00    0.00    0.00    0.00    0.00    0.00 0.000E+00

   10.5890  10.5700  13.1000 163.3869   5.8255  0.00000E+00  0.00000E+00  0.00000E+00  0.00000E+00  0.00000E+00  0.00000E+00  0.00000E+00  0.10000E+01
 e,ep,th,sigb,sigqe=   10.59   10.58   13.10  0.0000E+00  0.0000E+00
  10.589 13.100  5.83    0.00    0.00    0.00    0.00    0.00    0.00  1.000
  10.580345.262 -4.93    0.00    0.00    0.00    0.00    0.00    0.00 0.000E+00

   10.5890  10.5800  13.1000 345.2620   5.8310  0.00000E+00  0.00000E+00  0.00000E+00  0.00000E+00  0.00000E+00  0.00000E+00  0.00000E+00  0.10000E+01
