 Enter the input file name (in INP directory)
 filename=INP/21degcarbon2017_part1.inp                                        
input files for EXTERNAL: runplan/target/output                         
RUNPLAN/10.6gev_21deg_part1.inp                                                 
TARG/targ.C15_2017                                                              
OUT/10.6gev_21deg_C15_part1_details.out                                         
 got here
 Reading parameters for Ioana's model
 Pauli suppression factors
  1.00 0.05 1.00 0.63 1.00 0.61 0.83 0.68 0.63 1.00 0.61 0.83
 Pauli suppression factors
  1.00 0.10 1.00 0.83 1.00 0.79 0.92 0.84 0.83 1.00 0.79 0.92
 Pauli suppression factors
  1.00 0.15 1.00 0.94 1.00 0.87 0.96 0.91 0.94 1.00 0.87 0.96
 Pauli suppression factors
  1.00 0.20 1.00 0.99 1.00 0.89 0.97 0.94 0.99 1.00 0.89 0.97
 Pauli suppression factors
  1.00 0.25 1.00 1.00 1.00 1.00 0.98 0.96 1.00 1.00 1.00 0.98
 Pauli suppression factors
  2.00 0.05 1.00 0.63 1.00 0.62 0.83 0.68 0.63 1.00 0.62 0.83
 Pauli suppression factors
  2.00 0.10 1.00 0.83 1.00 0.80 0.92 0.84 0.83 1.00 0.80 0.92
 Pauli suppression factors
  2.00 0.15 1.00 0.94 1.00 0.90 0.96 0.91 0.94 1.00 0.90 0.96
 Pauli suppression factors
  2.00 0.20 1.00 0.99 1.00 0.94 0.97 0.94 0.99 1.00 0.94 0.97
 Pauli suppression factors
  2.00 0.25 1.00 1.00 1.00 1.00 0.98 0.96 1.00 1.00 1.00 0.98
 Pauli suppression factors
  3.00 0.05 1.00 0.63 1.00 0.62 0.83 0.68 0.63 1.00 0.62 0.83
 Pauli suppression factors
  3.00 0.10 1.00 0.83 1.00 0.81 0.92 0.84 0.83 1.00 0.81 0.92
 Pauli suppression factors
  3.00 0.15 1.00 0.94 1.00 0.91 0.96 0.91 0.94 1.00 0.91 0.96
 Pauli suppression factors
  3.00 0.20 1.00 0.99 1.00 0.95 0.97 0.94 0.99 1.00 0.95 0.97
 Pauli suppression factors
  3.00 0.25 1.00 1.00 1.00 1.00 0.98 0.96 1.00 1.00 1.00 0.98
 Pauli suppression factors
  4.00 0.05 1.00 0.63 1.00 0.62 0.83 0.68 0.63 1.00 0.62 0.83
 Pauli suppression factors
  4.00 0.10 1.00 0.83 1.00 0.81 0.92 0.84 0.83 1.00 0.81 0.92
 Pauli suppression factors
  4.00 0.15 1.00 0.94 1.00 0.91 0.96 0.91 0.94 1.00 0.91 0.96
 Pauli suppression factors
  4.00 0.20 1.00 0.99 1.00 0.96 0.97 0.94 0.99 1.00 0.96 0.97
 Pauli suppression factors
  4.00 0.25 1.00 1.00 1.00 1.00 0.98 0.96 1.00 1.00 1.00 0.98
 Pauli suppression factors
  5.00 0.05 1.00 0.63 1.00 0.62 0.83 0.68 0.63 1.00 0.62 0.83
 Pauli suppression factors
  5.00 0.10 1.00 0.83 1.00 0.81 0.92 0.84 0.83 1.00 0.81 0.92
 Pauli suppression factors
  5.00 0.15 1.00 0.94 1.00 0.92 0.96 0.91 0.94 1.00 0.92 0.96
 Pauli suppression factors
  5.00 0.20 1.00 0.99 1.00 0.97 0.97 0.94 0.99 1.00 0.97 0.97
 Pauli suppression factors
  5.00 0.25 1.00 1.00 1.00 1.00 0.98 0.96 1.00 1.00 1.00 0.98
 e,ep,th,sigb,sigqe=   10.59    2.16   21.00  0.4202E+02  0.3004E-03
  10.589 21.000  3.04    6.48    6.23   20.96    5.47    0.15   26.58  0.878
   2.160  0.192 13.66    8.09    7.44   23.44    6.54    0.15   30.13 4.202E+01

   10.5890   2.1600  21.0000   0.1921   3.0383  0.41977E+02  0.41977E+02  0.30006E-03  0.54679E+02  0.63712E-01  0.27464E+01  0.51869E+02  0.10010E+01
 e,ep,th,sigb,sigqe=   10.59    2.17   21.00  0.4189E+02  0.3012E-03
  10.589 21.000  3.05    6.38    6.11   20.75    5.37    0.14   26.26  0.878
   2.170  0.193 13.63    7.96    7.30   23.17    6.41    0.15   29.73 4.189E+01

   10.5890   2.1700  21.0000   0.1932   3.0524  0.41849E+02  0.41848E+02  0.30092E-03  0.54343E+02  0.60780E-01  0.26841E+01  0.51598E+02  0.10010E+01
 e,ep,th,sigb,sigqe=   10.59    2.18   21.00  0.4176E+02  0.3021E-03
  10.589 21.000  3.07    6.28    5.99   20.54    5.26    0.14   25.94  0.878
   2.180  0.194 13.59    7.83    7.16   22.91    6.28    0.14   29.33 4.176E+01

   10.5890   2.1800  21.0000   0.1943   3.0665  0.41720E+02  0.41719E+02  0.30180E-03  0.54010E+02  0.57975E-01  0.26233E+01  0.51329E+02  0.10010E+01
 e,ep,th,sigb,sigqe=   10.59    2.19   21.00  0.4163E+02  0.3030E-03
  10.589 21.000  3.08    6.18    5.88   20.33    5.16    0.13   25.63  0.878
   2.190  0.195 13.56    7.70    7.02   22.64    6.16    0.13   28.94 4.163E+01

   10.5890   2.1900  21.0000   0.1954   3.0805  0.41591E+02  0.41591E+02  0.30271E-03  0.53679E+02  0.55291E-01  0.25641E+01  0.51060E+02  0.10010E+01
 e,ep,th,sigb,sigqe=   10.59    2.20   21.00  0.4150E+02  0.3040E-03
  10.589 21.000  3.09    6.09    5.77   20.13    5.06    0.13   25.32  0.878
   2.200  0.197 13.53    7.57    6.88   22.38    6.04    0.13   28.55 4.150E+01

   10.5890   2.2000  21.0000   0.1966   3.0946  0.41462E+02  0.41462E+02  0.30365E-03  0.53352E+02  0.52723E-01  0.25061E+01  0.50793E+02  0.10010E+01
 e,ep,th,sigb,sigqe=   10.59    2.21   21.00  0.4137E+02  0.3049E-03
  10.589 21.000  3.11    5.99    5.65   19.93    4.96    0.12   25.01  0.878
   2.210  0.198 13.50    7.45    6.75   22.12    5.92    0.12   28.16 4.137E+01

   10.5890   2.2100  21.0000   0.1977   3.1087  0.41333E+02  0.41333E+02  0.30461E-03  0.53028E+02  0.50266E-01  0.24496E+01  0.50528E+02  0.10010E+01
 e,ep,th,sigb,sigqe=   10.59    2.22   21.00  0.4125E+02  0.3059E-03
  10.589 21.000  3.12    5.90    5.55   19.72    4.87    0.12   24.71  0.877
   2.220  0.199 13.46    7.32    6.62   21.87    5.81    0.12   27.79 4.125E+01

   10.5890   2.2200  21.0000   0.1988   3.1227  0.41204E+02  0.41204E+02  0.30560E-03  0.52707E+02  0.47915E-01  0.23944E+01  0.50264E+02  0.10010E+01
 e,ep,th,sigb,sigqe=   10.59    2.23   21.00  0.4112E+02  0.3069E-03
  10.589 21.000  3.14    5.81    5.44   19.52    4.77    0.11   24.41  0.877
   2.230  0.200 13.43    7.20    6.49   21.61    5.69    0.11   27.41 4.112E+01

   10.5890   2.2300  21.0000   0.2000   3.1368  0.41075E+02  0.41074E+02  0.30662E-03  0.52388E+02  0.45667E-01  0.23405E+01  0.50002E+02  0.10010E+01
 e,ep,th,sigb,sigqe=   10.59    2.24   21.00  0.4099E+02  0.3080E-03
  10.589 21.000  3.15    5.72    5.34   19.32    4.68    0.11   24.11  0.877
   2.240  0.201 13.40    7.09    6.37   21.36    5.58    0.11   27.05 4.099E+01

   10.5890   2.2400  21.0000   0.2011   3.1509  0.40945E+02  0.40945E+02  0.30766E-03  0.52072E+02  0.43517E-01  0.22879E+01  0.49741E+02  0.10010E+01
 e,ep,th,sigb,sigqe=   10.59    2.25   21.00  0.4086E+02  0.3090E-03
  10.589 21.000  3.16    5.63    5.23   19.13    4.59    0.10   23.82  0.877
   2.250  0.202 13.36    6.97    6.24   21.11    5.47    0.10   26.68 4.086E+01

   10.5890   2.2500  21.0000   0.2022   3.1649  0.40816E+02  0.40815E+02  0.30872E-03  0.51759E+02  0.41462E-01  0.22365E+01  0.49481E+02  0.10010E+01
 e,ep,th,sigb,sigqe=   10.59    2.26   21.00  0.4073E+02  0.3101E-03
  10.589 21.000  3.18    5.54    5.13   18.93    4.50    0.10   23.53  0.877
   2.260  0.203 13.33    6.86    6.12   20.86    5.37    0.10   26.32 4.073E+01

   10.5890   2.2600  21.0000   0.2034   3.1790  0.40686E+02  0.40686E+02  0.30982E-03  0.51448E+02  0.39497E-01  0.21863E+01  0.49222E+02  0.10010E+01
 e,ep,th,sigb,sigqe=   10.59    2.27   21.00  0.4060E+02  0.3113E-03
  10.589 21.000  3.19    5.46    5.04   18.74    4.42    0.09   23.25  0.877
   2.270  0.205 13.30    6.75    6.01   20.61    5.26    0.09   25.97 4.060E+01

   10.5890   2.2700  21.0000   0.2045   3.1931  0.40556E+02  0.40556E+02  0.31094E-03  0.51140E+02  0.37618E-01  0.21373E+01  0.48965E+02  0.10010E+01
 e,ep,th,sigb,sigqe=   10.59    2.28   21.00  0.4047E+02  0.3124E-03
  10.589 21.000  3.21    5.37    4.94   18.54    4.33    0.09   22.96  0.877
   2.280  0.206 13.27    6.64    5.89   20.36    5.16    0.09   25.61 4.047E+01

   10.5890   2.2800  21.0000   0.2057   3.2071  0.40426E+02  0.40426E+02  0.31208E-03  0.50831E+02  0.35822E-01  0.20893E+01  0.48706E+02  0.10010E+01
 e,ep,th,sigb,sigqe=   10.59    2.29   21.00  0.4034E+02  0.3136E-03
  10.589 21.000  3.22    5.29    4.85   18.35    4.25    0.08   22.68  0.876
   2.290  0.207 13.23    6.53    5.78   20.11    5.06    0.08   25.26 4.034E+01

   10.5890   2.2900  21.0000   0.2068   3.2212  0.40296E+02  0.40296E+02  0.31325E-03  0.50529E+02  0.34106E-01  0.20425E+01  0.48452E+02  0.10010E+01
 e,ep,th,sigb,sigqe=   10.59    2.30   21.00  0.4021E+02  0.3148E-03
  10.589 21.000  3.24    5.21    4.76   18.16    4.17    0.08   22.41  0.876
   2.300  0.208 13.20    6.43    5.67   19.87    4.97    0.08   24.92 4.021E+01

   10.5890   2.3000  21.0000   0.2080   3.2353  0.40166E+02  0.40166E+02  0.31446E-03  0.50228E+02  0.32466E-01  0.19969E+01  0.48198E+02  0.10011E+01
 e,ep,th,sigb,sigqe=   10.59    2.31   21.00  0.4008E+02  0.3160E-03
  10.589 21.000  3.25    5.13    4.67   17.97    4.09    0.08   22.13  0.876
   2.310  0.209 13.17    6.33    5.56   19.63    4.87    0.08   24.58 4.008E+01

   10.5890   2.3100  21.0000   0.2091   3.2493  0.40036E+02  0.40036E+02  0.31568E-03  0.49929E+02  0.30899E-01  0.19525E+01  0.47945E+02  0.10011E+01
 e,ep,th,sigb,sigqe=   10.59    2.32   21.00  0.3995E+02  0.3173E-03
  10.589 21.000  3.26    5.05    4.58   17.78    4.01    0.07   21.86  0.876
   2.320  0.210 13.13    6.22    5.46   19.39    4.78    0.07   24.24 3.995E+01

   10.5890   2.3200  21.0000   0.2103   3.2634  0.39905E+02  0.39905E+02  0.31694E-03  0.49631E+02  0.29403E-01  0.19090E+01  0.47693E+02  0.10011E+01
 e,ep,th,sigb,sigqe=   10.59    2.33   21.00  0.3982E+02  0.3186E-03
  10.589 21.000  3.28    4.98    4.49   17.59    3.94    0.07   21.60  0.876
   2.330  0.211 13.10    6.13    5.35   19.15    4.69    0.07   23.91 3.982E+01

   10.5890   2.3300  21.0000   0.2115   3.2775  0.39774E+02  0.39774E+02  0.31822E-03  0.49337E+02  0.27974E-01  0.18665E+01  0.47442E+02  0.10011E+01
 e,ep,th,sigb,sigqe=   10.59    2.34   21.00  0.3968E+02  0.3199E-03
  10.589 21.000  3.29    4.90    4.41   17.41    3.86    0.07   21.34  0.876
   2.340  0.213 13.07    6.03    5.25   18.92    4.60    0.07   23.58 3.969E+01

   10.5890   2.3400  21.0000   0.2126   3.2915  0.39643E+02  0.39642E+02  0.31953E-03  0.49044E+02  0.26609E-01  0.18245E+01  0.47193E+02  0.10011E+01
 e,ep,th,sigb,sigqe=   10.59    2.35   21.00  0.3955E+02  0.3212E-03
  10.589 21.000  3.31    4.83    4.33   17.23    3.79    0.06   21.08  0.876
   2.350  0.214 13.04    5.93    5.15   18.69    4.51    0.06   23.26 3.955E+01

   10.5890   2.3500  21.0000   0.2138   3.3056  0.39511E+02  0.39511E+02  0.32087E-03  0.48755E+02  0.25305E-01  0.17839E+01  0.46946E+02  0.10011E+01
 e,ep,th,sigb,sigqe=   10.59    2.36   21.00  0.3942E+02  0.3226E-03
  10.589 21.000  3.32    4.76    4.25   17.05    3.72    0.06   20.82  0.875
   2.360  0.215 13.00    5.84    5.06   18.46    4.42    0.06   22.94 3.942E+01

   10.5890   2.3600  21.0000   0.2150   3.3197  0.39380E+02  0.39380E+02  0.32223E-03  0.48467E+02  0.24061E-01  0.17443E+01  0.46698E+02  0.10011E+01
 e,ep,th,sigb,sigqe=   10.59    2.37   21.00  0.3929E+02  0.3240E-03
  10.589 21.000  3.33    4.68    4.17   16.87    3.65    0.06   20.57  0.875
   2.370  0.216 12.97    5.75    4.96   18.23    4.34    0.06   22.62 3.929E+01

   10.5890   2.3700  21.0000   0.2161   3.3337  0.39249E+02  0.39248E+02  0.32363E-03  0.48180E+02  0.22874E-01  0.17055E+01  0.46452E+02  0.10011E+01
 e,ep,th,sigb,sigqe=   10.59    2.38   21.00  0.3916E+02  0.3254E-03
  10.589 21.000  3.35    4.61    4.09   16.69    3.58    0.06   20.32  0.875
   2.380  0.217 12.94    5.66    4.87   18.00    4.26    0.06   22.31 3.916E+01

   10.5890   2.3800  21.0000   0.2173   3.3478  0.39117E+02  0.39117E+02  0.32505E-03  0.47896E+02  0.21741E-01  0.16676E+01  0.46207E+02  0.10011E+01
 e,ep,th,sigb,sigqe=   10.59    2.39   21.00  0.3903E+02  0.3269E-03
  10.589 21.000  3.36    4.55    4.01   16.51    3.51    0.05   20.07  0.875
   2.390  0.219 12.90    5.57    4.78   17.77    4.18    0.05   22.00 3.903E+01

   10.5890   2.3900  21.0000   0.2185   3.3619  0.38985E+02  0.38985E+02  0.32650E-03  0.47614E+02  0.20659E-01  0.16306E+01  0.45963E+02  0.10011E+01
 e,ep,th,sigb,sigqe=   10.59    2.40   21.00  0.3890E+02  0.3283E-03
  10.589 21.000  3.38    4.48    3.94   16.33    3.44    0.05   19.83  0.875
   2.400  0.220 12.87    5.48    4.69   17.54    4.10    0.05   21.69 3.890E+01

   10.5890   2.4000  21.0000   0.2197   3.3759  0.38853E+02  0.38852E+02  0.32798E-03  0.47334E+02  0.19627E-01  0.15944E+01  0.45719E+02  0.10011E+01
 e,ep,th,sigb,sigqe=   10.59    2.41   21.00  0.3876E+02  0.3299E-03
  10.589 21.000  3.39    4.41    3.87   16.16    3.38    0.05   19.58  0.875
   2.410  0.221 12.84    5.40    4.60   17.32    4.02    0.05   21.39 3.876E+01

   10.5890   2.4100  21.0000   0.2209   3.3900  0.38720E+02  0.38720E+02  0.32950E-03  0.47055E+02  0.18643E-01  0.15591E+01  0.45477E+02  0.10011E+01
 e,ep,th,sigb,sigqe=   10.59    2.42   21.00  0.3863E+02  0.3314E-03
  10.589 21.000  3.40    4.35    3.79   15.98    3.32    0.05   19.34  0.875
   2.420  0.222 12.81    5.31    4.51   17.10    3.95    0.05   21.09 3.863E+01

   10.5890   2.4200  21.0000   0.2221   3.4041  0.38588E+02  0.38588E+02  0.33104E-03  0.46778E+02  0.17705E-01  0.15247E+01  0.45236E+02  0.10011E+01
 e,ep,th,sigb,sigqe=   10.59    2.43   21.00  0.3850E+02  0.3330E-03
  10.589 21.000  3.42    4.28    3.72   15.81    3.26    0.04   19.11  0.874
   2.430  0.223 12.77    5.23    4.43   16.88    3.87    0.04   20.79 3.850E+01

   10.5890   2.4300  21.0000   0.2232   3.4181  0.38455E+02  0.38455E+02  0.33261E-03  0.46503E+02  0.16810E-01  0.14909E+01  0.44995E+02  0.10011E+01
 e,ep,th,sigb,sigqe=   10.59    2.44   21.00  0.3836E+02  0.3346E-03
  10.589 21.000  3.43    4.22    3.66   15.64    3.20    0.04   18.87  0.874
   2.440  0.224 12.74    5.15    4.35   16.66    3.80    0.04   20.50 3.837E+01

   10.5890   2.4400  21.0000   0.2244   3.4322  0.38322E+02  0.38322E+02  0.33421E-03  0.46230E+02  0.15957E-01  0.14581E+01  0.44756E+02  0.10011E+01
 e,ep,th,sigb,sigqe=   10.59    2.45   21.00  0.3823E+02  0.3362E-03
  10.589 21.000  3.45    4.16    3.59   15.46    3.14    0.04   18.64  0.874
   2.450  0.226 12.71    5.07    4.27   16.44    3.73    0.04   20.21 3.823E+01

   10.5890   2.4500  21.0000   0.2256   3.4463  0.38190E+02  0.38189E+02  0.33584E-03  0.45959E+02  0.15144E-01  0.14259E+01  0.44518E+02  0.10011E+01
 e,ep,th,sigb,sigqe=   10.59    2.46   21.00  0.3810E+02  0.3379E-03
  10.589 21.000  3.46    4.10    3.52   15.30    3.08    0.04   18.41  0.874
   2.460  0.227 12.67    4.99    4.19   16.23    3.66    0.04   19.92 3.810E+01

   10.5890   2.4600  21.0000   0.2268   3.4603  0.38057E+02  0.38056E+02  0.33750E-03  0.45690E+02  0.14370E-01  0.13945E+01  0.44281E+02  0.10011E+01
 e,ep,th,sigb,sigqe=   10.59    2.47   21.00  0.3797E+02  0.3396E-03
  10.589 21.000  3.47    4.04    3.46   15.13    3.02    0.04   18.19  0.874
   2.470  0.228 12.64    4.92    4.11   16.01    3.59    0.04   19.64 3.797E+01

   10.5890   2.4700  21.0000   0.2280   3.4744  0.37923E+02  0.37923E+02  0.33919E-03  0.45423E+02  0.13631E-01  0.13638E+01  0.44045E+02  0.10011E+01
 e,ep,th,sigb,sigqe=   10.59    2.48   21.00  0.3783E+02  0.3413E-03
  10.589 21.000  3.49    3.98    3.39   14.96    2.97    0.03   17.96  0.874
   2.480  0.229 12.61    4.84    4.04   15.80    3.53    0.03   19.36 3.783E+01

   10.5890   2.4800  21.0000   0.2292   3.4885  0.37790E+02  0.37790E+02  0.34092E-03  0.45157E+02  0.12928E-01  0.13337E+01  0.43810E+02  0.10011E+01
 e,ep,th,sigb,sigqe=   10.59    2.49   21.00  0.3770E+02  0.3431E-03
  10.589 21.000  3.50    3.92    3.33   14.80    2.91    0.03   17.74  0.874
   2.490  0.230 12.58    4.77    3.96   15.59    3.46    0.03   19.08 3.770E+01

   10.5890   2.4900  21.0000   0.2305   3.5025  0.37657E+02  0.37656E+02  0.34267E-03  0.44893E+02  0.12259E-01  0.13044E+01  0.43576E+02  0.10011E+01
 e,ep,th,sigb,sigqe=   10.59    2.50   21.00  0.3757E+02  0.3449E-03
  10.589 21.000  3.52    3.87    3.27   14.63    2.86    0.03   17.52  0.873
   2.500  0.232 12.54    4.69    3.89   15.38    3.40    0.03   18.81 3.757E+01

   10.5890   2.5000  21.0000   0.2317   3.5166  0.37523E+02  0.37522E+02  0.34446E-03  0.44631E+02  0.11621E-01  0.12758E+01  0.43343E+02  0.10011E+01
 e,ep,th,sigb,sigqe=   10.59    2.51   21.00  0.3743E+02  0.3467E-03
  10.589 21.000  3.53    3.81    3.21   14.47    2.81    0.03   17.30  0.873
   2.510  0.233 12.51    4.62    3.82   15.17    3.33    0.03   18.53 3.743E+01

   10.5890   2.5100  21.0000   0.2329   3.5307  0.37389E+02  0.37388E+02  0.34628E-03  0.44369E+02  0.11015E-01  0.12478E+01  0.43111E+02  0.10012E+01
 e,ep,th,sigb,sigqe=   10.59    2.52   21.00  0.3730E+02  0.3485E-03
  10.589 21.000  3.54    3.76    3.15   14.31    2.75    0.03   17.09  0.873
   2.520  0.234 12.48    4.55    3.75   14.97    3.27    0.03   18.27 3.730E+01

   10.5890   2.5200  21.0000   0.2341   3.5447  0.37254E+02  0.37254E+02  0.34813E-03  0.44110E+02  0.10437E-01  0.12205E+01  0.42880E+02  0.10012E+01
 e,ep,th,sigb,sigqe=   10.59    2.53   21.00  0.3716E+02  0.3504E-03
  10.589 21.000  3.56    3.70    3.10   14.15    2.70    0.03   16.88  0.873
   2.530  0.235 12.44    4.48    3.68   14.76    3.21    0.03   18.00 3.716E+01

   10.5890   2.5300  21.0000   0.2353   3.5588  0.37119E+02  0.37119E+02  0.35001E-03  0.43852E+02  0.98869E-02  0.11938E+01  0.42648E+02  0.10012E+01
 e,ep,th,sigb,sigqe=   10.59    2.54   21.00  0.3703E+02  0.3523E-03
  10.589 21.000  3.57    3.65    3.04   13.99    2.66    0.03   16.67  0.873
   2.540  0.237 12.41    4.42    3.61   14.56    3.15    0.03   17.74 3.703E+01

   10.5890   2.5400  21.0000   0.2365   3.5728  0.36983E+02  0.36983E+02  0.35193E-03  0.43596E+02  0.93640E-02  0.11677E+01  0.42418E+02  0.10012E+01
 e,ep,th,sigb,sigqe=   10.59    2.55   21.00  0.3689E+02  0.3543E-03
  10.589 21.000  3.59    3.60    2.99   13.83    2.61    0.02   16.46  0.873
   2.550  0.238 12.38    4.35    3.55   14.36    3.10    0.02   17.48 3.689E+01

   10.5890   2.5500  21.0000   0.2378   3.5869  0.36848E+02  0.36848E+02  0.35388E-03  0.43340E+02  0.88666E-02  0.11423E+01  0.42189E+02  0.10012E+01
 e,ep,th,sigb,sigqe=   10.59    2.56   21.00  0.3676E+02  0.3563E-03
  10.589 21.000  3.60    3.55    2.93   13.68    2.56    0.02   16.26  0.873
   2.560  0.239 12.35    4.29    3.48   14.16    3.04    0.02   17.22 3.676E+01

   10.5890   2.5600  21.0000   0.2390   3.6010  0.36713E+02  0.36712E+02  0.35587E-03  0.43087E+02  0.83937E-02  0.11174E+01  0.41961E+02  0.10012E+01
 e,ep,th,sigb,sigqe=   10.59    2.57   21.00  0.3662E+02  0.3583E-03
  10.589 21.000  3.62    3.50    2.88   13.52    2.51    0.01   16.04  0.873
   2.570  0.240 12.31    4.22    3.42   13.96    2.99    0.02   16.97 3.662E+01

   10.5890   2.5700  21.0000   0.2402   3.6150  0.36577E+02  0.36577E+02  0.35789E-03  0.42835E+02  0.79441E-02  0.10932E+01  0.41734E+02  0.10012E+01
 e,ep,th,sigb,sigqe=   10.59    2.58   21.00  0.3648E+02  0.3604E-03
  10.589 21.000  3.63    3.45    2.83   13.37    2.47    0.02   15.86  0.872
   2.580  0.241 12.28    4.16    3.36   13.77    2.93    0.02   16.72 3.648E+01

   10.5890   2.5800  21.0000   0.2415   3.6291  0.36441E+02  0.36441E+02  0.35995E-03  0.42585E+02  0.75167E-02  0.10692E+01  0.41508E+02  0.10012E+01
 e,ep,th,sigb,sigqe=   10.59    2.59   21.00  0.3635E+02  0.3625E-03
  10.589 21.000  3.64    3.40    2.78   13.21    2.42    0.02   15.66  0.872
   2.590  0.243 12.25    4.10    3.30   13.57    2.88    0.02   16.47 3.635E+01

   10.5890   2.5900  21.0000   0.2427   3.6432  0.36306E+02  0.36305E+02  0.36204E-03  0.42335E+02  0.71107E-02  0.10459E+01  0.41282E+02  0.10012E+01
 e,ep,th,sigb,sigqe=   10.59    2.60   21.00  0.3621E+02  0.3646E-03
  10.589 21.000  3.66    3.35    2.73   13.06    2.38    0.02   15.46  0.872
   2.600  0.244 12.21    4.04    3.24   13.38    2.83    0.02   16.22 3.621E+01

   10.5890   2.6000  21.0000   0.2439   3.6572  0.36170E+02  0.36169E+02  0.36416E-03  0.42088E+02  0.67249E-02  0.10232E+01  0.41058E+02  0.10012E+01
 e,ep,th,sigb,sigqe=   10.59    2.61   21.00  0.3608E+02  0.3668E-03
  10.589 21.000  3.67    3.31    2.68   12.91    2.34    0.02   15.27  0.872
   2.610  0.245 12.18    3.98    3.18   13.19    2.77    0.02   15.98 3.608E+01

   10.5890   2.6100  21.0000   0.2452   3.6713  0.36034E+02  0.36033E+02  0.36632E-03  0.41842E+02  0.63586E-02  0.10010E+01  0.40835E+02  0.10012E+01
 e,ep,th,sigb,sigqe=   10.59    2.62   21.00  0.3594E+02  0.3690E-03
  10.589 21.000  3.69    3.26    2.63   12.76    2.30    0.02   15.08  0.872
   2.620  0.246 12.15    3.92    3.13   13.00    2.72    0.02   15.74 3.594E+01

   10.5890   2.6200  21.0000   0.2464   3.6854  0.35898E+02  0.35897E+02  0.36852E-03  0.41598E+02  0.60107E-02  0.97929E+00  0.40612E+02  0.10012E+01
 e,ep,th,sigb,sigqe=   10.59    2.63   21.00  0.3580E+02  0.3712E-03
  10.589 21.000  3.70    3.21    2.59   12.61    2.26    0.02   14.89  0.872
   2.630  0.248 12.12    3.86    3.07   12.81    2.68    0.02   15.50 3.580E+01

   10.5890   2.6300  21.0000   0.2477   3.6994  0.35761E+02  0.35761E+02  0.37076E-03  0.41354E+02  0.56805E-02  0.95810E+00  0.40390E+02  0.10012E+01
 e,ep,th,sigb,sigqe=   10.59    2.64   21.00  0.3567E+02  0.3735E-03
  10.589 21.000  3.71    3.17    2.54   12.47    2.22    0.01   14.70  0.872
   2.640  0.249 12.08    3.81    3.02   12.62    2.63    0.02   15.26 3.567E+01

   10.5890   2.6400  21.0000   0.2489   3.7135  0.35625E+02  0.35624E+02  0.37303E-03  0.41112E+02  0.53671E-02  0.93771E+00  0.40169E+02  0.10012E+01
 e,ep,th,sigb,sigqe=   10.59    2.65   21.00  0.3553E+02  0.3758E-03
  10.589 21.000  3.73    3.11    2.50   12.32    2.18    0.01   14.51  0.872
   2.650  0.250 12.05    3.74    2.96   12.43    2.58    0.01   15.03 3.553E+01

   10.5890   2.6500  21.0000   0.2502   3.7276  0.35488E+02  0.35487E+02  0.37534E-03  0.40871E+02  0.50698E-02  0.91746E+00  0.39948E+02  0.10012E+01
 e,ep,th,sigb,sigqe=   10.59    2.66   21.00  0.3539E+02  0.3782E-03
  10.589 21.000  3.74    3.08    2.45   12.17    2.14    0.01   14.33  0.872
   2.660  0.251 12.02    3.70    2.91   12.24    2.54    0.01   14.79 3.539E+01

   10.5890   2.6600  21.0000   0.2515   3.7416  0.35350E+02  0.35350E+02  0.37768E-03  0.40631E+02  0.47878E-02  0.89753E+00  0.39728E+02  0.10012E+01
 e,ep,th,sigb,sigqe=   10.59    2.67   21.00  0.3526E+02  0.3805E-03
  10.589 21.000  3.76    3.04    2.41   12.03    2.11    0.01   14.16  0.878
   2.670  0.253 11.99    3.64    2.86   12.06    2.50    0.01   14.57 3.526E+01

   10.5890   2.6700  21.0000   0.2527   3.7557  0.35213E+02  0.35212E+02  0.38007E-03  0.40393E+02  0.45204E-02  0.87988E+00  0.39509E+02  0.10012E+01
 e,ep,th,sigb,sigqe=   10.59    2.68   21.00  0.3512E+02  0.3830E-03
  10.589 21.000  3.77    3.00    2.37   11.89    2.06    0.01   13.96  0.871
   2.680  0.254 11.95    3.59    2.81   11.88    2.45    0.01   14.34 3.512E+01

   10.5890   2.6800  21.0000   0.2540   3.7698  0.35075E+02  0.35074E+02  0.38249E-03  0.40154E+02  0.42669E-02  0.85933E+00  0.39291E+02  0.10013E+01
 e,ep,th,sigb,sigqe=   10.59    2.69   21.00  0.3498E+02  0.3854E-03
  10.589 21.000  3.78    2.96    2.33   11.75    2.03    0.01   13.79  0.871
   2.690  0.255 11.92    3.54    2.76   11.70    2.40    0.01   14.11 3.498E+01

   10.5890   2.6900  21.0000   0.2553   3.7838  0.34937E+02  0.34936E+02  0.38496E-03  0.39918E+02  0.40266E-02  0.84085E+00  0.39073E+02  0.10013E+01
 e,ep,th,sigb,sigqe=   10.59    2.70   21.00  0.3484E+02  0.3880E-03
  10.589 21.000  3.80    2.92    2.29   11.61    1.99    0.01   13.61  0.871
   2.700  0.257 11.89    3.49    2.71   11.52    2.36    0.01   13.89 3.484E+01

   10.5890   2.7000  21.0000   0.2565   3.7979  0.34799E+02  0.34798E+02  0.38746E-03  0.39683E+02  0.37990E-02  0.82279E+00  0.38857E+02  0.10013E+01
 e,ep,th,sigb,sigqe=   10.59    2.71   21.00  0.3470E+02  0.3905E-03
  10.589 21.000  3.81    2.88    2.25   11.47    1.96    0.01   13.44  0.871
   2.710  0.258 11.85    3.44    2.66   11.34    2.32    0.01   13.67 3.470E+01

   10.5890   2.7100  21.0000   0.2578   3.8120  0.34661E+02  0.34660E+02  0.39001E-03  0.39450E+02  0.35835E-02  0.80514E+00  0.38641E+02  0.10013E+01
 e,ep,th,sigb,sigqe=   10.59    2.72   21.00  0.3457E+02  0.3931E-03
  10.589 21.000  3.83    2.84    2.21   11.33    1.92    0.01   13.26  0.871
   2.720  0.259 11.82    3.39    2.62   11.17    2.28    0.01   13.45 3.457E+01

   10.5890   2.7200  21.0000   0.2591   3.8260  0.34522E+02  0.34522E+02  0.39259E-03  0.39217E+02  0.33793E-02  0.78790E+00  0.38426E+02  0.10013E+01
 e,ep,th,sigb,sigqe=   10.59    2.73   21.00  0.3443E+02  0.3957E-03
  10.589 21.000  3.84    2.80    2.17   11.19    1.89    0.01   13.09  0.871
   2.730  0.260 11.79    3.34    2.57   10.99    2.24    0.01   13.24 3.443E+01

   10.5890   2.7300  21.0000   0.2604   3.8401  0.34384E+02  0.34383E+02  0.39522E-03  0.38986E+02  0.31861E-02  0.77105E+00  0.38212E+02  0.10013E+01
 e,ep,th,sigb,sigqe=   10.59    2.74   21.00  0.3429E+02  0.3984E-03
  10.589 21.000  3.85    2.76    2.13   11.06    1.86    0.01   12.92  0.871
   2.740  0.262 11.76    3.29    2.53   10.82    2.20    0.01   13.03 3.429E+01

   10.5890   2.7400  21.0000   0.2617   3.8542  0.34245E+02  0.34245E+02  0.39789E-03  0.38756E+02  0.30033E-02  0.75477E+00  0.37998E+02  0.10013E+01
 e,ep,th,sigb,sigqe=   10.59    2.75   21.00  0.3415E+02  0.4011E-03
  10.589 21.000  3.87    2.73    2.10   10.92    1.83    0.01   12.75  0.871
   2.750  0.263 11.72    3.25    2.48   10.64    2.16    0.01   12.81 3.415E+01

   10.5890   2.7500  21.0000   0.2630   3.8682  0.34106E+02  0.34106E+02  0.40060E-03  0.38526E+02  0.28303E-02  0.73868E+00  0.37784E+02  0.10013E+01
 e,ep,th,sigb,sigqe=   10.59    2.76   21.00  0.3401E+02  0.4039E-03
  10.589 21.000  3.88    2.69    2.06   10.78    1.79    0.01   12.58  0.871
   2.760  0.264 11.69    3.20    2.44   10.47    2.13    0.01   12.60 3.401E+01

   10.5890   2.7600  21.0000   0.2643   3.8823  0.33968E+02  0.33967E+02  0.40335E-03  0.38298E+02  0.26668E-02  0.72297E+00  0.37572E+02  0.10013E+01
 e,ep,th,sigb,sigqe=   10.59    2.77   21.00  0.3387E+02  0.4067E-03
  10.589 21.000  3.90    2.65    2.02   10.65    1.76    0.01   12.42  0.871
   2.770  0.266 11.66    3.16    2.40   10.30    2.09    0.01   12.39 3.387E+01

   10.5890   2.7700  21.0000   0.2656   3.8964  0.33829E+02  0.33828E+02  0.40615E-03  0.38071E+02  0.25121E-02  0.70761E+00  0.37361E+02  0.10013E+01
 e,ep,th,sigb,sigqe=   10.59    2.78   21.00  0.3373E+02  0.4095E-03
  10.589 21.000  3.91    2.62    1.99   10.52    1.73    0.01   12.26  0.871
   2.780  0.267 11.62    3.11    2.36   10.13    2.05    0.01   12.19 3.373E+01

   10.5890   2.7800  21.0000   0.2669   3.9104  0.33690E+02  0.33689E+02  0.40899E-03  0.37844E+02  0.23661E-02  0.69256E+00  0.37150E+02  0.10013E+01
 e,ep,th,sigb,sigqe=   10.59    2.79   21.00  0.3359E+02  0.4124E-03
  10.589 21.000  3.92    2.59    1.96   10.38    1.70    0.01   12.09  0.871
   2.790  0.268 11.59    3.07    2.32    9.95    2.02    0.01   11.98 3.359E+01

   10.5890   2.7900  21.0000   0.2682   3.9245  0.33550E+02  0.33550E+02  0.41188E-03  0.37619E+02  0.22280E-02  0.67780E+00  0.36939E+02  0.10013E+01
 e,ep,th,sigb,sigqe=   10.59    2.80   21.00  0.3345E+02  0.4154E-03
  10.589 21.000  3.94    2.55    1.92   10.25    1.67    0.01   11.93  0.871
   2.800  0.269 11.56    3.03    2.28    9.79    1.98    0.01   11.78 3.345E+01

   10.5890   2.8000  21.0000   0.2695   3.9386  0.33411E+02  0.33410E+02  0.41481E-03  0.37395E+02  0.20976E-02  0.66344E+00  0.36729E+02  0.10013E+01
 e,ep,th,sigb,sigqe=   10.59    2.81   21.00  0.3331E+02  0.4183E-03
  10.589 21.000  3.95    2.52    1.89   10.12    1.65    0.01   11.77  0.871
   2.810  0.271 11.53    2.99    2.24    9.62    1.95    0.01   11.58 3.332E+01

   10.5890   2.8100  21.0000   0.2708   3.9526  0.33271E+02  0.33270E+02  0.41779E-03  0.37172E+02  0.19745E-02  0.64938E+00  0.36520E+02  0.10013E+01
 e,ep,th,sigb,sigqe=   10.59    2.82   21.00  0.3317E+02  0.4214E-03
  10.589 21.000  3.97    2.48    1.86    9.99    1.62    0.01   11.62  0.871
   2.820  0.272 11.49    2.94    2.20    9.46    1.92    0.01   11.38 3.317E+01

   10.5890   2.8200  21.0000   0.2721   3.9667  0.33131E+02  0.33130E+02  0.42081E-03  0.36949E+02  0.18584E-02  0.63564E+00  0.36312E+02  0.10013E+01
 e,ep,th,sigb,sigqe=   10.59    2.83   21.00  0.3303E+02  0.4244E-03
  10.589 21.000  3.98    2.45    1.83    9.86    1.59    0.01   11.46  0.871
   2.830  0.273 11.46    2.90    2.16    9.29    1.88    0.01   11.18 3.303E+01

   10.5890   2.8300  21.0000   0.2734   3.9808  0.32990E+02  0.32990E+02  0.42388E-03  0.36728E+02  0.17488E-02  0.62222E+00  0.36104E+02  0.10013E+01
 e,ep,th,sigb,sigqe=   10.59    2.84   21.00  0.3289E+02  0.4276E-03
  10.589 21.000  3.99    2.42    1.80    9.74    1.56    0.00   11.31  0.871
   2.840  0.275 11.43    2.86    2.13    9.13    1.85    0.01   10.99 3.289E+01

   10.5890   2.8400  21.0000   0.2747   3.9948  0.32850E+02  0.32850E+02  0.42700E-03  0.36508E+02  0.16454E-02  0.60907E+00  0.35897E+02  0.10013E+01
 e,ep,th,sigb,sigqe=   10.59    2.85   21.00  0.3275E+02  0.4307E-03
  10.589 21.000  4.01    2.39    1.77    9.61    1.54    0.00   11.15  0.871
   2.850  0.276 11.39    2.82    2.09    8.97    1.82    0.00   10.79 3.275E+01

   10.5890   2.8500  21.0000   0.2760   4.0089  0.32710E+02  0.32709E+02  0.43017E-03  0.36289E+02  0.15479E-02  0.59624E+00  0.35691E+02  0.10014E+01
 e,ep,th,sigb,sigqe=   10.59    2.86   21.00  0.3261E+02  0.4340E-03
  10.589 21.000  4.02    2.36    1.74    9.49    1.51    0.00   11.00  0.871
   2.860  0.277 11.36    2.79    2.06    8.81    1.79    0.00   10.60 3.261E+01

   10.5890   2.8600  21.0000   0.2774   4.0230  0.32569E+02  0.32569E+02  0.43338E-03  0.36071E+02  0.14561E-02  0.58369E+00  0.35486E+02  0.10014E+01
 e,ep,th,sigb,sigqe=   10.59    2.87   21.00  0.3247E+02  0.4372E-03
  10.589 21.000  4.04    2.33    1.71    9.36    1.49    0.00   10.85  0.870
   2.870  0.279 11.33    2.75    2.02    8.65    1.76    0.00   10.41 3.247E+01

   10.5890   2.8700  21.0000   0.2787   4.0370  0.32429E+02  0.32428E+02  0.43665E-03  0.35854E+02  0.13696E-02  0.57140E+00  0.35282E+02  0.10014E+01
 e,ep,th,sigb,sigqe=   10.59    2.88   21.00  0.3233E+02  0.4406E-03
  10.589 21.000  4.05    2.30    1.68    9.24    1.46    0.00   10.70  0.870
   2.880  0.280 11.30    2.71    1.99    8.49    1.73    0.00   10.22 3.233E+01

   10.5890   2.8800  21.0000   0.2800   4.0511  0.32288E+02  0.32288E+02  0.43997E-03  0.35638E+02  0.12881E-02  0.55941E+00  0.35078E+02  0.10014E+01
 e,ep,th,sigb,sigqe=   10.59    2.89   21.00  0.3219E+02  0.4439E-03
  10.589 21.000  4.07    2.27    1.65    9.12    1.44    0.00   10.56  0.870
   2.890  0.281 11.26    2.67    1.95    8.33    1.70    0.00   10.04 3.219E+01

   10.5890   2.8900  21.0000   0.2814   4.0652  0.32148E+02  0.32147E+02  0.44333E-03  0.35424E+02  0.12115E-02  0.54769E+00  0.34875E+02  0.10014E+01
 e,ep,th,sigb,sigqe=   10.59    2.90   21.00  0.3205E+02  0.4474E-03
  10.589 21.000  4.08    2.24    1.62    8.99    1.41    0.00   10.41  0.870
   2.900  0.283 11.23    2.64    1.92    8.18    1.67    0.00    9.85 3.205E+01

   10.5890   2.9000  21.0000   0.2827   4.0792  0.32007E+02  0.32007E+02  0.44675E-03  0.35209E+02  0.11393E-02  0.53620E+00  0.34672E+02  0.10014E+01
 e,ep,th,sigb,sigqe=   10.59    2.91   21.00  0.3191E+02  0.4508E-03
  10.589 21.000  4.09    2.21    1.60    8.87    1.39    0.00   10.27  0.870
   2.910  0.284 11.20    2.60    1.89    8.02    1.65    0.00    9.67 3.191E+01

   10.5890   2.9100  21.0000   0.2841   4.0933  0.31866E+02  0.31866E+02  0.45022E-03  0.34997E+02  0.10714E-02  0.52497E+00  0.34471E+02  0.10014E+01
 e,ep,th,sigb,sigqe=   10.59    2.92   21.00  0.3177E+02  0.4544E-03
  10.589 21.000  4.11    2.18    1.57    8.75    1.37    0.00   10.12  0.870
   2.920  0.285 11.16    2.57    1.86    7.87    1.62    0.00    9.49 3.177E+01

   10.5890   2.9200  21.0000   0.2854   4.1074  0.31725E+02  0.31724E+02  0.45375E-03  0.34784E+02  0.10076E-02  0.51396E+00  0.34269E+02  0.10014E+01
 e,ep,th,sigb,sigqe=   10.59    2.93   21.00  0.3163E+02  0.4580E-03
  10.589 21.000  4.12    2.16    1.55    8.63    1.35    0.00    9.98  0.870
   2.930  0.287 11.13    2.53    1.83    7.71    1.59    0.00    9.31 3.163E+01

   10.5890   2.9300  21.0000   0.2868   4.1214  0.31584E+02  0.31583E+02  0.45733E-03  0.34572E+02  0.94759E-03  0.50325E+00  0.34068E+02  0.10014E+01
 e,ep,th,sigb,sigqe=   10.59    2.94   21.00  0.3149E+02  0.4616E-03
  10.589 21.000  4.14    2.13    1.52    8.51    1.32    0.00    9.84  0.870
   2.940  0.288 11.10    2.50    1.80    7.56    1.57    0.00    9.13 3.149E+01

   10.5890   2.9400  21.0000   0.2881   4.1355  0.31442E+02  0.31442E+02  0.46096E-03  0.34362E+02  0.89123E-03  0.49285E+00  0.33868E+02  0.10014E+01
 e,ep,th,sigb,sigqe=   10.59    2.95   21.00  0.3135E+02  0.4653E-03
  10.589 21.000  4.15    2.10    1.50    8.40    1.30    0.00    9.70  0.870
   2.950  0.289 11.07    2.47    1.77    7.41    1.54    0.00    8.95 3.135E+01

   10.5890   2.9500  21.0000   0.2895   4.1496  0.31301E+02  0.31301E+02  0.46465E-03  0.34152E+02  0.83831E-03  0.48268E+00  0.33668E+02  0.10014E+01
 e,ep,th,sigb,sigqe=   10.59    2.96   21.00  0.3120E+02  0.4691E-03
  10.589 21.000  4.16    2.07    1.47    8.28    1.28    0.00    9.56  0.870
   2.960  0.291 11.03    2.43    1.74    7.26    1.51    0.00    8.78 3.120E+01

   10.5890   2.9600  21.0000   0.2908   4.1636  0.31160E+02  0.31160E+02  0.46840E-03  0.33943E+02  0.78863E-03  0.47266E+00  0.33470E+02  0.10014E+01
 e,ep,th,sigb,sigqe=   10.59    2.97   21.00  0.3106E+02  0.4729E-03
  10.589 21.000  4.18    2.05    1.45    8.16    1.26    0.00    9.43  0.870
   2.970  0.292 11.00    2.40    1.71    7.11    1.49    0.00    8.60 3.106E+01

   10.5890   2.9700  21.0000   0.2922   4.1777  0.31019E+02  0.31018E+02  0.47220E-03  0.33736E+02  0.74201E-03  0.46287E+00  0.33272E+02  0.10014E+01
 e,ep,th,sigb,sigqe=   10.59    2.98   21.00  0.3092E+02  0.4767E-03
  10.589 21.000  4.19    2.02    1.42    8.05    1.24    0.00    9.29  0.870
   2.980  0.294 10.97    2.37    1.68    6.96    1.47    0.00    8.43 3.092E+01

   10.5890   2.9800  21.0000   0.2936   4.1918  0.30877E+02  0.30877E+02  0.47606E-03  0.33529E+02  0.69829E-03  0.45329E+00  0.33075E+02  0.10014E+01
 e,ep,th,sigb,sigqe=   10.59    2.99   21.00  0.3078E+02  0.4807E-03
  10.589 21.000  4.21    2.00    1.40    7.93    1.22    0.00    9.16  0.871
   2.990  0.295 10.93    2.34    1.66    6.81    1.44    0.00    8.26 3.078E+01

   10.5890   2.9900  21.0000   0.2949   4.2058  0.30736E+02  0.30735E+02  0.47998E-03  0.33322E+02  0.65729E-03  0.44391E+00  0.32878E+02  0.10014E+01
 e,ep,th,sigb,sigqe=   10.59    3.00   21.00  0.3064E+02  0.4847E-03
  10.589 21.000  4.22    1.97    1.38    7.82    1.20    0.00    9.02  0.871
   3.000  0.296 10.90    2.31    1.63    6.67    1.42    0.00    8.09 3.064E+01

   10.5890   3.0000  21.0000   0.2963   4.2199  0.30594E+02  0.30594E+02  0.48396E-03  0.33117E+02  0.61887E-03  0.43475E+00  0.32682E+02  0.10014E+01
 e,ep,th,sigb,sigqe=   10.59    3.01   21.00  0.3050E+02  0.4887E-03
  10.589 21.000  4.23    1.95    1.36    7.71    1.18    0.00    8.89  0.871
   3.010  0.298 10.87    2.28    1.60    6.52    1.40    0.00    7.92 3.050E+01

   10.5890   3.0100  21.0000   0.2977   4.2340  0.30452E+02  0.30452E+02  0.48800E-03  0.32913E+02  0.58288E-03  0.42578E+00  0.32487E+02  0.10015E+01
 e,ep,th,sigb,sigqe=   10.59    3.02   21.00  0.3035E+02  0.4928E-03
  10.589 21.000  4.25    1.92    1.34    7.59    1.16    0.00    8.76  0.871
   3.020  0.299 10.84    2.25    1.58    6.38    1.37    0.00    7.76 3.035E+01

   10.5890   3.0200  21.0000   0.2991   4.2480  0.30311E+02  0.30310E+02  0.49210E-03  0.32709E+02  0.54917E-03  0.41701E+00  0.32292E+02  0.10015E+01
 e,ep,th,sigb,sigqe=   10.59    3.03   21.00  0.3021E+02  0.4970E-03
  10.589 21.000  4.26    1.90    1.31    7.48    1.14    0.00    8.63  0.871
   3.030  0.300 10.80    2.22    1.55    6.24    1.35    0.00    7.59 3.021E+01

   10.5890   3.0300  21.0000   0.3005   4.2621  0.30169E+02  0.30168E+02  0.49626E-03  0.32506E+02  0.51763E-03  0.40844E+00  0.32097E+02  0.10015E+01
 e,ep,th,sigb,sigqe=   10.59    3.04   21.00  0.3007E+02  0.5012E-03
  10.589 21.000  4.28    1.88    1.29    7.37    1.13    0.00    8.50  0.871
   3.040  0.302 10.77    2.19    1.53    6.09    1.33    0.00    7.43 3.007E+01

   10.5890   3.0400  21.0000   0.3019   4.2762  0.30027E+02  0.30026E+02  0.50049E-03  0.32304E+02  0.48811E-03  0.40005E+00  0.31904E+02  0.10015E+01
 e,ep,th,sigb,sigqe=   10.59    3.05   21.00  0.2993E+02  0.5055E-03
  10.589 21.000  4.29    1.85    1.27    7.26    1.11    0.00    8.37  0.871
   3.050  0.303 10.74    2.16    1.50    5.95    1.31    0.00    7.26 2.993E+01

   10.5890   3.0500  21.0000   0.3033   4.2902  0.29885E+02  0.29884E+02  0.50478E-03  0.32103E+02  0.46051E-03  0.39189E+00  0.31711E+02  0.10015E+01
 e,ep,th,sigb,sigqe=   10.59    3.06   21.00  0.2979E+02  0.5099E-03
  10.589 21.000  4.30    1.83    1.25    7.15    1.09    0.00    8.24  0.871
   3.060  0.305 10.70    2.14    1.48    5.81    1.29    0.00    7.10 2.979E+01

   10.5890   3.0600  21.0000   0.3047   4.3043  0.29743E+02  0.29742E+02  0.50914E-03  0.31902E+02  0.43470E-03  0.38386E+00  0.31518E+02  0.10015E+01
 e,ep,th,sigb,sigqe=   10.59    3.07   21.00  0.2964E+02  0.5143E-03
  10.589 21.000  4.32    1.81    1.23    7.04    1.07    0.00    8.12  0.871
   3.070  0.306 10.67    2.11    1.46    5.67    1.27    0.00    6.94 2.965E+01

   10.5890   3.0700  21.0000   0.3061   4.3184  0.29601E+02  0.29600E+02  0.51356E-03  0.31702E+02  0.41058E-03  0.37601E+00  0.31326E+02  0.10015E+01
 e,ep,th,sigb,sigqe=   10.59    3.08   21.00  0.2950E+02  0.5188E-03
  10.589 21.000  4.33    1.79    1.21    6.93    1.06    0.00    7.99  0.871
   3.080  0.307 10.64    2.08    1.43    5.53    1.25    0.00    6.78 2.950E+01

   10.5890   3.0800  21.0000   0.3075   4.3324  0.29459E+02  0.29458E+02  0.51805E-03  0.31503E+02  0.38804E-03  0.36835E+00  0.31135E+02  0.10015E+01
 e,ep,th,sigb,sigqe=   10.59    3.09   21.00  0.2936E+02  0.5234E-03
  10.589 21.000  4.35    1.77    1.19    6.83    1.04    0.00    7.87  0.871
   3.090  0.309 10.61    2.06    1.41    5.39    1.23    0.00    6.62 2.936E+01

   10.5890   3.0900  21.0000   0.3089   4.3465  0.29317E+02  0.29316E+02  0.52261E-03  0.31305E+02  0.36700E-03  0.36088E+00  0.30944E+02  0.10015E+01
 e,ep,th,sigb,sigqe=   10.59    3.10   21.00  0.2922E+02  0.5280E-03
  10.589 21.000  4.36    1.75    1.18    6.72    1.02    0.00    7.75  0.871
   3.100  0.310 10.57    2.03    1.39    5.25    1.21    0.00    6.46 2.922E+01

   10.5890   3.1000  21.0000   0.3103   4.3606  0.29175E+02  0.29174E+02  0.52724E-03  0.31108E+02  0.34736E-03  0.35354E+00  0.30754E+02  0.10015E+01
 e,ep,th,sigb,sigqe=   10.59    3.11   21.00  0.2908E+02  0.5327E-03
  10.589 21.000  4.37    1.72    1.16    6.61    1.01    0.00    7.62  0.871
   3.110  0.312 10.54    2.00    1.37    5.12    1.19    0.00    6.31 2.908E+01

   10.5890   3.1100  21.0000   0.3117   4.3746  0.29033E+02  0.29032E+02  0.53193E-03  0.30912E+02  0.32903E-03  0.34636E+00  0.30565E+02  0.10015E+01
 e,ep,th,sigb,sigqe=   10.59    3.12   21.00  0.2893E+02  0.5375E-03
  10.589 21.000  4.39    1.70    1.14    6.50    0.99    0.00    7.49  0.871
   3.120  0.313 10.51    1.98    1.35    4.97    1.17    0.00    6.15 2.894E+01

   10.5890   3.1200  21.0000   0.3131   4.3887  0.28891E+02  0.28890E+02  0.53670E-03  0.30714E+02  0.31193E-03  0.33933E+00  0.30374E+02  0.10015E+01
 e,ep,th,sigb,sigqe=   10.59    3.13   21.00  0.2879E+02  0.5424E-03
  10.589 21.000  4.40    1.68    1.12    6.40    0.98    0.00    7.38  0.871
   3.130  0.315 10.47    1.95    1.32    4.84    1.15    0.00    6.00 2.879E+01

   10.5890   3.1300  21.0000   0.3145   4.4028  0.28749E+02  0.28748E+02  0.54154E-03  0.30519E+02  0.29599E-03  0.33245E+00  0.30187E+02  0.10015E+01
 e,ep,th,sigb,sigqe=   10.59    3.14   21.00  0.2865E+02  0.5473E-03
  10.589 21.000  4.42    1.66    1.11    6.30    0.96    0.00    7.27  0.872
   3.140  0.316 10.44    1.93    1.30    4.71    1.14    0.00    5.85 2.865E+01

   10.5890   3.1400  21.0000   0.3160   4.4168  0.28607E+02  0.28606E+02  0.54646E-03  0.30327E+02  0.28112E-03  0.32574E+00  0.30001E+02  0.10015E+01
 e,ep,th,sigb,sigqe=   10.59    3.15   21.00  0.2851E+02  0.5523E-03
  10.589 21.000  4.43    1.64    1.09    6.20    0.95    0.00    7.15  0.872
   3.150  0.317 10.41    1.90    1.28    4.58    1.12    0.00    5.70 2.851E+01

   10.5890   3.1500  21.0000   0.3174   4.4309  0.28465E+02  0.28464E+02  0.55145E-03  0.30134E+02  0.26721E-03  0.31916E+00  0.29815E+02  0.10015E+01
 e,ep,th,sigb,sigqe=   10.59    3.16   21.00  0.2837E+02  0.5574E-03
  10.589 21.000  4.44    1.62    1.07    6.10    0.93    0.00    7.03  0.872
   3.160  0.319 10.38    1.88    1.26    4.45    1.10    0.00    5.56 2.837E+01

   10.5890   3.1600  21.0000   0.3188   4.4450  0.28323E+02  0.28322E+02  0.55651E-03  0.29943E+02  0.25435E-03  0.31272E+00  0.29630E+02  0.10016E+01
 e,ep,th,sigb,sigqe=   10.59    3.17   21.00  0.2822E+02  0.5625E-03
  10.589 21.000  4.46    1.60    1.06    6.00    0.92    0.00    6.92  0.872
   3.170  0.320 10.34    1.86    1.24    4.32    1.09    0.00    5.40 2.822E+01

   10.5890   3.1700  21.0000   0.3203   4.4590  0.28181E+02  0.28180E+02  0.56165E-03  0.29750E+02  0.24232E-03  0.30643E+00  0.29444E+02  0.10016E+01
 e,ep,th,sigb,sigqe=   10.59    3.18   21.00  0.2808E+02  0.5678E-03
  10.589 21.000  4.47    1.59    1.04    5.90    0.91    0.00    6.80  0.872
   3.180  0.322 10.31    1.83    1.23    4.19    1.07    0.00    5.26 2.808E+01

   10.5890   3.1800  21.0000   0.3217   4.4731  0.28038E+02  0.28038E+02  0.56687E-03  0.29559E+02  0.23112E-03  0.30027E+00  0.29259E+02  0.10016E+01
 e,ep,th,sigb,sigqe=   10.59    3.19   21.00  0.2794E+02  0.5731E-03
  10.589 21.000  4.49    1.57    1.02    5.79    0.89    0.00    6.69  0.872
   3.190  0.323 10.28    1.81    1.21    4.06    1.05    0.00    5.11 2.794E+01

   10.5890   3.1900  21.0000   0.3232   4.4872  0.27896E+02  0.27896E+02  0.57217E-03  0.29368E+02  0.22068E-03  0.29425E+00  0.29074E+02  0.10016E+01
 e,ep,th,sigb,sigqe=   10.59    3.20   21.00  0.2780E+02  0.5785E-03
  10.589 21.000  4.50    1.55    1.01    5.69    0.88    0.00    6.57  0.872
   3.200  0.325 10.25    1.79    1.19    3.93    1.04    0.00    4.96 2.780E+01

   10.5890   3.2000  21.0000   0.3246   4.5012  0.27754E+02  0.27754E+02  0.57755E-03  0.29178E+02  0.21096E-03  0.28835E+00  0.28890E+02  0.10016E+01
 e,ep,th,sigb,sigqe=   10.59    3.21   21.00  0.2766E+02  0.5839E-03
  10.589 21.000  4.52    1.53    0.99    5.59    0.87    0.00    6.46  0.872
   3.210  0.326 10.21    1.77    1.17    3.80    1.02    0.00    4.82 2.766E+01

   10.5890   3.2100  21.0000   0.3261   4.5153  0.27612E+02  0.27611E+02  0.58301E-03  0.28989E+02  0.20191E-03  0.28256E+00  0.28706E+02  0.10016E+01
 e,ep,th,sigb,sigqe=   10.59    3.22   21.00  0.2751E+02  0.5895E-03
  10.589 21.000  4.53    1.51    0.98    5.50    0.85    0.00    6.35  0.873
   3.220  0.328 10.18    1.75    1.15    3.67    1.01    0.00    4.68 2.751E+01

   10.5890   3.2200  21.0000   0.3275   4.5294  0.27470E+02  0.27469E+02  0.58855E-03  0.28800E+02  0.19348E-03  0.27691E+00  0.28523E+02  0.10016E+01
 e,ep,th,sigb,sigqe=   10.59    3.23   21.00  0.2737E+02  0.5951E-03
  10.589 21.000  4.54    1.50    0.96    5.40    0.84    0.00    6.24  0.873
   3.230  0.329 10.15    1.72    1.14    3.54    0.99    0.00    4.53 2.737E+01

   10.5890   3.2300  21.0000   0.3290   4.5434  0.27327E+02  0.27327E+02  0.59418E-03  0.28612E+02  0.18562E-03  0.27138E+00  0.28340E+02  0.10016E+01
 e,ep,th,sigb,sigqe=   10.59    3.24   21.00  0.2723E+02  0.6009E-03
  10.589 21.000  4.56    1.48    0.95    5.30    0.83    0.00    6.13  0.873
   3.240  0.330 10.11    1.70    1.12    3.41    0.98    0.00    4.39 2.723E+01

   10.5890   3.2400  21.0000   0.3305   4.5575  0.27185E+02  0.27184E+02  0.59989E-03  0.28424E+02  0.17831E-03  0.26597E+00  0.28158E+02  0.10016E+01
 e,ep,th,sigb,sigqe=   10.59    3.25   21.00  0.2709E+02  0.6067E-03
  10.589 21.000  4.57    1.46    0.93    5.20    0.82    0.00    6.02  0.873
   3.250  0.332 10.08    1.68    1.10    3.29    0.96    0.00    4.25 2.709E+01

   10.5890   3.2500  21.0000   0.3319   4.5716  0.27042E+02  0.27041E+02  0.60569E-03  0.28237E+02  0.17149E-03  0.26069E+00  0.27977E+02  0.10016E+01
 e,ep,th,sigb,sigqe=   10.59    3.26   21.00  0.2694E+02  0.6126E-03
  10.589 21.000  4.59    1.44    0.92    5.10    0.80    0.00    5.91  0.873
   3.260  0.333 10.05    1.66    1.09    3.16    0.95    0.00    4.11 2.694E+01

   10.5890   3.2600  21.0000   0.3334   4.5856  0.26899E+02  0.26899E+02  0.61158E-03  0.28051E+02  0.16514E-03  0.25551E+00  0.27795E+02  0.10016E+01
 e,ep,th,sigb,sigqe=   10.59    3.27   21.00  0.2680E+02  0.6186E-03
  10.589 21.000  4.60    1.43    0.91    5.01    0.79    0.00    5.80  0.873
   3.270  0.335 10.02    1.64    1.07    3.04    0.93    0.00    3.97 2.680E+01

   10.5890   3.2700  21.0000   0.3349   4.5997  0.26757E+02  0.26756E+02  0.61756E-03  0.27865E+02  0.15921E-03  0.25045E+00  0.27615E+02  0.10016E+01
 e,ep,th,sigb,sigqe=   10.59    3.28   21.00  0.2666E+02  0.6247E-03
  10.589 21.000  4.61    1.41    0.89    4.91    0.78    0.00    5.69  0.873
   3.280  0.336  9.98    1.62    1.05    2.91    0.92    0.00    3.83 2.666E+01

   10.5890   3.2800  21.0000   0.3364   4.6138  0.26614E+02  0.26614E+02  0.62363E-03  0.27680E+02  0.15368E-03  0.24547E+00  0.27434E+02  0.10017E+01
 e,ep,th,sigb,sigqe=   10.59    3.29   21.00  0.2652E+02  0.6308E-03
  10.589 21.000  4.63    1.40    0.88    4.81    0.77    0.00    5.58  0.874
   3.290  0.338  9.95    1.60    1.04    2.78    0.91    0.00    3.69 2.652E+01

   10.5890   3.2900  21.0000   0.3379   4.6278  0.26472E+02  0.26471E+02  0.62980E-03  0.27495E+02  0.14852E-03  0.24062E+00  0.27254E+02  0.10017E+01
 e,ep,th,sigb,sigqe=   10.59    3.30   21.00  0.2637E+02  0.6371E-03
  10.589 21.000  4.64    1.38    0.87    4.72    0.76    0.00    5.48  0.874
   3.300  0.339  9.92    1.58    1.02    2.66    0.89    0.00    3.56 2.637E+01

   10.5890   3.3000  21.0000   0.3394   4.6419  0.26329E+02  0.26329E+02  0.63606E-03  0.27311E+02  0.14370E-03  0.23588E+00  0.27075E+02  0.10017E+01
 e,ep,th,sigb,sigqe=   10.59    3.31   21.00  0.2623E+02  0.6435E-03
  10.589 21.000  4.66    1.36    0.86    4.62    0.75    0.00    5.37  0.874
   3.310  0.341  9.88    1.57    1.01    2.54    0.88    0.00    3.42 2.623E+01

   10.5890   3.3100  21.0000   0.3409   4.6560  0.26187E+02  0.26186E+02  0.64241E-03  0.27127E+02  0.13919E-03  0.23125E+00  0.26896E+02  0.10017E+01
 e,ep,th,sigb,sigqe=   10.59    3.32   21.00  0.2609E+02  0.6500E-03
  10.589 21.000  4.67    1.35    0.84    4.53    0.74    0.00    5.27  0.874
   3.320  0.342  9.85    1.55    0.99    2.41    0.87    0.00    3.28 2.609E+01

   10.5890   3.3200  21.0000   0.3424   4.6700  0.26044E+02  0.26043E+02  0.64886E-03  0.26944E+02  0.13497E-03  0.22672E+00  0.26717E+02  0.10017E+01
 e,ep,th,sigb,sigqe=   10.59    3.33   21.00  0.2594E+02  0.6565E-03
  10.589 21.000  4.68    1.33    0.83    4.43    0.73    0.00    5.16  0.874
   3.330  0.344  9.82    1.53    0.98    2.29    0.86    0.00    3.15 2.595E+01

   10.5890   3.3300  21.0000   0.3439   4.6841  0.25901E+02  0.25901E+02  0.65541E-03  0.26762E+02  0.13102E-03  0.22229E+00  0.26539E+02  0.10017E+01
 e,ep,th,sigb,sigqe=   10.59    3.34   21.00  0.2580E+02  0.6632E-03
  10.589 21.000  4.70    1.32    0.82    4.34    0.72    0.00    5.06  0.875
   3.340  0.345  9.79    1.51    0.97    2.17    0.84    0.00    3.01 2.580E+01

   10.5890   3.3400  21.0000   0.3454   4.6982  0.25759E+02  0.25758E+02  0.66206E-03  0.26580E+02  0.12731E-03  0.21795E+00  0.26362E+02  0.10017E+01
 e,ep,th,sigb,sigqe=   10.59    3.35   21.00  0.2566E+02  0.6700E-03
  10.589 21.000  4.71    1.30    0.81    4.25    0.71    0.00    4.95  0.875
   3.350  0.347  9.75    1.49    0.95    2.05    0.83    0.00    2.88 2.566E+01

   10.5890   3.3500  21.0000   0.3469   4.7122  0.25616E+02  0.25615E+02  0.66881E-03  0.26399E+02  0.12383E-03  0.21370E+00  0.26185E+02  0.10017E+01
 e,ep,th,sigb,sigqe=   10.59    3.36   21.00  0.2552E+02  0.6768E-03
  10.589 21.000  4.73    1.29    0.80    4.15    0.70    0.00    4.85  0.875
   3.360  0.348  9.72    1.48    0.94    1.92    0.82    0.00    2.75 2.552E+01

   10.5890   3.3600  21.0000   0.3484   4.7263  0.25473E+02  0.25472E+02  0.67567E-03  0.26218E+02  0.12055E-03  0.20954E+00  0.26008E+02  0.10017E+01
 e,ep,th,sigb,sigqe=   10.59    3.37   21.00  0.2537E+02  0.6838E-03
  10.589 21.000  4.74    1.28    0.79    4.06    0.69    0.00    4.75  0.875
   3.370  0.350  9.69    1.46    0.92    1.80    0.81    0.00    2.61 2.537E+01

   10.5890   3.3700  21.0000   0.3499   4.7404  0.25330E+02  0.25329E+02  0.68263E-03  0.26037E+02  0.11747E-03  0.20547E+00  0.25832E+02  0.10017E+01
 e,ep,th,sigb,sigqe=   10.59    3.38   21.00  0.2523E+02  0.6909E-03
  10.589 21.000  4.75    1.26    0.77    3.97    0.68    0.00    4.65  0.876
   3.380  0.351  9.65    1.44    0.91    1.68    0.80    0.00    2.48 2.523E+01

   10.5890   3.3800  21.0000   0.3514   4.7544  0.25186E+02  0.25186E+02  0.68969E-03  0.25857E+02  0.11455E-03  0.20149E+00  0.25655E+02  0.10017E+01
 e,ep,th,sigb,sigqe=   10.59    3.39   21.00  0.2509E+02  0.6981E-03
  10.589 21.000  4.77    1.25    0.76    3.88    0.67    0.00    4.55  0.876
   3.390  0.353  9.62    1.43    0.90    1.57    0.79    0.00    2.35 2.509E+01

   10.5890   3.3900  21.0000   0.3530   4.7685  0.25043E+02  0.25042E+02  0.69687E-03  0.25677E+02  0.11180E-03  0.19749E+00  0.25480E+02  0.10018E+01
 e,ep,th,sigb,sigqe=   10.59    3.40   21.00  0.2494E+02  0.7054E-03
  10.589 21.000  4.78    1.23    0.75    3.79    0.66    0.00    4.45  0.876
   3.400  0.355  9.59    1.41    0.89    1.45    0.78    0.00    2.22 2.494E+01

   10.5890   3.4000  21.0000   0.3545   4.7826  0.24900E+02  0.24899E+02  0.70416E-03  0.25498E+02  0.10919E-03  0.19367E+00  0.25304E+02  0.10018E+01
 e,ep,th,sigb,sigqe=   10.59    3.41   21.00  0.2480E+02  0.7128E-03
  10.589 21.000  4.80    1.22    0.74    3.69    0.65    0.00    4.35  0.876
   3.410  0.356  9.56    1.39    0.87    1.33    0.77    0.00    2.09 2.480E+01

   10.5890   3.4100  21.0000   0.3560   4.7966  0.24756E+02  0.24755E+02  0.71156E-03  0.25319E+02  0.10671E-03  0.18994E+00  0.25129E+02  0.10018E+01
 e,ep,th,sigb,sigqe=   10.59    3.42   21.00  0.2466E+02  0.7204E-03
  10.589 21.000  4.81    1.21    0.73    3.60    0.64    0.00    4.25  0.877
   3.420  0.358  9.52    1.38    0.86    1.21    0.76    0.00    1.96 2.466E+01

   10.5890   3.4200  21.0000   0.3576   4.8107  0.24612E+02  0.24612E+02  0.71907E-03  0.25141E+02  0.10435E-03  0.18627E+00  0.24954E+02  0.10018E+01
 e,ep,th,sigb,sigqe=   10.59    3.43   21.00  0.2451E+02  0.7280E-03
  10.589 21.000  4.82    1.19    0.72    3.51    0.63    0.00    4.15  0.877
   3.430  0.359  9.49    1.36    0.85    1.09    0.75    0.00    1.84 2.451E+01

   10.5890   3.4300  21.0000   0.3591   4.8248  0.24468E+02  0.24468E+02  0.72671E-03  0.24963E+02  0.10210E-03  0.18263E+00  0.24780E+02  0.10018E+01
 e,ep,th,sigb,sigqe=   10.59    3.44   21.00  0.2437E+02  0.7358E-03
  10.589 21.000  4.84    1.18    0.71    3.42    0.62    0.00    4.05  0.877
   3.440  0.361  9.46    1.35    0.84    0.97    0.74    0.00    1.71 2.437E+01

   10.5890   3.4400  21.0000   0.3607   4.8388  0.24324E+02  0.24323E+02  0.73445E-03  0.24785E+02  0.99949E-04  0.17913E+00  0.24606E+02  0.10018E+01
 e,ep,th,sigb,sigqe=   10.59    3.45   21.00  0.2422E+02  0.7437E-03
  10.589 21.000  4.85    1.17    0.70    3.34    0.62    0.00    3.95  0.877
   3.450  0.362  9.42    1.33    0.83    0.86    0.73    0.00    1.58 2.422E+01

   10.5890   3.4500  21.0000   0.3622   4.8529  0.24180E+02  0.24179E+02  0.74232E-03  0.24607E+02  0.97888E-04  0.17572E+00  0.24431E+02  0.10018E+01
 e,ep,th,sigb,sigqe=   10.59    3.46   21.00  0.2408E+02  0.7517E-03
  10.589 21.000  4.87    1.15    0.69    3.25    0.61    0.00    3.85  0.878
   3.460  0.364  9.39    1.31    0.82    0.74    0.72    0.00    1.46 2.408E+01

   10.5890   3.4600  21.0000   0.3638   4.8670  0.24035E+02  0.24035E+02  0.75032E-03  0.24430E+02  0.95908E-04  0.17245E+00  0.24257E+02  0.10018E+01
 e,ep,th,sigb,sigqe=   10.59    3.47   21.00  0.2393E+02  0.7598E-03
  10.589 21.000  4.88    1.14    0.68    3.16    0.60    0.00    3.76  0.878
   3.470  0.365  9.36    1.30    0.80    0.62    0.71    0.00    1.33 2.394E+01

   10.5890   3.4700  21.0000   0.3654   4.8810  0.23891E+02  0.23890E+02  0.75843E-03  0.24254E+02  0.94003E-04  0.16918E+00  0.24084E+02  0.10019E+01
 e,ep,th,sigb,sigqe=   10.59    3.48   21.00  0.2379E+02  0.7681E-03
  10.589 21.000  4.90    1.13    0.67    3.07    0.59    0.00    3.66  0.879
   3.480  0.367  9.33    1.29    0.79    0.51    0.70    0.00    1.21 2.379E+01

   10.5890   3.4800  21.0000   0.3669   4.8951  0.23746E+02  0.23745E+02  0.76667E-03  0.24077E+02  0.92163E-04  0.16598E+00  0.23911E+02  0.10019E+01
 e,ep,th,sigb,sigqe=   10.59    3.49   21.00  0.2364E+02  0.7765E-03
  10.589 21.000  4.91    1.12    0.67    2.98    0.58    0.00    3.57  0.879
   3.490  0.369  9.29    1.27    0.78    0.39    0.69    0.00    1.08 2.365E+01

   10.5890   3.4900  21.0000   0.3685   4.9092  0.23601E+02  0.23600E+02  0.77505E-03  0.23901E+02  0.90383E-04  0.16284E+00  0.23738E+02  0.10019E+01
 e,ep,th,sigb,sigqe=   10.59    3.50   21.00  0.2350E+02  0.7850E-03
  10.589 21.000  4.92    1.11    0.66    2.89    0.58    0.00    3.47  0.880
   3.500  0.370  9.26    1.26    0.77    0.28    0.68    0.00    0.96 2.350E+01

   10.5890   3.5000  21.0000   0.3701   4.9232  0.23456E+02  0.23455E+02  0.78355E-03  0.23725E+02  0.88656E-04  0.15977E+00  0.23565E+02  0.10019E+01
 e,ep,th,sigb,sigqe=   10.59    3.51   21.00  0.2335E+02  0.7937E-03
  10.589 21.000  4.94    1.09    0.65    2.80    0.57    0.00    3.38  0.881
   3.510  0.372  9.23    1.24    0.76    0.16    0.67    0.00    0.83 2.336E+01

   10.5890   3.5100  21.0000   0.3717   4.9373  0.23311E+02  0.23310E+02  0.79218E-03  0.23550E+02  0.86979E-04  0.15699E+00  0.23393E+02  0.10019E+01
 e,ep,th,sigb,sigqe=   10.59    3.52   21.00  0.2321E+02  0.8025E-03
  10.589 21.000  4.95    1.08    0.64    2.72    0.56    0.00    3.28  0.880
   3.520  0.373  9.19    1.23    0.75    0.05    0.66    0.00    0.71 2.321E+01

   10.5890   3.5200  21.0000   0.3733   4.9514  0.23165E+02  0.23164E+02  0.80095E-03  0.23375E+02  0.85345E-04  0.15380E+00  0.23221E+02  0.10019E+01
 e,ep,th,sigb,sigqe=   10.59    3.53   21.00  0.2306E+02  0.8114E-03
  10.589 21.000  4.97    1.07    0.63    2.63    0.56    0.00    3.19  0.881
   3.530  0.375  9.16    1.22    0.74   -0.07    0.65    0.00    0.59 2.306E+01

   10.5890   3.5300  21.0000   0.3748   4.9654  0.23019E+02  0.23019E+02  0.80986E-03  0.23200E+02  0.83750E-04  0.15091E+00  0.23049E+02  0.10019E+01
 e,ep,th,sigb,sigqe=   10.59    3.54   21.00  0.2292E+02  0.8205E-03
  10.589 21.000  4.98    1.06    0.62    2.54    0.55    0.00    3.09  0.881
   3.540  0.376  9.13    1.20    0.73   -0.18    0.65    0.00    0.46 2.292E+01

   10.5890   3.5400  21.0000   0.3764   4.9795  0.22874E+02  0.22873E+02  0.81891E-03  0.23025E+02  0.82189E-04  0.14800E+00  0.22877E+02  0.10019E+01
 e,ep,th,sigb,sigqe=   10.59    3.55   21.00  0.2277E+02  0.8297E-03
  10.589 21.000  4.99    1.05    0.61    2.45    0.54    0.00    3.00  0.881
   3.550  0.378  9.10    1.19    0.72   -0.30    0.64    0.00    0.34 2.277E+01

   10.5890   3.5500  21.0000   0.3780   4.9935  0.22728E+02  0.22727E+02  0.82810E-03  0.22850E+02  0.80661E-04  0.14523E+00  0.22705E+02  0.10020E+01
 e,ep,th,sigb,sigqe=   10.59    3.56   21.00  0.2263E+02  0.8391E-03
  10.589 21.000  5.01    1.04    0.61    2.37    0.54    0.00    2.90  0.882
   3.560  0.380  9.06    1.18    0.71   -0.41    0.63    0.00    0.22 2.263E+01

   10.5890   3.5600  21.0000   0.3796   5.0076  0.22582E+02  0.22581E+02  0.83743E-03  0.22676E+02  0.79160E-04  0.14250E+00  0.22533E+02  0.10020E+01
 e,ep,th,sigb,sigqe=   10.59    3.57   21.00  0.2248E+02  0.8486E-03
  10.589 21.000  5.02    1.03    0.60    2.28    0.53    0.00    2.81  0.882
   3.570  0.381  9.03    1.16    0.71   -0.52    0.62    0.00    0.10 2.248E+01

   10.5890   3.5700  21.0000   0.3813   5.0217  0.22435E+02  0.22435E+02  0.84692E-03  0.22502E+02  0.77685E-04  0.13983E+00  0.22362E+02  0.10020E+01
 e,ep,th,sigb,sigqe=   10.59    3.58   21.00  0.2233E+02  0.8583E-03
  10.589 21.000  5.04    1.02    0.59    2.19    0.52    0.00    2.72  0.883
   3.580  0.383  9.00    1.15    0.70   -0.64    0.61    0.00   -0.02 2.233E+01

   10.5890   3.5800  21.0000   0.3829   5.0357  0.22289E+02  0.22288E+02  0.85655E-03  0.22328E+02  0.76234E-04  0.13716E+00  0.22191E+02  0.10020E+01
 e,ep,th,sigb,sigqe=   10.59    3.59   21.00  0.2219E+02  0.8681E-03
  10.589 21.000  5.05    1.01    0.58    2.11    0.52    0.00    2.62  0.883
   3.590  0.384  8.96    1.14    0.69   -0.75    0.61    0.00   -0.14 2.219E+01

   10.5890   3.5900  21.0000   0.3845   5.0498  0.22142E+02  0.22141E+02  0.86634E-03  0.22155E+02  0.74802E-04  0.13462E+00  0.22020E+02  0.10020E+01
 e,ep,th,sigb,sigqe=   10.59    3.60   21.00  0.2204E+02  0.8781E-03
  10.589 21.000  5.06    1.00    0.58    2.02    0.51    0.00    2.53  0.883
   3.600  0.386  8.93    1.13    0.68   -0.86    0.60    0.00   -0.26 2.204E+01

   10.5890   3.6000  21.0000   0.3861   5.0639  0.21995E+02  0.21994E+02  0.87627E-03  0.21982E+02  0.73389E-04  0.13211E+00  0.21850E+02  0.10020E+01
 e,ep,th,sigb,sigqe=   10.59    3.61   21.00  0.2189E+02  0.8882E-03
  10.589 21.000  5.08    0.99    0.57    1.94    0.50    0.00    2.44  0.883
   3.610  0.388  8.90    1.12    0.67   -0.97    0.59    0.00   -0.38 2.189E+01

   10.5890   3.6100  21.0000   0.3877   5.0779  0.21847E+02  0.21847E+02  0.88637E-03  0.21809E+02  0.71992E-04  0.12966E+00  0.21679E+02  0.10020E+01
 e,ep,th,sigb,sigqe=   10.59    3.62   21.00  0.2174E+02  0.8985E-03
  10.589 21.000  5.09    0.98    0.56    1.85    0.50    0.00    2.35  0.884
   3.620  0.389  8.87    1.10    0.66   -1.08    0.59    0.00   -0.50 2.174E+01

   10.5890   3.6200  21.0000   0.3894   5.0920  0.21700E+02  0.21699E+02  0.89663E-03  0.21636E+02  0.70609E-04  0.12727E+00  0.21509E+02  0.10021E+01
 e,ep,th,sigb,sigqe=   10.59    3.63   21.00  0.2160E+02  0.9089E-03
  10.589 21.000  5.11    0.97    0.56    1.77    0.49    0.00    2.26  0.884
   3.630  0.391  8.83    1.09    0.65   -1.19    0.58    0.00   -0.62 2.160E+01

   10.5890   3.6300  21.0000   0.3910   5.1061  0.21552E+02  0.21551E+02  0.90705E-03  0.21464E+02  0.69241E-04  0.12493E+00  0.21339E+02  0.10021E+01
 e,ep,th,sigb,sigqe=   10.59    3.64   21.00  0.2145E+02  0.9196E-03
  10.589 21.000  5.12    0.96    0.55    1.68    0.49    0.00    2.17  0.885
   3.640  0.393  8.80    1.08    0.65   -1.30    0.57    0.00   -0.73 2.145E+01

   10.5890   3.6400  21.0000   0.3926   5.1201  0.21404E+02  0.21403E+02  0.91764E-03  0.21292E+02  0.67886E-04  0.12263E+00  0.21169E+02  0.10021E+01
 e,ep,th,sigb,sigqe=   10.59    3.65   21.00  0.2130E+02  0.9304E-03
  10.589 21.000  5.13    0.95    0.54    1.60    0.48    0.00    2.08  0.886
   3.650  0.394  8.77    1.07    0.64   -1.41    0.57    0.00   -0.85 2.130E+01

   10.5890   3.6500  21.0000   0.3943   5.1342  0.21255E+02  0.21254E+02  0.92839E-03  0.21120E+02  0.66543E-04  0.12039E+00  0.20999E+02  0.10021E+01
 e,ep,th,sigb,sigqe=   10.59    3.66   21.00  0.2115E+02  0.9413E-03
  10.589 21.000  5.15    0.94    0.54    1.52    0.48    0.00    1.99  0.886
   3.660  0.396  8.73    1.06    0.63   -1.52    0.56    0.00   -0.96 2.115E+01

   10.5890   3.6600  21.0000   0.3959   5.1483  0.21107E+02  0.21106E+02  0.93933E-03  0.20948E+02  0.65211E-04  0.11819E+00  0.20830E+02  0.10021E+01
 e,ep,th,sigb,sigqe=   10.59    3.67   21.00  0.2100E+02  0.9525E-03
  10.589 21.000  5.16    0.93    0.53    1.43    0.47    0.00    1.90  0.887
   3.670  0.398  8.70    1.05    0.62   -1.63    0.55    0.00   -1.08 2.100E+01

   10.5890   3.6700  21.0000   0.3976   5.1623  0.20958E+02  0.20957E+02  0.95044E-03  0.20777E+02  0.63890E-04  0.11604E+00  0.20661E+02  0.10021E+01
 e,ep,th,sigb,sigqe=   10.59    3.68   21.00  0.2085E+02  0.9638E-03
  10.589 21.000  5.18    0.92    0.52    1.35    0.46    0.00    1.82  0.887
   3.680  0.399  8.67    1.04    0.62   -1.74    0.55    0.00   -1.19 2.085E+01

   10.5890   3.6800  21.0000   0.3993   5.1764  0.20810E+02  0.20809E+02  0.96172E-03  0.20606E+02  0.62579E-04  0.11392E+00  0.20492E+02  0.10022E+01
 e,ep,th,sigb,sigqe=   10.59    3.69   21.00  0.2070E+02  0.9753E-03
  10.589 21.000  5.19    0.91    0.52    1.27    0.46    0.00    1.73  0.888
   3.690  0.401  8.64    1.03    0.61   -1.85    0.54    0.00   -1.31 2.071E+01

   10.5890   3.6900  21.0000   0.4009   5.1905  0.20661E+02  0.20660E+02  0.97319E-03  0.20435E+02  0.61278E-04  0.11186E+00  0.20323E+02  0.10022E+01
 e,ep,th,sigb,sigqe=   10.59    3.70   21.00  0.2056E+02  0.9870E-03
  10.589 21.000  5.20    0.90    0.51    1.18    0.45    0.00    1.64  0.888
   3.700  0.403  8.60    1.02    0.60   -1.96    0.53    0.00   -1.43 2.056E+01

   10.5890   3.7000  21.0000   0.4026   5.2045  0.20512E+02  0.20511E+02  0.98484E-03  0.20264E+02  0.59987E-04  0.10983E+00  0.20154E+02  0.10022E+01
 e,ep,th,sigb,sigqe=   10.59    3.71   21.00  0.2041E+02  0.9989E-03
  10.589 21.000  5.22    0.89    0.51    1.10    0.45    0.00    1.55  0.889
   3.710  0.404  8.57    1.01    0.59   -2.07    0.53    0.00   -1.54 2.041E+01

   10.5890   3.7100  21.0000   0.4043   5.2186  0.20363E+02  0.20362E+02  0.99668E-03  0.20093E+02  0.58705E-04  0.10783E+00  0.19985E+02  0.10022E+01
 e,ep,th,sigb,sigqe=   10.59    3.72   21.00  0.2026E+02  0.1011E-02
  10.589 21.000  5.23    0.88    0.50    1.01    0.44    0.00    1.46  0.889
   3.720  0.406  8.54    1.00    0.59   -2.18    0.52    0.00   -1.66 2.026E+01

   10.5890   3.7200  21.0000   0.4059   5.2327  0.20214E+02  0.20213E+02  0.10087E-02  0.19923E+02  0.57433E-04  0.10589E+00  0.19817E+02  0.10022E+01
 e,ep,th,sigb,sigqe=   10.59    3.73   21.00  0.2011E+02  0.1023E-02
  10.589 21.000  5.25    0.88    0.49    0.93    0.44    0.00    1.37  0.890
   3.730  0.408  8.50    0.99    0.58   -2.29    0.52    0.00   -1.77 2.011E+01

   10.5890   3.7300  21.0000   0.4076   5.2467  0.20064E+02  0.20063E+02  0.10209E-02  0.19753E+02  0.56170E-04  0.10399E+00  0.19649E+02  0.10022E+01
 e,ep,th,sigb,sigqe=   10.59    3.74   21.00  0.1996E+02  0.1036E-02
  10.589 21.000  5.26    0.87    0.49    0.85    0.44    0.00    1.28  0.891
   3.740  0.409  8.47    0.98    0.57   -2.40    0.51    0.00   -1.88 1.996E+01

   10.5890   3.7400  21.0000   0.4093   5.2608  0.19915E+02  0.19914E+02  0.10334E-02  0.19584E+02  0.54917E-04  0.10213E+00  0.19481E+02  0.10023E+01
 e,ep,th,sigb,sigqe=   10.59    3.75   21.00  0.1981E+02  0.1048E-02
  10.589 21.000  5.27    0.86    0.48    0.77    0.43    0.00    1.20  0.891
   3.750  0.411  8.44    0.97    0.57   -2.50    0.51    0.00   -2.00 1.981E+01

   10.5890   3.7500  21.0000   0.4110   5.2749  0.19765E+02  0.19764E+02  0.10460E-02  0.19414E+02  0.53673E-04  0.10030E+00  0.19314E+02  0.10023E+01
 e,ep,th,sigb,sigqe=   10.59    3.76   21.00  0.1966E+02  0.1061E-02
  10.589 21.000  5.29    0.85    0.48    0.68    0.43    0.00    1.11  0.892
   3.760  0.413  8.41    0.96    0.56   -2.61    0.50    0.00   -2.11 1.966E+01

   10.5890   3.7600  21.0000   0.4127   5.2889  0.19615E+02  0.19614E+02  0.10588E-02  0.19245E+02  0.52440E-04  0.98520E-01  0.19147E+02  0.10023E+01
 e,ep,th,sigb,sigqe=   10.59    3.77   21.00  0.1951E+02  0.1074E-02
  10.589 21.000  5.30    0.84    0.47    0.60    0.42    0.00    1.03  0.893
   3.770  0.414  8.37    0.95    0.56   -2.72    0.50    0.00   -2.22 1.951E+01

   10.5890   3.7700  21.0000   0.4144   5.3030  0.19465E+02  0.19463E+02  0.10719E-02  0.19076E+02  0.51217E-04  0.96775E-01  0.18979E+02  0.10023E+01
 e,ep,th,sigb,sigqe=   10.59    3.78   21.00  0.1936E+02  0.1088E-02
  10.589 21.000  5.32    0.84    0.47    0.52    0.42    0.00    0.94  0.893
   3.780  0.416  8.34    0.94    0.55   -2.82    0.49    0.00   -2.33 1.936E+01

   10.5890   3.7800  21.0000   0.4161   5.3171  0.19314E+02  0.19313E+02  0.10851E-02  0.18908E+02  0.50004E-04  0.94904E-01  0.18813E+02  0.10023E+01
 e,ep,th,sigb,sigqe=   10.59    3.79   21.00  0.1921E+02  0.1101E-02
  10.589 21.000  5.33    0.83    0.46    0.44    0.41    0.00    0.86  0.894
   3.790  0.418  8.31    0.93    0.54   -2.93    0.49    0.00   -2.44 1.921E+01

   10.5890   3.7900  21.0000   0.4178   5.3311  0.19164E+02  0.19163E+02  0.10986E-02  0.18740E+02  0.48802E-04  0.93395E-01  0.18647E+02  0.10023E+01
 e,ep,th,sigb,sigqe=   10.59    3.80   21.00  0.1906E+02  0.1115E-02
  10.589 21.000  5.35    0.82    0.46    0.36    0.41    0.00    0.77  0.895
   3.800  0.420  8.28    0.92    0.54   -3.03    0.48    0.00   -2.55 1.906E+01

   10.5890   3.8000  21.0000   0.4196   5.3452  0.19014E+02  0.19013E+02  0.11123E-02  0.18573E+02  0.47612E-04  0.91757E-01  0.18481E+02  0.10024E+01
 e,ep,th,sigb,sigqe=   10.59    3.81   21.00  0.1891E+02  0.1129E-02
  10.589 21.000  5.36    0.81    0.45    0.28    0.41    0.00    0.69  0.896
   3.810  0.421  8.24    0.91    0.53   -3.14    0.48    0.00   -2.66 1.891E+01

   10.5890   3.8100  21.0000   0.4213   5.3593  0.18864E+02  0.18863E+02  0.11263E-02  0.18406E+02  0.46433E-04  0.90151E-01  0.18315E+02  0.10024E+01
 e,ep,th,sigb,sigqe=   10.59    3.82   21.00  0.1876E+02  0.1143E-02
  10.589 21.000  5.37    0.81    0.45    0.20    0.40    0.00    0.60  0.897
   3.820  0.423  8.21    0.91    0.53   -3.24    0.47    0.00   -2.77 1.876E+01

   10.5890   3.8200  21.0000   0.4230   5.3733  0.18714E+02  0.18713E+02  0.11404E-02  0.18239E+02  0.45265E-04  0.88578E-01  0.18150E+02  0.10024E+01
 e,ep,th,sigb,sigqe=   10.59    3.83   21.00  0.1861E+02  0.1158E-02
  10.589 21.000  5.39    0.80    0.44    0.12    0.40    0.00    0.52  0.897
   3.830  0.425  8.18    0.90    0.52   -3.35    0.47    0.00   -2.88 1.861E+01

   10.5890   3.8300  21.0000   0.4248   5.3874  0.18564E+02  0.18562E+02  0.11548E-02  0.18072E+02  0.44111E-04  0.87038E-01  0.17985E+02  0.10024E+01
 e,ep,th,sigb,sigqe=   10.59    3.84   21.00  0.1846E+02  0.1172E-02
  10.589 21.000  5.40    0.79    0.44    0.04    0.39    0.00    0.43  0.898
   3.840  0.426  8.14    0.89    0.52   -3.45    0.46    0.00   -2.99 1.846E+01

   10.5890   3.8400  21.0000   0.4265   5.4015  0.18413E+02  0.18412E+02  0.11695E-02  0.17906E+02  0.42969E-04  0.85528E-01  0.17820E+02  0.10024E+01
 e,ep,th,sigb,sigqe=   10.59    3.85   21.00  0.1831E+02  0.1187E-02
  10.589 21.000  5.42    0.79    0.43   -0.04    0.39    0.00    0.35  0.899
   3.850  0.428  8.11    0.88    0.51   -3.56    0.46    0.00   -3.10 1.831E+01

   10.5890   3.8500  21.0000   0.4282   5.4155  0.18263E+02  0.18261E+02  0.11843E-02  0.17740E+02  0.41840E-04  0.84049E-01  0.17656E+02  0.10025E+01
 e,ep,th,sigb,sigqe=   10.59    3.86   21.00  0.1816E+02  0.1202E-02
  10.589 21.000  5.43    0.78    0.43   -0.12    0.39    0.00    0.27  0.900
   3.860  0.430  8.08    0.87    0.51   -3.67    0.45    0.00   -3.21 1.816E+01

   10.5890   3.8600  21.0000   0.4300   5.4296  0.18112E+02  0.18111E+02  0.11995E-02  0.17574E+02  0.40724E-04  0.82601E-01  0.17491E+02  0.10025E+01
 e,ep,th,sigb,sigqe=   10.59    3.87   21.00  0.1800E+02  0.1218E-02
  10.589 21.000  5.44    0.77    0.43   -0.20    0.38    0.00    0.18  0.901
   3.870  0.432  8.05    0.87    0.50   -3.77    0.45    0.00   -3.32 1.801E+01

   10.5890   3.8700  21.0000   0.4317   5.4437  0.17961E+02  0.17960E+02  0.12148E-02  0.17409E+02  0.39622E-04  0.81183E-01  0.17327E+02  0.10025E+01
 e,ep,th,sigb,sigqe=   10.59    3.88   21.00  0.1785E+02  0.1234E-02
  10.589 21.000  5.46    0.77    0.42   -0.28    0.38    0.00    0.10  0.902
   3.880  0.434  8.01    0.86    0.50   -3.87    0.45    0.00   -3.42 1.786E+01

   10.5890   3.8800  21.0000   0.4335   5.4577  0.17811E+02  0.17809E+02  0.12305E-02  0.17244E+02  0.38534E-04  0.79831E-01  0.17164E+02  0.10025E+01
 e,ep,th,sigb,sigqe=   10.59    3.89   21.00  0.1770E+02  0.1250E-02
  10.589 21.000  5.47    0.76    0.42   -0.36    0.38    0.00    0.02  0.903
   3.890  0.435  7.98    0.85    0.49   -3.97    0.44    0.00   -3.53 1.770E+01

   10.5890   3.8900  21.0000   0.4353   5.4718  0.17660E+02  0.17659E+02  0.12464E-02  0.17080E+02  0.37461E-04  0.78471E-01  0.17001E+02  0.10025E+01
 e,ep,th,sigb,sigqe=   10.59    3.90   21.00  0.1755E+02  0.1266E-02
  10.589 21.000  5.49    0.75    0.41   -0.44    0.37    0.00   -0.06  0.904
   3.900  0.437  7.95    0.84    0.49   -4.08    0.44    0.00   -3.64 1.755E+01

   10.5890   3.9000  21.0000   0.4370   5.4859  0.17510E+02  0.17509E+02  0.12626E-02  0.16916E+02  0.36406E-04  0.77138E-01  0.16839E+02  0.10025E+01
 e,ep,th,sigb,sigqe=   10.59    3.91   21.00  0.1740E+02  0.1282E-02
  10.589 21.000  5.50    0.75    0.41   -0.52    0.37    0.00   -0.14  0.905
   3.910  0.439  7.91    0.84    0.48   -4.18    0.44    0.00   -3.74 1.740E+01

   10.5890   3.9100  21.0000   0.4388   5.4999  0.17360E+02  0.17358E+02  0.12790E-02  0.16753E+02  0.35364E-04  0.75833E-01  0.16677E+02  0.10026E+01
 e,ep,th,sigb,sigqe=   10.59    3.92   21.00  0.1725E+02  0.1299E-02
  10.589 21.000  5.51    0.74    0.41   -0.59    0.37    0.00   -0.22  0.906
   3.920  0.441  7.88    0.83    0.48   -4.28    0.43    0.00   -3.85 1.725E+01

   10.5890   3.9200  21.0000   0.4406   5.5140  0.17210E+02  0.17208E+02  0.12958E-02  0.16590E+02  0.34337E-04  0.74554E-01  0.16516E+02  0.10026E+01
 e,ep,th,sigb,sigqe=   10.59    3.93   21.00  0.1710E+02  0.1316E-02
  10.589 21.000  5.53    0.73    0.40   -0.67    0.37    0.00   -0.31  0.907
   3.930  0.442  7.85    0.82    0.47   -4.38    0.43    0.00   -3.95 1.710E+01

   10.5890   3.9300  21.0000   0.4424   5.5281  0.17060E+02  0.17059E+02  0.13128E-02  0.16428E+02  0.33327E-04  0.73302E-01  0.16355E+02  0.10026E+01
 e,ep,th,sigb,sigqe=   10.59    3.94   21.00  0.1695E+02  0.1334E-02
  10.589 21.000  5.54    0.73    0.40   -0.75    0.36    0.00   -0.39  0.908
   3.940  0.444  7.82    0.81    0.47   -4.48    0.43    0.00   -4.06 1.695E+01

   10.5890   3.9400  21.0000   0.4442   5.5421  0.16910E+02  0.16909E+02  0.13301E-02  0.16266E+02  0.32333E-04  0.72068E-01  0.16194E+02  0.10026E+01
 e,ep,th,sigb,sigqe=   10.59    3.95   21.00  0.1680E+02  0.1351E-02
  10.589 21.000  5.56    0.72    0.40   -0.83    0.36    0.00   -0.47  0.909
   3.950  0.446  7.78    0.81    0.46   -4.58    0.42    0.00   -4.16 1.680E+01

   10.5890   3.9500  21.0000   0.4460   5.5562  0.16760E+02  0.16759E+02  0.13477E-02  0.16105E+02  0.31355E-04  0.70879E-01  0.16034E+02  0.10026E+01
 e,ep,th,sigb,sigqe=   10.59    3.96   21.00  0.1665E+02  0.1369E-02
  10.589 21.000  5.57    0.72    0.39   -0.90    0.36    0.00   -0.55  0.910
   3.960  0.448  7.75    0.80    0.46   -4.68    0.42    0.00   -4.27 1.665E+01

   10.5890   3.9600  21.0000   0.4478   5.5703  0.16610E+02  0.16609E+02  0.13656E-02  0.15944E+02  0.30395E-04  0.69688E-01  0.15874E+02  0.10027E+01
 e,ep,th,sigb,sigqe=   10.59    3.97   21.00  0.1650E+02  0.1388E-02
  10.589 21.000  5.58    0.71    0.39   -0.98    0.35    0.00   -0.62  0.911
   3.970  0.450  7.72    0.79    0.46   -4.78    0.42    0.00   -4.37 1.650E+01

   10.5890   3.9700  21.0000   0.4496   5.5843  0.16461E+02  0.16460E+02  0.13838E-02  0.15784E+02  0.29451E-04  0.68537E-01  0.15716E+02  0.10027E+01
 e,ep,th,sigb,sigqe=   10.59    3.98   21.00  0.1635E+02  0.1406E-02
  10.589 21.000  5.60    0.70    0.39   -1.06    0.35    0.00   -0.71  0.912
   3.980  0.451  7.68    0.79    0.45   -4.89    0.41    0.00   -4.47 1.636E+01

   10.5890   3.9800  21.0000   0.4514   5.5984  0.16311E+02  0.16310E+02  0.14024E-02  0.15624E+02  0.28525E-04  0.67400E-01  0.15556E+02  0.10027E+01
 e,ep,th,sigb,sigqe=   10.59    3.99   21.00  0.1620E+02  0.1425E-02
  10.589 21.000  5.61    0.70    0.38   -1.13    0.35    0.00   -0.79  0.913
   3.990  0.453  7.65    0.78    0.45   -4.99    0.41    0.00   -4.58 1.621E+01

   10.5890   3.9900  21.0000   0.4532   5.6125  0.16162E+02  0.16161E+02  0.14212E-02  0.15464E+02  0.27615E-04  0.66286E-01  0.15398E+02  0.10027E+01
 e,ep,th,sigb,sigqe=   10.59    4.00   21.00  0.1605E+02  0.1444E-02
  10.589 21.000  5.63    0.69    0.38   -1.21    0.35    0.00   -0.86  0.915
   4.000  0.455  7.62    0.77    0.44   -5.08    0.41    0.00   -4.68 1.606E+01

   10.5890   4.0000  21.0000   0.4550   5.6265  0.16013E+02  0.16011E+02  0.14404E-02  0.15305E+02  0.26724E-04  0.65206E-01  0.15240E+02  0.10027E+01
 e,ep,th,sigb,sigqe=   10.59    4.01   21.00  0.1591E+02  0.1464E-02
  10.589 21.000  5.64    0.69    0.38   -1.29    0.34    0.00   -0.94  0.916
   4.010  0.457  7.59    0.77    0.44   -5.18    0.40    0.00   -4.78 1.591E+01

   10.5890   4.0100  21.0000   0.4569   5.6406  0.15863E+02  0.15862E+02  0.14599E-02  0.15147E+02  0.25851E-04  0.64147E-01  0.15083E+02  0.10028E+01
 e,ep,th,sigb,sigqe=   10.59    4.02   21.00  0.1576E+02  0.1484E-02
  10.589 21.000  5.65    0.68    0.37   -1.36    0.34    0.00   -1.02  0.917
   4.020  0.459  7.55    0.76    0.44   -5.28    0.40    0.00   -4.88 1.576E+01

   10.5890   4.0200  21.0000   0.4587   5.6547  0.15714E+02  0.15713E+02  0.14798E-02  0.14989E+02  0.24995E-04  0.63110E-01  0.14925E+02  0.10028E+01
 e,ep,th,sigb,sigqe=   10.59    4.03   21.00  0.1561E+02  0.1504E-02
  10.589 21.000  5.67    0.68    0.37   -1.44    0.34    0.00   -1.10  0.919
   4.030  0.461  7.52    0.76    0.43   -5.38    0.40    0.00   -4.98 1.561E+01

   10.5890   4.0300  21.0000   0.4606   5.6687  0.15565E+02  0.15564E+02  0.15000E-02  0.14831E+02  0.24157E-04  0.62095E-01  0.14769E+02  0.10028E+01
 e,ep,th,sigb,sigqe=   10.59    4.04   21.00  0.1546E+02  0.1525E-02
  10.589 21.000  5.68    0.67    0.37   -1.51    0.34    0.00   -1.18  0.920
   4.040  0.462  7.49    0.75    0.43   -5.48    0.40    0.00   -5.08 1.546E+01

   10.5890   4.0400  21.0000   0.4624   5.6828  0.15417E+02  0.15415E+02  0.15206E-02  0.14674E+02  0.23338E-04  0.61101E-01  0.14613E+02  0.10028E+01
 e,ep,th,sigb,sigqe=   10.59    4.05   21.00  0.1531E+02  0.1546E-02
  10.589 21.000  5.70    0.67    0.36   -1.59    0.33    0.00   -1.25  0.921
   4.050  0.464  7.45    0.74    0.43   -5.58    0.39    0.00   -5.19 1.531E+01

   10.5890   4.0500  21.0000   0.4643   5.6969  0.15269E+02  0.15267E+02  0.15415E-02  0.14518E+02  0.22536E-04  0.60126E-01  0.14458E+02  0.10028E+01
 e,ep,th,sigb,sigqe=   10.59    4.06   21.00  0.1516E+02  0.1567E-02
  10.589 21.000  5.71    0.66    0.36   -1.67    0.33    0.00   -1.33  0.923
   4.060  0.466  7.42    0.74    0.42   -5.68    0.39    0.00   -5.29 1.516E+01

   10.5890   4.0600  21.0000   0.4661   5.7109  0.15121E+02  0.15119E+02  0.15628E-02  0.14362E+02  0.21752E-04  0.59168E-01  0.14303E+02  0.10029E+01
 e,ep,th,sigb,sigqe=   10.59    4.07   21.00  0.1501E+02  0.1589E-02
  10.589 21.000  5.72    0.66    0.36   -1.74    0.33    0.00   -1.41  0.924
   4.070  0.468  7.39    0.73    0.42   -5.78    0.39    0.00   -5.39 1.502E+01

   10.5890   4.0700  21.0000   0.4680   5.7250  0.14973E+02  0.14972E+02  0.15845E-02  0.14207E+02  0.20987E-04  0.58233E-01  0.14149E+02  0.10029E+01
 e,ep,th,sigb,sigqe=   10.59    4.08   21.00  0.1487E+02  0.1611E-02
  10.589 21.000  5.74    0.65    0.36   -1.82    0.33    0.00   -1.49  0.926
   4.080  0.470  7.36    0.73    0.42   -5.87    0.39    0.00   -5.49 1.487E+01

   10.5890   4.0800  21.0000   0.4699   5.7391  0.14826E+02  0.14824E+02  0.16066E-02  0.14053E+02  0.20240E-04  0.57318E-01  0.13996E+02  0.10029E+01
 e,ep,th,sigb,sigqe=   10.59    4.09   21.00  0.1472E+02  0.1634E-02
  10.589 21.000  5.75    0.65    0.35   -1.89    0.33    0.00   -1.56  0.927
   4.090  0.472  7.32    0.72    0.41   -5.97    0.38    0.00   -5.59 1.472E+01

   10.5890   4.0900  21.0000   0.4717   5.7531  0.14679E+02  0.14677E+02  0.16291E-02  0.13899E+02  0.19511E-04  0.56421E-01  0.13843E+02  0.10029E+01
 e,ep,th,sigb,sigqe=   10.59    4.10   21.00  0.1457E+02  0.1657E-02
  10.589 21.000  5.77    0.64    0.35   -1.97    0.33    0.00   -1.64  0.929
   4.100  0.474  7.29    0.72    0.41   -6.07    0.38    0.00   -5.69 1.457E+01

   10.5890   4.1000  21.0000   0.4736   5.7672  0.14532E+02  0.14531E+02  0.16520E-02  0.13746E+02  0.18799E-04  0.55542E-01  0.13691E+02  0.10029E+01
 e,ep,th,sigb,sigqe=   10.59    4.11   21.00  0.1443E+02  0.1680E-02
  10.589 21.000  5.78    0.64    0.35   -2.04    0.32    0.00   -1.72  0.930
   4.110  0.476  7.26    0.71    0.41   -6.16    0.38    0.00   -5.78 1.443E+01

   10.5890   4.1100  21.0000   0.4755   5.7813  0.14386E+02  0.14384E+02  0.16753E-02  0.13594E+02  0.18106E-04  0.54682E-01  0.13539E+02  0.10029E+01
 e,ep,th,sigb,sigqe=   10.59    4.12   21.00  0.1428E+02  0.1704E-02
  10.589 21.000  5.80    0.63    0.35   -2.11    0.32    0.00   -1.79  0.932
   4.120  0.477  7.22    0.71    0.41   -6.26    0.38    0.00   -5.88 1.428E+01

   10.5890   4.1200  21.0000   0.4774   5.7953  0.14240E+02  0.14239E+02  0.16990E-02  0.13443E+02  0.17432E-04  0.53839E-01  0.13389E+02  0.10030E+01
 e,ep,th,sigb,sigqe=   10.59    4.13   21.00  0.1414E+02  0.1728E-02
  10.589 21.000  5.81    0.63    0.34   -2.19    0.32    0.00   -1.87  0.934
   4.130  0.479  7.19    0.70    0.40   -6.35    0.38    0.00   -5.98 1.414E+01

   10.5890   4.1300  21.0000   0.4793   5.8094  0.14095E+02  0.14093E+02  0.17232E-02  0.13292E+02  0.16773E-04  0.53014E-01  0.13239E+02  0.10030E+01
 e,ep,th,sigb,sigqe=   10.59    4.14   21.00  0.1399E+02  0.1753E-02
  10.589 21.000  5.82    0.62    0.34   -2.26    0.32    0.00   -1.94  0.935
   4.140  0.481  7.16    0.70    0.40   -6.45    0.37    0.00   -6.08 1.399E+01

   10.5890   4.1400  21.0000   0.4812   5.8235  0.13949E+02  0.13948E+02  0.17478E-02  0.13141E+02  0.16133E-04  0.52206E-01  0.13089E+02  0.10030E+01
 e,ep,th,sigb,sigqe=   10.59    4.15   21.00  0.1384E+02  0.1778E-02
  10.589 21.000  5.84    0.62    0.34   -2.34    0.32    0.00   -2.02  0.937
   4.150  0.483  7.13    0.69    0.40   -6.55    0.37    0.00   -6.18 1.385E+01

   10.5890   4.1500  21.0000   0.4831   5.8375  0.13804E+02  0.13802E+02  0.17729E-02  0.12991E+02  0.15510E-04  0.51414E-01  0.12939E+02  0.10030E+01
 e,ep,th,sigb,sigqe=   10.59    4.16   21.00  0.1370E+02  0.1804E-02
  10.589 21.000  5.85    0.62    0.34   -2.41    0.32    0.00   -2.09  0.939
   4.160  0.485  7.09    0.69    0.40   -6.65    0.37    0.00   -6.28 1.370E+01

   10.5890   4.1600  21.0000   0.4850   5.8516  0.13659E+02  0.13658E+02  0.17984E-02  0.12841E+02  0.14905E-04  0.50640E-01  0.12791E+02  0.10031E+01
 e,ep,th,sigb,sigqe=   10.59    4.17   21.00  0.1355E+02  0.1830E-02
  10.589 21.000  5.87    0.61    0.33   -2.48    0.31    0.00   -2.17  0.941
   4.170  0.487  7.06    0.68    0.39   -6.74    0.37    0.00   -6.37 1.356E+01

   10.5890   4.1700  21.0000   0.4870   5.8657  0.13515E+02  0.13513E+02  0.18244E-02  0.12693E+02  0.14317E-04  0.49882E-01  0.12643E+02  0.10031E+01
 e,ep,th,sigb,sigqe=   10.59    4.18   21.00  0.1341E+02  0.1857E-02
  10.589 21.000  5.88    0.61    0.33   -2.56    0.31    0.00   -2.24  0.943
   4.180  0.489  7.03    0.68    0.39   -6.83    0.37    0.00   -6.47 1.341E+01

   10.5890   4.1800  21.0000   0.4889   5.8797  0.13371E+02  0.13369E+02  0.18509E-02  0.12545E+02  0.13746E-04  0.49141E-01  0.12496E+02  0.10031E+01
 e,ep,th,sigb,sigqe=   10.59    4.19   21.00  0.1327E+02  0.1884E-02
  10.589 21.000  5.89    0.60    0.33   -2.63    0.31    0.00   -2.32  0.945
   4.190  0.491  6.99    0.67    0.39   -6.93    0.36    0.00   -6.56 1.327E+01

   10.5890   4.1900  21.0000   0.4908   5.8938  0.13227E+02  0.13225E+02  0.18779E-02  0.12397E+02  0.13192E-04  0.48416E-01  0.12349E+02  0.10031E+01
 e,ep,th,sigb,sigqe=   10.59    4.20   21.00  0.1312E+02  0.1911E-02
  10.589 21.000  5.91    0.60    0.33   -2.70    0.31    0.00   -2.39  0.947
   4.200  0.493  6.96    0.67    0.39   -7.02    0.36    0.00   -6.66 1.312E+01

   10.5890   4.2000  21.0000   0.4928   5.9079  0.13084E+02  0.13082E+02  0.19055E-02  0.12251E+02  0.12654E-04  0.47708E-01  0.12203E+02  0.10031E+01
 e,ep,th,sigb,sigqe=   10.59    4.21   21.00  0.1298E+02  0.1940E-02
  10.589 21.000  5.92    0.60    0.33   -2.77    0.31    0.00   -2.46  0.949
   4.210  0.495  6.93    0.67    0.38   -7.11    0.36    0.00   -6.75 1.298E+01

   10.5890   4.2100  21.0000   0.4947   5.9219  0.12941E+02  0.12939E+02  0.19335E-02  0.12106E+02  0.12132E-04  0.47016E-01  0.12059E+02  0.10032E+01
 e,ep,th,sigb,sigqe=   10.59    4.22   21.00  0.1284E+02  0.1968E-02
  10.589 21.000  5.94    0.59    0.32   -2.84    0.31    0.00   -2.53  0.951
   4.220  0.497  6.90    0.66    0.38   -7.20    0.36    0.00   -6.84 1.284E+01

   10.5890   4.2200  21.0000   0.4967   5.9360  0.12799E+02  0.12797E+02  0.19621E-02  0.11961E+02  0.11627E-04  0.46339E-01  0.11915E+02  0.10032E+01
 e,ep,th,sigb,sigqe=   10.59    4.23   21.00  0.1270E+02  0.1998E-02
  10.589 21.000  5.95    0.59    0.32   -2.91    0.31    0.00   -2.60  0.954
   4.230  0.499  6.86    0.66    0.38   -7.30    0.36    0.00   -6.94 1.270E+01

   10.5890   4.2300  21.0000   0.4986   5.9501  0.12658E+02  0.12656E+02  0.19912E-02  0.11818E+02  0.11138E-04  0.45670E-01  0.11772E+02  0.10032E+01
 e,ep,th,sigb,sigqe=   10.59    4.24   21.00  0.1256E+02  0.2027E-02
  10.589 21.000  5.96    0.59    0.32   -2.98    0.31    0.00   -2.68  0.955
   4.240  0.501  6.83    0.65    0.38   -7.39    0.36    0.00   -7.03 1.256E+01

   10.5890   4.2400  21.0000   0.5006   5.9641  0.12517E+02  0.12515E+02  0.20209E-02  0.11675E+02  0.10664E-04  0.44985E-01  0.11630E+02  0.10032E+01
 e,ep,th,sigb,sigqe=   10.59    4.25   21.00  0.1241E+02  0.2058E-02
  10.589 21.000  5.98    0.58    0.32   -3.06    0.31    0.00   -2.75  0.958
   4.250  0.503  6.80    0.65    0.38   -7.48    0.36    0.00   -7.13 1.242E+01

   10.5890   4.2500  21.0000   0.5026   5.9782  0.12377E+02  0.12375E+02  0.20512E-02  0.11532E+02  0.10206E-04  0.44350E-01  0.11488E+02  0.10032E+01
 e,ep,th,sigb,sigqe=   10.59    4.26   21.00  0.1227E+02  0.2089E-02
  10.589 21.000  5.99    0.58    0.32   -3.13    0.30    0.00   -2.82  0.960
   4.260  0.505  6.76    0.64    0.37   -7.58    0.36    0.00   -7.22 1.228E+01

   10.5890   4.2600  21.0000   0.5045   5.9923  0.12237E+02  0.12235E+02  0.20821E-02  0.11390E+02  0.97624E-05  0.43729E-01  0.11347E+02  0.10033E+01
 e,ep,th,sigb,sigqe=   10.59    4.27   21.00  0.1214E+02  0.2121E-02
  10.589 21.000  6.01    0.57    0.32   -3.20    0.30    0.00   -2.90  0.962
   4.270  0.507  6.73    0.64    0.37   -7.67    0.36    0.00   -7.32 1.214E+01

   10.5890   4.2700  21.0000   0.5065   6.0063  0.12097E+02  0.12095E+02  0.21135E-02  0.11249E+02  0.93339E-05  0.43121E-01  0.11206E+02  0.10033E+01
 e,ep,th,sigb,sigqe=   10.59    4.28   21.00  0.1200E+02  0.2153E-02
  10.589 21.000  6.02    0.57    0.31   -3.27    0.30    0.00   -2.97  0.965
   4.280  0.509  6.70    0.64    0.37   -7.76    0.35    0.00   -7.41 1.200E+01

   10.5890   4.2800  21.0000   0.5085   6.0204  0.11958E+02  0.11956E+02  0.21456E-02  0.11109E+02  0.89200E-05  0.42527E-01  0.11067E+02  0.10033E+01
 e,ep,th,sigb,sigqe=   10.59    4.29   21.00  0.1186E+02  0.2186E-02
  10.589 21.000  6.03    0.57    0.31   -3.34    0.30    0.00   -3.04  0.968
   4.290  0.511  6.67    0.63    0.37   -7.85    0.35    0.00   -7.50 1.186E+01

   10.5890   4.2900  21.0000   0.5105   6.0345  0.11820E+02  0.11818E+02  0.21784E-02  0.10970E+02  0.85204E-05  0.41944E-01  0.10928E+02  0.10033E+01
 e,ep,th,sigb,sigqe=   10.59    4.30   21.00  0.1172E+02  0.2219E-02
  10.589 21.000  6.05    0.56    0.31   -3.41    0.30    0.00   -3.11  0.970
   4.300  0.513  6.63    0.63    0.37   -7.95    0.35    0.00   -7.59 1.172E+01

   10.5890   4.3000  21.0000   0.5125   6.0485  0.11682E+02  0.11680E+02  0.22118E-02  0.10831E+02  0.81347E-05  0.41374E-01  0.10790E+02  0.10034E+01
 e,ep,th,sigb,sigqe=   10.59    4.31   21.00  0.1158E+02  0.2253E-02
  10.589 21.000  6.06    0.56    0.31   -3.48    0.30    0.00   -3.18  0.973
   4.310  0.515  6.60    0.63    0.36   -8.04    0.35    0.00   -7.68 1.158E+01

   10.5890   4.3100  21.0000   0.5145   6.0626  0.11545E+02  0.11543E+02  0.22459E-02  0.10694E+02  0.77625E-05  0.40816E-01  0.10653E+02  0.10034E+01
 e,ep,th,sigb,sigqe=   10.59    4.32   21.00  0.1144E+02  0.2288E-02
  10.589 21.000  6.08    0.56    0.31   -3.55    0.30    0.00   -3.25  0.976
   4.320  0.517  6.57    0.62    0.36   -8.13    0.35    0.00   -7.77 1.145E+01

   10.5890   4.3200  21.0000   0.5165   6.0767  0.11408E+02  0.11406E+02  0.22806E-02  0.10557E+02  0.74038E-05  0.40270E-01  0.10517E+02  0.10034E+01
 e,ep,th,sigb,sigqe=   10.59    4.33   21.00  0.1131E+02  0.2324E-02
  10.589 21.000  6.09    0.56    0.31   -3.62    0.30    0.00   -3.32  0.979
   4.330  0.519  6.54    0.62    0.36   -8.22    0.35    0.00   -7.86 1.131E+01

   10.5890   4.3300  21.0000   0.5186   6.0907  0.11272E+02  0.11270E+02  0.23161E-02  0.10421E+02  0.70584E-05  0.39760E-01  0.10382E+02  0.10034E+01
 e,ep,th,sigb,sigqe=   10.59    4.34   21.00  0.1117E+02  0.2360E-02
  10.589 21.000  6.10    0.55    0.31   -3.69    0.30    0.00   -3.39  0.982
   4.340  0.521  6.50    0.62    0.36   -8.31    0.35    0.00   -7.96 1.118E+01

   10.5890   4.3400  21.0000   0.5206   6.1048  0.11137E+02  0.11135E+02  0.23523E-02  0.10286E+02  0.67255E-05  0.39236E-01  0.10247E+02  0.10034E+01
 e,ep,th,sigb,sigqe=   10.59    4.35   21.00  0.1104E+02  0.2398E-02
  10.589 21.000  6.12    0.55    0.31   -3.76    0.30    0.00   -3.46  0.985
   4.350  0.523  6.47    0.61    0.36   -8.40    0.35    0.00   -8.05 1.104E+01

   10.5890   4.3500  21.0000   0.5226   6.1189  0.11002E+02  0.11000E+02  0.23893E-02  0.10152E+02  0.64052E-05  0.38725E-01  0.10113E+02  0.10035E+01
 e,ep,th,sigb,sigqe=   10.59    4.36   21.00  0.1090E+02  0.2435E-02
  10.589 21.000  6.13    0.55    0.30   -3.83    0.30    0.00   -3.53  0.988
   4.360  0.525  6.44    0.61    0.36   -8.49    0.35    0.00   -8.14 1.091E+01

   10.5890   4.3600  21.0000   0.5247   6.1329  0.10869E+02  0.10866E+02  0.24270E-02  0.10019E+02  0.60970E-05  0.38224E-01  0.99807E+01  0.10035E+01
 e,ep,th,sigb,sigqe=   10.59    4.37   21.00  0.1077E+02  0.2474E-02
  10.589 21.000  6.15    0.54    0.30   -3.90    0.30    0.00   -3.60  0.991
   4.370  0.527  6.40    0.61    0.36   -8.58    0.35    0.00   -8.23 1.077E+01

   10.5890   4.3700  21.0000   0.5267   6.1470  0.10736E+02  0.10733E+02  0.24655E-02  0.98867E+01  0.58013E-05  0.37743E-01  0.98489E+01  0.10035E+01
 e,ep,th,sigb,sigqe=   10.59    4.38   21.00  0.1064E+02  0.2514E-02
  10.589 21.000  6.16    0.54    0.30   -3.98    0.30    0.00   -3.68  0.995
   4.380  0.529  6.37    0.60    0.36   -8.67    0.35    0.00   -8.32 1.064E+01

   10.5890   4.3800  21.0000   0.5288   6.1611  0.10603E+02  0.10601E+02  0.25049E-02  0.97554E+01  0.55166E-05  0.37269E-01  0.97181E+01  0.10035E+01
