 Enter the input file name (in INP directory)
 filename=INP/21degd2cryo17_part1.inp                                          
input files for EXTERNAL: runplan/target/output                         
RUNPLAN/10.6gev_21deg_part1.inp                                                 
TARG/targ.D2cryo17_shms                                                         
OUT/10.6gev_21deg_d2cryo17_part1_details.out                                    
 got here
 Reading parameters for Ioana's model
 Pauli suppression factors
  1.00 0.05 1.00 0.63 1.00 0.61 0.83 0.68 0.63 1.00 0.61 0.83
 Pauli suppression factors
  1.00 0.10 1.00 0.83 1.00 0.79 0.92 0.84 0.83 1.00 0.79 0.92
 Pauli suppression factors
  1.00 0.15 1.00 0.94 1.00 0.87 0.96 0.91 0.94 1.00 0.87 0.96
 Pauli suppression factors
  1.00 0.20 1.00 0.99 1.00 0.89 0.97 0.94 0.99 1.00 0.89 0.97
 Pauli suppression factors
  1.00 0.25 1.00 1.00 1.00 1.00 0.98 0.96 1.00 1.00 1.00 0.98
 Pauli suppression factors
  2.00 0.05 1.00 0.63 1.00 0.62 0.83 0.68 0.63 1.00 0.62 0.83
 Pauli suppression factors
  2.00 0.10 1.00 0.83 1.00 0.80 0.92 0.84 0.83 1.00 0.80 0.92
 Pauli suppression factors
  2.00 0.15 1.00 0.94 1.00 0.90 0.96 0.91 0.94 1.00 0.90 0.96
 Pauli suppression factors
  2.00 0.20 1.00 0.99 1.00 0.94 0.97 0.94 0.99 1.00 0.94 0.97
 Pauli suppression factors
  2.00 0.25 1.00 1.00 1.00 1.00 0.98 0.96 1.00 1.00 1.00 0.98
 Pauli suppression factors
  3.00 0.05 1.00 0.63 1.00 0.62 0.83 0.68 0.63 1.00 0.62 0.83
 Pauli suppression factors
  3.00 0.10 1.00 0.83 1.00 0.81 0.92 0.84 0.83 1.00 0.81 0.92
 Pauli suppression factors
  3.00 0.15 1.00 0.94 1.00 0.91 0.96 0.91 0.94 1.00 0.91 0.96
 Pauli suppression factors
  3.00 0.20 1.00 0.99 1.00 0.95 0.97 0.94 0.99 1.00 0.95 0.97
 Pauli suppression factors
  3.00 0.25 1.00 1.00 1.00 1.00 0.98 0.96 1.00 1.00 1.00 0.98
 Pauli suppression factors
  4.00 0.05 1.00 0.63 1.00 0.62 0.83 0.68 0.63 1.00 0.62 0.83
 Pauli suppression factors
  4.00 0.10 1.00 0.83 1.00 0.81 0.92 0.84 0.83 1.00 0.81 0.92
 Pauli suppression factors
  4.00 0.15 1.00 0.94 1.00 0.91 0.96 0.91 0.94 1.00 0.91 0.96
 Pauli suppression factors
  4.00 0.20 1.00 0.99 1.00 0.96 0.97 0.94 0.99 1.00 0.96 0.97
 Pauli suppression factors
  4.00 0.25 1.00 1.00 1.00 1.00 0.98 0.96 1.00 1.00 1.00 0.98
 Pauli suppression factors
  5.00 0.05 1.00 0.63 1.00 0.62 0.83 0.68 0.63 1.00 0.62 0.83
 Pauli suppression factors
  5.00 0.10 1.00 0.83 1.00 0.81 0.92 0.84 0.83 1.00 0.81 0.92
 Pauli suppression factors
  5.00 0.15 1.00 0.94 1.00 0.92 0.96 0.91 0.94 1.00 0.92 0.96
 Pauli suppression factors
  5.00 0.20 1.00 0.99 1.00 0.97 0.97 0.94 0.99 1.00 0.97 0.97
 Pauli suppression factors
  5.00 0.25 1.00 1.00 1.00 1.00 0.98 0.96 1.00 1.00 1.00 0.98
 e,ep,th,sigb,sigqe=   10.59    2.16   21.00  0.6860E+01  0.7019E-04
 CRYO17 rad len=   0.00000   0.00146   0.00000   0.01147   0.01428
 CRYO17 rad len=   2.50317   0.00146   0.00335   0.00922   0.01345
 CRYO17 rad len=   7.50951   0.00146   0.01006   0.00341   0.01314
 CRYO17 rad len=   5.00634   0.00146   0.00671   0.00649   0.01317
 CRYO17 rad len=  10.01268   0.00146   0.01342  -0.00000   0.01332
 CRYO17 rad len=   0.00000   0.00146   0.00000   0.01147   0.01428
  10.589 21.000  3.04    6.69    6.34   21.53    6.03    0.17   27.73  0.952
   2.160  0.192 13.66    8.85    8.01   25.19    7.62    0.18   32.98 6.860E+00

   10.5890   2.1600  21.0000   0.1921   3.0383  0.68601E+01  0.68600E+01  0.70192E-04  0.91225E+01  0.12086E-01  0.52256E+00  0.85879E+01  0.10000E+01
 e,ep,th,sigb,sigqe=   10.59    2.17   21.00  0.6837E+01  0.6983E-04
  10.589 21.000  3.05    6.59    6.22   21.33    5.91    0.17   27.41  0.951
   2.170  0.193 13.63    8.71    7.85   24.91    7.47    0.17   32.55 6.837E+00

   10.5890   2.1700  21.0000   0.1932   3.0524  0.68366E+01  0.68365E+01  0.69833E-04  0.90621E+01  0.11722E-01  0.51067E+00  0.85397E+01  0.10000E+01
 e,ep,th,sigb,sigqe=   10.59    2.18   21.00  0.6813E+01  0.6948E-04
  10.589 21.000  3.07    6.49    6.10   21.13    5.80    0.16   27.09  0.951
   2.180  0.194 13.59    8.57    7.70   24.64    7.33    0.17   32.13 6.813E+00

   10.5890   2.1800  21.0000   0.1943   3.0665  0.68131E+01  0.68131E+01  0.69480E-04  0.90023E+01  0.11371E-01  0.49907E+00  0.84919E+01  0.10000E+01
 e,ep,th,sigb,sigqe=   10.59    2.19   21.00  0.6790E+01  0.6913E-04
  10.589 21.000  3.08    6.39    5.98   20.93    5.69    0.16   26.78  0.951
   2.190  0.195 13.56    8.43    7.56   24.37    7.18    0.16   31.72 6.790E+00

   10.5890   2.1900  21.0000   0.1954   3.0805  0.67897E+01  0.67897E+01  0.69134E-04  0.89433E+01  0.11031E-01  0.48774E+00  0.84445E+01  0.10000E+01
 e,ep,th,sigb,sigqe=   10.59    2.20   21.00  0.6766E+01  0.6880E-04
  10.589 21.000  3.09    6.29    5.87   20.73    5.58    0.15   26.47  0.951
   2.200  0.197 13.53    8.29    7.41   24.10    7.04    0.16   31.31 6.766E+00

   10.5890   2.2000  21.0000   0.1966   3.0946  0.67664E+01  0.67663E+01  0.68796E-04  0.88848E+01  0.10703E-01  0.47668E+00  0.83974E+01  0.10000E+01
 e,ep,th,sigb,sigqe=   10.59    2.21   21.00  0.6743E+01  0.6846E-04
  10.589 21.000  3.11    6.19    5.76   20.54    5.47    0.15   26.16  0.950
   2.210  0.198 13.50    8.15    7.27   23.84    6.91    0.15   30.90 6.743E+00

   10.5890   2.2100  21.0000   0.1977   3.1087  0.67431E+01  0.67430E+01  0.68463E-04  0.88268E+01  0.10385E-01  0.46588E+00  0.83506E+01  0.10000E+01
 e,ep,th,sigb,sigqe=   10.59    2.22   21.00  0.6720E+01  0.6814E-04
  10.589 21.000  3.12    6.10    5.65   20.34    5.37    0.15   25.86  0.950
   2.220  0.199 13.46    8.02    7.14   23.58    6.78    0.15   30.50 6.720E+00

   10.5890   2.2200  21.0000   0.1988   3.1227  0.67198E+01  0.67197E+01  0.68138E-04  0.87695E+01  0.10076E-01  0.45533E+00  0.83041E+01  0.10000E+01
 e,ep,th,sigb,sigqe=   10.59    2.23   21.00  0.6696E+01  0.6782E-04
  10.589 21.000  3.14    6.00    5.55   20.15    5.27    0.14   25.56  0.950
   2.230  0.200 13.43    7.89    7.00   23.32    6.65    0.15   30.11 6.697E+00

   10.5890   2.2300  21.0000   0.2000   3.1368  0.66965E+01  0.66965E+01  0.67819E-04  0.87127E+01  0.97760E-02  0.44503E+00  0.82579E+01  0.10000E+01
 e,ep,th,sigb,sigqe=   10.59    2.24   21.00  0.6673E+01  0.6751E-04
  10.589 21.000  3.15    5.91    5.44   19.98    5.17    0.14   25.29  0.949
   2.240  0.201 13.40    7.76    6.87   23.08    6.52    0.14   29.74 6.673E+00

   10.5890   2.2400  21.0000   0.2011   3.1509  0.66733E+01  0.66733E+01  0.67506E-04  0.86580E+01  0.94858E-02  0.43497E+00  0.82135E+01  0.10000E+01
 e,ep,th,sigb,sigqe=   10.59    2.25   21.00  0.6650E+01  0.6720E-04
  10.589 21.000  3.16    5.82    5.34   19.79    5.07    0.13   24.99  0.949
   2.250  0.202 13.36    7.64    6.74   22.82    6.39    0.14   29.35 6.650E+00

   10.5890   2.2500  21.0000   0.2022   3.1649  0.66502E+01  0.66501E+01  0.67200E-04  0.86019E+01  0.92023E-02  0.42516E+00  0.81675E+01  0.10000E+01
 e,ep,th,sigb,sigqe=   10.59    2.26   21.00  0.6627E+01  0.6690E-04
  10.589 21.000  3.18    5.73    5.24   19.58    4.97    0.13   24.69  0.949
   2.260  0.203 13.33    7.51    6.61   22.54    6.27    0.13   28.95 6.627E+00

   10.5890   2.2600  21.0000   0.2034   3.1790  0.66270E+01  0.66270E+01  0.66900E-04  0.85456E+01  0.89302E-02  0.41556E+00  0.81211E+01  0.10000E+01
 e,ep,th,sigb,sigqe=   10.59    2.27   21.00  0.6604E+01  0.6661E-04
  10.589 21.000  3.19    5.65    5.14   19.39    4.88    0.13   24.40  0.949
   2.270  0.205 13.30    7.39    6.49   22.29    6.15    0.13   28.57 6.604E+00

   10.5890   2.2700  21.0000   0.2045   3.1931  0.66039E+01  0.66039E+01  0.66606E-04  0.84906E+01  0.86676E-02  0.40622E+00  0.80757E+01  0.10000E+01
 e,ep,th,sigb,sigqe=   10.59    2.28   21.00  0.6581E+01  0.6632E-04
  10.589 21.000  3.21    5.56    5.05   19.20    4.78    0.12   24.11  0.948
   2.280  0.206 13.27    7.27    6.36   22.03    6.03    0.13   28.19 6.581E+00

   10.5890   2.2800  21.0000   0.2057   3.2071  0.65809E+01  0.65808E+01  0.66318E-04  0.84361E+01  0.84106E-02  0.39675E+00  0.80309E+01  0.10000E+01
 e,ep,th,sigb,sigqe=   10.59    2.29   21.00  0.6558E+01  0.6604E-04
  10.589 21.000  3.22    5.48    4.95   19.02    4.69    0.12   23.83  0.947
   2.290  0.207 13.23    7.15    6.24   21.78    5.91    0.12   27.82 6.558E+00

   10.5890   2.2900  21.0000   0.2068   3.2212  0.65578E+01  0.65578E+01  0.66036E-04  0.83822E+01  0.81615E-02  0.38766E+00  0.79864E+01  0.10000E+01
 e,ep,th,sigb,sigqe=   10.59    2.30   21.00  0.6535E+01  0.6576E-04
  10.589 21.000  3.24    5.39    4.86   18.83    4.61    0.12   23.56  0.948
   2.300  0.208 13.20    7.04    6.13   21.53    5.81    0.12   27.46 6.535E+00

   10.5890   2.3000  21.0000   0.2080   3.2353  0.65348E+01  0.65347E+01  0.65760E-04  0.83294E+01  0.79201E-02  0.37940E+00  0.79421E+01  0.10000E+01
 e,ep,th,sigb,sigqe=   10.59    2.31   21.00  0.6512E+01  0.6549E-04
  10.589 21.000  3.25    5.31    4.77   18.65    4.52    0.12   23.29  0.948
   2.310  0.209 13.17    6.93    6.01   21.29    5.70    0.12   27.10 6.512E+00

   10.5890   2.3100  21.0000   0.2091   3.2493  0.65118E+01  0.65117E+01  0.65490E-04  0.82766E+01  0.76856E-02  0.37089E+00  0.78980E+01  0.10000E+01
 e,ep,th,sigb,sigqe=   10.59    2.32   21.00  0.6489E+01  0.6523E-04
  10.589 21.000  3.26    5.23    4.68   18.47    4.44    0.11   23.02  0.947
   2.320  0.210 13.13    6.82    5.90   21.04    5.59    0.11   26.74 6.489E+00

   10.5890   2.3200  21.0000   0.2103   3.2634  0.64888E+01  0.64888E+01  0.65226E-04  0.82241E+01  0.74580E-02  0.36257E+00  0.78541E+01  0.10000E+01
 e,ep,th,sigb,sigqe=   10.59    2.33   21.00  0.6466E+01  0.6497E-04
  10.589 21.000  3.28    5.15    4.60   18.29    4.35    0.11   22.75  0.947
   2.330  0.211 13.10    6.71    5.79   20.80    5.48    0.11   26.39 6.466E+00

   10.5890   2.3300  21.0000   0.2115   3.2775  0.64659E+01  0.64658E+01  0.64967E-04  0.81721E+01  0.72380E-02  0.35444E+00  0.78105E+01  0.10000E+01
 e,ep,th,sigb,sigqe=   10.59    2.34   21.00  0.6443E+01  0.6471E-04
  10.589 21.000  3.29    5.08    4.51   18.11    4.27    0.11   22.49  0.947
   2.340  0.213 13.07    6.60    5.68   20.55    5.38    0.11   26.04 6.443E+00

   10.5890   2.3400  21.0000   0.2126   3.2915  0.64429E+01  0.64429E+01  0.64714E-04  0.81206E+01  0.70242E-02  0.34651E+00  0.77671E+01  0.10000E+01
 e,ep,th,sigb,sigqe=   10.59    2.35   21.00  0.6420E+01  0.6447E-04
  10.589 21.000  3.31    5.00    4.43   17.93    4.19    0.10   22.22  0.947
   2.350  0.214 13.04    6.50    5.58   20.31    5.28    0.11   25.69 6.420E+00

   10.5890   2.3500  21.0000   0.2138   3.3056  0.64200E+01  0.64200E+01  0.64466E-04  0.80695E+01  0.68169E-02  0.33878E+00  0.77239E+01  0.10000E+01
 e,ep,th,sigb,sigqe=   10.59    2.36   21.00  0.6397E+01  0.6422E-04
  10.589 21.000  3.32    4.93    4.35   17.75    4.11    0.10   21.97  0.946
   2.360  0.215 13.00    6.39    5.47   20.07    5.18    0.10   25.35 6.397E+00

   10.5890   2.3600  21.0000   0.2150   3.3197  0.63971E+01  0.63971E+01  0.64224E-04  0.80188E+01  0.66157E-02  0.33122E+00  0.76810E+01  0.10000E+01
 e,ep,th,sigb,sigqe=   10.59    2.37   21.00  0.6374E+01  0.6399E-04
  10.589 21.000  3.33    4.85    4.27   17.57    4.04    0.10   21.71  0.946
   2.370  0.216 12.97    6.29    5.37   19.83    5.08    0.10   25.01 6.374E+00

   10.5890   2.3700  21.0000   0.2161   3.3337  0.63743E+01  0.63742E+01  0.63987E-04  0.79685E+01  0.64208E-02  0.32383E+00  0.76383E+01  0.10000E+01
 e,ep,th,sigb,sigqe=   10.59    2.38   21.00  0.6351E+01  0.6376E-04
  10.589 21.000  3.35    4.78    4.19   17.40    3.96    0.10   21.45  0.946
   2.380  0.217 12.94    6.19    5.27   19.59    4.98    0.10   24.67 6.351E+00

   10.5890   2.3800  21.0000   0.2173   3.3478  0.63515E+01  0.63514E+01  0.63755E-04  0.79186E+01  0.62308E-02  0.31657E+00  0.75958E+01  0.10000E+01
 e,ep,th,sigb,sigqe=   10.59    2.39   21.00  0.6329E+01  0.6353E-04
  10.589 21.000  3.36    4.71    4.11   17.22    3.89    0.09   21.20  0.945
   2.390  0.219 12.90    6.10    5.17   19.36    4.89    0.10   24.34 6.329E+00

   10.5890   2.3900  21.0000   0.2185   3.3619  0.63287E+01  0.63286E+01  0.63529E-04  0.78692E+01  0.60473E-02  0.30949E+00  0.75536E+01  0.10000E+01
 e,ep,th,sigb,sigqe=   10.59    2.40   21.00  0.6306E+01  0.6331E-04
  10.589 21.000  3.38    4.64    4.04   17.05    3.82    0.09   20.95  0.945
   2.400  0.220 12.87    6.00    5.08   19.12    4.80    0.09   24.01 6.306E+00

   10.5890   2.4000  21.0000   0.2197   3.3759  0.63059E+01  0.63058E+01  0.63308E-04  0.78199E+01  0.58688E-02  0.30262E+00  0.75115E+01  0.10000E+01
 e,ep,th,sigb,sigqe=   10.59    2.41   21.00  0.6283E+01  0.6309E-04
  10.589 21.000  3.39    4.57    3.96   16.88    3.75    0.09   20.71  0.945
   2.410  0.221 12.84    5.91    4.99   18.89    4.71    0.09   23.69 6.283E+00

   10.5890   2.4100  21.0000   0.2209   3.3900  0.62831E+01  0.62831E+01  0.63092E-04  0.77714E+01  0.56954E-02  0.29593E+00  0.74698E+01  0.10000E+01
 e,ep,th,sigb,sigqe=   10.59    2.42   21.00  0.6260E+01  0.6288E-04
  10.589 21.000  3.40    4.51    3.89   16.70    3.68    0.09   20.47  0.945
   2.420  0.222 12.81    5.81    4.89   18.65    4.62    0.09   23.37 6.260E+00

   10.5890   2.4200  21.0000   0.2221   3.4041  0.62604E+01  0.62603E+01  0.62881E-04  0.77232E+01  0.55275E-02  0.28936E+00  0.74283E+01  0.10000E+01
 e,ep,th,sigb,sigqe=   10.59    2.43   21.00  0.6238E+01  0.6267E-04
  10.589 21.000  3.42    4.44    3.82   16.53    3.61    0.08   20.23  0.945
   2.430  0.223 12.77    5.72    4.80   18.43    4.54    0.09   23.05 6.238E+00

   10.5890   2.4300  21.0000   0.2232   3.4181  0.62377E+01  0.62376E+01  0.62675E-04  0.76753E+01  0.53658E-02  0.28294E+00  0.73870E+01  0.10000E+01
 e,ep,th,sigb,sigqe=   10.59    2.44   21.00  0.6215E+01  0.6247E-04
  10.589 21.000  3.43    4.37    3.75   16.37    3.54    0.08   19.99  0.944
   2.440  0.224 12.74    5.63    4.72   18.20    4.45    0.08   22.74 6.215E+00

   10.5890   2.4400  21.0000   0.2244   3.4322  0.62150E+01  0.62149E+01  0.62474E-04  0.76280E+01  0.52065E-02  0.27667E+00  0.73461E+01  0.10000E+01
 e,ep,th,sigb,sigqe=   10.59    2.45   21.00  0.6192E+01  0.6228E-04
  10.589 21.000  3.45    4.31    3.68   16.20    3.48    0.08   19.76  0.944
   2.450  0.226 12.71    5.55    4.63   17.97    4.36    0.08   22.42 6.192E+00

   10.5890   2.4500  21.0000   0.2256   3.4463  0.61923E+01  0.61922E+01  0.62277E-04  0.75805E+01  0.50532E-02  0.27020E+00  0.73053E+01  0.10000E+01
 e,ep,th,sigb,sigqe=   10.59    2.46   21.00  0.6170E+01  0.6209E-04
  10.589 21.000  3.46    4.25    3.62   16.03    3.41    0.08   19.52  0.944
   2.460  0.227 12.67    5.46    4.54   17.75    4.29    0.08   22.12 6.170E+00

   10.5890   2.4600  21.0000   0.2268   3.4603  0.61696E+01  0.61695E+01  0.62086E-04  0.75341E+01  0.49042E-02  0.26455E+00  0.72647E+01  0.10000E+01
 e,ep,th,sigb,sigqe=   10.59    2.47   21.00  0.6147E+01  0.6190E-04
  10.589 21.000  3.47    4.19    3.55   15.87    3.35    0.08   19.29  0.944
   2.470  0.228 12.64    5.38    4.46   17.53    4.21    0.08   21.81 6.147E+00

   10.5890   2.4700  21.0000   0.2280   3.4744  0.61469E+01  0.61468E+01  0.61900E-04  0.74877E+01  0.47594E-02  0.25871E+00  0.72242E+01  0.10000E+01
 e,ep,th,sigb,sigqe=   10.59    2.48   21.00  0.6124E+01  0.6172E-04
  10.589 21.000  3.49    4.13    3.49   15.70    3.29    0.07   19.06  0.943
   2.480  0.229 12.61    5.29    4.38   17.30    4.13    0.08   21.51 6.124E+00

   10.5890   2.4800  21.0000   0.2292   3.4885  0.61242E+01  0.61242E+01  0.61718E-04  0.74415E+01  0.46193E-02  0.25301E+00  0.71838E+01  0.10000E+01
 e,ep,th,sigb,sigqe=   10.59    2.49   21.00  0.6102E+01  0.6154E-04
  10.589 21.000  3.50    4.07    3.42   15.54    3.23    0.07   18.84  0.943
   2.490  0.230 12.58    5.21    4.30   17.08    4.06    0.07   21.21 6.102E+00

   10.5890   2.4900  21.0000   0.2305   3.5025  0.61016E+01  0.61015E+01  0.61541E-04  0.73958E+01  0.44832E-02  0.24744E+00  0.71439E+01  0.10000E+01
 e,ep,th,sigb,sigqe=   10.59    2.50   21.00  0.6079E+01  0.6137E-04
  10.589 21.000  3.52    4.01    3.36   15.38    3.17    0.07   18.62  0.944
   2.500  0.232 12.54    5.13    4.22   16.86    3.99    0.07   20.92 6.079E+00

   10.5890   2.5000  21.0000   0.2317   3.5166  0.60790E+01  0.60789E+01  0.61368E-04  0.73507E+01  0.43514E-02  0.24228E+00  0.71041E+01  0.10000E+01
 e,ep,th,sigb,sigqe=   10.59    2.51   21.00  0.6056E+01  0.6120E-04
  10.589 21.000  3.53    3.95    3.30   15.24    3.11    0.07   18.42  0.943
   2.510  0.233 12.51    5.05    4.15   16.70    3.91    0.07   20.68 6.056E+00

   10.5890   2.5100  21.0000   0.2329   3.5307  0.60563E+01  0.60563E+01  0.61200E-04  0.73085E+01  0.42225E-02  0.23665E+00  0.70676E+01  0.10000E+01
 e,ep,th,sigb,sigqe=   10.59    2.52   21.00  0.6034E+01  0.6104E-04
  10.589 21.000  3.54    3.89    3.24   15.05    3.06    0.07   18.17  0.943
   2.520  0.234 12.48    4.98    4.07   16.42    3.84    0.07   20.32 6.034E+00

   10.5890   2.5200  21.0000   0.2341   3.5447  0.60337E+01  0.60336E+01  0.61037E-04  0.72600E+01  0.40981E-02  0.23146E+00  0.70244E+01  0.10000E+01
 e,ep,th,sigb,sigqe=   10.59    2.53   21.00  0.6011E+01  0.6088E-04
  10.589 21.000  3.56    3.84    3.18   14.89    3.00    0.06   17.96  0.942
   2.530  0.235 12.44    4.90    4.00   16.21    3.77    0.07   20.04 6.011E+00

   10.5890   2.5300  21.0000   0.2353   3.5588  0.60110E+01  0.60109E+01  0.60878E-04  0.72157E+01  0.39775E-02  0.22638E+00  0.69853E+01  0.10000E+01
 e,ep,th,sigb,sigqe=   10.59    2.54   21.00  0.5988E+01  0.6072E-04
  10.589 21.000  3.57    3.78    3.13   14.75    2.95    0.06   17.76  0.942
   2.540  0.237 12.41    4.83    3.93   16.01    3.70    0.06   19.77 5.988E+00

   10.5890   2.5400  21.0000   0.2365   3.5728  0.59884E+01  0.59883E+01  0.60724E-04  0.71725E+01  0.38613E-02  0.22141E+00  0.69472E+01  0.10000E+01
 e,ep,th,sigb,sigqe=   10.59    2.55   21.00  0.5966E+01  0.6057E-04
  10.589 21.000  3.59    3.73    3.07   14.59    2.89    0.06   17.55  0.942
   2.550  0.238 12.38    4.75    3.85   15.80    3.63    0.06   19.50 5.966E+00

   10.5890   2.5500  21.0000   0.2378   3.5869  0.59657E+01  0.59657E+01  0.60574E-04  0.71288E+01  0.37475E-02  0.21657E+00  0.69084E+01  0.10000E+01
 e,ep,th,sigb,sigqe=   10.59    2.56   21.00  0.5943E+01  0.6043E-04
  10.589 21.000  3.60    3.68    3.02   14.44    2.84    0.06   17.34  0.942
   2.560  0.239 12.35    4.68    3.79   15.59    3.56    0.06   19.22 5.943E+00

   10.5890   2.5600  21.0000   0.2390   3.6010  0.59431E+01  0.59430E+01  0.60428E-04  0.70853E+01  0.36373E-02  0.21183E+00  0.68699E+01  0.10000E+01
 e,ep,th,sigb,sigqe=   10.59    2.57   21.00  0.5920E+01  0.6029E-04
  10.589 21.000  3.62    3.62    2.96   14.28    2.79    0.06   17.13  0.942
   2.570  0.240 12.31    4.61    3.72   15.39    3.50    0.06   18.95 5.920E+00

   10.5890   2.5700  21.0000   0.2402   3.6150  0.59205E+01  0.59204E+01  0.60287E-04  0.70423E+01  0.35307E-02  0.20720E+00  0.68315E+01  0.10000E+01
 e,ep,th,sigb,sigqe=   10.59    2.58   21.00  0.5898E+01  0.6015E-04
  10.589 21.000  3.63    3.57    2.91   14.13    2.74    0.06   16.93  0.941
   2.580  0.241 12.28    4.54    3.65   15.18    3.44    0.06   18.68 5.898E+00

   10.5890   2.5800  21.0000   0.2415   3.6291  0.58978E+01  0.58978E+01  0.60150E-04  0.69994E+01  0.34268E-02  0.20269E+00  0.67933E+01  0.10000E+01
 e,ep,th,sigb,sigqe=   10.59    2.59   21.00  0.5875E+01  0.6002E-04
  10.589 21.000  3.64    3.52    2.86   13.98    2.69    0.06   16.73  0.941
   2.590  0.243 12.25    4.47    3.59   14.98    3.37    0.06   18.41 5.875E+00

   10.5890   2.5900  21.0000   0.2427   3.6432  0.58752E+01  0.58751E+01  0.60017E-04  0.69568E+01  0.33264E-02  0.19825E+00  0.67553E+01  0.10000E+01
 e,ep,th,sigb,sigqe=   10.59    2.60   21.00  0.5853E+01  0.5989E-04
  10.589 21.000  3.66    3.47    2.81   13.81    2.64    0.05   16.51  0.941
   2.600  0.244 12.21    4.41    3.52   14.75    3.31    0.06   18.12 5.853E+00

   10.5890   2.6000  21.0000   0.2439   3.6572  0.58526E+01  0.58525E+01  0.59889E-04  0.69133E+01  0.32289E-02  0.19393E+00  0.67161E+01  0.10000E+01
 e,ep,th,sigb,sigqe=   10.59    2.61   21.00  0.5830E+01  0.5976E-04
  10.589 21.000  3.67    3.42    2.76   13.67    2.60    0.05   16.32  0.941
   2.610  0.245 12.18    4.34    3.46   14.56    3.25    0.05   17.87 5.830E+00

   10.5890   2.6100  21.0000   0.2452   3.6713  0.58300E+01  0.58299E+01  0.59765E-04  0.68717E+01  0.31340E-02  0.18971E+00  0.66788E+01  0.10000E+01
 e,ep,th,sigb,sigqe=   10.59    2.62   21.00  0.5807E+01  0.5964E-04
  10.589 21.000  3.69    3.38    2.71   13.54    2.55    0.05   16.14  0.941
   2.620  0.246 12.15    4.28    3.40   14.38    3.20    0.05   17.63 5.807E+00

   10.5890   2.6200  21.0000   0.2464   3.6854  0.58074E+01  0.58073E+01  0.59645E-04  0.68310E+01  0.30425E-02  0.18559E+00  0.66424E+01  0.10000E+01
 e,ep,th,sigb,sigqe=   10.59    2.63   21.00  0.5785E+01  0.5953E-04
  10.589 21.000  3.70    3.33    2.66   13.39    2.51    0.05   15.94  0.940
   2.630  0.248 12.12    4.21    3.34   14.18    3.14    0.05   17.37 5.785E+00

   10.5890   2.6300  21.0000   0.2477   3.6994  0.57848E+01  0.57847E+01  0.59529E-04  0.67896E+01  0.29531E-02  0.18155E+00  0.66051E+01  0.10000E+01
 e,ep,th,sigb,sigqe=   10.59    2.64   21.00  0.5762E+01  0.5942E-04
  10.589 21.000  3.71    3.28    2.62   13.25    2.46    0.05   15.76  0.940
   2.640  0.249 12.08    4.15    3.28   13.99    3.08    0.05   17.12 5.762E+00

   10.5890   2.6400  21.0000   0.2489   3.7135  0.57622E+01  0.57621E+01  0.59417E-04  0.67487E+01  0.28668E-02  0.17761E+00  0.65682E+01  0.10000E+01
 e,ep,th,sigb,sigqe=   10.59    2.65   21.00  0.5740E+01  0.5931E-04
  10.589 21.000  3.73    3.23    2.57   13.10    2.42    0.05   15.57  0.940
   2.650  0.250 12.05    4.08    3.22   13.79    3.03    0.05   16.87 5.740E+00

   10.5890   2.6500  21.0000   0.2502   3.7276  0.57396E+01  0.57395E+01  0.59309E-04  0.67077E+01  0.27827E-02  0.17376E+00  0.65311E+01  0.10000E+01
 e,ep,th,sigb,sigqe=   10.59    2.66   21.00  0.5717E+01  0.5921E-04
  10.589 21.000  3.74    3.19    2.53   12.96    2.37    0.05   15.38  0.940
   2.660  0.251 12.02    4.03    3.16   13.59    2.97    0.05   16.62 5.717E+00

   10.5890   2.6600  21.0000   0.2515   3.7416  0.57170E+01  0.57170E+01  0.59205E-04  0.66669E+01  0.27009E-02  0.17000E+00  0.64942E+01  0.10000E+01
 e,ep,th,sigb,sigqe=   10.59    2.67   21.00  0.5694E+01  0.5911E-04
  10.589 21.000  3.76    3.15    2.48   12.81    2.33    0.05   15.19  0.940
   2.670  0.253 11.99    3.97    3.11   13.40    2.92    0.05   16.37 5.694E+00

   10.5890   2.6700  21.0000   0.2527   3.7557  0.56944E+01  0.56944E+01  0.59105E-04  0.66265E+01  0.26222E-02  0.16636E+00  0.64575E+01  0.10000E+01
 e,ep,th,sigb,sigqe=   10.59    2.68   21.00  0.5672E+01  0.5901E-04
  10.589 21.000  3.77    3.11    2.44   12.67    2.29    0.04   15.01  0.940
   2.680  0.254 11.95    3.91    3.05   13.21    2.87    0.04   16.12 5.672E+00

   10.5890   2.6800  21.0000   0.2540   3.7698  0.56718E+01  0.56718E+01  0.59009E-04  0.65864E+01  0.25454E-02  0.16276E+00  0.64210E+01  0.10000E+01
 e,ep,th,sigb,sigqe=   10.59    2.69   21.00  0.5649E+01  0.5892E-04
  10.589 21.000  3.78    3.06    2.40   12.53    2.25    0.04   14.83  0.939
   2.690  0.255 11.92    3.86    3.00   13.02    2.82    0.04   15.88 5.649E+00

   10.5890   2.6900  21.0000   0.2553   3.7838  0.56492E+01  0.56492E+01  0.58918E-04  0.65465E+01  0.24710E-02  0.15923E+00  0.63848E+01  0.10000E+01
 e,ep,th,sigb,sigqe=   10.59    2.70   21.00  0.5627E+01  0.5883E-04
  10.589 21.000  3.80    3.02    2.36   12.39    2.21    0.04   14.65  0.939
   2.700  0.257 11.89    3.80    2.95   12.83    2.77    0.04   15.64 5.627E+00

   10.5890   2.7000  21.0000   0.2565   3.7979  0.56267E+01  0.56266E+01  0.58830E-04  0.65068E+01  0.23986E-02  0.15578E+00  0.63486E+01  0.10000E+01
 e,ep,th,sigb,sigqe=   10.59    2.71   21.00  0.5604E+01  0.5875E-04
  10.589 21.000  3.81    2.98    2.32   12.25    2.17    0.04   14.47  0.939
   2.710  0.258 11.85    3.74    2.90   12.64    2.72    0.04   15.41 5.604E+00

   10.5890   2.7100  21.0000   0.2578   3.8120  0.56040E+01  0.56039E+01  0.58746E-04  0.64673E+01  0.23286E-02  0.15242E+00  0.63126E+01  0.10000E+01
 e,ep,th,sigb,sigqe=   10.59    2.72   21.00  0.5581E+01  0.5867E-04
  10.589 21.000  3.83    2.94    2.28   12.04    2.14    0.04   14.22  0.939
   2.720  0.259 11.82    3.69    2.85   12.37    2.67    0.04   15.08 5.581E+00

   10.5890   2.7200  21.0000   0.2591   3.8260  0.55813E+01  0.55813E+01  0.58666E-04  0.64233E+01  0.22604E-02  0.14915E+00  0.62719E+01  0.10000E+01
 e,ep,th,sigb,sigqe=   10.59    2.73   21.00  0.5559E+01  0.5859E-04
  10.589 21.000  3.84    2.90    2.24   11.98    2.10    0.04   14.12  0.939
   2.730  0.260 11.79    3.64    2.80   12.27    2.63    0.04   14.94 5.559E+00

   10.5890   2.7300  21.0000   0.2604   3.8401  0.55587E+01  0.55586E+01  0.58589E-04  0.63891E+01  0.21945E-02  0.14595E+00  0.62410E+01  0.10000E+01
 e,ep,th,sigb,sigqe=   10.59    2.74   21.00  0.5536E+01  0.5852E-04
  10.589 21.000  3.85    2.86    2.20   11.84    2.06    0.04   13.94  0.938
   2.740  0.262 11.76    3.58    2.75   12.09    2.58    0.04   14.71 5.536E+00

   10.5890   2.7400  21.0000   0.2617   3.8542  0.55360E+01  0.55360E+01  0.58517E-04  0.63504E+01  0.21304E-02  0.14282E+00  0.62054E+01  0.10000E+01
 e,ep,th,sigb,sigqe=   10.59    2.75   21.00  0.5513E+01  0.5845E-04
  10.589 21.000  3.87    2.82    2.16   11.71    2.03    0.04   13.77  0.938
   2.750  0.263 11.72    3.53    2.70   11.91    2.53    0.04   14.48 5.513E+00

   10.5890   2.7500  21.0000   0.2630   3.8682  0.55134E+01  0.55133E+01  0.58448E-04  0.63118E+01  0.20679E-02  0.13976E+00  0.61700E+01  0.10000E+01
 e,ep,th,sigb,sigqe=   10.59    2.76   21.00  0.5491E+01  0.5838E-04
  10.589 21.000  3.88    2.78    2.12   11.58    1.99    0.04   13.61  0.938
   2.760  0.264 11.69    3.48    2.66   11.74    2.49    0.04   14.27 5.491E+00

   10.5890   2.7600  21.0000   0.2643   3.8823  0.54908E+01  0.54907E+01  0.58384E-04  0.62741E+01  0.20077E-02  0.13683E+00  0.61353E+01  0.10000E+01
 e,ep,th,sigb,sigqe=   10.59    2.77   21.00  0.5468E+01  0.5832E-04
  10.589 21.000  3.90    2.75    2.09   11.44    1.96    0.04   13.44  0.938
   2.770  0.266 11.66    3.43    2.61   11.55    2.45    0.04   14.03 5.468E+00

   10.5890   2.7700  21.0000   0.2656   3.8964  0.54682E+01  0.54681E+01  0.58323E-04  0.62355E+01  0.19491E-02  0.13385E+00  0.60997E+01  0.10000E+01
 e,ep,th,sigb,sigqe=   10.59    2.78   21.00  0.5446E+01  0.5827E-04
  10.589 21.000  3.91    2.71    2.05   11.31    1.92    0.03   13.27  0.938
   2.780  0.267 11.62    3.38    2.57   11.37    2.41    0.03   13.81 5.446E+00

   10.5890   2.7800  21.0000   0.2669   3.9104  0.54456E+01  0.54455E+01  0.58265E-04  0.61976E+01  0.18922E-02  0.13099E+00  0.60647E+01  0.10000E+01
 e,ep,th,sigb,sigqe=   10.59    2.79   21.00  0.5423E+01  0.5821E-04
  10.589 21.000  3.92    2.67    2.02   11.18    1.89    0.03   13.10  0.938
   2.790  0.268 11.59    3.34    2.52   11.19    2.36    0.03   13.59 5.423E+00

   10.5890   2.7900  21.0000   0.2682   3.9245  0.54230E+01  0.54229E+01  0.58212E-04  0.61599E+01  0.18369E-02  0.12820E+00  0.60299E+01  0.10000E+01
 e,ep,th,sigb,sigqe=   10.59    2.80   21.00  0.5400E+01  0.5816E-04
  10.589 21.000  3.94    2.64    1.98   11.05    1.86    0.03   12.94  0.938
   2.800  0.269 11.56    3.29    2.48   11.02    2.32    0.03   13.37 5.400E+00

   10.5890   2.8000  21.0000   0.2695   3.9386  0.54004E+01  0.54003E+01  0.58162E-04  0.61225E+01  0.17833E-02  0.12547E+00  0.59952E+01  0.10000E+01
 e,ep,th,sigb,sigqe=   10.59    2.81   21.00  0.5378E+01  0.5812E-04
  10.589 21.000  3.95    2.60    1.95   10.92    1.83    0.03   12.78  0.937
   2.810  0.271 11.53    3.24    2.44   10.84    2.28    0.03   13.16 5.378E+00

   10.5890   2.8100  21.0000   0.2708   3.9526  0.53777E+01  0.53777E+01  0.58116E-04  0.60852E+01  0.17312E-02  0.12278E+00  0.59607E+01  0.10000E+01
 e,ep,th,sigb,sigqe=   10.59    2.82   21.00  0.5355E+01  0.5807E-04
  10.589 21.000  3.97    2.57    1.92   10.79    1.80    0.03   12.62  0.937
   2.820  0.272 11.49    3.20    2.39   10.67    2.24    0.03   12.94 5.355E+00

   10.5890   2.8200  21.0000   0.2721   3.9667  0.53551E+01  0.53551E+01  0.58074E-04  0.60483E+01  0.16806E-02  0.12014E+00  0.59264E+01  0.10000E+01
 e,ep,th,sigb,sigqe=   10.59    2.83   21.00  0.5332E+01  0.5804E-04
  10.589 21.000  3.98    2.53    1.88   10.66    1.77    0.03   12.46  0.937
   2.830  0.273 11.46    3.15    2.35   10.50    2.21    0.03   12.73 5.332E+00

   10.5890   2.8300  21.0000   0.2734   3.9808  0.53325E+01  0.53324E+01  0.58035E-04  0.60113E+01  0.16314E-02  0.11758E+00  0.58921E+01  0.10000E+01
 e,ep,th,sigb,sigqe=   10.59    2.84   21.00  0.5310E+01  0.5800E-04
  10.589 21.000  3.99    2.50    1.85   10.54    1.74    0.03   12.30  0.937
   2.840  0.275 11.43    3.11    2.31   10.32    2.17    0.03   12.52 5.310E+00

   10.5890   2.8400  21.0000   0.2747   3.9948  0.53098E+01  0.53097E+01  0.58000E-04  0.59747E+01  0.15841E-02  0.11508E+00  0.58580E+01  0.10000E+01
 e,ep,th,sigb,sigqe=   10.59    2.85   21.00  0.5287E+01  0.5797E-04
  10.589 21.000  4.01    2.47    1.82   10.41    1.71    0.03   12.15  0.937
   2.850  0.276 11.39    3.06    2.28   10.16    2.13    0.03   12.31 5.287E+00

   10.5890   2.8500  21.0000   0.2760   4.0089  0.52871E+01  0.52870E+01  0.57969E-04  0.59382E+01  0.15375E-02  0.11263E+00  0.58240E+01  0.10000E+01
 e,ep,th,sigb,sigqe=   10.59    2.86   21.00  0.5264E+01  0.5794E-04
  10.589 21.000  4.02    2.44    1.79   10.29    1.68    0.03   11.99  0.937
   2.860  0.277 11.36    3.02    2.24    9.99    2.10    0.03   12.11 5.264E+00

   10.5890   2.8600  21.0000   0.2774   4.0230  0.52644E+01  0.52644E+01  0.57942E-04  0.59020E+01  0.14926E-02  0.11032E+00  0.57902E+01  0.10000E+01
 e,ep,th,sigb,sigqe=   10.59    2.87   21.00  0.5242E+01  0.5792E-04
  10.589 21.000  4.04    2.40    1.76   10.16    1.65    0.03   11.84  0.937
   2.870  0.279 11.33    2.98    2.20    9.82    2.06    0.03   11.91 5.242E+00

   10.5890   2.8700  21.0000   0.2787   4.0370  0.52418E+01  0.52417E+01  0.57918E-04  0.58659E+01  0.14489E-02  0.10800E+00  0.57564E+01  0.10000E+01
 e,ep,th,sigb,sigqe=   10.59    2.88   21.00  0.5219E+01  0.5790E-04
  10.589 21.000  4.05    2.37    1.73   10.04    1.62    0.03   11.69  0.937
   2.880  0.280 11.30    2.94    2.16    9.65    2.03    0.03   11.71 5.219E+00

   10.5890   2.8800  21.0000   0.2800   4.0511  0.52191E+01  0.52190E+01  0.57897E-04  0.58300E+01  0.14064E-02  0.10573E+00  0.57229E+01  0.10000E+01
 e,ep,th,sigb,sigqe=   10.59    2.89   21.00  0.5196E+01  0.5788E-04
  10.589 21.000  4.07    2.34    1.70    9.92    1.60    0.03   11.54  0.937
   2.890  0.281 11.26    2.90    2.13    9.49    1.99    0.03   11.51 5.196E+00

   10.5890   2.8900  21.0000   0.2814   4.0652  0.51963E+01  0.51963E+01  0.57881E-04  0.57943E+01  0.13654E-02  0.10350E+00  0.56894E+01  0.10000E+01
 e,ep,th,sigb,sigqe=   10.59    2.90   21.00  0.5174E+01  0.5787E-04
  10.589 21.000  4.08    2.31    1.68    9.80    1.57    0.03   11.39  0.937
   2.900  0.283 11.23    2.86    2.09    9.33    1.96    0.03   11.31 5.174E+00

   10.5890   2.9000  21.0000   0.2827   4.0792  0.51736E+01  0.51735E+01  0.57868E-04  0.57587E+01  0.13251E-02  0.10132E+00  0.56561E+01  0.10000E+01
 e,ep,th,sigb,sigqe=   10.59    2.91   21.00  0.5151E+01  0.5786E-04
  10.589 21.000  4.09    2.28    1.65    9.68    1.54    0.02   11.25  0.936
   2.910  0.284 11.20    2.82    2.06    9.16    1.93    0.02   11.11 5.151E+00

   10.5890   2.9100  21.0000   0.2841   4.0933  0.51509E+01  0.51508E+01  0.57858E-04  0.57233E+01  0.12862E-02  0.99199E-01  0.56228E+01  0.10000E+01
 e,ep,th,sigb,sigqe=   10.59    2.92   21.00  0.5128E+01  0.5785E-04
  10.589 21.000  4.11    2.25    1.62    9.56    1.52    0.02   11.10  0.935
   2.920  0.285 11.16    2.78    2.02    9.00    1.89    0.02   10.91 5.128E+00

   10.5890   2.9200  21.0000   0.2854   4.1074  0.51282E+01  0.51281E+01  0.57852E-04  0.56878E+01  0.12484E-02  0.96806E-01  0.55898E+01  0.10000E+01
 e,ep,th,sigb,sigqe=   10.59    2.93   21.00  0.5105E+01  0.5785E-04
  10.589 21.000  4.12    2.22    1.59    9.44    1.49    0.02   10.96  0.936
   2.930  0.287 11.13    2.74    1.99    8.84    1.86    0.02   10.73 5.105E+00

   10.5890   2.9300  21.0000   0.2868   4.1214  0.51055E+01  0.51054E+01  0.57850E-04  0.56531E+01  0.12112E-02  0.95086E-01  0.55568E+01  0.10000E+01
 e,ep,th,sigb,sigqe=   10.59    2.94   21.00  0.5083E+01  0.5785E-04
  10.589 21.000  4.14    2.20    1.57    9.34    1.47    0.02   10.83  0.936
   2.940  0.288 11.10    2.70    1.96    8.69    1.83    0.02   10.55 5.083E+00

   10.5890   2.9400  21.0000   0.2881   4.1355  0.50828E+01  0.50827E+01  0.57852E-04  0.56189E+01  0.11752E-02  0.93097E-01  0.55247E+01  0.10000E+01
 e,ep,th,sigb,sigqe=   10.59    2.95   21.00  0.5060E+01  0.5786E-04
  10.589 21.000  4.15    2.17    1.54    9.22    1.44    0.02   10.68  0.936
   2.950  0.289 11.07    2.67    1.92    8.53    1.80    0.02   10.36 5.060E+00

   10.5890   2.9500  21.0000   0.2895   4.1496  0.50601E+01  0.50600E+01  0.57857E-04  0.55841E+01  0.11404E-02  0.91150E-01  0.54918E+01  0.10000E+01
 e,ep,th,sigb,sigqe=   10.59    2.96   21.00  0.5037E+01  0.5787E-04
  10.589 21.000  4.16    2.14    1.52    9.10    1.42    0.02   10.54  0.936
   2.960  0.291 11.03    2.63    1.89    8.37    1.77    0.02   10.16 5.037E+00

   10.5890   2.9600  21.0000   0.2908   4.1636  0.50374E+01  0.50373E+01  0.57865E-04  0.55494E+01  0.11066E-02  0.89245E-01  0.54590E+01  0.10000E+01
 e,ep,th,sigb,sigqe=   10.59    2.97   21.00  0.5015E+01  0.5788E-04
  10.589 21.000  4.18    2.11    1.49    8.98    1.40    0.02   10.40  0.936
   2.970  0.292 11.00    2.60    1.86    8.22    1.74    0.02    9.98 5.015E+00

   10.5890   2.9700  21.0000   0.2922   4.1777  0.50146E+01  0.50146E+01  0.57878E-04  0.55150E+01  0.10736E-02  0.87383E-01  0.54266E+01  0.10000E+01
 e,ep,th,sigb,sigqe=   10.59    2.98   21.00  0.4992E+01  0.5789E-04
  10.589 21.000  4.19    2.09    1.47    8.87    1.37    0.02   10.26  0.936
   2.980  0.294 10.97    2.56    1.83    8.06    1.71    0.02    9.80 4.992E+00

   10.5890   2.9800  21.0000   0.2936   4.1918  0.49919E+01  0.49918E+01  0.57893E-04  0.54809E+01  0.10417E-02  0.85562E-01  0.53943E+01  0.10000E+01
 e,ep,th,sigb,sigqe=   10.59    2.99   21.00  0.4969E+01  0.5791E-04
  10.589 21.000  4.21    2.06    1.45    8.75    1.35    0.02   10.13  0.936
   2.990  0.295 10.93    2.53    1.80    7.91    1.69    0.02    9.61 4.969E+00

   10.5890   2.9900  21.0000   0.2949   4.2058  0.49692E+01  0.49691E+01  0.57913E-04  0.54469E+01  0.10109E-02  0.83782E-01  0.53621E+01  0.10000E+01
 e,ep,th,sigb,sigqe=   10.59    3.00   21.00  0.4946E+01  0.5794E-04
  10.589 21.000  4.22    2.03    1.42    8.64    1.33    0.02    9.99  0.936
   3.000  0.296 10.90    2.49    1.77    7.75    1.66    0.02    9.43 4.946E+00

   10.5890   3.0000  21.0000   0.2963   4.2199  0.49465E+01  0.49464E+01  0.57936E-04  0.54131E+01  0.98086E-03  0.82045E-01  0.53301E+01  0.10000E+01
 e,ep,th,sigb,sigqe=   10.59    3.01   21.00  0.4924E+01  0.5796E-04
  10.589 21.000  4.23    2.01    1.40    8.53    1.31    0.02    9.86  0.936
   3.010  0.298 10.87    2.46    1.74    7.60    1.63    0.02    9.25 4.924E+00

   10.5890   3.0100  21.0000   0.2977   4.2340  0.49238E+01  0.49237E+01  0.57962E-04  0.53793E+01  0.95165E-03  0.80342E-01  0.52980E+01  0.10000E+01
 e,ep,th,sigb,sigqe=   10.59    3.02   21.00  0.4901E+01  0.5799E-04
  10.589 21.000  4.25    1.98    1.38    8.42    1.29    0.02    9.72  0.936
   3.020  0.299 10.84    2.43    1.72    7.45    1.61    0.02    9.07 4.901E+00

   10.5890   3.0200  21.0000   0.2991   4.2480  0.49011E+01  0.49011E+01  0.57993E-04  0.53458E+01  0.92338E-03  0.78670E-01  0.52662E+01  0.10000E+01
 e,ep,th,sigb,sigqe=   10.59    3.03   21.00  0.4878E+01  0.5803E-04
  10.589 21.000  4.26    1.96    1.35    8.31    1.27    0.02    9.59  0.935
   3.030  0.300 10.80    2.39    1.69    7.30    1.58    0.02    8.90 4.878E+00

   10.5890   3.0300  21.0000   0.3005   4.2621  0.48785E+01  0.48784E+01  0.58027E-04  0.53125E+01  0.89581E-03  0.77043E-01  0.52346E+01  0.10000E+01
 e,ep,th,sigb,sigqe=   10.59    3.04   21.00  0.4856E+01  0.5806E-04
  10.589 21.000  4.28    1.93    1.33    8.20    1.25    0.02    9.46  0.935
   3.040  0.302 10.77    2.36    1.66    7.15    1.55    0.02    8.72 4.856E+00

   10.5890   3.0400  21.0000   0.3019   4.2762  0.48558E+01  0.48558E+01  0.58064E-04  0.52794E+01  0.86917E-03  0.75452E-01  0.52031E+01  0.10000E+01
 e,ep,th,sigb,sigqe=   10.59    3.05   21.00  0.4833E+01  0.5811E-04
  10.589 21.000  4.29    1.91    1.31    8.09    1.23    0.02    9.33  0.935
   3.050  0.303 10.74    2.33    1.63    7.00    1.53    0.02    8.55 4.833E+00

   10.5890   3.0500  21.0000   0.3033   4.2902  0.48331E+01  0.48331E+01  0.58105E-04  0.52464E+01  0.84330E-03  0.73896E-01  0.51716E+01  0.10000E+01
 e,ep,th,sigb,sigqe=   10.59    3.06   21.00  0.4810E+01  0.5815E-04
  10.589 21.000  4.30    1.89    1.29    7.98    1.21    0.02    9.21  0.935
   3.060  0.305 10.70    2.30    1.61    6.86    1.50    0.02    8.38 4.810E+00

   10.5890   3.0600  21.0000   0.3047   4.3043  0.48104E+01  0.48104E+01  0.58150E-04  0.52135E+01  0.81812E-03  0.72392E-01  0.51403E+01  0.10000E+01
 e,ep,th,sigb,sigqe=   10.59    3.07   21.00  0.4788E+01  0.5820E-04
  10.589 21.000  4.32    1.86    1.27    7.88    1.19    0.02    9.08  0.935
   3.070  0.306 10.67    2.27    1.58    6.71    1.48    0.02    8.21 4.788E+00

   10.5890   3.0700  21.0000   0.3061   4.3184  0.47878E+01  0.47877E+01  0.58198E-04  0.51808E+01  0.79378E-03  0.70901E-01  0.51092E+01  0.10000E+01
 e,ep,th,sigb,sigqe=   10.59    3.08   21.00  0.4765E+01  0.5825E-04
  10.589 21.000  4.33    1.84    1.25    7.77    1.17    0.02    8.96  0.935
   3.080  0.307 10.64    2.24    1.56    6.57    1.46    0.02    8.04 4.765E+00

   10.5890   3.0800  21.0000   0.3075   4.3324  0.47651E+01  0.47651E+01  0.58250E-04  0.51483E+01  0.77005E-03  0.69434E-01  0.50781E+01  0.10000E+01
 e,ep,th,sigb,sigqe=   10.59    3.09   21.00  0.4742E+01  0.5831E-04
  10.589 21.000  4.35    1.82    1.23    7.66    1.15    0.02    8.83  0.935
   3.090  0.309 10.61    2.21    1.53    6.43    1.43    0.02    7.88 4.743E+00

   10.5890   3.0900  21.0000   0.3089   4.3465  0.47425E+01  0.47424E+01  0.58306E-04  0.51160E+01  0.74704E-03  0.68004E-01  0.50472E+01  0.10000E+01
 e,ep,th,sigb,sigqe=   10.59    3.10   21.00  0.4720E+01  0.5836E-04
  10.589 21.000  4.36    1.80    1.21    7.56    1.13    0.02    8.71  0.935
   3.100  0.310 10.57    2.18    1.51    6.28    1.41    0.02    7.71 4.720E+00

   10.5890   3.1000  21.0000   0.3103   4.3606  0.47199E+01  0.47198E+01  0.58365E-04  0.50838E+01  0.72475E-03  0.66611E-01  0.50164E+01  0.10000E+01
 e,ep,th,sigb,sigqe=   10.59    3.11   21.00  0.4697E+01  0.5843E-04
  10.589 21.000  4.37    1.77    1.19    7.46    1.12    0.01    8.59  0.935
   3.110  0.312 10.54    2.15    1.49    6.14    1.39    0.01    7.55 4.697E+00

   10.5890   3.1100  21.0000   0.3117   4.3746  0.46973E+01  0.46972E+01  0.58428E-04  0.50517E+01  0.70310E-03  0.65248E-01  0.49857E+01  0.10000E+01
 e,ep,th,sigb,sigqe=   10.59    3.12   21.00  0.4675E+01  0.5849E-04
  10.589 21.000  4.39    1.75    1.17    7.35    1.10    0.01    8.46  0.935
   3.120  0.313 10.51    2.13    1.46    6.00    1.37    0.01    7.38 4.675E+00

   10.5890   3.1200  21.0000   0.3131   4.3887  0.46747E+01  0.46747E+01  0.58495E-04  0.50198E+01  0.68214E-03  0.63917E-01  0.49552E+01  0.10000E+01
 e,ep,th,sigb,sigqe=   10.59    3.13   21.00  0.4652E+01  0.5856E-04
  10.589 21.000  4.40    1.73    1.16    7.25    1.08    0.01    8.35  0.935
   3.130  0.315 10.47    2.10    1.44    5.86    1.35    0.01    7.22 4.652E+00

   10.5890   3.1300  21.0000   0.3145   4.4028  0.46522E+01  0.46521E+01  0.58565E-04  0.49881E+01  0.66172E-03  0.62614E-01  0.49249E+01  0.10000E+01
 e,ep,th,sigb,sigqe=   10.59    3.14   21.00  0.4630E+01  0.5864E-04
  10.589 21.000  4.42    1.71    1.14    7.15    1.06    0.01    8.23  0.935
   3.140  0.316 10.44    2.07    1.42    5.72    1.32    0.01    7.06 4.630E+00

   10.5890   3.1400  21.0000   0.3160   4.4168  0.46296E+01  0.46295E+01  0.58639E-04  0.49566E+01  0.64193E-03  0.61340E-01  0.48946E+01  0.10000E+01
 e,ep,th,sigb,sigqe=   10.59    3.15   21.00  0.4607E+01  0.5872E-04
  10.589 21.000  4.43    1.69    1.12    7.05    1.04    0.01    8.11  0.932
   3.150  0.317 10.41    2.05    1.40    5.59    1.30    0.01    6.90 4.607E+00

   10.5890   3.1500  21.0000   0.3174   4.4309  0.46071E+01  0.46070E+01  0.58716E-04  0.49249E+01  0.62278E-03  0.59864E-01  0.48645E+01  0.10000E+01
 e,ep,th,sigb,sigqe=   10.59    3.16   21.00  0.4584E+01  0.5880E-04
  10.589 21.000  4.44    1.67    1.10    6.95    1.03    0.01    7.99  0.935
   3.160  0.319 10.38    2.02    1.37    5.45    1.28    0.01    6.75 4.585E+00

   10.5890   3.1600  21.0000   0.3188   4.4450  0.45846E+01  0.45845E+01  0.58798E-04  0.48938E+01  0.60422E-03  0.58874E-01  0.48343E+01  0.10000E+01
 e,ep,th,sigb,sigqe=   10.59    3.17   21.00  0.4562E+01  0.5888E-04
  10.589 21.000  4.46    1.65    1.09    6.85    1.02    0.01    7.88  0.935
   3.170  0.320 10.34    1.99    1.35    5.31    1.26    0.01    6.59 4.562E+00

   10.5890   3.1700  21.0000   0.3203   4.4590  0.45621E+01  0.45620E+01  0.58883E-04  0.48627E+01  0.58610E-03  0.57679E-01  0.48044E+01  0.10000E+01
 e,ep,th,sigb,sigqe=   10.59    3.18   21.00  0.4540E+01  0.5897E-04
  10.589 21.000  4.47    1.63    1.07    6.75    1.00    0.01    7.76  0.935
   3.180  0.322 10.31    1.97    1.33    5.18    1.24    0.01    6.44 4.540E+00

   10.5890   3.1800  21.0000   0.3217   4.4731  0.45396E+01  0.45396E+01  0.58972E-04  0.48318E+01  0.56861E-03  0.56510E-01  0.47747E+01  0.10000E+01
 e,ep,th,sigb,sigqe=   10.59    3.19   21.00  0.4517E+01  0.5906E-04
  10.589 21.000  4.49    1.61    1.05    6.65    0.99    0.01    7.65  0.935
   3.190  0.323 10.28    1.94    1.31    5.04    1.21    0.01    6.27 4.517E+00

   10.5890   3.1900  21.0000   0.3232   4.4872  0.45172E+01  0.45171E+01  0.59065E-04  0.48004E+01  0.55159E-03  0.54843E-01  0.47450E+01  0.10000E+01
 e,ep,th,sigb,sigqe=   10.59    3.20   21.00  0.4495E+01  0.5916E-04
  10.589 21.000  4.50    1.59    1.04    6.55    0.97    0.01    7.54  0.935
   3.200  0.325 10.25    1.92    1.29    4.91    1.21    0.01    6.13 4.495E+00

   10.5890   3.2000  21.0000   0.3246   4.5012  0.44948E+01  0.44948E+01  0.59161E-04  0.47703E+01  0.53506E-03  0.54248E-01  0.47155E+01  0.10000E+01
 e,ep,th,sigb,sigqe=   10.59    3.21   21.00  0.4472E+01  0.5926E-04
  10.589 21.000  4.52    1.57    1.02    6.45    0.96    0.01    7.42  0.935
   3.210  0.326 10.21    1.89    1.27    4.78    1.19    0.01    5.98 4.472E+00

   10.5890   3.2100  21.0000   0.3261   4.5153  0.44725E+01  0.44724E+01  0.59261E-04  0.47397E+01  0.51903E-03  0.53153E-01  0.46860E+01  0.10000E+01
 e,ep,th,sigb,sigqe=   10.59    3.22   21.00  0.4450E+01  0.5937E-04
  10.589 21.000  4.53    1.55    1.01    6.36    0.94    0.01    7.31  0.935
   3.220  0.328 10.18    1.87    1.25    4.64    1.17    0.01    5.83 4.450E+00

   10.5890   3.2200  21.0000   0.3275   4.5294  0.44501E+01  0.44501E+01  0.59365E-04  0.47095E+01  0.50350E-03  0.52145E-01  0.46568E+01  0.10000E+01
 e,ep,th,sigb,sigqe=   10.59    3.23   21.00  0.4428E+01  0.5947E-04
  10.589 21.000  4.54    1.53    0.99    6.26    0.93    0.01    7.20  0.935
   3.230  0.329 10.15    1.85    1.23    4.51    1.15    0.01    5.68 4.428E+00

   10.5890   3.2300  21.0000   0.3290   4.5434  0.44279E+01  0.44278E+01  0.59473E-04  0.46792E+01  0.48843E-03  0.51034E-01  0.46277E+01  0.10000E+01
 e,ep,th,sigb,sigqe=   10.59    3.24   21.00  0.4406E+01  0.5959E-04
  10.589 21.000  4.56    1.52    0.98    6.17    0.91    0.01    7.09  0.935
   3.240  0.330 10.11    1.82    1.21    4.39    1.14    0.01    5.53 4.406E+00

   10.5890   3.2400  21.0000   0.3305   4.5575  0.44057E+01  0.44056E+01  0.59585E-04  0.46493E+01  0.47371E-03  0.50010E-01  0.45988E+01  0.10000E+01
 e,ep,th,sigb,sigqe=   10.59    3.25   21.00  0.4383E+01  0.5970E-04
  10.589 21.000  4.57    1.50    0.96    6.08    0.90    0.01    6.99  0.935
   3.250  0.332 10.08    1.80    1.20    4.26    1.12    0.01    5.38 4.383E+00

   10.5890   3.2500  21.0000   0.3319   4.5716  0.43835E+01  0.43834E+01  0.59701E-04  0.46195E+01  0.45947E-03  0.49008E-01  0.45701E+01  0.10000E+01
 e,ep,th,sigb,sigqe=   10.59    3.26   21.00  0.4361E+01  0.5982E-04
  10.589 21.000  4.59    1.48    0.95    5.98    0.89    0.01    6.88  0.935
   3.260  0.333 10.05    1.78    1.18    4.13    1.10    0.01    5.24 4.361E+00

   10.5890   3.2600  21.0000   0.3334   4.5856  0.43614E+01  0.43613E+01  0.59820E-04  0.45899E+01  0.44568E-03  0.48028E-01  0.45415E+01  0.10000E+01
 e,ep,th,sigb,sigqe=   10.59    3.27   21.00  0.4339E+01  0.5994E-04
  10.589 21.000  4.60    1.46    0.93    5.89    0.87    0.01    6.77  0.935
   3.270  0.335 10.02    1.76    1.16    4.00    1.08    0.01    5.10 4.339E+00

   10.5890   3.2700  21.0000   0.3349   4.5997  0.43393E+01  0.43393E+01  0.59944E-04  0.45605E+01  0.43231E-03  0.47072E-01  0.45130E+01  0.10000E+01
 e,ep,th,sigb,sigqe=   10.59    3.28   21.00  0.4317E+01  0.6007E-04
  10.589 21.000  4.61    1.45    0.92    5.80    0.86    0.01    6.67  0.935
   3.280  0.336  9.98    1.73    1.14    3.88    1.07    0.01    4.95 4.317E+00

   10.5890   3.2800  21.0000   0.3364   4.6138  0.43173E+01  0.43173E+01  0.60071E-04  0.45312E+01  0.41935E-03  0.46136E-01  0.44847E+01  0.10000E+01
 e,ep,th,sigb,sigqe=   10.59    3.29   21.00  0.4295E+01  0.6020E-04
  10.589 21.000  4.63    1.43    0.91    5.71    0.85    0.01    6.56  0.935
   3.290  0.338  9.95    1.71    1.13    3.75    1.05    0.01    4.81 4.295E+00

   10.5890   3.2900  21.0000   0.3379   4.6278  0.42954E+01  0.42954E+01  0.60203E-04  0.45021E+01  0.40671E-03  0.45211E-01  0.44565E+01  0.10000E+01
 e,ep,th,sigb,sigqe=   10.59    3.30   21.00  0.4274E+01  0.6034E-04
  10.589 21.000  4.64    1.41    0.89    5.61    0.83    0.01    6.46  0.935
   3.300  0.339  9.92    1.69    1.11    3.62    1.04    0.01    4.67 4.274E+00

   10.5890   3.3000  21.0000   0.3394   4.6419  0.42736E+01  0.42735E+01  0.60338E-04  0.44731E+01  0.39447E-03  0.44312E-01  0.44284E+01  0.10000E+01
 e,ep,th,sigb,sigqe=   10.59    3.31   21.00  0.4252E+01  0.6048E-04
  10.589 21.000  4.66    1.40    0.88    5.50    0.82    0.01    6.33  0.935
   3.310  0.341  9.88    1.67    1.09    3.47    1.02    0.01    4.50 4.252E+00

   10.5890   3.3100  21.0000   0.3409   4.6560  0.42518E+01  0.42517E+01  0.60478E-04  0.44432E+01  0.38261E-03  0.43431E-01  0.43994E+01  0.10000E+01
 e,ep,th,sigb,sigqe=   10.59    3.32   21.00  0.4230E+01  0.6062E-04
  10.589 21.000  4.67    1.38    0.87    5.41    0.81    0.01    6.23  0.935
   3.320  0.342  9.85    1.65    1.08    3.35    1.01    0.01    4.36 4.230E+00

   10.5890   3.3200  21.0000   0.3424   4.6700  0.42301E+01  0.42300E+01  0.60621E-04  0.44146E+01  0.37109E-03  0.42570E-01  0.43717E+01  0.10000E+01
 e,ep,th,sigb,sigqe=   10.59    3.33   21.00  0.4208E+01  0.6077E-04
  10.589 21.000  4.68    1.36    0.85    5.33    0.80    0.01    6.13  0.935
   3.330  0.344  9.82    1.63    1.06    3.23    0.99    0.01    4.23 4.208E+00

   10.5890   3.3300  21.0000   0.3439   4.6841  0.42084E+01  0.42084E+01  0.60769E-04  0.43864E+01  0.35989E-03  0.41728E-01  0.43444E+01  0.10000E+01
 e,ep,th,sigb,sigqe=   10.59    3.34   21.00  0.4187E+01  0.6092E-04
  10.589 21.000  4.70    1.35    0.84    5.25    0.79    0.01    6.04  0.935
   3.340  0.345  9.79    1.61    1.04    3.12    0.98    0.01    4.10 4.187E+00

   10.5890   3.3400  21.0000   0.3454   4.6982  0.41869E+01  0.41868E+01  0.60920E-04  0.43587E+01  0.34901E-03  0.40904E-01  0.43175E+01  0.10000E+01
 e,ep,th,sigb,sigqe=   10.59    3.35   21.00  0.4165E+01  0.6108E-04
  10.589 21.000  4.71    1.33    0.83    5.16    0.78    0.01    5.94  0.936
   3.350  0.347  9.75    1.59    1.03    2.99    0.96    0.01    3.97 4.165E+00

   10.5890   3.3500  21.0000   0.3469   4.7122  0.41653E+01  0.41653E+01  0.61076E-04  0.43305E+01  0.33846E-03  0.40098E-01  0.42901E+01  0.10000E+01
 e,ep,th,sigb,sigqe=   10.59    3.36   21.00  0.4144E+01  0.6124E-04
  10.589 21.000  4.73    1.32    0.82    5.07    0.76    0.01    5.84  0.936
   3.360  0.348  9.72    1.57    1.01    2.87    0.95    0.01    3.83 4.144E+00

   10.5890   3.3600  21.0000   0.3484   4.7263  0.41439E+01  0.41438E+01  0.61236E-04  0.43024E+01  0.32822E-03  0.39308E-01  0.42628E+01  0.10000E+01
 e,ep,th,sigb,sigqe=   10.59    3.37   21.00  0.4122E+01  0.6140E-04
  10.589 21.000  4.74    1.30    0.80    4.98    0.75    0.01    5.74  0.936
   3.370  0.350  9.69    1.55    1.00    2.74    0.93    0.01    3.69 4.122E+00

   10.5890   3.3700  21.0000   0.3499   4.7404  0.41224E+01  0.41224E+01  0.61400E-04  0.42744E+01  0.31826E-03  0.38536E-01  0.42356E+01  0.10000E+01
 e,ep,th,sigb,sigqe=   10.59    3.38   21.00  0.4101E+01  0.6157E-04
  10.589 21.000  4.75    1.29    0.79    4.89    0.74    0.01    5.64  0.936
   3.380  0.351  9.65    1.53    0.98    2.62    0.92    0.01    3.55 4.101E+00

   10.5890   3.3800  21.0000   0.3514   4.7544  0.41011E+01  0.41010E+01  0.61569E-04  0.42468E+01  0.30861E-03  0.37780E-01  0.42087E+01  0.10000E+01
 e,ep,th,sigb,sigqe=   10.59    3.39   21.00  0.4080E+01  0.6174E-04
  10.589 21.000  4.77    1.27    0.78    4.80    0.73    0.01    5.54  0.936
   3.390  0.353  9.62    1.51    0.97    2.50    0.91    0.01    3.41 4.080E+00

   10.5890   3.3900  21.0000   0.3530   4.7685  0.40798E+01  0.40797E+01  0.61742E-04  0.42191E+01  0.29925E-03  0.37040E-01  0.41818E+01  0.10000E+01
 e,ep,th,sigb,sigqe=   10.59    3.40   21.00  0.4058E+01  0.6192E-04
  10.589 21.000  4.78    1.26    0.77    4.71    0.72    0.01    5.44  0.936
   3.400  0.355  9.59    1.49    0.96    2.37    0.89    0.01    3.28 4.059E+00

   10.5890   3.4000  21.0000   0.3545   4.7826  0.40586E+01  0.40585E+01  0.61919E-04  0.41915E+01  0.29015E-03  0.36315E-01  0.41549E+01  0.10000E+01
 e,ep,th,sigb,sigqe=   10.59    3.41   21.00  0.4037E+01  0.6210E-04
  10.589 21.000  4.80    1.24    0.76    4.62    0.71    0.01    5.34  0.936
   3.410  0.356  9.56    1.48    0.94    2.25    0.88    0.01    3.14 4.037E+00

   10.5890   3.4100  21.0000   0.3560   4.7966  0.40373E+01  0.40373E+01  0.62100E-04  0.41640E+01  0.28132E-03  0.35606E-01  0.41281E+01  0.10000E+01
 e,ep,th,sigb,sigqe=   10.59    3.42   21.00  0.4016E+01  0.6229E-04
  10.589 21.000  4.81    1.23    0.75    4.53    0.70    0.01    5.24  0.936
   3.420  0.358  9.52    1.46    0.93    2.12    0.87    0.01    3.00 4.016E+00

   10.5890   3.4200  21.0000   0.3576   4.8107  0.40161E+01  0.40161E+01  0.62286E-04  0.41366E+01  0.27274E-03  0.34912E-01  0.41015E+01  0.10000E+01
 e,ep,th,sigb,sigqe=   10.59    3.43   21.00  0.3995E+01  0.6248E-04
  10.589 21.000  4.82    1.21    0.74    4.44    0.69    0.01    5.13  0.936
   3.430  0.359  9.49    1.44    0.92    1.99    0.86    0.01    2.86 3.995E+00

   10.5890   3.4300  21.0000   0.3591   4.8248  0.39950E+01  0.39949E+01  0.62476E-04  0.41091E+01  0.26445E-03  0.34234E-01  0.40746E+01  0.10000E+01
 e,ep,th,sigb,sigqe=   10.59    3.44   21.00  0.3974E+01  0.6267E-04
  10.589 21.000  4.84    1.20    0.73    4.35    0.68    0.01    5.03  0.936
   3.440  0.361  9.46    1.42    0.90    1.87    0.84    0.01    2.72 3.974E+00

   10.5890   3.4400  21.0000   0.3607   4.8388  0.39739E+01  0.39738E+01  0.62671E-04  0.40819E+01  0.25633E-03  0.33568E-01  0.40481E+01  0.10000E+01
 e,ep,th,sigb,sigqe=   10.59    3.45   21.00  0.3953E+01  0.6287E-04
  10.589 21.000  4.85    1.19    0.72    4.26    0.67    0.01    4.93  0.936
   3.450  0.362  9.42    1.41    0.89    1.75    0.83    0.01    2.59 3.953E+00

   10.5890   3.4500  21.0000   0.3622   4.8529  0.39528E+01  0.39527E+01  0.62870E-04  0.40550E+01  0.24848E-03  0.32917E-01  0.40219E+01  0.10000E+01
 e,ep,th,sigb,sigqe=   10.59    3.46   21.00  0.3932E+01  0.6307E-04
  10.589 21.000  4.87    1.17    0.71    4.17    0.66    0.01    4.84  0.937
   3.460  0.364  9.39    1.39    0.88    1.62    0.82    0.01    2.45 3.932E+00

   10.5890   3.4600  21.0000   0.3638   4.8670  0.39317E+01  0.39316E+01  0.63073E-04  0.40280E+01  0.24087E-03  0.32279E-01  0.39955E+01  0.10000E+01
 e,ep,th,sigb,sigqe=   10.59    3.47   21.00  0.3911E+01  0.6328E-04
  10.589 21.000  4.88    1.16    0.70    4.08    0.65    0.01    4.74  0.937
   3.470  0.365  9.36    1.37    0.86    1.50    0.81    0.01    2.31 3.911E+00

   10.5890   3.4700  21.0000   0.3654   4.8810  0.39107E+01  0.39106E+01  0.63282E-04  0.40011E+01  0.23354E-03  0.31655E-01  0.39692E+01  0.10000E+01
 e,ep,th,sigb,sigqe=   10.59    3.48   21.00  0.3890E+01  0.6349E-04
  10.589 21.000  4.90    1.15    0.69    3.99    0.64    0.01    4.64  0.937
   3.480  0.367  9.33    1.36    0.85    1.37    0.80    0.01    2.18 3.890E+00

   10.5890   3.4800  21.0000   0.3669   4.8951  0.38896E+01  0.38895E+01  0.63495E-04  0.39742E+01  0.22635E-03  0.31044E-01  0.39430E+01  0.10000E+01
 e,ep,th,sigb,sigqe=   10.59    3.49   21.00  0.3868E+01  0.6371E-04
  10.589 21.000  4.91    1.13    0.68    3.90    0.63    0.01    4.54  0.937
   3.490  0.369  9.29    1.34    0.84    1.25    0.79    0.01    2.04 3.869E+00

   10.5890   3.4900  21.0000   0.3685   4.9092  0.38685E+01  0.38685E+01  0.63712E-04  0.39474E+01  0.21940E-03  0.30460E-01  0.39167E+01  0.10000E+01
 e,ep,th,sigb,sigqe=   10.59    3.50   21.00  0.3847E+01  0.6393E-04
  10.589 21.000  4.92    1.12    0.67    3.80    0.63    0.01    4.44  0.937
   3.500  0.370  9.26    1.32    0.83    1.12    0.78    0.01    1.90 3.847E+00

   10.5890   3.5000  21.0000   0.3701   4.9232  0.38475E+01  0.38474E+01  0.63935E-04  0.39207E+01  0.21267E-03  0.29860E-01  0.38906E+01  0.10000E+01
 e,ep,th,sigb,sigqe=   10.59    3.51   21.00  0.3826E+01  0.6416E-04
  10.589 21.000  4.94    1.11    0.66    3.71    0.62    0.01    4.34  0.937
   3.510  0.372  9.23    1.31    0.82    0.99    0.77    0.01    1.77 3.826E+00

   10.5890   3.5100  21.0000   0.3717   4.9373  0.38264E+01  0.38264E+01  0.64162E-04  0.38940E+01  0.20613E-03  0.29287E-01  0.38645E+01  0.10000E+01
 e,ep,th,sigb,sigqe=   10.59    3.52   21.00  0.3805E+01  0.6439E-04
  10.589 21.000  4.95    1.09    0.65    3.62    0.61    0.01    4.24  0.937
   3.520  0.373  9.19    1.29    0.81    0.87    0.75    0.01    1.63 3.805E+00

   10.5890   3.5200  21.0000   0.3733   4.9514  0.38054E+01  0.38053E+01  0.64393E-04  0.38673E+01  0.19978E-03  0.28726E-01  0.38384E+01  0.10000E+01
 e,ep,th,sigb,sigqe=   10.59    3.53   21.00  0.3784E+01  0.6463E-04
  10.589 21.000  4.97    1.08    0.64    3.53    0.60    0.01    4.14  0.937
   3.530  0.375  9.16    1.28    0.79    0.74    0.74    0.01    1.49 3.784E+00

   10.5890   3.5300  21.0000   0.3748   4.9654  0.37843E+01  0.37842E+01  0.64630E-04  0.38407E+01  0.19363E-03  0.28177E-01  0.38123E+01  0.10000E+01
 e,ep,th,sigb,sigqe=   10.59    3.54   21.00  0.3763E+01  0.6487E-04
  10.589 21.000  4.98    1.07    0.63    3.44    0.59    0.00    4.04  0.938
   3.540  0.376  9.13    1.26    0.78    0.62    0.73    0.00    1.36 3.763E+00

   10.5890   3.5400  21.0000   0.3764   4.9795  0.37631E+01  0.37630E+01  0.64872E-04  0.38141E+01  0.18766E-03  0.27639E-01  0.37863E+01  0.10000E+01
 e,ep,th,sigb,sigqe=   10.59    3.55   21.00  0.3742E+01  0.6512E-04
  10.589 21.000  4.99    1.06    0.62    3.35    0.58    0.00    3.94  0.938
   3.550  0.378  9.10    1.25    0.77    0.49    0.72    0.00    1.22 3.742E+00

   10.5890   3.5500  21.0000   0.3780   4.9935  0.37419E+01  0.37419E+01  0.65118E-04  0.37876E+01  0.18186E-03  0.27113E-01  0.37603E+01  0.10000E+01
 e,ep,th,sigb,sigqe=   10.59    3.56   21.00  0.3721E+01  0.6537E-04
  10.589 21.000  5.01    1.05    0.61    3.23    0.58    0.00    3.81  0.938
   3.560  0.380  9.06    1.23    0.76    0.37    0.71    0.00    1.09 3.721E+00

   10.5890   3.5600  21.0000   0.3796   5.0076  0.37207E+01  0.37206E+01  0.65370E-04  0.37611E+01  0.17624E-03  0.26598E-01  0.37343E+01  0.10000E+01
 e,ep,th,sigb,sigqe=   10.59    3.57   21.00  0.3699E+01  0.6563E-04
  10.589 21.000  5.02    1.03    0.61    3.17    0.57    0.00    3.75  0.938
   3.570  0.381  9.03    1.22    0.75    0.24    0.71    0.00    0.95 3.699E+00

   10.5890   3.5700  21.0000   0.3813   5.0217  0.36994E+01  0.36993E+01  0.65627E-04  0.37346E+01  0.17081E-03  0.26093E-01  0.37083E+01  0.10000E+01
 e,ep,th,sigb,sigqe=   10.59    3.58   21.00  0.3678E+01  0.6589E-04
  10.589 21.000  5.04    1.02    0.60    3.08    0.56    0.00    3.65  0.938
   3.580  0.383  9.00    1.21    0.74    0.12    0.70    0.00    0.82 3.678E+00

   10.5890   3.5800  21.0000   0.3829   5.0357  0.36780E+01  0.36779E+01  0.65889E-04  0.37081E+01  0.16554E-03  0.25598E-01  0.36823E+01  0.10000E+01
 e,ep,th,sigb,sigqe=   10.59    3.59   21.00  0.3656E+01  0.6616E-04
  10.589 21.000  5.05    1.01    0.59    2.99    0.55    0.00    3.55  0.939
   3.590  0.384  8.96    1.19    0.73   -0.01    0.69    0.00    0.68 3.657E+00

   10.5890   3.5900  21.0000   0.3845   5.0498  0.36566E+01  0.36565E+01  0.66156E-04  0.36816E+01  0.16042E-03  0.25119E-01  0.36563E+01  0.10000E+01
 e,ep,th,sigb,sigqe=   10.59    3.60   21.00  0.3635E+01  0.6643E-04
  10.589 21.000  5.06    1.00    0.58    2.90    0.55    0.00    3.45  0.939
   3.600  0.386  8.93    1.18    0.72   -0.13    0.68    0.00    0.55 3.635E+00

   10.5890   3.6000  21.0000   0.3861   5.0639  0.36351E+01  0.36350E+01  0.66428E-04  0.36551E+01  0.15545E-03  0.24643E-01  0.36303E+01  0.10000E+01
 e,ep,th,sigb,sigqe=   10.59    3.61   21.00  0.3613E+01  0.6671E-04
  10.589 21.000  5.08    0.99    0.58    2.81    0.54    0.00    3.36  0.939
   3.610  0.388  8.90    1.16    0.71   -0.26    0.67    0.00    0.42 3.614E+00

   10.5890   3.6100  21.0000   0.3877   5.0779  0.36136E+01  0.36135E+01  0.66706E-04  0.36286E+01  0.15063E-03  0.24182E-01  0.36043E+01  0.10000E+01
 e,ep,th,sigb,sigqe=   10.59    3.62   21.00  0.3592E+01  0.6699E-04
  10.589 21.000  5.09    0.98    0.57    2.72    0.53    0.00    3.26  0.938
   3.620  0.389  8.87    1.15    0.70   -0.38    0.66    0.00    0.28 3.592E+00

   10.5890   3.6200  21.0000   0.3894   5.0920  0.35919E+01  0.35919E+01  0.66989E-04  0.36021E+01  0.14596E-03  0.23699E-01  0.35783E+01  0.10000E+01
 e,ep,th,sigb,sigqe=   10.59    3.63   21.00  0.3570E+01  0.6728E-04
  10.589 21.000  5.11    0.97    0.56    2.63    0.53    0.00    3.16  0.939
   3.630  0.391  8.83    1.14    0.69   -0.50    0.65    0.00    0.15 3.570E+00

   10.5890   3.6300  21.0000   0.3910   5.1061  0.35702E+01  0.35702E+01  0.67277E-04  0.35756E+01  0.14143E-03  0.23252E-01  0.35522E+01  0.10000E+01
 e,ep,th,sigb,sigqe=   10.59    3.64   21.00  0.3548E+01  0.6757E-04
  10.589 21.000  5.12    0.96    0.55    2.55    0.52    0.00    3.07  0.939
   3.640  0.393  8.80    1.13    0.69   -0.62    0.64    0.00    0.03 3.548E+00

   10.5890   3.6400  21.0000   0.3926   5.1201  0.35485E+01  0.35484E+01  0.67571E-04  0.35494E+01  0.13703E-03  0.22814E-01  0.35264E+01  0.10000E+01
 e,ep,th,sigb,sigqe=   10.59    3.65   21.00  0.3527E+01  0.6787E-04
  10.589 21.000  5.13    0.95    0.55    2.46    0.51    0.00    2.98  0.939
   3.650  0.394  8.77    1.11    0.68   -0.75    0.63    0.00   -0.11 3.527E+00

   10.5890   3.6500  21.0000   0.3943   5.1342  0.35266E+01  0.35265E+01  0.67871E-04  0.35228E+01  0.13277E-03  0.22384E-01  0.35003E+01  0.10000E+01
 e,ep,th,sigb,sigqe=   10.59    3.66   21.00  0.3505E+01  0.6818E-04
  10.589 21.000  5.15    0.94    0.54    2.37    0.51    0.00    2.88  0.937
   3.660  0.396  8.73    1.10    0.67   -0.87    0.62    0.00   -0.24 3.505E+00

   10.5890   3.6600  21.0000   0.3959   5.1483  0.35046E+01  0.35045E+01  0.68176E-04  0.34961E+01  0.12864E-03  0.21877E-01  0.34741E+01  0.10000E+01
 e,ep,th,sigb,sigqe=   10.59    3.67   21.00  0.3482E+01  0.6849E-04
  10.589 21.000  5.16    0.93    0.53    2.29    0.50    0.00    2.79  0.940
   3.670  0.398  8.70    1.09    0.66   -0.99    0.62    0.00   -0.36 3.482E+00

   10.5890   3.6700  21.0000   0.3976   5.1623  0.34825E+01  0.34824E+01  0.68487E-04  0.34699E+01  0.12464E-03  0.21594E-01  0.34482E+01  0.10000E+01
 e,ep,th,sigb,sigqe=   10.59    3.68   21.00  0.3460E+01  0.6880E-04
  10.589 21.000  5.18    0.92    0.53    2.20    0.49    0.00    2.70  0.940
   3.680  0.399  8.67    1.08    0.65   -1.11    0.61    0.00   -0.49 3.460E+00

   10.5890   3.6800  21.0000   0.3993   5.1764  0.34604E+01  0.34603E+01  0.68803E-04  0.34433E+01  0.12075E-03  0.21194E-01  0.34220E+01  0.10000E+01
 e,ep,th,sigb,sigqe=   10.59    3.69   21.00  0.3438E+01  0.6913E-04
  10.589 21.000  5.19    0.91    0.52    2.11    0.49    0.00    2.60  0.941
   3.690  0.401  8.64    1.07    0.64   -1.23    0.61    0.00   -0.62 3.438E+00

   10.5890   3.6900  21.0000   0.4009   5.1905  0.34381E+01  0.34380E+01  0.69126E-04  0.34167E+01  0.11698E-03  0.20801E-01  0.33957E+01  0.10000E+01
 e,ep,th,sigb,sigqe=   10.59    3.70   21.00  0.3416E+01  0.6945E-04
  10.589 21.000  5.20    0.90    0.51    2.02    0.48    0.00    2.50  0.941
   3.700  0.403  8.60    1.05    0.64   -1.36    0.60    0.00   -0.76 3.416E+00

   10.5890   3.7000  21.0000   0.4026   5.2045  0.34158E+01  0.34157E+01  0.69454E-04  0.33900E+01  0.11331E-03  0.20418E-01  0.33695E+01  0.10000E+01
 e,ep,th,sigb,sigqe=   10.59    3.71   21.00  0.3393E+01  0.6979E-04
  10.589 21.000  5.22    0.89    0.51    1.93    0.48    0.00    2.41  0.941
   3.710  0.404  8.57    1.04    0.63   -1.48    0.59    0.00   -0.88 3.393E+00

   10.5890   3.7100  21.0000   0.4043   5.2186  0.33934E+01  0.33933E+01  0.69789E-04  0.33634E+01  0.10975E-03  0.20042E-01  0.33433E+01  0.10000E+01
 e,ep,th,sigb,sigqe=   10.59    3.72   21.00  0.3371E+01  0.7013E-04
  10.589 21.000  5.23    0.88    0.50    1.84    0.47    0.00    2.32  0.941
   3.720  0.406  8.54    1.03    0.62   -1.60    0.58    0.00   -1.01 3.371E+00

   10.5890   3.7200  21.0000   0.4059   5.2327  0.33709E+01  0.33709E+01  0.70129E-04  0.33369E+01  0.10630E-03  0.19673E-01  0.33171E+01  0.10000E+01
 e,ep,th,sigb,sigqe=   10.59    3.73   21.00  0.3348E+01  0.7048E-04
  10.589 21.000  5.25    0.87    0.49    1.76    0.47    0.00    2.23  0.942
   3.730  0.408  8.50    1.02    0.61   -1.72    0.58    0.00   -1.14 3.348E+00

   10.5890   3.7300  21.0000   0.4076   5.2467  0.33484E+01  0.33484E+01  0.70476E-04  0.33104E+01  0.10298E-03  0.19312E-01  0.32910E+01  0.10000E+01
 e,ep,th,sigb,sigqe=   10.59    3.74   21.00  0.3326E+01  0.7083E-04
  10.589 21.000  5.26    0.86    0.49    1.67    0.46    0.00    2.14  0.942
   3.740  0.409  8.47    1.01    0.61   -1.83    0.57    0.00   -1.26 3.326E+00

   10.5890   3.7400  21.0000   0.4093   5.2608  0.33258E+01  0.33258E+01  0.70829E-04  0.32839E+01  0.99739E-04  0.18959E-01  0.32649E+01  0.10000E+01
 e,ep,th,sigb,sigqe=   10.59    3.75   21.00  0.3303E+01  0.7119E-04
  10.589 21.000  5.27    0.86    0.48    1.59    0.46    0.00    2.05  0.942
   3.750  0.411  8.44    1.00    0.60   -1.95    0.56    0.00   -1.38 3.303E+00

   10.5890   3.7500  21.0000   0.4110   5.2749  0.33032E+01  0.33031E+01  0.71188E-04  0.32574E+01  0.96608E-04  0.18612E-01  0.32387E+01  0.10000E+01
 e,ep,th,sigb,sigqe=   10.59    3.76   21.00  0.3280E+01  0.7155E-04
  10.589 21.000  5.29    0.85    0.48    1.50    0.45    0.00    1.96  0.942
   3.760  0.413  8.41    0.99    0.59   -2.07    0.56    0.00   -1.51 3.280E+00

   10.5890   3.7600  21.0000   0.4127   5.2889  0.32805E+01  0.32804E+01  0.71554E-04  0.32310E+01  0.93560E-04  0.18269E-01  0.32126E+01  0.10000E+01
 e,ep,th,sigb,sigqe=   10.59    3.77   21.00  0.3258E+01  0.7193E-04
  10.589 21.000  5.30    0.84    0.47    1.42    0.44    0.00    1.87  0.943
   3.770  0.414  8.37    0.98    0.58   -2.18    0.55    0.00   -1.63 3.258E+00

   10.5890   3.7700  21.0000   0.4144   5.3030  0.32577E+01  0.32576E+01  0.71926E-04  0.32046E+01  0.90626E-04  0.17937E-01  0.31866E+01  0.10000E+01
 e,ep,th,sigb,sigqe=   10.59    3.78   21.00  0.3235E+01  0.7230E-04
  10.589 21.000  5.32    0.83    0.47    1.34    0.44    0.00    1.78  0.943
   3.780  0.416  8.34    0.97    0.58   -2.30    0.54    0.00   -1.75 3.235E+00

   10.5890   3.7800  21.0000   0.4161   5.3171  0.32349E+01  0.32348E+01  0.72305E-04  0.31782E+01  0.87764E-04  0.17612E-01  0.31605E+01  0.10000E+01
 e,ep,th,sigb,sigqe=   10.59    3.79   21.00  0.3212E+01  0.7269E-04
  10.589 21.000  5.33    0.82    0.46    1.27    0.44    0.00    1.70  0.943
   3.790  0.418  8.31    0.96    0.57   -2.40    0.54    0.00   -1.86 3.212E+00

   10.5890   3.7900  21.0000   0.4178   5.3311  0.32121E+01  0.32120E+01  0.72690E-04  0.31523E+01  0.84999E-04  0.17281E-01  0.31350E+01  0.10000E+01
 e,ep,th,sigb,sigqe=   10.59    3.80   21.00  0.3189E+01  0.7308E-04
  10.589 21.000  5.35    0.81    0.46    1.18    0.43    0.00    1.62  0.944
   3.800  0.420  8.28    0.95    0.56   -2.52    0.53    0.00   -1.98 3.189E+00

   10.5890   3.8000  21.0000   0.4196   5.3452  0.31892E+01  0.31892E+01  0.73082E-04  0.31261E+01  0.82307E-04  0.16968E-01  0.31090E+01  0.10000E+01
 e,ep,th,sigb,sigqe=   10.59    3.81   21.00  0.3166E+01  0.7348E-04
  10.589 21.000  5.36    0.81    0.45    1.10    0.43    0.00    1.53  0.943
   3.810  0.421  8.24    0.94    0.56   -2.63    0.53    0.00   -2.10 3.166E+00

   10.5890   3.8100  21.0000   0.4213   5.3593  0.31664E+01  0.31663E+01  0.73482E-04  0.30999E+01  0.79711E-04  0.16662E-01  0.30831E+01  0.10000E+01
 e,ep,th,sigb,sigqe=   10.59    3.82   21.00  0.3144E+01  0.7389E-04
  10.589 21.000  5.37    0.80    0.45    1.02    0.42    0.00    1.44  0.944
   3.820  0.423  8.21    0.93    0.55   -2.75    0.52    0.00   -2.22 3.144E+00

   10.5890   3.8200  21.0000   0.4230   5.3733  0.31436E+01  0.31435E+01  0.73888E-04  0.30737E+01  0.77184E-04  0.16363E-01  0.30573E+01  0.10000E+01
 e,ep,th,sigb,sigqe=   10.59    3.83   21.00  0.3121E+01  0.7430E-04
  10.589 21.000  5.39    0.79    0.44    0.93    0.42    0.00    1.35  0.944
   3.830  0.425  8.18    0.92    0.55   -2.86    0.51    0.00   -2.34 3.121E+00

   10.5890   3.8300  21.0000   0.4248   5.3874  0.31207E+01  0.31206E+01  0.74301E-04  0.30476E+01  0.74744E-04  0.16070E-01  0.30315E+01  0.10000E+01
 e,ep,th,sigb,sigqe=   10.59    3.84   21.00  0.3098E+01  0.7472E-04
  10.589 21.000  5.40    0.78    0.44    0.85    0.41    0.00    1.27  0.945
   3.840  0.426  8.14    0.91    0.54   -2.97    0.51    0.00   -2.46 3.098E+00

   10.5890   3.8400  21.0000   0.4265   5.4015  0.30979E+01  0.30978E+01  0.74721E-04  0.30216E+01  0.72376E-04  0.15792E-01  0.30057E+01  0.10000E+01
 e,ep,th,sigb,sigqe=   10.59    3.85   21.00  0.3075E+01  0.7515E-04
  10.589 21.000  5.42    0.78    0.43    0.77    0.41    0.00    1.18  0.945
   3.850  0.428  8.11    0.90    0.53   -3.09    0.50    0.00   -2.58 3.075E+00

   10.5890   3.8500  21.0000   0.4282   5.4155  0.30750E+01  0.30749E+01  0.75149E-04  0.29955E+01  0.70080E-04  0.15509E-01  0.29800E+01  0.10000E+01
 e,ep,th,sigb,sigqe=   10.59    3.86   21.00  0.3052E+01  0.7558E-04
  10.589 21.000  5.43    0.77    0.43    0.69    0.40    0.00    1.09  0.945
   3.860  0.430  8.08    0.89    0.53   -3.20    0.50    0.00   -2.70 3.052E+00

   10.5890   3.8600  21.0000   0.4300   5.4296  0.30520E+01  0.30519E+01  0.75584E-04  0.29696E+01  0.67851E-04  0.15226E-01  0.29543E+01  0.10000E+01
 e,ep,th,sigb,sigqe=   10.59    3.87   21.00  0.3029E+01  0.7603E-04
  10.589 21.000  5.44    0.76    0.42    0.60    0.40    0.00    1.01  0.946
   3.870  0.432  8.05    0.88    0.52   -3.32    0.49    0.00   -2.82 3.029E+00

   10.5890   3.8700  21.0000   0.4317   5.4437  0.30291E+01  0.30290E+01  0.76027E-04  0.29437E+01  0.65688E-04  0.14956E-01  0.29287E+01  0.10000E+01
 e,ep,th,sigb,sigqe=   10.59    3.88   21.00  0.3006E+01  0.7648E-04
  10.589 21.000  5.46    0.75    0.42    0.52    0.40    0.00    0.92  0.946
   3.880  0.434  8.01    0.88    0.52   -3.43    0.49    0.00   -2.94 3.006E+00

   10.5890   3.8800  21.0000   0.4335   5.4577  0.30062E+01  0.30061E+01  0.76477E-04  0.29179E+01  0.63597E-04  0.14692E-01  0.29031E+01  0.10000E+01
 e,ep,th,sigb,sigqe=   10.59    3.89   21.00  0.2983E+01  0.7693E-04
  10.589 21.000  5.47    0.75    0.41    0.44    0.39    0.00    0.83  0.946
   3.890  0.435  7.98    0.87    0.51   -3.54    0.48    0.00   -3.06 2.983E+00

   10.5890   3.8900  21.0000   0.4353   5.4718  0.29832E+01  0.29831E+01  0.76935E-04  0.28920E+01  0.61567E-04  0.14433E-01  0.28775E+01  0.10000E+01
 e,ep,th,sigb,sigqe=   10.59    3.90   21.00  0.2960E+01  0.7740E-04
  10.589 21.000  5.49    0.74    0.41    0.36    0.39    0.00    0.75  0.947
   3.900  0.437  7.95    0.86    0.51   -3.66    0.48    0.00   -3.17 2.960E+00

   10.5890   3.9000  21.0000   0.4370   5.4859  0.29603E+01  0.29602E+01  0.77401E-04  0.28663E+01  0.59596E-04  0.14179E-01  0.28520E+01  0.10000E+01
 e,ep,th,sigb,sigqe=   10.59    3.91   21.00  0.2937E+01  0.7787E-04
  10.589 21.000  5.50    0.73    0.40    0.28    0.38    0.00    0.66  0.947
   3.910  0.439  7.91    0.85    0.50   -3.77    0.47    0.00   -3.29 2.937E+00

   10.5890   3.9100  21.0000   0.4388   5.4999  0.29373E+01  0.29372E+01  0.77874E-04  0.28405E+01  0.57685E-04  0.13930E-01  0.28265E+01  0.10000E+01
 e,ep,th,sigb,sigqe=   10.59    3.92   21.00  0.2914E+01  0.7836E-04
  10.589 21.000  5.51    0.73    0.40    0.19    0.38    0.00    0.58  0.947
   3.920  0.441  7.88    0.84    0.50   -3.88    0.47    0.00   -3.41 2.914E+00

   10.5890   3.9200  21.0000   0.4406   5.5140  0.29143E+01  0.29142E+01  0.78356E-04  0.28149E+01  0.55829E-04  0.13686E-01  0.28012E+01  0.10000E+01
 e,ep,th,sigb,sigqe=   10.59    3.93   21.00  0.2891E+01  0.7885E-04
  10.589 21.000  5.53    0.72    0.40    0.11    0.37    0.00    0.49  0.942
   3.930  0.442  7.85    0.84    0.49   -3.99    0.46    0.00   -3.53 2.891E+00

   10.5890   3.9300  21.0000   0.4424   5.5281  0.28913E+01  0.28912E+01  0.78847E-04  0.27892E+01  0.54030E-04  0.13299E-01  0.27758E+01  0.10000E+01
 e,ep,th,sigb,sigqe=   10.59    3.94   21.00  0.2868E+01  0.7935E-04
  10.589 21.000  5.54    0.71    0.39    0.03    0.37    0.00    0.41  0.948
   3.940  0.444  7.82    0.83    0.49   -4.10    0.46    0.00   -3.64 2.868E+00

   10.5890   3.9400  21.0000   0.4442   5.5421  0.28682E+01  0.28681E+01  0.79345E-04  0.27638E+01  0.52286E-04  0.13212E-01  0.27505E+01  0.10000E+01
 e,ep,th,sigb,sigqe=   10.59    3.95   21.00  0.2845E+01  0.7985E-04
  10.589 21.000  5.56    0.71    0.39   -0.05    0.37    0.00    0.33  0.949
   3.950  0.446  7.78    0.82    0.48   -4.22    0.46    0.00   -3.76 2.845E+00

   10.5890   3.9500  21.0000   0.4460   5.5562  0.28452E+01  0.28451E+01  0.79852E-04  0.27383E+01  0.50594E-04  0.12982E-01  0.27253E+01  0.10000E+01
 e,ep,th,sigb,sigqe=   10.59    3.96   21.00  0.2822E+01  0.8037E-04
  10.589 21.000  5.57    0.70    0.39   -0.12    0.37    0.00    0.24  0.949
   3.960  0.448  7.75    0.81    0.48   -4.33    0.45    0.00   -3.87 2.822E+00

   10.5890   3.9600  21.0000   0.4478   5.5703  0.28221E+01  0.28220E+01  0.80368E-04  0.27128E+01  0.48955E-04  0.12757E-01  0.27000E+01  0.10000E+01
 e,ep,th,sigb,sigqe=   10.59    3.97   21.00  0.2799E+01  0.8089E-04
  10.589 21.000  5.58    0.70    0.38   -0.20    0.36    0.00    0.16  0.949
   3.970  0.450  7.72    0.81    0.47   -4.44    0.45    0.00   -3.99 2.799E+00

   10.5890   3.9700  21.0000   0.4496   5.5843  0.27990E+01  0.27989E+01  0.80892E-04  0.26874E+01  0.47369E-04  0.12537E-01  0.26748E+01  0.10000E+01
 e,ep,th,sigb,sigqe=   10.59    3.98   21.00  0.2776E+01  0.8143E-04
  10.589 21.000  5.60    0.69    0.38   -0.28    0.36    0.00    0.08  0.950
   3.980  0.451  7.68    0.80    0.47   -4.55    0.44    0.00   -4.10 2.776E+00

   10.5890   3.9800  21.0000   0.4514   5.5984  0.27759E+01  0.27758E+01  0.81426E-04  0.26620E+01  0.45826E-04  0.12321E-01  0.26497E+01  0.10000E+01
 e,ep,th,sigb,sigqe=   10.59    3.99   21.00  0.2753E+01  0.8197E-04
  10.589 21.000  5.61    0.68    0.37   -0.36    0.36    0.00   -0.01  0.950
   3.990  0.453  7.65    0.79    0.46   -4.66    0.44    0.00   -4.21 2.753E+00

   10.5890   3.9900  21.0000   0.4532   5.6125  0.27527E+01  0.27527E+01  0.81968E-04  0.26367E+01  0.44334E-04  0.12110E-01  0.26246E+01  0.10000E+01
 e,ep,th,sigb,sigqe=   10.59    4.00   21.00  0.2730E+01  0.8252E-04
  10.589 21.000  5.63    0.68    0.37   -0.45    0.35    0.00   -0.10  0.951
   4.000  0.455  7.62    0.78    0.46   -4.78    0.44    0.00   -4.34 2.730E+00

   10.5890   4.0000  21.0000   0.4550   5.6265  0.27296E+01  0.27296E+01  0.82520E-04  0.26112E+01  0.42887E-04  0.11903E-01  0.25992E+01  0.10000E+01
 e,ep,th,sigb,sigqe=   10.59    4.01   21.00  0.2706E+01  0.8308E-04
  10.589 21.000  5.64    0.67    0.37   -0.53    0.35    0.00   -0.18  0.951
   4.010  0.457  7.59    0.78    0.45   -4.89    0.43    0.00   -4.45 2.707E+00

   10.5890   4.0100  21.0000   0.4569   5.6406  0.27065E+01  0.27064E+01  0.83081E-04  0.25860E+01  0.41483E-04  0.11730E-01  0.25742E+01  0.10000E+01
 e,ep,th,sigb,sigqe=   10.59    4.02   21.00  0.2683E+01  0.8365E-04
  10.589 21.000  5.65    0.67    0.36   -0.61    0.35    0.00   -0.27  0.952
   4.020  0.459  7.55    0.77    0.45   -5.00    0.43    0.00   -4.57 2.683E+00

   10.5890   4.0200  21.0000   0.4587   5.6547  0.26834E+01  0.26833E+01  0.83652E-04  0.25608E+01  0.40127E-04  0.11501E-01  0.25492E+01  0.10000E+01
 e,ep,th,sigb,sigqe=   10.59    4.03   21.00  0.2660E+01  0.8423E-04
  10.589 21.000  5.67    0.66    0.36   -0.69    0.34    0.00   -0.35  0.952
   4.030  0.461  7.52    0.76    0.45   -5.11    0.42    0.00   -4.68 2.660E+00

   10.5890   4.0300  21.0000   0.4606   5.6687  0.26602E+01  0.26602E+01  0.84232E-04  0.25357E+01  0.38822E-04  0.11306E-01  0.25243E+01  0.10000E+01
 e,ep,th,sigb,sigqe=   10.59    4.04   21.00  0.2637E+01  0.8482E-04
  10.589 21.000  5.68    0.65    0.36   -0.77    0.34    0.00   -0.43  0.953
   4.040  0.462  7.49    0.76    0.44   -5.22    0.42    0.00   -4.80 2.637E+00

   10.5890   4.0400  21.0000   0.4624   5.6828  0.26371E+01  0.26370E+01  0.84822E-04  0.25105E+01  0.37537E-04  0.11115E-01  0.24994E+01  0.10000E+01
 e,ep,th,sigb,sigqe=   10.59    4.05   21.00  0.2614E+01  0.8542E-04
  10.589 21.000  5.70    0.65    0.35   -0.85    0.34    0.00   -0.51  0.953
   4.050  0.464  7.45    0.75    0.44   -5.33    0.42    0.00   -4.91 2.614E+00

   10.5890   4.0500  21.0000   0.4643   5.6969  0.26139E+01  0.26139E+01  0.85422E-04  0.24855E+01  0.36302E-04  0.10929E-01  0.24746E+01  0.10000E+01
 e,ep,th,sigb,sigqe=   10.59    4.06   21.00  0.2591E+01  0.8603E-04
  10.589 21.000  5.71    0.64    0.35   -0.93    0.34    0.00   -0.60  0.954
   4.060  0.466  7.42    0.74    0.44   -5.44    0.41    0.00   -5.02 2.591E+00

   10.5890   4.0600  21.0000   0.4661   5.7109  0.25908E+01  0.25907E+01  0.86033E-04  0.24606E+01  0.35109E-04  0.10747E-01  0.24498E+01  0.10000E+01
 e,ep,th,sigb,sigqe=   10.59    4.07   21.00  0.2568E+01  0.8665E-04
  10.589 21.000  5.72    0.64    0.35   -1.01    0.33    0.00   -0.67  0.954
   4.070  0.468  7.39    0.74    0.43   -5.54    0.41    0.00   -5.13 2.568E+00

   10.5890   4.0700  21.0000   0.4680   5.7250  0.25677E+01  0.25676E+01  0.86654E-04  0.24359E+01  0.33954E-04  0.10564E-01  0.24253E+01  0.10000E+01
 e,ep,th,sigb,sigqe=   10.59    4.08   21.00  0.2544E+01  0.8729E-04
  10.589 21.000  5.74    0.63    0.35   -1.09    0.33    0.00   -0.76  0.955
   4.080  0.470  7.36    0.73    0.43   -5.65    0.41    0.00   -5.25 2.545E+00

   10.5890   4.0800  21.0000   0.4699   5.7391  0.25446E+01  0.25445E+01  0.87285E-04  0.24111E+01  0.32829E-04  0.10388E-01  0.24007E+01  0.10000E+01
 e,ep,th,sigb,sigqe=   10.59    4.09   21.00  0.2521E+01  0.8793E-04
  10.589 21.000  5.75    0.63    0.34   -1.17    0.33    0.00   -0.84  0.955
   4.090  0.472  7.32    0.73    0.42   -5.77    0.41    0.00   -5.36 2.521E+00

   10.5890   4.0900  21.0000   0.4717   5.7531  0.25215E+01  0.25214E+01  0.87928E-04  0.23863E+01  0.31745E-04  0.10216E-01  0.23761E+01  0.10000E+01
 e,ep,th,sigb,sigqe=   10.59    4.10   21.00  0.2498E+01  0.8858E-04
  10.589 21.000  5.77    0.62    0.34   -1.25    0.33    0.00   -0.92  0.956
   4.100  0.474  7.29    0.72    0.42   -5.88    0.40    0.00   -5.47 2.498E+00

   10.5890   4.1000  21.0000   0.4736   5.7672  0.24984E+01  0.24983E+01  0.88581E-04  0.23616E+01  0.30696E-04  0.10046E-01  0.23516E+01  0.10000E+01
 e,ep,th,sigb,sigqe=   10.59    4.11   21.00  0.2475E+01  0.8925E-04
  10.589 21.000  5.78    0.62    0.34   -1.33    0.32    0.00   -1.00  0.958
   4.110  0.476  7.26    0.71    0.42   -5.98    0.40    0.00   -5.58 2.475E+00

   10.5890   4.1100  21.0000   0.4755   5.7813  0.24752E+01  0.24751E+01  0.89245E-04  0.23370E+01  0.29679E-04  0.98894E-02  0.23271E+01  0.10000E+01
 e,ep,th,sigb,sigqe=   10.59    4.12   21.00  0.2452E+01  0.8992E-04
  10.589 21.000  5.80    0.61    0.34   -1.41    0.32    0.00   -1.08  0.957
   4.120  0.477  7.22    0.71    0.41   -6.09    0.40    0.00   -5.70 2.452E+00

   10.5890   4.1200  21.0000   0.4774   5.7953  0.24521E+01  0.24520E+01  0.89921E-04  0.23125E+01  0.28697E-04  0.97178E-02  0.23027E+01  0.10000E+01
 e,ep,th,sigb,sigqe=   10.59    4.13   21.00  0.2429E+01  0.9061E-04
  10.589 21.000  5.81    0.61    0.33   -1.48    0.32    0.00   -1.16  0.958
   4.130  0.479  7.19    0.70    0.41   -6.20    0.39    0.00   -5.81 2.429E+00

   10.5890   4.1300  21.0000   0.4793   5.8094  0.24290E+01  0.24289E+01  0.90608E-04  0.22880E+01  0.27745E-04  0.95586E-02  0.22784E+01  0.10000E+01
 e,ep,th,sigb,sigqe=   10.59    4.14   21.00  0.2406E+01  0.9131E-04
  10.589 21.000  5.82    0.60    0.33   -1.56    0.32    0.00   -1.25  0.958
   4.140  0.481  7.16    0.70    0.41   -6.31    0.39    0.00   -5.92 2.406E+00

   10.5890   4.1400  21.0000   0.4812   5.8235  0.24059E+01  0.24058E+01  0.91308E-04  0.22636E+01  0.26825E-04  0.94026E-02  0.22541E+01  0.10000E+01
 e,ep,th,sigb,sigqe=   10.59    4.15   21.00  0.2383E+01  0.9202E-04
  10.589 21.000  5.84    0.60    0.33   -1.65    0.31    0.00   -1.33  0.959
   4.150  0.483  7.13    0.69    0.41   -6.42    0.39    0.00   -6.03 2.383E+00

   10.5890   4.1500  21.0000   0.4831   5.8375  0.23828E+01  0.23828E+01  0.92019E-04  0.22391E+01  0.25934E-04  0.92496E-02  0.22298E+01  0.10000E+01
 e,ep,th,sigb,sigqe=   10.59    4.16   21.00  0.2360E+01  0.9274E-04
  10.589 21.000  5.85    0.59    0.33   -1.73    0.31    0.00   -1.41  0.960
   4.160  0.485  7.09    0.69    0.40   -6.53    0.39    0.00   -6.14 2.360E+00

   10.5890   4.1600  21.0000   0.4850   5.8516  0.23598E+01  0.23597E+01  0.92742E-04  0.22148E+01  0.25074E-04  0.90997E-02  0.22057E+01  0.10000E+01
 e,ep,th,sigb,sigqe=   10.59    4.17   21.00  0.2337E+01  0.9348E-04
  10.589 21.000  5.87    0.59    0.32   -1.80    0.31    0.00   -1.49  0.960
   4.170  0.487  7.06    0.68    0.40   -6.64    0.38    0.00   -6.25 2.337E+00

   10.5890   4.1700  21.0000   0.4870   5.8657  0.23367E+01  0.23366E+01  0.93478E-04  0.21906E+01  0.24239E-04  0.89528E-02  0.21816E+01  0.10000E+01
 e,ep,th,sigb,sigqe=   10.59    4.18   21.00  0.2314E+01  0.9423E-04
  10.589 21.000  5.88    0.59    0.32   -1.88    0.31    0.00   -1.57  0.961
   4.180  0.489  7.03    0.68    0.40   -6.74    0.38    0.00   -6.36 2.314E+00

   10.5890   4.1800  21.0000   0.4889   5.8797  0.23137E+01  0.23136E+01  0.94227E-04  0.21665E+01  0.23432E-04  0.88089E-02  0.21576E+01  0.10000E+01
 e,ep,th,sigb,sigqe=   10.59    4.19   21.00  0.2291E+01  0.9499E-04
  10.589 21.000  5.89    0.58    0.32   -1.96    0.31    0.00   -1.65  0.962
   4.190  0.491  6.99    0.67    0.39   -6.85    0.38    0.00   -6.47 2.291E+00

   10.5890   4.1900  21.0000   0.4908   5.8938  0.22907E+01  0.22906E+01  0.94989E-04  0.21424E+01  0.22654E-04  0.86681E-02  0.21337E+01  0.10000E+01
 e,ep,th,sigb,sigqe=   10.59    4.20   21.00  0.2268E+01  0.9576E-04
  10.589 21.000  5.91    0.58    0.32   -2.03    0.30    0.00   -1.72  0.962
   4.200  0.493  6.96    0.67    0.39   -6.95    0.38    0.00   -6.57 2.268E+00

   10.5890   4.2000  21.0000   0.4928   5.9079  0.22677E+01  0.22676E+01  0.95764E-04  0.21186E+01  0.21899E-04  0.85298E-02  0.21101E+01  0.10000E+01
 e,ep,th,sigb,sigqe=   10.59    4.21   21.00  0.2245E+01  0.9655E-04
  10.589 21.000  5.92    0.57    0.31   -2.10    0.30    0.00   -1.80  0.963
   4.210  0.495  6.93    0.66    0.39   -7.05    0.37    0.00   -6.68 2.245E+00

   10.5890   4.2100  21.0000   0.4947   5.9219  0.22447E+01  0.22446E+01  0.96552E-04  0.20948E+01  0.21170E-04  0.83943E-02  0.20864E+01  0.10000E+01
 e,ep,th,sigb,sigqe=   10.59    4.22   21.00  0.2222E+01  0.9735E-04
  10.589 21.000  5.94    0.57    0.31   -2.18    0.30    0.00   -1.88  0.964
   4.220  0.497  6.90    0.66    0.39   -7.16    0.37    0.00   -6.78 2.222E+00

   10.5890   4.2200  21.0000   0.4967   5.9360  0.22218E+01  0.22217E+01  0.97354E-04  0.20711E+01  0.20466E-04  0.82613E-02  0.20628E+01  0.10000E+01
 e,ep,th,sigb,sigqe=   10.59    4.23   21.00  0.2199E+01  0.9817E-04
  10.589 21.000  5.95    0.57    0.31   -2.25    0.30    0.00   -1.95  0.964
   4.230  0.499  6.86    0.65    0.38   -7.26    0.37    0.00   -6.89 2.199E+00

   10.5890   4.2300  21.0000   0.4986   5.9501  0.21989E+01  0.21988E+01  0.98171E-04  0.20474E+01  0.19783E-04  0.81283E-02  0.20393E+01  0.10000E+01
 e,ep,th,sigb,sigqe=   10.59    4.24   21.00  0.2176E+01  0.9900E-04
  10.589 21.000  5.96    0.56    0.31   -2.33    0.30    0.00   -2.03  0.965
   4.240  0.501  6.83    0.65    0.38   -7.36    0.37    0.00   -7.00 2.176E+00

   10.5890   4.2400  21.0000   0.5006   5.9641  0.21761E+01  0.21760E+01  0.99001E-04  0.20239E+01  0.19125E-04  0.79979E-02  0.20158E+01  0.10000E+01
 e,ep,th,sigb,sigqe=   10.59    4.25   21.00  0.2153E+01  0.9985E-04
  10.589 21.000  5.98    0.56    0.31   -2.41    0.30    0.00   -2.11  0.966
   4.250  0.503  6.80    0.64    0.38   -7.47    0.37    0.00   -7.10 2.153E+00

   10.5890   4.2500  21.0000   0.5026   5.9782  0.21533E+01  0.21532E+01  0.99847E-04  0.20004E+01  0.18487E-04  0.78727E-02  0.19925E+01  0.10000E+01
 e,ep,th,sigb,sigqe=   10.59    4.26   21.00  0.2130E+01  0.1007E-03
  10.589 21.000  5.99    0.55    0.30   -2.48    0.29    0.00   -2.19  0.966
   4.260  0.505  6.76    0.64    0.38   -7.57    0.36    0.00   -7.21 2.131E+00

   10.5890   4.2600  21.0000   0.5045   5.9923  0.21305E+01  0.21304E+01  0.10071E-03  0.19770E+01  0.17871E-04  0.77500E-02  0.19692E+01  0.10000E+01
 e,ep,th,sigb,sigqe=   10.59    4.27   21.00  0.2108E+01  0.1016E-03
  10.589 21.000  6.01    0.55    0.30   -2.56    0.29    0.00   -2.26  0.967
   4.270  0.507  6.73    0.63    0.38   -7.68    0.36    0.00   -7.31 2.108E+00

   10.5890   4.2700  21.0000   0.5065   6.0063  0.21078E+01  0.21077E+01  0.10158E-03  0.19537E+01  0.17276E-04  0.76297E-02  0.19460E+01  0.10000E+01
 e,ep,th,sigb,sigqe=   10.59    4.28   21.00  0.2085E+01  0.1025E-03
  10.589 21.000  6.02    0.55    0.30   -2.63    0.29    0.00   -2.34  0.968
   4.280  0.509  6.70    0.63    0.37   -7.78    0.36    0.00   -7.42 2.085E+00

   10.5890   4.2800  21.0000   0.5085   6.0204  0.20852E+01  0.20851E+01  0.10247E-03  0.19305E+01  0.16705E-04  0.75116E-02  0.19230E+01  0.10000E+01
 e,ep,th,sigb,sigqe=   10.59    4.29   21.00  0.2062E+01  0.1034E-03
  10.589 21.000  6.03    0.54    0.30   -2.71    0.29    0.00   -2.42  0.969
   4.290  0.511  6.67    0.63    0.37   -7.88    0.36    0.00   -7.52 2.063E+00

   10.5890   4.2900  21.0000   0.5105   6.0345  0.20626E+01  0.20625E+01  0.10338E-03  0.19074E+01  0.16146E-04  0.74029E-02  0.19000E+01  0.10000E+01
 e,ep,th,sigb,sigqe=   10.59    4.30   21.00  0.2040E+01  0.1043E-03
  10.589 21.000  6.05    0.54    0.30   -2.78    0.29    0.00   -2.49  0.969
   4.300  0.513  6.63    0.62    0.37   -7.99    0.36    0.00   -7.63 2.040E+00

   10.5890   4.3000  21.0000   0.5125   6.0485  0.20400E+01  0.20399E+01  0.10430E-03  0.18844E+01  0.15615E-04  0.72825E-02  0.18771E+01  0.10000E+01
 e,ep,th,sigb,sigqe=   10.59    4.31   21.00  0.2017E+01  0.1052E-03
  10.589 21.000  6.06    0.54    0.30   -2.86    0.29    0.00   -2.57  0.970
   4.310  0.515  6.60    0.62    0.37   -8.09    0.36    0.00   -7.73 2.018E+00

   10.5890   4.3100  21.0000   0.5145   6.0626  0.20175E+01  0.20174E+01  0.10524E-03  0.18615E+01  0.15089E-04  0.71717E-02  0.18543E+01  0.10000E+01
 e,ep,th,sigb,sigqe=   10.59    4.32   21.00  0.1995E+01  0.1062E-03
  10.589 21.000  6.08    0.53    0.30   -2.93    0.29    0.00   -2.65  0.971
   4.320  0.517  6.57    0.61    0.37   -8.19    0.35    0.00   -7.84 1.995E+00

   10.5890   4.3200  21.0000   0.5165   6.0767  0.19951E+01  0.19950E+01  0.10620E-03  0.18388E+01  0.14586E-04  0.70630E-02  0.18317E+01  0.10000E+01
 e,ep,th,sigb,sigqe=   10.59    4.33   21.00  0.1973E+01  0.1072E-03
  10.589 21.000  6.09    0.53    0.29   -3.01    0.29    0.00   -2.72  0.972
   4.330  0.519  6.54    0.61    0.36   -8.29    0.35    0.00   -7.94 1.973E+00

   10.5890   4.3300  21.0000   0.5186   6.0907  0.19727E+01  0.19726E+01  0.10717E-03  0.18161E+01  0.14101E-04  0.69565E-02  0.18091E+01  0.10000E+01
 e,ep,th,sigb,sigqe=   10.59    4.34   21.00  0.1950E+01  0.1082E-03
  10.589 21.000  6.10    0.53    0.29   -3.08    0.28    0.00   -2.80  0.973
   4.340  0.521  6.50    0.61    0.36   -8.39    0.35    0.00   -8.04 1.950E+00

   10.5890   4.3400  21.0000   0.5206   6.1048  0.19504E+01  0.19503E+01  0.10817E-03  0.17936E+01  0.13635E-04  0.68520E-02  0.17867E+01  0.10000E+01
 e,ep,th,sigb,sigqe=   10.59    4.35   21.00  0.1928E+01  0.1092E-03
  10.589 21.000  6.12    0.52    0.29   -3.15    0.28    0.00   -2.87  0.974
   4.350  0.523  6.47    0.60    0.36   -8.49    0.35    0.00   -8.14 1.928E+00

   10.5890   4.3500  21.0000   0.5226   6.1189  0.19281E+01  0.19280E+01  0.10918E-03  0.17711E+01  0.13179E-04  0.67497E-02  0.17644E+01  0.10000E+01
 e,ep,th,sigb,sigqe=   10.59    4.36   21.00  0.1906E+01  0.1102E-03
  10.589 21.000  6.13    0.52    0.29   -3.23    0.28    0.00   -2.94  0.975
   4.360  0.525  6.44    0.60    0.36   -8.59    0.35    0.00   -8.24 1.906E+00

   10.5890   4.3600  21.0000   0.5247   6.1329  0.19060E+01  0.19058E+01  0.11020E-03  0.17489E+01  0.12737E-04  0.66494E-02  0.17422E+01  0.10000E+01
 e,ep,th,sigb,sigqe=   10.59    4.37   21.00  0.1884E+01  0.1113E-03
  10.589 21.000  6.15    0.52    0.29   -3.30    0.28    0.00   -3.02  0.976
   4.370  0.527  6.40    0.60    0.36   -8.69    0.35    0.00   -8.34 1.884E+00

   10.5890   4.3700  21.0000   0.5267   6.1470  0.18838E+01  0.18837E+01  0.11125E-03  0.17267E+01  0.12310E-04  0.65511E-02  0.17201E+01  0.10000E+01
 e,ep,th,sigb,sigqe=   10.59    4.38   21.00  0.1862E+01  0.1123E-03
  10.589 21.000  6.16    0.51    0.29   -3.38    0.28    0.00   -3.10  0.977
   4.380  0.529  6.37    0.59    0.36   -8.80    0.35    0.00   -8.45 1.862E+00

   10.5890   4.3800  21.0000   0.5288   6.1611  0.18618E+01  0.18617E+01  0.11232E-03  0.17044E+01  0.11896E-04  0.64548E-02  0.16980E+01  0.10000E+01
