 Enter the input file name (in INP directory)
 filename=INP/21degcarbon2017_part2.inp                                        
input files for EXTERNAL: runplan/target/output                         
RUNPLAN/10.6gev_21deg_part2.inp                                                 
TARG/targ.C15_2017                                                              
OUT/10.6gev_21deg_C15_part2_details.out                                         
 got here
 Reading parameters for Ioana's model
 Pauli suppression factors
  1.00 0.05 1.00 0.63 1.00 0.61 0.83 0.68 0.63 1.00 0.61 0.83
 Pauli suppression factors
  1.00 0.10 1.00 0.83 1.00 0.79 0.92 0.84 0.83 1.00 0.79 0.92
 Pauli suppression factors
  1.00 0.15 1.00 0.94 1.00 0.87 0.96 0.91 0.94 1.00 0.87 0.96
 Pauli suppression factors
  1.00 0.20 1.00 0.99 1.00 0.89 0.97 0.94 0.99 1.00 0.89 0.97
 Pauli suppression factors
  1.00 0.25 1.00 1.00 1.00 1.00 0.98 0.96 1.00 1.00 1.00 0.98
 Pauli suppression factors
  2.00 0.05 1.00 0.63 1.00 0.62 0.83 0.68 0.63 1.00 0.62 0.83
 Pauli suppression factors
  2.00 0.10 1.00 0.83 1.00 0.80 0.92 0.84 0.83 1.00 0.80 0.92
 Pauli suppression factors
  2.00 0.15 1.00 0.94 1.00 0.90 0.96 0.91 0.94 1.00 0.90 0.96
 Pauli suppression factors
  2.00 0.20 1.00 0.99 1.00 0.94 0.97 0.94 0.99 1.00 0.94 0.97
 Pauli suppression factors
  2.00 0.25 1.00 1.00 1.00 1.00 0.98 0.96 1.00 1.00 1.00 0.98
 Pauli suppression factors
  3.00 0.05 1.00 0.63 1.00 0.62 0.83 0.68 0.63 1.00 0.62 0.83
 Pauli suppression factors
  3.00 0.10 1.00 0.83 1.00 0.81 0.92 0.84 0.83 1.00 0.81 0.92
 Pauli suppression factors
  3.00 0.15 1.00 0.94 1.00 0.91 0.96 0.91 0.94 1.00 0.91 0.96
 Pauli suppression factors
  3.00 0.20 1.00 0.99 1.00 0.95 0.97 0.94 0.99 1.00 0.95 0.97
 Pauli suppression factors
  3.00 0.25 1.00 1.00 1.00 1.00 0.98 0.96 1.00 1.00 1.00 0.98
 Pauli suppression factors
  4.00 0.05 1.00 0.63 1.00 0.62 0.83 0.68 0.63 1.00 0.62 0.83
 Pauli suppression factors
  4.00 0.10 1.00 0.83 1.00 0.81 0.92 0.84 0.83 1.00 0.81 0.92
 Pauli suppression factors
  4.00 0.15 1.00 0.94 1.00 0.91 0.96 0.91 0.94 1.00 0.91 0.96
 Pauli suppression factors
  4.00 0.20 1.00 0.99 1.00 0.96 0.97 0.94 0.99 1.00 0.96 0.97
 Pauli suppression factors
  4.00 0.25 1.00 1.00 1.00 1.00 0.98 0.96 1.00 1.00 1.00 0.98
 Pauli suppression factors
  5.00 0.05 1.00 0.63 1.00 0.62 0.83 0.68 0.63 1.00 0.62 0.83
 Pauli suppression factors
  5.00 0.10 1.00 0.83 1.00 0.81 0.92 0.84 0.83 1.00 0.81 0.92
 Pauli suppression factors
  5.00 0.15 1.00 0.94 1.00 0.92 0.96 0.91 0.94 1.00 0.92 0.96
 Pauli suppression factors
  5.00 0.20 1.00 0.99 1.00 0.97 0.97 0.94 0.99 1.00 0.97 0.97
 Pauli suppression factors
  5.00 0.25 1.00 1.00 1.00 1.00 0.98 0.96 1.00 1.00 1.00 0.98
 e,ep,th,sigb,sigqe=   10.59    4.39   21.00  0.1051E+02  0.2554E-02
  10.589 21.000  6.18    0.54    0.30   -4.05    0.30    0.00   -3.75  0.998
   4.390  0.531  6.34    0.60    0.35   -8.76    0.35    0.00   -8.41 1.051E+01

   10.5890   4.3900  21.0000   0.5308   6.1751  0.10472E+02  0.10469E+02  0.25450E-02  0.96249E+01  0.52432E-05  0.36805E-01  0.95881E+01  0.10036E+01
 e,ep,th,sigb,sigqe=   10.59    4.40   21.00  0.1037E+02  0.2595E-02
  10.589 21.000  6.19    0.54    0.30   -4.12    0.30    0.00   -3.82  1.002
   4.400  0.533  6.31    0.60    0.35   -8.85    0.35    0.00   -8.50 1.038E+01

   10.5890   4.4000  21.0000   0.5329   6.1892  0.10340E+02  0.10338E+02  0.25860E-02  0.94951E+01  0.49802E-05  0.36350E-01  0.94588E+01  0.10036E+01
 e,ep,th,sigb,sigqe=   10.59    4.41   21.00  0.1024E+02  0.2637E-02
  10.589 21.000  6.20    0.53    0.30   -4.18    0.30    0.00   -3.88  1.005
   4.410  0.535  6.27    0.59    0.35   -8.94    0.35    0.00   -8.59 1.025E+01

   10.5890   4.4100  21.0000   0.5350   6.2033  0.10209E+02  0.10207E+02  0.26279E-02  0.93663E+01  0.47284E-05  0.35906E-01  0.93304E+01  0.10036E+01
 e,ep,th,sigb,sigqe=   10.59    4.42   21.00  0.1011E+02  0.2680E-02
  10.589 21.000  6.22    0.53    0.30   -4.25    0.30    0.00   -3.95  1.009
   4.420  0.537  6.24    0.59    0.35   -9.03    0.35    0.00   -8.67 1.012E+01

   10.5890   4.4200  21.0000   0.5371   6.2173  0.10079E+02  0.10077E+02  0.26708E-02  0.92385E+01  0.44871E-05  0.35472E-01  0.92030E+01  0.10036E+01
 e,ep,th,sigb,sigqe=   10.59    4.43   21.00  0.9984E+01  0.2724E-02
  10.589 21.000  6.23    0.53    0.30   -4.32    0.30    0.00   -4.02  1.013
   4.430  0.539  6.21    0.59    0.35   -9.11    0.35    0.00   -8.76 9.987E+00

   10.5890   4.4300  21.0000   0.5392   6.2314  0.99504E+01  0.99477E+01  0.27145E-02  0.91117E+01  0.42556E-05  0.35044E-01  0.90766E+01  0.10036E+01
 e,ep,th,sigb,sigqe=   10.59    4.44   21.00  0.9855E+01  0.2769E-02
  10.589 21.000  6.25    0.53    0.30   -4.39    0.30    0.00   -4.08  1.016
   4.440  0.541  6.17    0.59    0.35   -9.20    0.35    0.00   -8.85 9.858E+00

   10.5890   4.4400  21.0000   0.5412   6.2455  0.98223E+01  0.98195E+01  0.27593E-02  0.89859E+01  0.40339E-05  0.34617E-01  0.89513E+01  0.10037E+01
 e,ep,th,sigb,sigqe=   10.59    4.45   21.00  0.9728E+01  0.2815E-02
  10.589 21.000  6.26    0.52    0.30   -4.45    0.30    0.00   -4.15  1.020
   4.450  0.543  6.14    0.58    0.35   -9.29    0.35    0.00   -8.94 9.731E+00

   10.5890   4.4500  21.0000   0.5434   6.2595  0.96951E+01  0.96923E+01  0.28050E-02  0.88612E+01  0.38216E-05  0.34211E-01  0.88270E+01  0.10037E+01
 e,ep,th,sigb,sigqe=   10.59    4.46   21.00  0.9601E+01  0.2862E-02
  10.589 21.000  6.27    0.52    0.30   -4.52    0.30    0.00   -4.22  1.024
   4.460  0.545  6.11    0.58    0.35   -9.38    0.35    0.00   -9.02 9.604E+00

   10.5890   4.4600  21.0000   0.5455   6.2736  0.95689E+01  0.95660E+01  0.28517E-02  0.87376E+01  0.36185E-05  0.33815E-01  0.87038E+01  0.10037E+01
 e,ep,th,sigb,sigqe=   10.59    4.47   21.00  0.9476E+01  0.2910E-02
  10.589 21.000  6.29    0.52    0.29   -4.59    0.30    0.00   -4.29  1.028
   4.470  0.548  6.08    0.58    0.35   -9.46    0.35    0.00   -9.11 9.479E+00

   10.5890   4.4700  21.0000   0.5476   6.2877  0.94437E+01  0.94408E+01  0.28996E-02  0.86150E+01  0.34243E-05  0.33425E-01  0.85816E+01  0.10037E+01
 e,ep,th,sigb,sigqe=   10.59    4.48   21.00  0.9351E+01  0.2959E-02
  10.589 21.000  6.30    0.52    0.29   -4.66    0.30    0.00   -4.36  1.032
   4.480  0.550  6.04    0.58    0.35   -9.56    0.35    0.00   -9.20 9.354E+00

   10.5890   4.4800  21.0000   0.5497   6.3017  0.93193E+01  0.93164E+01  0.29484E-02  0.84934E+01  0.32387E-05  0.33047E-01  0.84603E+01  0.10037E+01
 e,ep,th,sigb,sigqe=   10.59    4.49   21.00  0.9227E+01  0.3010E-02
  10.589 21.000  6.32    0.51    0.29   -4.73    0.30    0.00   -4.43  1.037
   4.490  0.552  6.01    0.57    0.35   -9.64    0.35    0.00   -9.29 9.230E+00

   10.5890   4.4900  21.0000   0.5518   6.3158  0.91959E+01  0.91929E+01  0.29984E-02  0.83729E+01  0.30614E-05  0.32678E-01  0.83403E+01  0.10038E+01
 e,ep,th,sigb,sigqe=   10.59    4.50   21.00  0.9104E+01  0.3061E-02
  10.589 21.000  6.33    0.51    0.29   -4.80    0.31    0.00   -4.50  1.041
   4.500  0.554  5.98    0.57    0.35   -9.73    0.35    0.00   -9.38 9.107E+00

   10.5890   4.5000  21.0000   0.5540   6.3299  0.90729E+01  0.90698E+01  0.30495E-02  0.82532E+01  0.28922E-05  0.32318E-01  0.82209E+01  0.10038E+01
 e,ep,th,sigb,sigqe=   10.59    4.51   21.00  0.8981E+01  0.3114E-02
  10.589 21.000  6.34    0.51    0.29   -4.87    0.31    0.00   -4.56  1.046
   4.510  0.556  5.94    0.57    0.35   -9.82    0.36    0.00   -9.46 8.985E+00

   10.5890   4.5100  21.0000   0.5561   6.3439  0.89505E+01  0.89474E+01  0.31018E-02  0.81344E+01  0.27307E-05  0.31953E-01  0.81024E+01  0.10038E+01
 e,ep,th,sigb,sigqe=   10.59    4.52   21.00  0.8859E+01  0.3167E-02
  10.589 21.000  6.36    0.51    0.29   -4.93    0.31    0.00   -4.63  1.050
   4.520  0.558  5.91    0.57    0.35   -9.90    0.36    0.00   -9.55 8.863E+00

   10.5890   4.5200  21.0000   0.5583   6.3580  0.88287E+01  0.88255E+01  0.31554E-02  0.80165E+01  0.25767E-05  0.31613E-01  0.79849E+01  0.10038E+01
 e,ep,th,sigb,sigqe=   10.59    4.53   21.00  0.8738E+01  0.3223E-02
  10.589 21.000  6.37    0.51    0.29   -5.00    0.31    0.00   -4.69  1.055
   4.530  0.560  5.88    0.57    0.34   -9.99    0.36    0.00   -9.63 8.741E+00

   10.5890   4.5300  21.0000   0.5604   6.3721  0.87078E+01  0.87046E+01  0.32102E-02  0.78995E+01  0.24300E-05  0.31282E-01  0.78682E+01  0.10039E+01
 e,ep,th,sigb,sigqe=   10.59    4.54   21.00  0.8618E+01  0.3279E-02
  10.589 21.000  6.39    0.50    0.29   -5.07    0.31    0.00   -4.76  1.060
   4.540  0.563  5.85    0.56    0.34  -10.07    0.36    0.00   -9.71 8.621E+00

   10.5890   4.5400  21.0000   0.5626   6.3861  0.85876E+01  0.85844E+01  0.32662E-02  0.77835E+01  0.22902E-05  0.30959E-01  0.77525E+01  0.10039E+01
 e,ep,th,sigb,sigqe=   10.59    4.55   21.00  0.8498E+01  0.3337E-02
  10.589 21.000  6.40    0.50    0.29   -5.13    0.31    0.00   -4.82  1.065
   4.550  0.565  5.81    0.56    0.34  -10.16    0.36    0.00   -9.80 8.502E+00

   10.5890   4.5500  21.0000   0.5648   6.4002  0.84684E+01  0.84651E+01  0.33237E-02  0.76685E+01  0.21572E-05  0.30645E-01  0.76379E+01  0.10039E+01
 e,ep,th,sigb,sigqe=   10.59    4.56   21.00  0.8379E+01  0.3396E-02
  10.589 21.000  6.41    0.50    0.29   -5.20    0.31    0.00   -4.89  1.071
   4.560  0.567  5.78    0.56    0.34  -10.24    0.36    0.00   -9.88 8.383E+00

   10.5890   4.5600  21.0000   0.5669   6.4142  0.83501E+01  0.83467E+01  0.33825E-02  0.75547E+01  0.20307E-05  0.30337E-01  0.75243E+01  0.10039E+01
 e,ep,th,sigb,sigqe=   10.59    4.57   21.00  0.8262E+01  0.3456E-02
  10.589 21.000  6.43    0.50    0.29   -5.26    0.31    0.00   -4.95  1.076
   4.570  0.569  5.75    0.56    0.34  -10.32    0.36    0.00   -9.96 8.265E+00

   10.5890   4.5700  21.0000   0.5691   6.4283  0.82328E+01  0.82294E+01  0.34428E-02  0.74420E+01  0.19104E-05  0.30040E-01  0.74119E+01  0.10039E+01
 e,ep,th,sigb,sigqe=   10.59    4.58   21.00  0.8145E+01  0.3518E-02
  10.589 21.000  6.44    0.50    0.29   -5.33    0.32    0.00   -5.01  1.082
   4.580  0.571  5.71    0.56    0.34  -10.41    0.37    0.00  -10.04 8.149E+00

   10.5890   4.5800  21.0000   0.5713   6.4424  0.81168E+01  0.81133E+01  0.35045E-02  0.73304E+01  0.17962E-05  0.29751E-01  0.73007E+01  0.10040E+01
 e,ep,th,sigb,sigqe=   10.59    4.59   21.00  0.8030E+01  0.3582E-02
  10.589 21.000  6.46    0.50    0.29   -5.40    0.32    0.00   -5.08  1.088
   4.590  0.574  5.68    0.56    0.34  -10.50    0.37    0.00  -10.13 8.034E+00

   10.5890   4.5900  21.0000   0.5735   6.4564  0.80019E+01  0.79984E+01  0.35678E-02  0.72199E+01  0.16877E-05  0.29470E-01  0.71904E+01  0.10040E+01
 e,ep,th,sigb,sigqe=   10.59    4.60   21.00  0.7916E+01  0.3647E-02
  10.589 21.000  6.47    0.49    0.29   -5.47    0.32    0.00   -5.15  1.094
   4.600  0.576  5.65    0.55    0.34  -10.58    0.37    0.00  -10.22 7.920E+00

   10.5890   4.6000  21.0000   0.5757   6.4705  0.78884E+01  0.78847E+01  0.36326E-02  0.71106E+01  0.15847E-05  0.29197E-01  0.70814E+01  0.10040E+01
 e,ep,th,sigb,sigqe=   10.59    4.61   21.00  0.7803E+01  0.3714E-02
  10.589 21.000  6.48    0.49    0.29   -5.53    0.32    0.00   -5.21  1.100
   4.610  0.578  5.62    0.55    0.34  -10.67    0.37    0.00  -10.30 7.807E+00

   10.5890   4.6100  21.0000   0.5780   6.4846  0.77760E+01  0.77723E+01  0.36991E-02  0.70028E+01  0.14870E-05  0.28932E-01  0.69738E+01  0.10040E+01
 e,ep,th,sigb,sigqe=   10.59    4.62   21.00  0.7692E+01  0.3782E-02
  10.589 21.000  6.50    0.49    0.29   -5.60    0.32    0.00   -5.28  1.106
   4.620  0.580  5.58    0.55    0.34  -10.76    0.37    0.00  -10.39 7.696E+00

   10.5890   4.6200  21.0000   0.5802   6.4986  0.76649E+01  0.76611E+01  0.37671E-02  0.68961E+01  0.13944E-05  0.28675E-01  0.68674E+01  0.10040E+01
 e,ep,th,sigb,sigqe=   10.59    4.63   21.00  0.7581E+01  0.3852E-02
  10.589 21.000  6.51    0.49    0.29   -5.67    0.32    0.00   -5.35  1.112
   4.630  0.582  5.55    0.55    0.35  -10.85    0.37    0.00  -10.48 7.585E+00

   10.5890   4.6300  21.0000   0.5824   6.5127  0.75543E+01  0.75505E+01  0.38369E-02  0.67902E+01  0.13068E-05  0.28425E-01  0.67618E+01  0.10040E+01
 e,ep,th,sigb,sigqe=   10.59    4.64   21.00  0.7471E+01  0.3924E-02
  10.589 21.000  6.53    0.49    0.29   -5.74    0.33    0.00   -5.42  1.119
   4.640  0.585  5.52    0.55    0.35  -10.94    0.38    0.00  -10.56 7.475E+00

   10.5890   4.6400  21.0000   0.5846   6.5268  0.74441E+01  0.74402E+01  0.39084E-02  0.66851E+01  0.12238E-05  0.28183E-01  0.66569E+01  0.10041E+01
 e,ep,th,sigb,sigqe=   10.59    4.65   21.00  0.7361E+01  0.3998E-02
  10.589 21.000  6.54    0.49    0.29   -5.81    0.33    0.00   -5.48  1.126
   4.650  0.587  5.48    0.55    0.35  -11.02    0.38    0.00  -10.64 7.365E+00

   10.5890   4.6500  21.0000   0.5869   6.5408  0.73343E+01  0.73303E+01  0.39818E-02  0.65807E+01  0.11453E-05  0.27949E-01  0.65527E+01  0.10041E+01
 e,ep,th,sigb,sigqe=   10.59    4.66   21.00  0.7251E+01  0.4074E-02
  10.589 21.000  6.55    0.49    0.29   -5.87    0.33    0.00   -5.54  1.133
   4.660  0.589  5.45    0.55    0.35  -11.11    0.38    0.00  -10.72 7.255E+00

   10.5890   4.6600  21.0000   0.5891   6.5549  0.72252E+01  0.72211E+01  0.40571E-02  0.64772E+01  0.10711E-05  0.27723E-01  0.64494E+01  0.10042E+01
 e,ep,th,sigb,sigqe=   10.59    4.67   21.00  0.7142E+01  0.4152E-02
  10.589 21.000  6.57    0.48    0.29   -5.94    0.33    0.00   -5.60  1.140
   4.670  0.591  5.42    0.54    0.35  -11.19    0.38    0.00  -10.80 7.147E+00

   10.5890   4.6700  21.0000   0.5914   6.5690  0.71168E+01  0.71127E+01  0.41344E-02  0.63746E+01  0.10010E-05  0.27504E-01  0.63471E+01  0.10042E+01
 e,ep,th,sigb,sigqe=   10.59    4.68   21.00  0.7035E+01  0.4231E-02
  10.589 21.000  6.58    0.48    0.29   -6.00    0.34    0.00   -5.67  1.148
   4.680  0.594  5.39    0.54    0.35  -11.27    0.39    0.00  -10.88 7.039E+00

   10.5890   4.6800  21.0000   0.5937   6.5830  0.70095E+01  0.70053E+01  0.42136E-02  0.62730E+01  0.93481E-06  0.27292E-01  0.62457E+01  0.10042E+01
 e,ep,th,sigb,sigqe=   10.59    4.69   21.00  0.6928E+01  0.4313E-02
  10.589 21.000  6.60    0.48    0.29   -6.07    0.34    0.00   -5.73  1.155
   4.690  0.596  5.35    0.54    0.35  -11.35    0.39    0.00  -10.96 6.932E+00

   10.5890   4.6900  21.0000   0.5960   6.5971  0.69032E+01  0.68989E+01  0.42951E-02  0.61724E+01  0.87241E-06  0.27088E-01  0.61453E+01  0.10042E+01
 e,ep,th,sigb,sigqe=   10.59    4.70   21.00  0.6823E+01  0.4397E-02
  10.589 21.000  6.61    0.48    0.29   -6.13    0.34    0.00   -5.79  1.163
   4.700  0.598  5.32    0.54    0.35  -11.43    0.39    0.00  -11.04 6.827E+00

   10.5890   4.7000  21.0000   0.5982   6.6112  0.67984E+01  0.67940E+01  0.43788E-02  0.60734E+01  0.81352E-06  0.26892E-01  0.60465E+01  0.10042E+01
 e,ep,th,sigb,sigqe=   10.59    4.71   21.00  0.6719E+01  0.4483E-02
  10.589 21.000  6.63    0.48    0.29   -6.20    0.35    0.00   -5.85  1.172
   4.710  0.601  5.29    0.54    0.35  -11.52    0.40    0.00  -11.12 6.723E+00

   10.5890   4.7100  21.0000   0.6005   6.6252  0.66953E+01  0.66908E+01  0.44646E-02  0.59758E+01  0.75810E-06  0.26704E-01  0.59491E+01  0.10042E+01
 e,ep,th,sigb,sigqe=   10.59    4.72   21.00  0.6617E+01  0.4572E-02
  10.589 21.000  6.64    0.48    0.30   -6.26    0.35    0.00   -5.92  1.180
   4.720  0.603  5.25    0.54    0.35  -11.60    0.40    0.00  -11.20 6.622E+00

   10.5890   4.7200  21.0000   0.6028   6.6393  0.65937E+01  0.65892E+01  0.45527E-02  0.58797E+01  0.70592E-06  0.26523E-01  0.58531E+01  0.10042E+01
 e,ep,th,sigb,sigqe=   10.59    4.73   21.00  0.6516E+01  0.4663E-02
  10.589 21.000  6.65    0.48    0.30   -6.33    0.35    0.00   -5.98  1.189
   4.730  0.605  5.22    0.54    0.35  -11.69    0.40    0.00  -11.29 6.521E+00

   10.5890   4.7300  21.0000   0.6051   6.6534  0.64933E+01  0.64887E+01  0.46433E-02  0.57846E+01  0.65683E-06  0.26350E-01  0.57583E+01  0.10042E+01
 e,ep,th,sigb,sigqe=   10.59    4.74   21.00  0.6416E+01  0.4756E-02
  10.589 21.000  6.67    0.48    0.30   -6.41    0.36    0.00   -6.05  1.198
   4.740  0.607  5.19    0.54    0.35  -11.78    0.41    0.00  -11.38 6.421E+00

   10.5890   4.7400  21.0000   0.6075   6.6674  0.63932E+01  0.63885E+01  0.47360E-02  0.56902E+01  0.61071E-06  0.26183E-01  0.56640E+01  0.10043E+01
 e,ep,th,sigb,sigqe=   10.59    4.75   21.00  0.6316E+01  0.4852E-02
  10.589 21.000  6.68    0.48    0.30   -6.48    0.36    0.00   -6.12  1.207
   4.750  0.610  5.16    0.54    0.35  -11.87    0.41    0.00  -11.46 6.321E+00

   10.5890   4.7500  21.0000   0.6098   6.6815  0.62941E+01  0.62893E+01  0.48315E-02  0.55968E+01  0.56739E-06  0.26023E-01  0.55708E+01  0.10043E+01
 e,ep,th,sigb,sigqe=   10.59    4.76   21.00  0.6218E+01  0.4951E-02
  10.589 21.000  6.70    0.48    0.30   -6.55    0.36    0.00   -6.18  1.216
   4.760  0.612  5.12    0.54    0.35  -11.96    0.42    0.00  -11.54 6.222E+00

   10.5890   4.7600  21.0000   0.6121   6.6956  0.61957E+01  0.61907E+01  0.49296E-02  0.55042E+01  0.52671E-06  0.25870E-01  0.54783E+01  0.10043E+01
 e,ep,th,sigb,sigqe=   10.59    4.77   21.00  0.6120E+01  0.5052E-02
  10.589 21.000  6.71    0.48    0.30   -6.61    0.37    0.00   -6.25  1.226
   4.770  0.614  5.09    0.54    0.36  -12.05    0.42    0.00  -11.63 6.125E+00

   10.5890   4.7700  21.0000   0.6145   6.7096  0.60985E+01  0.60935E+01  0.50305E-02  0.54128E+01  0.48858E-06  0.25724E-01  0.53871E+01  0.10043E+01
 e,ep,th,sigb,sigqe=   10.59    4.78   21.00  0.6023E+01  0.5156E-02
  10.589 21.000  6.72    0.48    0.30   -6.68    0.37    0.00   -6.31  1.236
   4.780  0.617  5.06    0.54    0.36  -12.13    0.42    0.00  -11.71 6.028E+00

   10.5890   4.7800  21.0000   0.6168   6.7237  0.60020E+01  0.59969E+01  0.51340E-02  0.53224E+01  0.45286E-06  0.25585E-01  0.52968E+01  0.10044E+01
 e,ep,th,sigb,sigqe=   10.59    4.79   21.00  0.5927E+01  0.5264E-02
  10.589 21.000  6.74    0.47    0.30   -6.75    0.38    0.00   -6.38  1.246
   4.790  0.619  5.02    0.54    0.36  -12.22    0.43    0.00  -11.79 5.933E+00

   10.5890   4.7900  21.0000   0.6192   6.7378  0.59066E+01  0.59014E+01  0.52406E-02  0.52330E+01  0.41943E-06  0.25454E-01  0.52075E+01  0.10044E+01
 e,ep,th,sigb,sigqe=   10.59    4.80   21.00  0.5832E+01  0.5374E-02
  10.589 21.000  6.75    0.47    0.30   -6.82    0.38    0.00   -6.44  1.257
   4.800  0.622  4.99    0.54    0.36  -12.31    0.43    0.00  -11.87 5.838E+00

   10.5890   4.8000  21.0000   0.6215   6.7518  0.58122E+01  0.58068E+01  0.53501E-02  0.51446E+01  0.38811E-06  0.25329E-01  0.51193E+01  0.10044E+01
 e,ep,th,sigb,sigqe=   10.59    4.81   21.00  0.5739E+01  0.5487E-02
  10.589 21.000  6.77    0.47    0.30   -6.89    0.38    0.00   -6.51  1.268
   4.810  0.624  4.96    0.54    0.36  -12.40    0.44    0.00  -11.96 5.744E+00

   10.5890   4.8100  21.0000   0.6239   6.7659  0.57187E+01  0.57132E+01  0.54626E-02  0.50573E+01  0.35884E-06  0.25212E-01  0.50321E+01  0.10044E+01
 e,ep,th,sigb,sigqe=   10.59    4.82   21.00  0.5646E+01  0.5603E-02
  10.589 21.000  6.78    0.47    0.30   -6.96    0.39    0.00   -6.57  1.279
   4.820  0.626  4.93    0.54    0.36  -12.48    0.44    0.00  -12.04 5.651E+00

   10.5890   4.8200  21.0000   0.6263   6.7800  0.56262E+01  0.56206E+01  0.55785E-02  0.49709E+01  0.33152E-06  0.25101E-01  0.49458E+01  0.10044E+01
 e,ep,th,sigb,sigqe=   10.59    4.83   21.00  0.5554E+01  0.5723E-02
  10.589 21.000  6.79    0.47    0.31   -7.03    0.40    0.00   -6.64  1.291
   4.830  0.629  4.89    0.54    0.36  -12.57    0.45    0.00  -12.12 5.559E+00

   10.5890   4.8300  21.0000   0.6287   6.7940  0.55346E+01  0.55289E+01  0.56975E-02  0.48856E+01  0.30600E-06  0.24998E-01  0.48606E+01  0.10045E+01
 e,ep,th,sigb,sigqe=   10.59    4.84   21.00  0.5462E+01  0.5846E-02
  10.589 21.000  6.81    0.47    0.31   -7.10    0.40    0.00   -6.70  1.302
   4.840  0.631  4.86    0.54    0.37  -12.66    0.46    0.00  -12.20 5.468E+00

   10.5890   4.8400  21.0000   0.6311   6.8081  0.54437E+01  0.54378E+01  0.58200E-02  0.48010E+01  0.28220E-06  0.24901E-01  0.47761E+01  0.10045E+01
 e,ep,th,sigb,sigqe=   10.59    4.85   21.00  0.5372E+01  0.5973E-02
  10.589 21.000  6.82    0.47    0.31   -7.16    0.41    0.00   -6.76  1.315
   4.850  0.633  4.83    0.54    0.37  -12.74    0.46    0.00  -12.28 5.378E+00

   10.5890   4.8500  21.0000   0.6335   6.8222  0.53536E+01  0.53476E+01  0.59459E-02  0.47176E+01  0.26005E-06  0.24811E-01  0.46927E+01  0.10045E+01
 e,ep,th,sigb,sigqe=   10.59    4.86   21.00  0.5282E+01  0.6103E-02
  10.589 21.000  6.84    0.47    0.31   -7.23    0.41    0.00   -6.82  1.327
   4.860  0.636  4.79    0.54    0.37  -12.82    0.47    0.00  -12.35 5.289E+00

   10.5890   4.8600  21.0000   0.6359   6.8362  0.52646E+01  0.52585E+01  0.60755E-02  0.46352E+01  0.23942E-06  0.24727E-01  0.46104E+01  0.10046E+01
 e,ep,th,sigb,sigqe=   10.59    4.87   21.00  0.5194E+01  0.6237E-02
  10.589 21.000  6.85    0.47    0.31   -7.30    0.42    0.00   -6.88  1.340
   4.870  0.638  4.76    0.54    0.37  -12.91    0.47    0.00  -12.43 5.201E+00

   10.5890   4.8700  21.0000   0.6383   6.8503  0.51770E+01  0.51708E+01  0.62090E-02  0.45540E+01  0.22024E-06  0.24653E-01  0.45293E+01  0.10045E+01
 e,ep,th,sigb,sigqe=   10.59    4.88   21.00  0.5108E+01  0.6375E-02
  10.589 21.000  6.86    0.47    0.31   -7.36    0.42    0.00   -6.94  1.354
   4.880  0.641  4.73    0.54    0.37  -12.99    0.48    0.00  -12.51 5.114E+00

   10.5890   4.8800  21.0000   0.6407   6.8644  0.50910E+01  0.50846E+01  0.63463E-02  0.44743E+01  0.20242E-06  0.24586E-01  0.44497E+01  0.10046E+01
 e,ep,th,sigb,sigqe=   10.59    4.89   21.00  0.5023E+01  0.6517E-02
  10.589 21.000  6.88    0.47    0.32   -7.44    0.43    0.00   -7.00  1.368
   4.890  0.643  4.70    0.54    0.38  -13.08    0.49    0.00  -12.59 5.029E+00

   10.5890   4.8900  21.0000   0.6432   6.8784  0.50067E+01  0.50002E+01  0.64878E-02  0.43959E+01  0.18585E-06  0.24526E-01  0.43714E+01  0.10045E+01
 e,ep,th,sigb,sigqe=   10.59    4.90   21.00  0.4939E+01  0.6663E-02
  10.589 21.000  6.89    0.47    0.32   -7.51    0.44    0.00   -7.07  1.382
   4.900  0.646  4.66    0.54    0.38  -13.18    0.49    0.00  -12.68 4.946E+00

   10.5890   4.9000  21.0000   0.6456   6.8925  0.49239E+01  0.49172E+01  0.66332E-02  0.43188E+01  0.17050E-06  0.24472E-01  0.42943E+01  0.10045E+01
 e,ep,th,sigb,sigqe=   10.59    4.91   21.00  0.4857E+01  0.6814E-02
  10.589 21.000  6.91    0.47    0.32   -7.59    0.45    0.00   -7.14  1.397
   4.910  0.648  4.63    0.54    0.38  -13.28    0.50    0.00  -12.78 4.864E+00

   10.5890   4.9100  21.0000   0.6481   6.9066  0.48422E+01  0.48354E+01  0.67828E-02  0.42427E+01  0.15627E-06  0.24426E-01  0.42183E+01  0.10045E+01
 e,ep,th,sigb,sigqe=   10.59    4.92   21.00  0.4776E+01  0.6968E-02
  10.589 21.000  6.92    0.47    0.32   -7.68    0.45    0.00   -7.22  1.412
   4.920  0.651  4.60    0.54    0.38  -13.38    0.51    0.00  -12.87 4.783E+00

   10.5890   4.9200  21.0000   0.6505   6.9206  0.47608E+01  0.47539E+01  0.69363E-02  0.41671E+01  0.14310E-06  0.24387E-01  0.41427E+01  0.10046E+01
 e,ep,th,sigb,sigqe=   10.59    4.93   21.00  0.4694E+01  0.7128E-02
  10.589 21.000  6.93    0.47    0.32   -7.76    0.46    0.00   -7.29  1.427
   4.930  0.653  4.57    0.54    0.39  -13.48    0.52    0.00  -12.96 4.702E+00

   10.5890   4.9300  21.0000   0.6530   6.9347  0.46796E+01  0.46725E+01  0.70945E-02  0.40921E+01  0.13091E-06  0.24354E-01  0.40677E+01  0.10047E+01
 e,ep,th,sigb,sigqe=   10.59    4.94   21.00  0.4613E+01  0.7292E-02
  10.589 21.000  6.95    0.48    0.32   -7.83    0.47    0.00   -7.36  1.443
   4.940  0.656  4.53    0.54    0.39  -13.57    0.53    0.00  -13.04 4.620E+00

   10.5890   4.9400  21.0000   0.6555   6.9488  0.45984E+01  0.45912E+01  0.72575E-02  0.40175E+01  0.11965E-06  0.24329E-01  0.39932E+01  0.10047E+01
 e,ep,th,sigb,sigqe=   10.59    4.95   21.00  0.4532E+01  0.7460E-02
  10.589 21.000  6.96    0.48    0.33   -7.90    0.48    0.00   -7.42  1.460
   4.950  0.658  4.50    0.55    0.39  -13.66    0.54    0.00  -13.12 4.539E+00

   10.5890   4.9500  21.0000   0.6580   6.9628  0.45178E+01  0.45104E+01  0.74253E-02  0.39435E+01  0.10925E-06  0.24310E-01  0.39192E+01  0.10047E+01
 e,ep,th,sigb,sigqe=   10.59    4.96   21.00  0.4452E+01  0.7634E-02
  10.589 21.000  6.98    0.48    0.33   -7.97    0.49    0.00   -7.48  1.477
   4.960  0.660  4.47    0.55    0.39  -13.74    0.54    0.00  -13.20 4.459E+00

   10.5890   4.9600  21.0000   0.6605   6.9769  0.44384E+01  0.44308E+01  0.75981E-02  0.38709E+01  0.99690E-07  0.24299E-01  0.38466E+01  0.10047E+01
 e,ep,th,sigb,sigqe=   10.59    4.97   21.00  0.4373E+01  0.7813E-02
  10.589 21.000  6.99    0.48    0.33   -8.04    0.50    0.00   -7.54  1.494
   4.970  0.663  4.43    0.55    0.40  -13.83    0.55    0.00  -13.28 4.381E+00

   10.5890   4.9700  21.0000   0.6630   6.9910  0.43600E+01  0.43523E+01  0.77757E-02  0.37992E+01  0.90828E-07  0.24296E-01  0.37749E+01  0.10048E+01
 e,ep,th,sigb,sigqe=   10.59    4.98   21.00  0.4295E+01  0.7997E-02
  10.589 21.000  7.01    0.48    0.33   -8.11    0.51    0.00   -7.60  1.512
   4.980  0.666  4.40    0.55    0.40  -13.92    0.56    0.00  -13.36 4.303E+00

   10.5890   4.9800  21.0000   0.6655   7.0050  0.42826E+01  0.42747E+01  0.79587E-02  0.37285E+01  0.82690E-07  0.24299E-01  0.37042E+01  0.10048E+01
 e,ep,th,sigb,sigqe=   10.59    4.99   21.00  0.4218E+01  0.8186E-02
  10.589 21.000  7.02    0.48    0.34   -8.18    0.52    0.00   -7.67  1.531
   4.990  0.668  4.37    0.55    0.40  -14.01    0.58    0.00  -13.43 4.226E+00

   10.5890   4.9900  21.0000   0.6680   7.0191  0.42058E+01  0.41976E+01  0.81468E-02  0.36585E+01  0.75200E-07  0.24310E-01  0.36342E+01  0.10049E+01
 e,ep,th,sigb,sigqe=   10.59    5.00   21.00  0.4142E+01  0.8381E-02
  10.589 21.000  7.03    0.48    0.34   -8.25    0.53    0.00   -7.72  1.550
   5.000  0.671  4.34    0.55    0.41  -14.09    0.59    0.00  -13.50 4.150E+00

   10.5890   5.0000  21.0000   0.6706   7.0332  0.41302E+01  0.41219E+01  0.83411E-02  0.35898E+01  0.68330E-07  0.24329E-01  0.35655E+01  0.10048E+01
 e,ep,th,sigb,sigqe=   10.59    5.01   21.00  0.4068E+01  0.8582E-02
  10.589 21.000  7.05    0.48    0.34   -8.31    0.54    0.00   -7.78  1.569
   5.010  0.673  4.30    0.56    0.41  -14.18    0.60    0.00  -13.58 4.076E+00

   10.5890   5.0100  21.0000   0.6731   7.0472  0.40568E+01  0.40483E+01  0.85412E-02  0.35227E+01  0.62024E-07  0.24355E-01  0.34984E+01  0.10048E+01
 e,ep,th,sigb,sigqe=   10.59    5.02   21.00  0.3996E+01  0.8789E-02
  10.589 21.000  7.06    0.48    0.35   -8.39    0.55    0.00   -7.84  1.589
   5.020  0.676  4.27    0.56    0.41  -14.27    0.61    0.00  -13.67 4.005E+00

   10.5890   5.0200  21.0000   0.6757   7.0613  0.39863E+01  0.39776E+01  0.87478E-02  0.34577E+01  0.56240E-07  0.24389E-01  0.34333E+01  0.10047E+01
 e,ep,th,sigb,sigqe=   10.59    5.03   21.00  0.3927E+01  0.9001E-02
  10.589 21.000  7.08    0.49    0.35   -8.48    0.56    0.00   -7.92  1.610
   5.030  0.678  4.24    0.56    0.42  -14.39    0.62    0.00  -13.77 3.936E+00

   10.5890   5.0300  21.0000   0.6783   7.0754  0.39178E+01  0.39088E+01  0.89594E-02  0.33941E+01  0.50932E-07  0.24430E-01  0.33697E+01  0.10047E+01
 e,ep,th,sigb,sigqe=   10.59    5.04   21.00  0.3859E+01  0.9220E-02
  10.589 21.000  7.09    0.49    0.35   -8.59    0.57    0.00   -8.01  1.631
   5.040  0.681  4.20    0.56    0.42  -14.52    0.63    0.00  -13.88 3.868E+00

   10.5890   5.0400  21.0000   0.6808   7.0894  0.38502E+01  0.38411E+01  0.91768E-02  0.33313E+01  0.46093E-07  0.24478E-01  0.33068E+01  0.10047E+01
 e,ep,th,sigb,sigqe=   10.59    5.05   21.00  0.3791E+01  0.9445E-02
  10.589 21.000  7.10    0.49    0.35   -8.69    0.58    0.00   -8.11  1.653
   5.050  0.683  4.17    0.56    0.43  -14.64    0.65    0.00  -14.00 3.800E+00

   10.5890   5.0500  21.0000   0.6834   7.1035  0.37820E+01  0.37726E+01  0.93997E-02  0.32684E+01  0.41660E-07  0.24533E-01  0.32438E+01  0.10049E+01
 e,ep,th,sigb,sigqe=   10.59    5.06   21.00  0.3721E+01  0.9677E-02
  10.589 21.000  7.12    0.49    0.36   -8.79    0.60    0.00   -8.19  1.675
   5.060  0.686  4.14    0.57    0.43  -14.76    0.66    0.00  -14.10 3.731E+00

   10.5890   5.0600  21.0000   0.6860   7.1176  0.37124E+01  0.37028E+01  0.96287E-02  0.32049E+01  0.37614E-07  0.24596E-01  0.31803E+01  0.10050E+01
 e,ep,th,sigb,sigqe=   10.59    5.07   21.00  0.3650E+01  0.9915E-02
  10.589 21.000  7.13    0.49    0.36   -8.87    0.61    0.00   -8.26  1.698
   5.070  0.689  4.11    0.57    0.43  -14.85    0.67    0.00  -14.18 3.660E+00

   10.5890   5.0700  21.0000   0.6886   7.1316  0.36417E+01  0.36319E+01  0.98649E-02  0.31413E+01  0.33926E-07  0.24667E-01  0.31166E+01  0.10051E+01
 e,ep,th,sigb,sigqe=   10.59    5.08   21.00  0.3579E+01  0.1016E-01
  10.589 21.000  7.15    0.49    0.36   -8.93    0.63    0.00   -8.30  1.722
   5.080  0.691  4.07    0.57    0.44  -14.93    0.69    0.00  -14.24 3.589E+00

   10.5890   5.0800  21.0000   0.6912   7.1457  0.35708E+01  0.35607E+01  0.10108E-01  0.30781E+01  0.30561E-07  0.24745E-01  0.30533E+01  0.10052E+01
 e,ep,th,sigb,sigqe=   10.59    5.09   21.00  0.3509E+01  0.1041E-01
  10.589 21.000  7.16    0.50    0.37   -8.99    0.64    0.00   -8.35  1.746
   5.090  0.694  4.04    0.58    0.44  -15.00    0.71    0.00  -14.30 3.519E+00

   10.5890   5.0900  21.0000   0.6938   7.1598  0.35011E+01  0.34907E+01  0.10360E-01  0.30159E+01  0.27500E-07  0.24831E-01  0.29911E+01  0.10051E+01
 e,ep,th,sigb,sigqe=   10.59    5.10   21.00  0.3441E+01  0.1067E-01
  10.589 21.000  7.17    0.50    0.37   -9.05    0.66    0.00   -8.39  1.771
   5.100  0.696  4.01    0.58    0.45  -15.08    0.72    0.00  -14.36 3.451E+00

   10.5890   5.1000  21.0000   0.6965   7.1738  0.34340E+01  0.34234E+01  0.10619E-01  0.29558E+01  0.24717E-07  0.24925E-01  0.29309E+01  0.10050E+01
 e,ep,th,sigb,sigqe=   10.59    5.11   21.00  0.3376E+01  0.1094E-01
  10.589 21.000  7.19    0.50    0.38   -9.13    0.68    0.00   -8.45  1.796
   5.110  0.699  3.97    0.58    0.45  -15.18    0.74    0.00  -14.44 3.387E+00

   10.5890   5.1100  21.0000   0.6991   7.1879  0.33698E+01  0.33589E+01  0.10885E-01  0.28976E+01  0.22191E-07  0.25026E-01  0.28726E+01  0.10050E+01
 e,ep,th,sigb,sigqe=   10.59    5.12   21.00  0.3313E+01  0.1121E-01
  10.589 21.000  7.20    0.51    0.38   -9.22    0.69    0.00   -8.52  1.823
   5.120  0.702  3.94    0.59    0.46  -15.29    0.76    0.00  -14.53 3.324E+00

   10.5890   5.1200  21.0000   0.7017   7.2020  0.33076E+01  0.32965E+01  0.11158E-01  0.28410E+01  0.19888E-07  0.25137E-01  0.28158E+01  0.10049E+01
 e,ep,th,sigb,sigqe=   10.59    5.13   21.00  0.3251E+01  0.1150E-01
  10.589 21.000  7.22    0.51    0.38   -9.31    0.71    0.00   -8.60  1.849
   5.130  0.704  3.91    0.59    0.46  -15.40    0.77    0.00  -14.63 3.262E+00

   10.5890   5.1300  21.0000   0.7044   7.2160  0.32463E+01  0.32349E+01  0.11438E-01  0.27851E+01  0.17818E-07  0.25255E-01  0.27599E+01  0.10050E+01
 e,ep,th,sigb,sigqe=   10.59    5.14   21.00  0.3190E+01  0.1179E-01
  10.589 21.000  7.23    0.51    0.39   -9.41    0.73    0.00   -8.68  1.877
   5.140  0.707  3.88    0.60    0.47  -15.52    0.79    0.00  -14.73 3.202E+00

   10.5890   5.1400  21.0000   0.7071   7.2301  0.31858E+01  0.31740E+01  0.11727E-01  0.27301E+01  0.15938E-07  0.25380E-01  0.27047E+01  0.10050E+01
 e,ep,th,sigb,sigqe=   10.59    5.15   21.00  0.3130E+01  0.1208E-01
  10.589 21.000  7.24    0.51    0.39   -9.51    0.75    0.00   -8.76  1.905
   5.150  0.710  3.84    0.60    0.48  -15.64    0.81    0.00  -14.83 3.142E+00

   10.5890   5.1500  21.0000   0.7098   7.2442  0.31262E+01  0.31142E+01  0.12023E-01  0.26759E+01  0.14238E-07  0.25514E-01  0.26504E+01  0.10050E+01
 e,ep,th,sigb,sigqe=   10.59    5.16   21.00  0.3071E+01  0.1239E-01
  10.589 21.000  7.26    0.52    0.40   -9.61    0.77    0.00   -8.85  1.934
   5.160  0.712  3.81    0.60    0.48  -15.77    0.83    0.00  -14.94 3.083E+00

   10.5890   5.1600  21.0000   0.7124   7.2582  0.30680E+01  0.30557E+01  0.12327E-01  0.26227E+01  0.12702E-07  0.25657E-01  0.25970E+01  0.10050E+01
 e,ep,th,sigb,sigqe=   10.59    5.17   21.00  0.3012E+01  0.1270E-01
  10.589 21.000  7.27    0.52    0.40   -9.73    0.79    0.00   -8.94  1.963
   5.170  0.715  3.78    0.61    0.49  -15.91    0.85    0.00  -15.06 3.025E+00

   10.5890   5.1700  21.0000   0.7151   7.2723  0.30097E+01  0.29970E+01  0.12638E-01  0.25696E+01  0.11316E-07  0.25808E-01  0.25438E+01  0.10051E+01
 e,ep,th,sigb,sigqe=   10.59    5.18   21.00  0.2953E+01  0.1303E-01
  10.589 21.000  7.29    0.52    0.41   -9.83    0.81    0.00   -9.02  1.994
   5.180  0.718  3.74    0.61    0.49  -16.03    0.88    0.00  -15.15 2.966E+00

   10.5890   5.1800  21.0000   0.7178   7.2864  0.29507E+01  0.29378E+01  0.12959E-01  0.25166E+01  0.10068E-07  0.25966E-01  0.24906E+01  0.10052E+01
 e,ep,th,sigb,sigqe=   10.59    5.19   21.00  0.2893E+01  0.1336E-01
  10.589 21.000  7.30    0.53    0.41   -9.92    0.84    0.00   -9.09  2.024
   5.190  0.721  3.71    0.62    0.50  -16.14    0.90    0.00  -15.24 2.906E+00

   10.5890   5.1900  21.0000   0.7206   7.3004  0.28911E+01  0.28778E+01  0.13287E-01  0.24634E+01  0.89441E-08  0.26129E-01  0.24373E+01  0.10053E+01
 e,ep,th,sigb,sigqe=   10.59    5.20   21.00  0.2834E+01  0.1370E-01
  10.589 21.000  7.31    0.53    0.42  -10.01    0.86    0.00   -9.15  2.056
   5.200  0.723  3.68    0.63    0.51  -16.24    0.92    0.00  -15.32 2.847E+00

   10.5890   5.2000  21.0000   0.7233   7.3145  0.28324E+01  0.28187E+01  0.13626E-01  0.24112E+01  0.79344E-08  0.26304E-01  0.23849E+01  0.10053E+01
 e,ep,th,sigb,sigqe=   10.59    5.21   21.00  0.2776E+01  0.1405E-01
  10.589 21.000  7.33    0.54    0.42  -10.10    0.89    0.00   -9.22  2.088
   5.210  0.726  3.65    0.63    0.51  -16.35    0.95    0.00  -15.40 2.790E+00

   10.5890   5.2100  21.0000   0.7260   7.3286  0.27749E+01  0.27610E+01  0.13973E-01  0.23600E+01  0.70275E-08  0.26485E-01  0.23335E+01  0.10053E+01
 e,ep,th,sigb,sigqe=   10.59    5.22   21.00  0.2719E+01  0.1441E-01
  10.589 21.000  7.34    0.54    0.43  -10.19    0.91    0.00   -9.28  2.120
   5.220  0.729  3.61    0.64    0.52  -16.46    0.98    0.00  -15.49 2.733E+00

   10.5890   5.2200  21.0000   0.7288   7.3426  0.27184E+01  0.27041E+01  0.14328E-01  0.23098E+01  0.62146E-08  0.26676E-01  0.22831E+01  0.10054E+01
 e,ep,th,sigb,sigqe=   10.59    5.23   21.00  0.2663E+01  0.1477E-01
  10.589 21.000  7.36    0.55    0.44  -10.28    0.94    0.00   -9.34  2.154
   5.230  0.732  3.58    0.64    0.53  -16.56    1.00    0.00  -15.56 2.677E+00

   10.5890   5.2300  21.0000   0.7315   7.3567  0.26633E+01  0.26486E+01  0.14695E-01  0.22608E+01  0.54867E-08  0.26874E-01  0.22339E+01  0.10053E+01
 e,ep,th,sigb,sigqe=   10.59    5.24   21.00  0.2608E+01  0.1515E-01
  10.589 21.000  7.37    0.55    0.44  -10.38    0.97    0.00   -9.41  2.188
   5.240  0.734  3.55    0.65    0.54  -16.69    1.03    0.00  -15.65 2.624E+00

   10.5890   5.2400  21.0000   0.7343   7.3708  0.26100E+01  0.25950E+01  0.15071E-01  0.22129E+01  0.48356E-08  0.27080E-01  0.21858E+01  0.10052E+01
 e,ep,th,sigb,sigqe=   10.59    5.25   21.00  0.2557E+01  0.1554E-01
  10.589 21.000  7.38    0.56    0.45  -10.50    1.00    0.00   -9.51  2.222
   5.250  0.737  3.51    0.66    0.55  -16.84    1.06    0.00  -15.78 2.572E+00

   10.5890   5.2500  21.0000   0.7371   7.3848  0.25589E+01  0.25435E+01  0.15454E-01  0.21665E+01  0.42542E-08  0.27294E-01  0.21392E+01  0.10053E+01
 e,ep,th,sigb,sigqe=   10.59    5.26   21.00  0.2506E+01  0.1593E-01
  10.589 21.000  7.40    0.56    0.46  -10.63    1.03    0.00   -9.60  2.257
   5.260  0.740  3.48    0.66    0.55  -16.99    1.09    0.00  -15.89 2.521E+00

   10.5890   5.2600  21.0000   0.7399   7.3989  0.25083E+01  0.24924E+01  0.15848E-01  0.21207E+01  0.37293E-08  0.27516E-01  0.20932E+01  0.10053E+01
 e,ep,th,sigb,sigqe=   10.59    5.27   21.00  0.2454E+01  0.1634E-01
  10.589 21.000  7.41    0.57    0.46  -10.76    1.06    0.00   -9.70  2.293
   5.270  0.743  3.45    0.67    0.56  -17.14    1.12    0.00  -16.02 2.470E+00

   10.5890   5.2700  21.0000   0.7427   7.4130  0.24569E+01  0.24406E+01  0.16248E-01  0.20746E+01  0.32742E-08  0.27746E-01  0.20468E+01  0.10054E+01
 e,ep,th,sigb,sigqe=   10.59    5.28   21.00  0.2402E+01  0.1675E-01
  10.589 21.000  7.43    0.57    0.47  -10.89    1.10    0.00   -9.79  2.329
   5.280  0.745  3.42    0.68    0.57  -17.28    1.16    0.00  -16.13 2.418E+00

   10.5890   5.2800  21.0000   0.7455   7.4270  0.24048E+01  0.23881E+01  0.16657E-01  0.20283E+01  0.28637E-08  0.27983E-01  0.20004E+01  0.10056E+01
 e,ep,th,sigb,sigqe=   10.59    5.29   21.00  0.2348E+01  0.1718E-01
  10.589 21.000  7.44    0.58    0.48  -10.98    1.13    0.00   -9.85  2.366
   5.290  0.748  3.38    0.69    0.58  -17.40    1.19    0.00  -16.20 2.365E+00

   10.5890   5.2900  21.0000   0.7483   7.4411  0.23521E+01  0.23350E+01  0.17079E-01  0.19821E+01  0.24994E-08  0.28229E-01  0.19539E+01  0.10057E+01
 e,ep,th,sigb,sigqe=   10.59    5.30   21.00  0.2295E+01  0.1761E-01
  10.589 21.000  7.46    0.59    0.49  -11.09    1.17    0.00   -9.92  2.403
   5.300  0.751  3.35    0.70    0.59  -17.51    1.23    0.00  -16.28 2.313E+00

   10.5890   5.3000  21.0000   0.7511   7.4552  0.22990E+01  0.22815E+01  0.17508E-01  0.19361E+01  0.21766E-08  0.28482E-01  0.19076E+01  0.10059E+01
 e,ep,th,sigb,sigqe=   10.59    5.31   21.00  0.2242E+01  0.1805E-01
  10.589 21.000  7.47    0.60    0.50  -11.17    1.21    0.00   -9.96  2.441
   5.310  0.754  3.32    0.71    0.61  -17.61    1.27    0.00  -16.34 2.260E+00

   10.5890   5.3100  21.0000   0.7540   7.4692  0.22467E+01  0.22288E+01  0.17949E-01  0.18907E+01  0.18910E-08  0.28743E-01  0.18620E+01  0.10059E+01
 e,ep,th,sigb,sigqe=   10.59    5.32   21.00  0.2190E+01  0.1851E-01
  10.589 21.000  7.48    0.60    0.51  -11.25    1.25    0.00   -9.99  2.479
   5.320  0.757  3.28    0.72    0.62  -17.70    1.31    0.00  -16.38 2.209E+00

   10.5890   5.3200  21.0000   0.7568   7.4833  0.21959E+01  0.21775E+01  0.18403E-01  0.18467E+01  0.16390E-08  0.29011E-01  0.18177E+01  0.10057E+01
 e,ep,th,sigb,sigqe=   10.59    5.33   21.00  0.2141E+01  0.1897E-01
  10.589 21.000  7.50    0.61    0.52  -11.34    1.30    0.00  -10.04  2.518
   5.330  0.760  3.25    0.73    0.63  -17.80    1.36    0.00  -16.45 2.160E+00

   10.5890   5.3300  21.0000   0.7597   7.4974  0.21475E+01  0.21286E+01  0.18867E-01  0.18044E+01  0.14168E-08  0.29287E-01  0.17751E+01  0.10056E+01
 e,ep,th,sigb,sigqe=   10.59    5.34   21.00  0.2094E+01  0.1945E-01
  10.589 21.000  7.51    0.62    0.52  -11.45    1.34    0.00  -10.11  2.557
   5.340  0.763  3.22    0.74    0.64  -17.93    1.40    0.00  -16.53 2.113E+00

   10.5890   5.3400  21.0000   0.7626   7.5114  0.21013E+01  0.20819E+01  0.19339E-01  0.17636E+01  0.12216E-08  0.29570E-01  0.17341E+01  0.10056E+01
 e,ep,th,sigb,sigqe=   10.59    5.35   21.00  0.2048E+01  0.1993E-01
  10.589 21.000  7.53    0.63    0.53  -11.57    1.39    0.00  -10.18  2.596
   5.350  0.765  3.19    0.75    0.66  -18.07    1.44    0.00  -16.63 2.068E+00

   10.5890   5.3500  21.0000   0.7655   7.5255  0.20562E+01  0.20363E+01  0.19821E-01  0.17238E+01  0.10504E-08  0.29860E-01  0.16939E+01  0.10056E+01
 e,ep,th,sigb,sigqe=   10.59    5.36   21.00  0.2003E+01  0.2042E-01
  10.589 21.000  7.54    0.64    0.54  -11.70    1.44    0.00  -10.26  2.635
   5.360  0.768  3.15    0.76    0.67  -18.22    1.49    0.00  -16.73 2.023E+00

   10.5890   5.3600  21.0000   0.7684   7.5396  0.20118E+01  0.19915E+01  0.20310E-01  0.16847E+01  0.90058E-09  0.30157E-01  0.16545E+01  0.10056E+01
 e,ep,th,sigb,sigqe=   10.59    5.37   21.00  0.1959E+01  0.2093E-01
  10.589 21.000  7.55    0.65    0.56  -11.82    1.48    0.00  -10.33  2.675
   5.370  0.771  3.12    0.78    0.68  -18.37    1.54    0.00  -16.83 1.980E+00

   10.5890   5.3700  21.0000   0.7713   7.5536  0.19696E+01  0.19488E+01  0.20815E-01  0.16470E+01  0.76990E-09  0.30461E-01  0.16166E+01  0.10054E+01
 e,ep,th,sigb,sigqe=   10.59    5.38   21.00  0.1918E+01  0.2144E-01
  10.589 21.000  7.57    0.65    0.57  -11.97    1.53    0.00  -10.43  2.715
   5.380  0.774  3.09    0.79    0.69  -18.55    1.59    0.00  -16.96 1.940E+00

   10.5890   5.3800  21.0000   0.7742   7.5677  0.19296E+01  0.19082E+01  0.21329E-01  0.16108E+01  0.65623E-09  0.30771E-01  0.15800E+01  0.10053E+01
 e,ep,th,sigb,sigqe=   10.59    5.39   21.00  0.1879E+01  0.2196E-01
  10.589 21.000  7.58    0.66    0.58  -12.15    1.59    0.00  -10.57  2.755
   5.390  0.777  3.05    0.80    0.71  -18.76    1.64    0.00  -17.13 1.901E+00

   10.5890   5.3900  21.0000   0.7771   7.5818  0.18906E+01  0.18687E+01  0.21847E-01  0.15751E+01  0.55769E-09  0.31088E-01  0.15441E+01  0.10054E+01
 e,ep,th,sigb,sigqe=   10.59    5.40   21.00  0.1839E+01  0.2250E-01
  10.589 21.000  7.60    0.67    0.59  -12.35    1.64    0.00  -10.71  2.794
   5.400  0.780  3.02    0.81    0.72  -18.99    1.69    0.00  -17.30 1.861E+00

   10.5890   5.4000  21.0000   0.7801   7.5958  0.18512E+01  0.18289E+01  0.22373E-01  0.15394E+01  0.47254E-09  0.31410E-01  0.15080E+01  0.10055E+01
 e,ep,th,sigb,sigqe=   10.59    5.41   21.00  0.1798E+01  0.2304E-01
  10.589 21.000  7.61    0.68    0.60  -12.54    1.70    0.00  -10.84  2.834
   5.410  0.783  2.99    0.83    0.74  -19.20    1.74    0.00  -17.46 1.821E+00

   10.5890   5.4100  21.0000   0.7830   7.6099  0.18102E+01  0.17873E+01  0.22905E-01  0.15029E+01  0.39929E-09  0.31739E-01  0.14711E+01  0.10058E+01
 e,ep,th,sigb,sigqe=   10.59    5.42   21.00  0.1755E+01  0.2359E-01
  10.589 21.000  7.62    0.70    0.61  -12.70    1.76    0.00  -10.95  2.874
   5.420  0.786  2.96    0.84    0.75  -19.39    1.80    0.00  -17.59 1.779E+00

   10.5890   5.4200  21.0000   0.7860   7.6240  0.17681E+01  0.17447E+01  0.23449E-01  0.14659E+01  0.33652E-09  0.32073E-01  0.14338E+01  0.10060E+01
 e,ep,th,sigb,sigqe=   10.59    5.43   21.00  0.1712E+01  0.2415E-01
  10.589 21.000  7.64    0.71    0.63  -12.87    1.83    0.00  -11.04  2.913
   5.430  0.789  2.92    0.86    0.77  -19.57    1.87    0.00  -17.70 1.736E+00

   10.5890   5.4300  21.0000   0.7890   7.6380  0.17249E+01  0.17010E+01  0.24000E-01  0.14285E+01  0.28300E-09  0.32413E-01  0.13961E+01  0.10062E+01
 e,ep,th,sigb,sigqe=   10.59    5.44   21.00  0.1668E+01  0.2472E-01
  10.589 21.000  7.65    0.72    0.64  -13.01    1.90    0.00  -11.11  2.952
   5.440  0.792  2.89    0.88    0.79  -19.72    1.94    0.00  -17.78 1.692E+00

   10.5890   5.4400  21.0000   0.7919   7.6521  0.16816E+01  0.16570E+01  0.24562E-01  0.13913E+01  0.23760E-09  0.32758E-01  0.13585E+01  0.10063E+01
 e,ep,th,sigb,sigqe=   10.59    5.45   21.00  0.1624E+01  0.2529E-01
  10.589 21.000  7.67    0.74    0.66  -13.14    1.97    0.00  -11.17  2.991
   5.450  0.795  2.86    0.90    0.81  -19.87    2.01    0.00  -17.86 1.649E+00

   10.5890   5.4500  21.0000   0.7949   7.6662  0.16384E+01  0.16133E+01  0.25132E-01  0.13545E+01  0.19932E-09  0.33109E-01  0.13213E+01  0.10065E+01
 e,ep,th,sigb,sigqe=   10.59    5.46   21.00  0.1581E+01  0.2588E-01
  10.589 21.000  7.68    0.76    0.68  -13.26    2.05    0.00  -11.21  3.029
   5.460  0.798  2.83    0.92    0.84  -20.00    2.08    0.00  -17.92 1.606E+00

   10.5890   5.4600  21.0000   0.7980   7.6802  0.15966E+01  0.15708E+01  0.25720E-01  0.13187E+01  0.16726E-09  0.33463E-01  0.12852E+01  0.10062E+01
 e,ep,th,sigb,sigqe=   10.59    5.47   21.00  0.1539E+01  0.2647E-01
  10.589 21.000  7.69    0.77    0.69  -13.43    2.13    0.00  -11.30  3.066
   5.470  0.801  2.79    0.94    0.86  -20.17    2.16    0.00  -18.01 1.565E+00

   10.5890   5.4700  21.0000   0.8010   7.6943  0.15549E+01  0.15286E+01  0.26299E-01  0.12832E+01  0.14061E-09  0.33822E-01  0.12494E+01  0.10066E+01
 e,ep,th,sigb,sigqe=   10.59    5.48   21.00  0.1496E+01  0.2707E-01
  10.589 21.000  7.71    0.79    0.71  -13.56    2.22    0.00  -11.34  3.103
   5.480  0.804  2.76    0.97    0.88  -20.31    2.24    0.00  -18.07 1.524E+00

   10.5890   5.4800  21.0000   0.8040   7.7084  0.15136E+01  0.14867E+01  0.26896E-01  0.12483E+01  0.11863E-09  0.34184E-01  0.12141E+01  0.10066E+01
 e,ep,th,sigb,sigqe=   10.59    5.49   21.00  0.1455E+01  0.2768E-01
  10.589 21.000  7.72    0.81    0.73  -13.70    2.31    0.00  -11.39  3.139
   5.490  0.807  2.73    0.99    0.91  -20.46    2.33    0.00  -18.13 1.483E+00

   10.5890   5.4900  21.0000   0.8071   7.7224  0.14728E+01  0.14453E+01  0.27495E-01  0.12139E+01  0.10067E-09  0.34548E-01  0.11794E+01  0.10067E+01
 e,ep,th,sigb,sigqe=   10.59    5.50   21.00  0.1414E+01  0.2830E-01
  10.589 21.000  7.74    0.83    0.76  -13.82    2.40    0.00  -11.42  3.174
   5.500  0.810  2.69    1.02    0.94  -20.59    2.42    0.00  -18.17 1.443E+00

   10.5890   5.5000  21.0000   0.8101   7.7365  0.14332E+01  0.14051E+01  0.28109E-01  0.11806E+01  0.86159E-10  0.34916E-01  0.11457E+01  0.10066E+01
 e,ep,th,sigb,sigqe=   10.59    5.51   21.00  0.1375E+01  0.2892E-01
  10.589 21.000  7.75    0.85    0.78  -13.96    2.50    0.00  -11.46  3.207
   5.510  0.813  2.66    1.05    0.97  -20.73    2.51    0.00  -18.22 1.404E+00

   10.5890   5.5100  21.0000   0.8132   7.7506  0.13944E+01  0.13657E+01  0.28723E-01  0.11480E+01  0.74565E-10  0.35285E-01  0.11127E+01  0.10067E+01
 e,ep,th,sigb,sigqe=   10.59    5.52   21.00  0.1336E+01  0.2954E-01
  10.589 21.000  7.76    0.88    0.80  -14.09    2.60    0.00  -11.50  3.240
   5.520  0.816  2.63    1.08    1.00  -20.88    2.61    0.00  -18.26 1.366E+00

   10.5890   5.5200  21.0000   0.8163   7.7646  0.13568E+01  0.13274E+01  0.29346E-01  0.11164E+01  0.65429E-10  0.35656E-01  0.10807E+01  0.10067E+01
 e,ep,th,sigb,sigqe=   10.59    5.53   21.00  0.1298E+01  0.3017E-01
  10.589 21.000  7.78    0.90    0.83  -14.24    2.71    0.00  -11.53  3.271
   5.530  0.819  2.60    1.11    1.03  -21.02    2.71    0.00  -18.31 1.329E+00

   10.5890   5.5300  21.0000   0.8194   7.7787  0.13197E+01  0.12897E+01  0.29970E-01  0.10853E+01  0.58330E-10  0.36028E-01  0.10493E+01  0.10068E+01
 e,ep,th,sigb,sigqe=   10.59    5.54   21.00  0.1262E+01  0.3081E-01
  10.589 21.000  7.79    0.92    0.85  -14.38    2.82    0.00  -11.56  3.301
   5.540  0.822  2.56    1.14    1.06  -21.16    2.82    0.00  -18.35 1.293E+00

   10.5890   5.5400  21.0000   0.8225   7.7928  0.12840E+01  0.12533E+01  0.30603E-01  0.10554E+01  0.52902E-10  0.36400E-01  0.10190E+01  0.10067E+01
 e,ep,th,sigb,sigqe=   10.59    5.55   21.00  0.1226E+01  0.3145E-01
  10.589 21.000  7.81    0.95    0.88  -14.53    2.93    0.00  -11.59  3.329
   5.550  0.826  2.53    1.17    1.09  -21.31    2.92    0.00  -18.39 1.257E+00

   10.5890   5.5500  21.0000   0.8256   7.8068  0.12487E+01  0.12175E+01  0.31234E-01  0.10261E+01  0.48816E-10  0.36772E-01  0.98929E+00  0.10068E+01
 e,ep,th,sigb,sigqe=   10.59    5.56   21.00  0.1190E+01  0.3209E-01
  10.589 21.000  7.82    0.98    0.91  -14.64    3.05    0.00  -11.59  3.355
   5.560  0.829  2.50    1.21    1.13  -21.43    3.04    0.00  -18.39 1.223E+00

   10.5890   5.5600  21.0000   0.8287   7.8209  0.12145E+01  0.11826E+01  0.31879E-01  0.99769E+00  0.45784E-10  0.37144E-01  0.96054E+00  0.10066E+01
 e,ep,th,sigb,sigqe=   10.59    5.57   21.00  0.1158E+01  0.3274E-01
  10.589 21.000  7.83    1.01    0.94  -14.77    3.17    0.00  -11.60  3.379
   5.570  0.832  2.46    1.24    1.17  -21.57    3.15    0.00  -18.42 1.190E+00

   10.5890   5.5700  21.0000   0.8319   7.8349  0.11829E+01  0.11504E+01  0.32532E-01  0.97111E+00  0.43551E-10  0.37514E-01  0.93360E+00  0.10063E+01
 e,ep,th,sigb,sigqe=   10.59    5.58   21.00  0.1129E+01  0.3338E-01
  10.589 21.000  7.85    1.03    0.97  -14.95    3.28    0.00  -11.66  3.402
   5.580  0.835  2.43    1.28    1.20  -21.77    3.26    0.00  -18.51 1.162E+00

   10.5890   5.5800  21.0000   0.8350   7.8490  0.11554E+01  0.11222E+01  0.33191E-01  0.94699E+00  0.41898E-10  0.37882E-01  0.90910E+00  0.10058E+01
 e,ep,th,sigb,sigqe=   10.59    5.59   21.00  0.1103E+01  0.3403E-01
  10.589 21.000  7.86    1.06    0.99  -15.18    3.39    0.00  -11.79  3.422
   5.590  0.838  2.40    1.31    1.24  -22.04    3.36    0.00  -18.68 1.137E+00

   10.5890   5.5900  21.0000   0.8382   7.8631  0.11314E+01  0.10975E+01  0.33853E-01  0.92484E+00  0.40620E-10  0.38247E-01  0.88660E+00  0.10052E+01
 e,ep,th,sigb,sigqe=   10.59    5.60   21.00  0.1080E+01  0.3468E-01
  10.589 21.000  7.88    1.08    1.02  -15.52    3.50    0.00  -12.02  3.439
   5.600  0.841  2.37    1.34    1.27  -22.43    3.46    0.00  -18.96 1.114E+00

   10.5890   5.6000  21.0000   0.8414   7.8771  0.11083E+01  0.10738E+01  0.34486E-01  0.90311E+00  0.39561E-10  0.38608E-01  0.86450E+00  0.10056E+01
 e,ep,th,sigb,sigqe=   10.59    5.61   21.00  0.1053E+01  0.3532E-01
  10.589 21.000  7.89    1.11    1.05  -15.86    3.63    0.00  -12.24  3.454
   5.610  0.845  2.33    1.38    1.31  -22.80    3.58    0.00  -19.22 1.089E+00

   10.5890   5.6100  21.0000   0.8446   7.8912  0.10819E+01  0.10468E+01  0.35103E-01  0.87949E+00  0.38575E-10  0.38965E-01  0.84053E+00  0.10063E+01
 e,ep,th,sigb,sigqe=   10.59    5.62   21.00  0.1023E+01  0.3597E-01
  10.589 21.000  7.91    1.15    1.09  -16.15    3.77    0.00  -12.39  3.466
   5.620  0.848  2.30    1.43    1.36  -23.09    3.71    0.00  -19.38 1.059E+00

   10.5890   5.6200  21.0000   0.8478   7.9053  0.10516E+01  0.10159E+01  0.35715E-01  0.85381E+00  0.37542E-10  0.39317E-01  0.81450E+00  0.10071E+01
 e,ep,th,sigb,sigqe=   10.59    5.63   21.00  0.9893E+00  0.3661E-01
  10.589 21.000  7.92    1.19    1.13  -16.36    3.93    0.00  -12.43  3.476
   5.630  0.851  2.27    1.48    1.41  -23.28    3.87    0.00  -19.41 1.026E+00

   10.5890   5.6300  21.0000   0.8510   7.9193  0.10181E+01  0.98175E+00  0.36330E-01  0.82676E+00  0.36363E-10  0.39663E-01  0.78710E+00  0.10077E+01
 e,ep,th,sigb,sigqe=   10.59    5.64   21.00  0.9516E+00  0.3725E-01
  10.589 21.000  7.93    1.24    1.18  -16.39    4.12    0.00  -12.27  3.482
   5.640  0.854  2.23    1.55    1.48  -23.28    4.05    0.00  -19.24 9.889E-01

   10.5890   5.6400  21.0000   0.8542   7.9334  0.98216E+00  0.94516E+00  0.36994E-01  0.79864E+00  0.34959E-10  0.40001E-01  0.75864E+00  0.10069E+01
 e,ep,th,sigb,sigqe=   10.59    5.65   21.00  0.9230E+00  0.3788E-01
  10.589 21.000  7.95    1.29    1.23  -16.60    4.28    0.00  -12.32  3.485
   5.650  0.857  2.20    1.61    1.54  -23.50    4.20    0.00  -19.30 9.608E-01

   10.5890   5.6500  21.0000   0.8575   7.9475  0.95427E+00  0.91665E+00  0.37621E-01  0.77538E+00  0.33267E-10  0.40332E-01  0.73505E+00  0.10069E+01
 e,ep,th,sigb,sigqe=   10.59    5.66   21.00  0.8952E+00  0.3851E-01
  10.589 21.000  7.96    1.34    1.28  -16.81    4.45    0.00  -12.36  3.484
   5.660  0.861  2.17    1.67    1.60  -23.72    4.35    0.00  -19.36 9.337E-01

   10.5890   5.6600  21.0000   0.8607   7.9615  0.92738E+00  0.88914E+00  0.38245E-01  0.75290E+00  0.31241E-10  0.40653E-01  0.71225E+00  0.10068E+01
 e,ep,th,sigb,sigqe=   10.59    5.67   21.00  0.8685E+00  0.3912E-01
  10.589 21.000  7.98    1.39    1.33  -17.04    4.62    0.00  -12.42  3.480
   5.670  0.864  2.14    1.73    1.67  -23.95    4.51    0.00  -19.44 9.076E-01

   10.5890   5.6700  21.0000   0.8640   7.9756  0.90150E+00  0.86265E+00  0.38860E-01  0.73120E+00  0.28851E-10  0.40965E-01  0.69023E+00  0.10068E+01
 e,ep,th,sigb,sigqe=   10.59    5.68   21.00  0.8426E+00  0.3973E-01
  10.589 21.000  7.99    1.44    1.38  -17.28    4.80    0.00  -12.48  3.472
   5.680  0.867  2.10    1.80    1.73  -24.20    4.68    0.00  -19.52 8.824E-01

   10.5890   5.6800  21.0000   0.8673   7.9897  0.87642E+00  0.83696E+00  0.39464E-01  0.71013E+00  0.26078E-10  0.41266E-01  0.66887E+00  0.10068E+01
 e,ep,th,sigb,sigqe=   10.59    5.69   21.00  0.8177E+00  0.4033E-01
  10.589 21.000  8.00    1.49    1.44  -17.54    4.98    0.00  -12.56  3.461
   5.690  0.871  2.07    1.87    1.81  -24.46    4.84    0.00  -19.61 8.580E-01

   10.5890   5.6900  21.0000   0.8706   8.0037  0.85224E+00  0.81218E+00  0.40057E-01  0.68974E+00  0.22920E-10  0.41554E-01  0.64818E+00  0.10068E+01
 e,ep,th,sigb,sigqe=   10.59    5.70   21.00  0.7934E+00  0.4092E-01
  10.589 21.000  8.02    1.55    1.50  -17.80    5.16    0.00  -12.64  3.445
   5.700  0.874  2.04    1.95    1.88  -24.73    5.01    0.00  -19.71 8.343E-01

   10.5890   5.7000  21.0000   0.8739   8.0178  0.82863E+00  0.78800E+00  0.40638E-01  0.66984E+00  0.19381E-10  0.41830E-01  0.62801E+00  0.10068E+01
 e,ep,th,sigb,sigqe=   10.59    5.71   21.00  0.7693E+00  0.4149E-01
  10.589 21.000  8.03    1.62    1.56  -18.07    5.35    0.00  -12.71  3.425
   5.710  0.877  2.00    2.03    1.96  -25.00    5.19    0.00  -19.81 8.108E-01

   10.5890   5.7100  21.0000   0.8773   8.0319  0.80520E+00  0.76400E+00  0.41202E-01  0.65019E+00  0.15477E-10  0.42091E-01  0.60810E+00  0.10069E+01
 e,ep,th,sigb,sigqe=   10.59    5.72   21.00  0.7457E+00  0.4205E-01
  10.589 21.000  8.05    1.69    1.63  -18.34    5.55    0.00  -12.78  3.401
   5.720  0.881  1.97    2.12    2.05  -25.27    5.37    0.00  -19.90 7.878E-01

   10.5890   5.7200  21.0000   0.8806   8.0459  0.78232E+00  0.74056E+00  0.41755E-01  0.63102E+00  0.13085E-10  0.42338E-01  0.58868E+00  0.10070E+01
 e,ep,th,sigb,sigqe=   10.59    5.73   21.00  0.7228E+00  0.4259E-01
  10.589 21.000  8.06    1.76    1.71  -18.60    5.75    0.00  -12.85  3.372
   5.730  0.884  1.94    2.21    2.15  -25.55    5.56    0.00  -19.98 7.654E-01

   10.5890   5.7300  21.0000   0.8839   8.0600  0.76013E+00  0.71783E+00  0.42295E-01  0.61241E+00  0.11254E-10  0.42568E-01  0.56984E+00  0.10069E+01
 e,ep,th,sigb,sigqe=   10.59    5.74   21.00  0.7003E+00  0.4311E-01
  10.589 21.000  8.07    1.84    1.79  -18.88    5.96    0.00  -12.92  3.338
   5.740  0.887  1.91    2.31    2.25  -25.83    5.75    0.00  -20.07 7.434E-01

   10.5890   5.7400  21.0000   0.8873   8.0741  0.73832E+00  0.69551E+00  0.42815E-01  0.59418E+00  0.96685E-11  0.42781E-01  0.55140E+00  0.10069E+01
 e,ep,th,sigb,sigqe=   10.59    5.75   21.00  0.6782E+00  0.4361E-01
  10.589 21.000  8.09    1.92    1.87  -19.17    6.18    0.00  -12.99  3.300
   5.750  0.891  1.87    2.42    2.36  -26.11    5.95    0.00  -20.16 7.218E-01

   10.5890   5.7500  21.0000   0.8907   8.0881  0.71673E+00  0.67342E+00  0.43307E-01  0.57625E+00  0.82971E-11  0.42975E-01  0.53328E+00  0.10070E+01
 e,ep,th,sigb,sigqe=   10.59    5.76   21.00  0.6568E+00  0.4409E-01
  10.589 21.000  8.10    2.01    1.96  -19.45    6.40    0.00  -13.06  3.257
   5.760  0.894  1.84    2.54    2.48  -26.40    6.16    0.00  -20.24 7.009E-01

   10.5890   5.7600  21.0000   0.8941   8.1022  0.69604E+00  0.65225E+00  0.43788E-01  0.55899E+00  0.71123E-11  0.43149E-01  0.51584E+00  0.10070E+01
 e,ep,th,sigb,sigqe=   10.59    5.77   21.00  0.6366E+00  0.4455E-01
  10.589 21.000  8.12    2.11    2.06  -19.74    6.62    0.00  -13.13  3.209
   5.770  0.898  1.81    2.66    2.60  -26.70    6.36    0.00  -20.34 6.812E-01

   10.5890   5.7700  21.0000   0.8975   8.1163  0.67665E+00  0.63240E+00  0.44255E-01  0.54261E+00  0.60898E-11  0.43302E-01  0.49931E+00  0.10067E+01
 e,ep,th,sigb,sigqe=   10.59    5.78   21.00  0.6175E+00  0.4498E-01
  10.589 21.000  8.13    2.21    2.17  -20.05    6.83    0.00  -13.22  3.156
   5.780  0.901  1.77    2.80    2.73  -27.02    6.56    0.00  -20.47 6.625E-01

   10.5890   5.7800  21.0000   0.9009   8.1303  0.65827E+00  0.61357E+00  0.44695E-01  0.52690E+00  0.52084E-11  0.43433E-01  0.48347E+00  0.10064E+01
 e,ep,th,sigb,sigqe=   10.59    5.79   21.00  0.5992E+00  0.4539E-01
  10.589 21.000  8.14    2.32    2.28  -20.41    7.05    0.00  -13.36  3.098
   5.790  0.904  1.74    2.94    2.87  -27.40    6.75    0.00  -20.64 6.446E-01

   10.5890   5.7900  21.0000   0.9044   8.1444  0.64036E+00  0.59527E+00  0.45090E-01  0.51153E+00  0.44495E-11  0.43541E-01  0.46799E+00  0.10066E+01
 e,ep,th,sigb,sigqe=   10.59    5.80   21.00  0.5811E+00  0.4576E-01
  10.589 21.000  8.16    2.44    2.40  -20.77    7.28    0.00  -13.50  3.034
   5.800  0.908  1.71    3.09    3.03  -27.77    6.96    0.00  -20.81 6.268E-01

   10.5890   5.8000  21.0000   0.9078   8.1585  0.62270E+00  0.57723E+00  0.45463E-01  0.49637E+00  0.37968E-11  0.43624E-01  0.45275E+00  0.10066E+01
 e,ep,th,sigb,sigqe=   10.59    5.81   21.00  0.5631E+00  0.4611E-01
  10.589 21.000  8.17    2.58    2.53  -21.16    7.51    0.00  -13.65  2.966
   5.810  0.911  1.68    3.26    3.20  -28.17    7.17    0.00  -21.00 6.092E-01

   10.5890   5.8100  21.0000   0.9113   8.1725  0.60500E+00  0.55921E+00  0.45792E-01  0.48126E+00  0.32361E-11  0.43682E-01  0.43758E+00  0.10070E+01
 e,ep,th,sigb,sigqe=   10.59    5.82   21.00  0.5449E+00  0.4642E-01
  10.589 21.000  8.19    2.73    2.68  -21.56    7.75    0.00  -13.81  2.892
   5.820  0.915  1.64    3.45    3.38  -28.58    7.39    0.00  -21.18 5.913E-01

   10.5890   5.8200  21.0000   0.9148   8.1866  0.58701E+00  0.54093E+00  0.46084E-01  0.46606E+00  0.27549E-11  0.43713E-01  0.42235E+00  0.10074E+01
 e,ep,th,sigb,sigqe=   10.59    5.83   21.00  0.5264E+00  0.4670E-01
  10.589 21.000  8.20    2.89    2.85  -21.94    8.01    0.00  -13.94  2.814
   5.830  0.918  1.61    3.66    3.59  -28.97    7.63    0.00  -21.34 5.731E-01

   10.5890   5.8300  21.0000   0.9183   8.2007  0.56880E+00  0.52245E+00  0.46348E-01  0.45084E+00  0.23426E-11  0.43717E-01  0.40712E+00  0.10076E+01
 e,ep,th,sigb,sigqe=   10.59    5.84   21.00  0.5078E+00  0.4695E-01
  10.589 21.000  8.21    3.08    3.03  -22.31    8.28    0.00  -14.03  2.730
   5.840  0.922  1.58    3.90    3.83  -29.33    7.88    0.00  -21.46 5.547E-01

   10.5890   5.8400  21.0000   0.9218   8.2147  0.55055E+00  0.50396E+00  0.46593E-01  0.43570E+00  0.19895E-11  0.43692E-01  0.39200E+00  0.10076E+01
 e,ep,th,sigb,sigqe=   10.59    5.85   21.00  0.4894E+00  0.4715E-01
  10.589 21.000  8.23    3.29    3.24  -22.69    8.56    0.00  -14.13  2.641
   5.850  0.925  1.54    4.16    4.09  -29.72    8.13    0.00  -21.58 5.365E-01

   10.5890   5.8500  21.0000   0.9253   8.2288  0.53240E+00  0.48562E+00  0.46787E-01  0.42074E+00  0.16877E-11  0.43638E-01  0.37711E+00  0.10078E+01
 e,ep,th,sigb,sigqe=   10.59    5.86   21.00  0.4711E+00  0.4732E-01
  10.589 21.000  8.24    3.52    3.48  -23.10    8.85    0.00  -14.24  2.547
   5.860  0.929  1.51    4.46    4.39  -30.11    8.40    0.00  -21.71 5.184E-01

   10.5890   5.8600  21.0000   0.9289   8.2429  0.51415E+00  0.46722E+00  0.46930E-01  0.40586E+00  0.14300E-11  0.43555E-01  0.36230E+00  0.10082E+01
 e,ep,th,sigb,sigqe=   10.59    5.87   21.00  0.4529E+00  0.4744E-01
  10.589 21.000  8.26    3.79    3.74  -23.47    9.16    0.00  -14.31  2.448
   5.870  0.932  1.48    4.80    4.73  -30.48    8.68    0.00  -21.80 5.004E-01

   10.5890   5.8700  21.0000   0.9324   8.2569  0.49628E+00  0.44922E+00  0.47052E-01  0.39131E+00  0.12101E-11  0.43441E-01  0.34787E+00  0.10083E+01
 e,ep,th,sigb,sigqe=   10.59    5.88   21.00  0.4353E+00  0.4752E-01
  10.589 21.000  8.27    4.09    4.04  -23.85    9.47    0.00  -14.38  2.344
   5.880  0.936  1.45    5.18    5.10  -30.85    8.97    0.00  -21.88 4.828E-01

   10.5890   5.8800  21.0000   0.9360   8.2710  0.47888E+00  0.43174E+00  0.47139E-01  0.37717E+00  0.10228E-11  0.43295E-01  0.33388E+00  0.10082E+01
 e,ep,th,sigb,sigqe=   10.59    5.89   21.00  0.4184E+00  0.4756E-01
  10.589 21.000  8.29    4.42    4.38  -24.25    9.79    0.00  -14.47  2.236
   5.890  0.940  1.41    5.61    5.53  -31.24    9.25    0.00  -21.99 4.659E-01

   10.5890   5.8900  21.0000   0.9396   8.2851  0.46207E+00  0.41490E+00  0.47170E-01  0.36348E+00  0.86342E-12  0.43117E-01  0.32037E+00  0.10083E+01
 e,ep,th,sigb,sigqe=   10.59    5.90   21.00  0.4018E+00  0.4756E-01
  10.589 21.000  8.30    4.81    4.76  -24.67   10.11    0.00  -14.56  2.124
   5.900  0.943  1.38    6.10    6.01  -31.65    9.55    0.00  -22.10 4.494E-01

   10.5890   5.9000  21.0000   0.9432   8.2991  0.44553E+00  0.39838E+00  0.47150E-01  0.35006E+00  0.72797E-12  0.42908E-01  0.30715E+00  0.10086E+01
 e,ep,th,sigb,sigqe=   10.59    5.91   21.00  0.3855E+00  0.4750E-01
  10.589 21.000  8.31    5.26    5.20  -25.07   10.44    0.00  -14.63  2.007
   5.910  0.947  1.35    6.66    6.56  -32.04    9.85    0.00  -22.18 4.330E-01

   10.5890   5.9100  21.0000   0.9468   8.3132  0.42926E+00  0.38217E+00  0.47098E-01  0.33693E+00  0.61301E-12  0.42666E-01  0.29427E+00  0.10086E+01
 e,ep,th,sigb,sigqe=   10.59    5.92   21.00  0.3692E+00  0.4741E-01
  10.589 21.000  8.33    5.78    5.72  -25.47   10.80    0.00  -14.68  1.886
   5.920  0.950  1.31    7.32    7.22  -32.42   10.18    0.00  -22.24 4.166E-01

   10.5890   5.9200  21.0000   0.9504   8.3273  0.41298E+00  0.36599E+00  0.46995E-01  0.32393E+00  0.51555E-12  0.42393E-01  0.28154E+00  0.10087E+01
 e,ep,th,sigb,sigqe=   10.59    5.93   21.00  0.3538E+00  0.4726E-01
  10.589 21.000  8.34    6.38    6.33  -25.88   11.14    0.00  -14.73  1.762
   5.930  0.954  1.28    8.08    7.97  -32.81   10.49    0.00  -22.31 4.010E-01

   10.5890   5.9300  21.0000   0.9541   8.3413  0.39759E+00  0.35074E+00  0.46852E-01  0.31157E+00  0.43303E-12  0.42087E-01  0.26948E+00  0.10087E+01
 e,ep,th,sigb,sigqe=   10.59    5.94   21.00  0.3388E+00  0.4706E-01
  10.589 21.000  8.36    7.10    7.04  -26.29   11.50    0.00  -14.79  1.634
   5.940  0.958  1.25    8.98    8.86  -33.20   10.82    0.00  -22.38 3.859E-01

   10.5890   5.9400  21.0000   0.9577   8.3554  0.38258E+00  0.33592E+00  0.46657E-01  0.29953E+00  0.36326E-12  0.41752E-01  0.25777E+00  0.10087E+01
 e,ep,th,sigb,sigqe=   10.59    5.95   21.00  0.3243E+00  0.4682E-01
  10.589 21.000  8.37    7.97    7.90  -26.73   11.86    0.00  -14.87  1.503
   5.950  0.961  1.22   10.07    9.92  -33.62   11.15    0.00  -22.47 3.711E-01

   10.5890   5.9500  21.0000   0.9614   8.3695  0.36770E+00  0.32130E+00  0.46393E-01  0.28770E+00  0.30434E-12  0.41386E-01  0.24632E+00  0.10092E+01
 e,ep,th,sigb,sigqe=   10.59    5.96   21.00  0.3099E+00  0.4653E-01
  10.589 21.000  8.38    9.03    8.95  -27.13   12.24    0.00  -14.89  1.369
   5.960  0.965  1.18   11.39   11.23  -34.00   11.50    0.00  -22.50 3.564E-01

   10.5890   5.9600  21.0000   0.9651   8.3835  0.35321E+00  0.30711E+00  0.46106E-01  0.27623E+00  0.25465E-12  0.40992E-01  0.23524E+00  0.10091E+01
 e,ep,th,sigb,sigqe=   10.59    5.97   21.00  0.2961E+00  0.4618E-01
  10.589 21.000  8.40   10.35   10.25  -27.53   12.63    0.00  -14.90  1.232
   5.970  0.969  1.15   13.04   12.84  -34.37   11.86    0.00  -22.52 3.422E-01

   10.5890   5.9700  21.0000   0.9688   8.3976  0.33921E+00  0.29344E+00  0.45776E-01  0.26517E+00  0.21279E-12  0.40572E-01  0.22460E+00  0.10089E+01
 e,ep,th,sigb,sigqe=   10.59    5.98   21.00  0.2829E+00  0.4579E-01
  10.589 21.000  8.41   12.02   11.91  -27.96   13.01    0.00  -14.95  1.093
   5.980  0.973  1.12   15.12   14.88  -34.78   12.21    0.00  -22.57 3.287E-01

   10.5890   5.9800  21.0000   0.9726   8.4117  0.32568E+00  0.28031E+00  0.45373E-01  0.25451E+00  0.17758E-12  0.40132E-01  0.21438E+00  0.10092E+01
 e,ep,th,sigb,sigqe=   10.59    5.99   21.00  0.2702E+00  0.4535E-01
  10.589 21.000  8.43   14.23   14.08  -28.36   13.41    0.00  -14.95  0.952
   5.990  0.976  1.08   17.86   17.56  -35.15   12.57    0.00  -22.58 3.155E-01

   10.5890   5.9900  21.0000   0.9763   8.4257  0.31268E+00  0.26774E+00  0.44945E-01  0.24428E+00  0.14800E-12  0.39672E-01  0.20461E+00  0.10091E+01
 e,ep,th,sigb,sigqe=   10.59    6.00   21.00  0.2583E+00  0.4514E-01
  10.589 21.000  8.44   17.22   17.03  -28.82   13.86    0.00  -14.96  0.814
   6.000  0.980  1.05   21.57   21.16  -35.59   12.98    0.00  -22.61 3.034E-01

   10.5890   6.0000  21.0000   0.9801   8.4398  0.30087E+00  0.25610E+00  0.44764E-01  0.23482E+00  0.12318E-12  0.39392E-01  0.19543E+00  0.10085E+01
 e,ep,th,sigb,sigqe=   10.59    6.01   21.00  0.2472E+00  0.4508E-01
  10.589 21.000  8.45   21.55   21.26  -29.37   14.31    0.00  -15.06  0.673
   6.010  0.984  1.02   26.90   26.31  -36.12   13.39    0.00  -22.73 2.923E-01

   10.5890   6.0100  21.0000   0.9838   8.4539  0.28978E+00  0.24508E+00  0.44696E-01  0.22586E+00  0.10239E-12  0.39138E-01  0.18672E+00  0.10087E+01
 e,ep,th,sigb,sigqe=   10.59    6.02   21.00  0.2363E+00  0.4498E-01
  10.589 21.000  8.47   28.47   27.98  -29.93   14.78    0.00  -15.15  0.528
   6.020  0.988  0.99   35.41   34.44  -36.65   13.81    0.00  -22.83 2.813E-01

   10.5890   6.0200  21.0000   0.9876   8.4679  0.27880E+00  0.23422E+00  0.44581E-01  0.21706E+00  0.84987E-13  0.38851E-01  0.17821E+00  0.10089E+01
 e,ep,th,sigb,sigqe=   10.59    6.03   21.00  0.2255E+00  0.4483E-01
  10.589 21.000  8.48   41.35   40.29  -30.49   15.27    0.00  -15.22  0.379
   6.030  0.991  0.95   51.24   49.20  -37.17   14.25    0.00  -22.92 2.704E-01

   10.5890   6.0300  21.0000   0.9914   8.4820  0.26792E+00  0.22350E+00  0.44423E-01  0.20839E+00  0.70448E-13  0.38532E-01  0.16986E+00  0.10091E+01
 e,ep,th,sigb,sigqe=   10.59    6.04   21.00  0.2150E+00  0.4463E-01
  10.589 21.000  8.50   74.10   69.26  -31.03   15.77    0.00  -15.25  1.000
   6.040  0.995  0.92   91.75   82.45  -37.67   14.71    0.00  -22.97 2.596E-01

   10.5890   6.0400  21.0000   0.9953   8.4961  0.25735E+00  0.21311E+00  0.44240E-01  0.19999E+00  0.58316E-13  0.38180E-01  0.16181E+00  0.10088E+01
 e,ep,th,sigb,sigqe=   10.59    6.05   21.00  0.2049E+00  0.4439E-01
  10.589 21.000  8.51  367.41  164.60  -31.60   16.28    0.00  -15.33  1.000
   6.050  0.999  0.89  502.59   76.54  -38.21   15.16    0.00  -23.05 2.493E-01

   10.5890   6.0500  21.0000   0.9991   8.5101  0.24708E+00  0.20309E+00  0.43990E-01  0.19185E+00  0.48207E-13  0.37797E-01  0.15405E+00  0.10091E+01
 e,ep,th,sigb,sigqe=   10.59    6.06   21.00  0.1952E+00  0.4410E-01
  10.589 21.000  8.52    0.00    0.00  -32.19   16.79    0.00  -15.40  1.000
   6.060  1.003  0.86    0.00    0.00  -38.76   15.62    0.00  -23.13 2.393E-01

   10.5890   6.0600  21.0000   1.0030   8.5242  0.23707E+00  0.19338E+00  0.43689E-01  0.18394E+00  0.39795E-13  0.37383E-01  0.14656E+00  0.10094E+01
 e,ep,th,sigb,sigqe=   10.59    6.07   21.00  0.1855E+00  0.4377E-01
  10.589 21.000  8.54    0.00    0.00  -32.75   17.34    0.00  -15.42  1.000
   6.070  1.007  0.82    0.00    0.00  -39.27   16.11    0.00  -23.16 2.293E-01

   10.5890   6.0700  21.0000   1.0069   8.5383  0.22718E+00  0.18382E+00  0.43363E-01  0.17621E+00  0.32804E-13  0.36939E-01  0.13927E+00  0.10094E+01
 e,ep,th,sigb,sigqe=   10.59    6.08   21.00  0.1765E+00  0.4340E-01
  10.589 21.000  8.55    0.00    0.00  -33.30   17.86    0.00  -15.43  1.000
   6.080  1.011  0.79    0.00    0.00  -39.77   16.58    0.00  -23.19 2.199E-01

   10.5890   6.0800  21.0000   1.0107   8.5523  0.21793E+00  0.17493E+00  0.43004E-01  0.16892E+00  0.27003E-13  0.36467E-01  0.13246E+00  0.10091E+01
 e,ep,th,sigb,sigqe=   10.59    6.09   21.00  0.1682E+00  0.4298E-01
  10.589 21.000  8.57    0.00    0.00  -33.84   18.37    0.00  -15.48  1.000
   6.090  1.015  0.76    0.00    0.00  -40.28   17.03    0.00  -23.25 2.112E-01

   10.5890   6.0900  21.0000   1.0147   8.5664  0.20935E+00  0.16674E+00  0.42603E-01  0.16208E+00  0.22196E-13  0.35967E-01  0.12612E+00  0.10088E+01
 e,ep,th,sigb,sigqe=   10.59    6.10   21.00  0.1604E+00  0.4252E-01
  10.589 21.000  8.58    0.00    0.00  -34.44   18.85    0.00  -15.59  1.000
   6.100  1.019  0.72    0.00    0.00  -40.84   17.46    0.00  -23.38 2.030E-01

   10.5890   6.1000  21.0000   1.0186   8.5805  0.20110E+00  0.15897E+00  0.42135E-01  0.15551E+00  0.18219E-13  0.35442E-01  0.12006E+00  0.10092E+01
 e,ep,th,sigb,sigqe=   10.59    6.11   21.00  0.1527E+00  0.4203E-01
  10.589 21.000  8.59    0.00    0.00  -35.02   19.36    0.00  -15.67  1.000
   6.110  1.023  0.69    0.00    0.00  -41.39   17.92    0.00  -23.47 1.948E-01

   10.5890   6.1100  21.0000   1.0225   8.5945  0.19294E+00  0.15130E+00  0.41637E-01  0.14904E+00  0.14933E-13  0.34891E-01  0.11415E+00  0.10094E+01
 e,ep,th,sigb,sigqe=   10.59    6.12   21.00  0.1451E+00  0.4150E-01
  10.589 21.000  8.61    0.00    0.00  -35.59   19.89    0.00  -15.70  1.000
   6.120  1.027  0.66    0.00    0.00  -41.91   18.39    0.00  -23.52 1.866E-01

   10.5890   6.1200  21.0000   1.0265   8.6086  0.18492E+00  0.14381E+00  0.41118E-01  0.14273E+00  0.12221E-13  0.34318E-01  0.10841E+00  0.10092E+01
 e,ep,th,sigb,sigqe=   10.59    6.13   21.00  0.1380E+00  0.4093E-01
  10.589 21.000  8.62    0.00    0.00  -36.15   20.40    0.00  -15.76  1.000
   6.130  1.030  0.63    0.00    0.00  -42.44   18.84    0.00  -23.60 1.790E-01

   10.5890   6.1300  21.0000   1.0305   8.6227  0.17737E+00  0.13681E+00  0.40561E-01  0.13674E+00  0.99876E-14  0.33722E-01  0.10302E+00  0.10091E+01
 e,ep,th,sigb,sigqe=   10.59    6.14   21.00  0.1312E+00  0.4033E-01
  10.589 21.000  8.64    0.00    0.00  -36.76   20.91    0.00  -15.85  1.000
   6.140  1.034  0.59    0.00    0.00  -43.00   19.30    0.00  -23.70 1.716E-01

   10.5890   6.1400  21.0000   1.0345   8.6367  0.16993E+00  0.12998E+00  0.39948E-01  0.13089E+00  0.81501E-14  0.33107E-01  0.97788E-01  0.10095E+01
 e,ep,th,sigb,sigqe=   10.59    6.15   21.00  0.1246E+00  0.3970E-01
  10.589 21.000  8.65    0.00    0.00  -37.34   21.44    0.00  -15.90  1.000
   6.150  1.039  0.56    0.00    0.00  -43.53   19.77    0.00  -23.77 1.643E-01

   10.5890   6.1500  21.0000   1.0385   8.6508  0.16273E+00  0.12341E+00  0.39320E-01  0.12524E+00  0.66406E-14  0.32473E-01  0.92767E-01  0.10096E+01
 e,ep,th,sigb,sigqe=   10.59    6.16   21.00  0.1182E+00  0.3904E-01
  10.589 21.000  8.66    0.00    0.00  -37.91   21.96    0.00  -15.95  1.000
   6.160  1.043  0.53    0.00    0.00  -44.06   20.24    0.00  -23.82 1.573E-01

   10.5890   6.1600  21.0000   1.0425   8.6649  0.15578E+00  0.11711E+00  0.38668E-01  0.11979E+00  0.54027E-14  0.31823E-01  0.87971E-01  0.10095E+01
 e,ep,th,sigb,sigqe=   10.59    6.17   21.00  0.1122E+00  0.3835E-01
  10.589 21.000  8.68    0.00    0.00  -38.48   22.48    0.00  -16.00  1.000
   6.170  1.047  0.49    0.00    0.00  -44.59   20.69    0.00  -23.89 1.506E-01

   10.5890   6.1700  21.0000   1.0466   8.6789  0.14914E+00  0.11115E+00  0.37987E-01  0.11459E+00  0.43888E-14  0.31157E-01  0.83429E-01  0.10095E+01
 e,ep,th,sigb,sigqe=   10.59    6.18   21.00  0.1064E+00  0.3763E-01
  10.589 21.000  8.69    0.00    0.00  -39.08   23.01    0.00  -16.07  1.000
   6.180  1.051  0.46    0.00    0.00  -45.13   21.16    0.00  -23.97 1.440E-01

   10.5890   6.1800  21.0000   1.0507   8.6930  0.14260E+00  0.10533E+00  0.37265E-01  0.10949E+00  0.35598E-14  0.30478E-01  0.79016E-01  0.10099E+01
 e,ep,th,sigb,sigqe=   10.59    6.19   21.00  0.1008E+00  0.3690E-01
  10.589 21.000  8.71    0.00    0.00  -39.64   23.54    0.00  -16.10  1.000
   6.190  1.055  0.43    0.00    0.00  -45.64   21.64    0.00  -24.00 1.377E-01

   10.5890   6.1900  21.0000   1.0548   8.7071  0.13632E+00  0.99781E-01  0.36541E-01  0.10461E+00  0.28829E-14  0.29788E-01  0.74824E-01  0.10098E+01
 e,ep,th,sigb,sigqe=   10.59    6.20   21.00  0.9558E-01  0.3614E-01
  10.589 21.000  8.72    0.00    0.00  -40.19   24.04    0.00  -16.15  1.000
   6.200  1.059  0.40    0.00    0.00  -46.15   22.08    0.00  -24.07 1.317E-01

   10.5890   6.2000  21.0000   1.0589   8.7211  0.13045E+00  0.94657E-01  0.35793E-01  0.10002E+00  0.23311E-14  0.29087E-01  0.70928E-01  0.10098E+01
 e,ep,th,sigb,sigqe=   10.59    6.21   21.00  0.9082E-01  0.3537E-01
  10.589 21.000  8.74    0.00    0.00  -40.74   24.51    0.00  -16.23  1.000
   6.210  1.063  0.36    0.00    0.00  -46.66   22.49    0.00  -24.17 1.262E-01

   10.5890   6.2100  21.0000   1.0630   8.7352  0.12496E+00  0.89939E-01  0.35025E-01  0.95682E-01  0.18820E-14  0.28379E-01  0.67303E-01  0.10098E+01
 e,ep,th,sigb,sigqe=   10.59    6.22   21.00  0.8628E-01  0.3458E-01
  10.589 21.000  8.75    0.00    0.00  -41.27   24.96    0.00  -16.31  1.000
   6.220  1.067  0.33    0.00    0.00  -47.16   22.89    0.00  -24.27 1.209E-01

   10.5890   6.2200  21.0000   1.0672   8.7493  0.11972E+00  0.85467E-01  0.34250E-01  0.91521E-01  0.15170E-14  0.27663E-01  0.63858E-01  0.10095E+01
 e,ep,th,sigb,sigqe=   10.59    6.23   21.00  0.8187E-01  0.3377E-01
  10.589 21.000  8.76    0.00    0.00  -41.84   25.42    0.00  -16.41  1.000
   6.230  1.071  0.30    0.00    0.00  -47.69   23.30    0.00  -24.40 1.156E-01

   10.5890   6.2300  21.0000   1.0713   8.7633  0.11451E+00  0.81067E-01  0.33442E-01  0.87430E-01  0.12209E-14  0.26943E-01  0.60487E-01  0.10099E+01
 e,ep,th,sigb,sigqe=   10.59    6.24   21.00  0.7738E-01  0.3296E-01
  10.589 21.000  8.78    0.00    0.00  -42.42   25.95    0.00  -16.47  1.000
   6.240  1.076  0.26    0.00    0.00  -48.23   23.76    0.00  -24.46 1.103E-01

   10.5890   6.2400  21.0000   1.0755   8.7774  0.10922E+00  0.76594E-01  0.32623E-01  0.83343E-01  0.98100E-15  0.26219E-01  0.57124E-01  0.10102E+01
 e,ep,th,sigb,sigqe=   10.59    6.25   21.00  0.7297E-01  0.3213E-01
  10.589 21.000  8.79    0.00    0.00  -43.00   26.51    0.00  -16.50  1.000
   6.250  1.080  0.23    0.00    0.00  -48.75   24.26    0.00  -24.49 1.051E-01

   10.5890   6.2500  21.0000   1.0797   8.7915  0.10401E+00  0.72214E-01  0.31799E-01  0.79362E-01  0.78698E-15  0.25494E-01  0.53868E-01  0.10105E+01
 e,ep,th,sigb,sigqe=   10.59    6.26   21.00  0.6884E-01  0.3130E-01
  10.589 21.000  8.81    0.00    0.00  -43.55   27.05    0.00  -16.50  1.000
   6.260  1.084  0.20    0.00    0.00  -49.23   24.73    0.00  -24.50 1.001E-01

   10.5890   6.2600  21.0000   1.0839   8.8055  0.99111E-01  0.68133E-01  0.30979E-01  0.75605E-01  0.63030E-15  0.24767E-01  0.50837E-01  0.10103E+01
 e,ep,th,sigb,sigqe=   10.59    6.27   21.00  0.6514E-01  0.3046E-01
  10.589 21.000  8.82    0.00    0.00  -44.03   27.52    0.00  -16.51  1.000
   6.270  1.088  0.17    0.00    0.00  -49.68   25.15    0.00  -24.53 9.560E-02

   10.5890   6.2700  21.0000   1.0882   8.8196  0.94673E-01  0.64507E-01  0.30165E-01  0.72148E-01  0.50400E-15  0.24042E-01  0.48106E-01  0.10098E+01
 e,ep,th,sigb,sigqe=   10.59    6.28   21.00  0.6189E-01  0.2962E-01
  10.589 21.000  8.83    0.00    0.00  -44.51   27.90    0.00  -16.61  1.000
   6.280  1.092  0.13    0.00    0.00  -50.14   25.48    0.00  -24.65 9.151E-02

   10.5890   6.2800  21.0000   1.0925   8.8337  0.90626E-01  0.61293E-01  0.29333E-01  0.68947E-01  0.40234E-15  0.23319E-01  0.45628E-01  0.10097E+01
 e,ep,th,sigb,sigqe=   10.59    6.29   21.00  0.5877E-01  0.2877E-01
  10.589 21.000  8.85    0.00    0.00  -45.03   28.28    0.00  -16.75  1.000
   6.290  1.097  0.10    0.00    0.00  -50.63   25.81    0.00  -24.82 8.755E-02

   10.5890   6.2900  21.0000   1.0967   8.8477  0.86662E-01  0.58179E-01  0.28483E-01  0.65823E-01  0.32066E-15  0.22600E-01  0.43223E-01  0.10102E+01
 e,ep,th,sigb,sigqe=   10.59    6.30   21.00  0.5558E-01  0.2793E-01
  10.589 21.000  8.86    0.00    0.00  -45.57   28.73    0.00  -16.84  1.000
   6.300  1.101  0.07    0.00    0.00  -51.13   26.21    0.00  -24.92 8.351E-02

   10.5890   6.3000  21.0000   1.1010   8.8618  0.82639E-01  0.54999E-01  0.27640E-01  0.62701E-01  0.25513E-15  0.21885E-01  0.40816E-01  0.10106E+01
 e,ep,th,sigb,sigqe=   10.59    6.31   21.00  0.5237E-01  0.2709E-01
  10.589 21.000  8.88    0.00    0.00  -46.13   29.23    0.00  -16.90  1.000
   6.310  1.105  0.03    0.00    0.00  -51.63   26.65    0.00  -24.98 7.946E-02

   10.5890   6.3100  21.0000   1.1054   8.8759  0.78602E-01  0.51806E-01  0.26796E-01  0.59616E-01  0.20265E-15  0.21177E-01  0.38439E-01  0.10110E+01
 e,ep,th,sigb,sigqe=   10.59    6.32   21.00  0.4927E-01  0.2625E-01
  10.589 21.000  8.89    0.00    0.00  -46.64   29.75    0.00  -16.89  1.000
   6.320  1.110  0.00    0.00    0.00  -52.09   27.11    0.00  -24.98 7.552E-02

   10.5890   6.3200  21.0000   1.1097   8.8899  0.74723E-01  0.48749E-01  0.25973E-01  0.56661E-01  0.16069E-15  0.20475E-01  0.36186E-01  0.10107E+01
 e,ep,th,sigb,sigqe=   10.59    6.33   21.00  0.4643E-01  0.2542E-01
  10.589 21.000  8.90    0.00    0.00  -47.13   30.23    0.00  -16.89  1.000
   6.330  1.114 -0.03    0.00    0.00  -52.52   27.53    0.00  -24.99 7.184E-02

   10.5890   6.3300  21.0000   1.1141   8.9040  0.71103E-01  0.45947E-01  0.25156E-01  0.53891E-01  0.12721E-15  0.19781E-01  0.34109E-01  0.10104E+01
 e,ep,th,sigb,sigqe=   10.59    6.34   21.00  0.4388E-01  0.2459E-01
  10.589 21.000  8.92    0.00    0.00  -47.57   30.64    0.00  -16.93  1.000
   6.340  1.118 -0.06    0.00    0.00  -52.93   27.89    0.00  -25.04 6.847E-02

   10.5890   6.3400  21.0000   1.1185   8.9181  0.67789E-01  0.43443E-01  0.24346E-01  0.51323E-01  0.10052E-15  0.19097E-01  0.32227E-01  0.10101E+01
 e,ep,th,sigb,sigqe=   10.59    6.35   21.00  0.4160E-01  0.2377E-01
  10.589 21.000  8.93    0.00    0.00  -48.01   30.98    0.00  -17.04  1.000
   6.350  1.123 -0.10    0.00    0.00  -53.35   28.18    0.00  -25.17 6.537E-02

   10.5890   6.3500  21.0000   1.1229   8.9321  0.64715E-01  0.41183E-01  0.23532E-01  0.48917E-01  0.79300E-16  0.18422E-01  0.30495E-01  0.10102E+01
 e,ep,th,sigb,sigqe=   10.59    6.36   21.00  0.3939E-01  0.2296E-01
  10.589 21.000  8.95    0.00    0.00  -48.49   31.32    0.00  -17.17  1.000
   6.360  1.127 -0.13    0.00    0.00  -53.80   28.48    0.00  -25.32 6.235E-02

   10.5890   6.3600  21.0000   1.1273   8.9462  0.61693E-01  0.38975E-01  0.22718E-01  0.46567E-01  0.62448E-16  0.17758E-01  0.28809E-01  0.10107E+01
 e,ep,th,sigb,sigqe=   10.59    6.37   21.00  0.3713E-01  0.2216E-01
  10.589 21.000  8.96    0.00    0.00  -48.98   31.74    0.00  -17.24  1.000
   6.370  1.132 -0.16    0.00    0.00  -54.25   28.85    0.00  -25.40 5.929E-02

   10.5890   6.3700  21.0000   1.1317   8.9603  0.58637E-01  0.36719E-01  0.21917E-01  0.44228E-01  0.49091E-16  0.17105E-01  0.27123E-01  0.10111E+01
 e,ep,th,sigb,sigqe=   10.59    6.38   21.00  0.3486E-01  0.2137E-01
  10.589 21.000  8.97    0.00    0.00  -49.48   32.23    0.00  -17.24  1.000
   6.380  1.136 -0.20    0.00    0.00  -54.69   29.28    0.00  -25.41 5.623E-02

   10.5890   6.3800  21.0000   1.1362   8.9743  0.55614E-01  0.34476E-01  0.21138E-01  0.41941E-01  0.38522E-16  0.16464E-01  0.25477E-01  0.10110E+01
 e,ep,th,sigb,sigqe=   10.59    6.39   21.00  0.3278E-01  0.2059E-01
  10.589 21.000  8.99    0.00    0.00  -49.94   32.68    0.00  -17.26  1.000
   6.390  1.141 -0.23    0.00    0.00  -55.10   29.67    0.00  -25.43 5.338E-02

   10.5890   6.3900  21.0000   1.1407   8.9884  0.52799E-01  0.32426E-01  0.20372E-01  0.39802E-01  0.30175E-16  0.15836E-01  0.23965E-01  0.10109E+01
 e,ep,th,sigb,sigqe=   10.59    6.40   21.00  0.3094E-01  0.1983E-01
  10.589 21.000  9.00    0.00    0.00  -50.33   33.03    0.00  -17.30  1.000
   6.400  1.145 -0.26    0.00    0.00  -55.47   29.98    0.00  -25.49 5.078E-02

   10.5890   6.4000  21.0000   1.1452   9.0025  0.50245E-01  0.30621E-01  0.19624E-01  0.37833E-01  0.23594E-16  0.15221E-01  0.22612E-01  0.10105E+01
 e,ep,th,sigb,sigqe=   10.59    6.41   21.00  0.2928E-01  0.1908E-01
  10.589 21.000  9.02    0.00    0.00  -50.73   33.33    0.00  -17.41  1.000
   6.410  1.150 -0.29    0.00    0.00  -55.85   30.23    0.00  -25.62 4.836E-02

   10.5890   6.4100  21.0000   1.1498   9.0165  0.47842E-01  0.28964E-01  0.18877E-01  0.35970E-01  0.18415E-16  0.14620E-01  0.21350E-01  0.10108E+01
 e,ep,th,sigb,sigqe=   10.59    6.42   21.00  0.2763E-01  0.1835E-01
  10.589 21.000  9.03    0.00    0.00  -51.16   33.66    0.00  -17.50  1.000
   6.420  1.154 -0.33    0.00    0.00  -56.25   30.53    0.00  -25.72 4.597E-02

   10.5890   6.4200  21.0000   1.1543   9.0306  0.45468E-01  0.27322E-01  0.18146E-01  0.34147E-01  0.14346E-16  0.14033E-01  0.20114E-01  0.10111E+01
 e,ep,th,sigb,sigqe=   10.59    6.43   21.00  0.2597E-01  0.1763E-01
  10.589 21.000  9.04    0.00    0.00  -51.63   34.06    0.00  -17.57  1.000
   6.430  1.159 -0.36    0.00    0.00  -56.67   30.88    0.00  -25.79 4.360E-02

   10.5890   6.4300  21.0000   1.1589   9.0447  0.43097E-01  0.25671E-01  0.17426E-01  0.32351E-01  0.11156E-16  0.13461E-01  0.18890E-01  0.10116E+01
 e,ep,th,sigb,sigqe=   10.59    6.44   21.00  0.2437E-01  0.1692E-01
  10.589 21.000  9.06    0.00    0.00  -52.07   34.49    0.00  -17.59  1.000
   6.440  1.163 -0.39    0.00    0.00  -57.07   31.25    0.00  -25.82 4.129E-02

   10.5890   6.4400  21.0000   1.1635   9.0587  0.40817E-01  0.24088E-01  0.16730E-01  0.30631E-01  0.86586E-17  0.12903E-01  0.17728E-01  0.10116E+01
 e,ep,th,sigb,sigqe=   10.59    6.45   21.00  0.2289E-01  0.1624E-01
  10.589 21.000  9.07    0.00    0.00  -52.46   34.88    0.00  -17.58  1.000
   6.450  1.168 -0.43    0.00    0.00  -57.41   31.59    0.00  -25.83 3.913E-02

   10.5890   6.4500  21.0000   1.1681   9.0728  0.38701E-01  0.22642E-01  0.16059E-01  0.29026E-01  0.67081E-17  0.12361E-01  0.16666E-01  0.10111E+01
 e,ep,th,sigb,sigqe=   10.59    6.46   21.00  0.2157E-01  0.1557E-01
  10.589 21.000  9.09    0.00    0.00  -52.82   35.20    0.00  -17.62  1.000
   6.460  1.173 -0.46    0.00    0.00  -57.75   31.87    0.00  -25.88 3.713E-02

   10.5890   6.4600  21.0000   1.1728   9.0869  0.36730E-01  0.21331E-01  0.15399E-01  0.27523E-01  0.51871E-17  0.11833E-01  0.15689E-01  0.10110E+01
 e,ep,th,sigb,sigqe=   10.59    6.47   21.00  0.2034E-01  0.1492E-01
  10.589 21.000  9.10    0.00    0.00  -53.17   35.49    0.00  -17.69  1.000
   6.470  1.177 -0.49    0.00    0.00  -58.08   32.11    0.00  -25.96 3.525E-02

   10.5890   6.4700  21.0000   1.1774   9.1009  0.34872E-01  0.20116E-01  0.14756E-01  0.26100E-01  0.40034E-17  0.11322E-01  0.14779E-01  0.10109E+01
 e,ep,th,sigb,sigqe=   10.59    6.48   21.00  0.1919E-01  0.1428E-01
  10.589 21.000  9.11    0.00    0.00  -53.53   35.74    0.00  -17.78  1.000
   6.480  1.182 -0.52    0.00    0.00  -58.42   32.34    0.00  -26.08 3.348E-02

   10.5890   6.4800  21.0000   1.1821   9.1150  0.33106E-01  0.18981E-01  0.14125E-01  0.24747E-01  0.30839E-17  0.10825E-01  0.13921E-01  0.10112E+01
 e,ep,th,sigb,sigqe=   10.59    6.49   21.00  0.1807E-01  0.1367E-01
  10.589 21.000  9.13    0.00    0.00  -53.90   36.04    0.00  -17.86  1.000
   6.490  1.187 -0.56    0.00    0.00  -58.76   32.59    0.00  -26.17 3.174E-02

   10.5890   6.4900  21.0000   1.1868   9.1291  0.31382E-01  0.17867E-01  0.13514E-01  0.23433E-01  0.23710E-17  0.10345E-01  0.13088E-01  0.10114E+01
 e,ep,th,sigb,sigqe=   10.59    6.50   21.00  0.1696E-01  0.1307E-01
  10.589 21.000  9.14    0.00    0.00  -54.33   36.38    0.00  -17.94  1.000
   6.500  1.192 -0.59    0.00    0.00  -59.15   32.89    0.00  -26.26 3.003E-02

   10.5890   6.5000  21.0000   1.1916   9.1431  0.29678E-01  0.16763E-01  0.12915E-01  0.22149E-01  0.18193E-17  0.98798E-02  0.12269E-01  0.10120E+01
 e,ep,th,sigb,sigqe=   10.59    6.51   21.00  0.1588E-01  0.1249E-01
  10.589 21.000  9.16    0.00    0.00  -54.73   36.78    0.00  -17.95  1.000
   6.510  1.196 -0.62    0.00    0.00  -59.51   33.24    0.00  -26.26 2.837E-02

   10.5890   6.5100  21.0000   1.1963   9.1572  0.28034E-01  0.15689E-01  0.12345E-01  0.20918E-01  0.13933E-17  0.94305E-02  0.11487E-01  0.10119E+01
 e,ep,th,sigb,sigqe=   10.59    6.52   21.00  0.1487E-01  0.1193E-01
  10.589 21.000  9.17    0.00    0.00  -55.10   37.15    0.00  -17.95  1.000
   6.520  1.201 -0.66    0.00    0.00  -59.84   33.57    0.00  -26.28 2.680E-02

   10.5890   6.5200  21.0000   1.2011   9.1713  0.26492E-01  0.14699E-01  0.11792E-01  0.19761E-01  0.10649E-17  0.89968E-02  0.10764E-01  0.10118E+01
 e,ep,th,sigb,sigqe=   10.59    6.53   21.00  0.1396E-01  0.1139E-01
  10.589 21.000  9.19    0.00    0.00  -55.46   37.47    0.00  -17.99  1.000
   6.530  1.206 -0.69    0.00    0.00  -60.16   33.85    0.00  -26.31 2.535E-02

   10.5890   6.5300  21.0000   1.2059   9.1853  0.25049E-01  0.13792E-01  0.11256E-01  0.18676E-01  0.81233E-18  0.85785E-02  0.10098E-01  0.10118E+01
 e,ep,th,sigb,sigqe=   10.59    6.54   21.00  0.1311E-01  0.1087E-01
  10.589 21.000  9.20    0.00    0.00  -55.75   37.75    0.00  -18.00  1.000
   6.540  1.211 -0.72    0.00    0.00  -60.44   34.09    0.00  -26.34 2.398E-02

   10.5890   6.5400  21.0000   1.2107   9.1994  0.23708E-01  0.12965E-01  0.10743E-01  0.17663E-01  0.61841E-18  0.81755E-02  0.94873E-02  0.10114E+01
 e,ep,th,sigb,sigqe=   10.59    6.55   21.00  0.1237E-01  0.1036E-01
  10.589 21.000  9.21    0.00    0.00  -56.02   37.94    0.00  -18.08  1.000
   6.550  1.216 -0.75    0.00    0.00  -60.70   34.25    0.00  -26.44 2.274E-02

   10.5890   6.5500  21.0000   1.2156   9.2135  0.22481E-01  0.12236E-01  0.10245E-01  0.16724E-01  0.46983E-18  0.77877E-02  0.89364E-02  0.10114E+01
 e,ep,th,sigb,sigqe=   10.59    6.56   21.00  0.1168E-01  0.9875E-02
  10.589 21.000  9.23    0.00    0.00  -56.30   38.11    0.00  -18.19  1.000
   6.560  1.220 -0.79    0.00    0.00  -60.97   34.40    0.00  -26.57 2.155E-02

   10.5890   6.5600  21.0000   1.2205   9.2275  0.21307E-01  0.11545E-01  0.97626E-02  0.15827E-01  0.35622E-18  0.74148E-02  0.84122E-02  0.10115E+01
 e,ep,th,sigb,sigqe=   10.59    6.57   21.00  0.1097E-01  0.9407E-02
  10.589 21.000  9.24    0.00    0.00  -56.66   38.38    0.00  -18.28  1.000
   6.570  1.225 -0.82    0.00    0.00  -61.31   34.63    0.00  -26.68 2.038E-02

   10.5890   6.5700  21.0000   1.2254   9.2416  0.20133E-01  0.10838E-01  0.92945E-02  0.14941E-01  0.26953E-18  0.70567E-02  0.78845E-02  0.10121E+01
 e,ep,th,sigb,sigqe=   10.59    6.58   21.00  0.1024E-01  0.8957E-02
  10.589 21.000  9.26    0.00    0.00  -57.07   38.76    0.00  -18.32  1.000
   6.580  1.230 -0.85    0.00    0.00  -61.67   34.97    0.00  -26.71 1.920E-02

   10.5890   6.5800  21.0000   1.2303   9.2556  0.18963E-01  0.10116E-01  0.88468E-02  0.14072E-01  0.20352E-18  0.67130E-02  0.73587E-02  0.10125E+01
 e,ep,th,sigb,sigqe=   10.59    6.59   21.00  0.9539E-02  0.8525E-02
  10.589 21.000  9.27    0.00    0.00  -57.48   39.18    0.00  -18.30  1.000
   6.590  1.235 -0.88    0.00    0.00  -62.03   35.34    0.00  -26.69 1.806E-02

   10.5890   6.5900  21.0000   1.2352   9.2697  0.17841E-01  0.94210E-02  0.84195E-02  0.13242E-01  0.15335E-18  0.63835E-02  0.68584E-02  0.10125E+01
 e,ep,th,sigb,sigqe=   10.59    6.60   21.00  0.8898E-02  0.8110E-02
  10.589 21.000  9.28    0.00    0.00  -57.82   39.56    0.00  -18.26  1.000
   6.600  1.240 -0.92    0.00    0.00  -62.33   35.68    0.00  -26.66 1.701E-02

   10.5890   6.6000  21.0000   1.2402   9.2838  0.16806E-01  0.87927E-02  0.80136E-02  0.12474E-01  0.11531E-18  0.60679E-02  0.64063E-02  0.10120E+01
 e,ep,th,sigb,sigqe=   10.59    6.61   21.00  0.8336E-02  0.7712E-02
  10.589 21.000  9.30    0.00    0.00  -58.13   39.85    0.00  -18.28  1.000
   6.610  1.245 -0.95    0.00    0.00  -62.61   35.93    0.00  -26.68 1.605E-02

   10.5890   6.6100  21.0000   1.2452   9.2978  0.15860E-01  0.82386E-02  0.76214E-02  0.11767E-01  0.86520E-19  0.57658E-02  0.60008E-02  0.10118E+01
 e,ep,th,sigb,sigqe=   10.59    6.62   21.00  0.7838E-02  0.7331E-02
  10.589 21.000  9.31    0.00    0.00  -58.37   40.05    0.00  -18.32  1.000
   6.620  1.250 -0.98    0.00    0.00  -62.84   36.11    0.00  -26.73 1.517E-02

   10.5890   6.6200  21.0000   1.2502   9.3119  0.14995E-01  0.77482E-02  0.72469E-02  0.11114E-01  0.64781E-19  0.54770E-02  0.56366E-02  0.10116E+01
 e,ep,th,sigb,sigqe=   10.59    6.63   21.00  0.7394E-02  0.6966E-02
  10.589 21.000  9.33    0.00    0.00  -58.58   40.18    0.00  -18.40  1.000
   6.630  1.255 -1.02    0.00    0.00  -63.06   36.22    0.00  -26.84 1.436E-02

   10.5890   6.6300  21.0000   1.2553   9.3260  0.14198E-01  0.73103E-02  0.68874E-02  0.10506E-01  0.48400E-19  0.52010E-02  0.53047E-02  0.10114E+01
