 Enter the input file name (in INP directory)
 filename=INP/21degd2cryo17_part2.inp                                          
input files for EXTERNAL: runplan/target/output                         
RUNPLAN/10.6gev_21deg_part2.inp                                                 
TARG/targ.D2cryo17_shms                                                         
OUT/10.6gev_21deg_d2cryo17_part2_details.out                                    
 got here
 Reading parameters for Ioana's model
 Pauli suppression factors
  1.00 0.05 1.00 0.63 1.00 0.61 0.83 0.68 0.63 1.00 0.61 0.83
 Pauli suppression factors
  1.00 0.10 1.00 0.83 1.00 0.79 0.92 0.84 0.83 1.00 0.79 0.92
 Pauli suppression factors
  1.00 0.15 1.00 0.94 1.00 0.87 0.96 0.91 0.94 1.00 0.87 0.96
 Pauli suppression factors
  1.00 0.20 1.00 0.99 1.00 0.89 0.97 0.94 0.99 1.00 0.89 0.97
 Pauli suppression factors
  1.00 0.25 1.00 1.00 1.00 1.00 0.98 0.96 1.00 1.00 1.00 0.98
 Pauli suppression factors
  2.00 0.05 1.00 0.63 1.00 0.62 0.83 0.68 0.63 1.00 0.62 0.83
 Pauli suppression factors
  2.00 0.10 1.00 0.83 1.00 0.80 0.92 0.84 0.83 1.00 0.80 0.92
 Pauli suppression factors
  2.00 0.15 1.00 0.94 1.00 0.90 0.96 0.91 0.94 1.00 0.90 0.96
 Pauli suppression factors
  2.00 0.20 1.00 0.99 1.00 0.94 0.97 0.94 0.99 1.00 0.94 0.97
 Pauli suppression factors
  2.00 0.25 1.00 1.00 1.00 1.00 0.98 0.96 1.00 1.00 1.00 0.98
 Pauli suppression factors
  3.00 0.05 1.00 0.63 1.00 0.62 0.83 0.68 0.63 1.00 0.62 0.83
 Pauli suppression factors
  3.00 0.10 1.00 0.83 1.00 0.81 0.92 0.84 0.83 1.00 0.81 0.92
 Pauli suppression factors
  3.00 0.15 1.00 0.94 1.00 0.91 0.96 0.91 0.94 1.00 0.91 0.96
 Pauli suppression factors
  3.00 0.20 1.00 0.99 1.00 0.95 0.97 0.94 0.99 1.00 0.95 0.97
 Pauli suppression factors
  3.00 0.25 1.00 1.00 1.00 1.00 0.98 0.96 1.00 1.00 1.00 0.98
 Pauli suppression factors
  4.00 0.05 1.00 0.63 1.00 0.62 0.83 0.68 0.63 1.00 0.62 0.83
 Pauli suppression factors
  4.00 0.10 1.00 0.83 1.00 0.81 0.92 0.84 0.83 1.00 0.81 0.92
 Pauli suppression factors
  4.00 0.15 1.00 0.94 1.00 0.91 0.96 0.91 0.94 1.00 0.91 0.96
 Pauli suppression factors
  4.00 0.20 1.00 0.99 1.00 0.96 0.97 0.94 0.99 1.00 0.96 0.97
 Pauli suppression factors
  4.00 0.25 1.00 1.00 1.00 1.00 0.98 0.96 1.00 1.00 1.00 0.98
 Pauli suppression factors
  5.00 0.05 1.00 0.63 1.00 0.62 0.83 0.68 0.63 1.00 0.62 0.83
 Pauli suppression factors
  5.00 0.10 1.00 0.83 1.00 0.81 0.92 0.84 0.83 1.00 0.81 0.92
 Pauli suppression factors
  5.00 0.15 1.00 0.94 1.00 0.92 0.96 0.91 0.94 1.00 0.92 0.96
 Pauli suppression factors
  5.00 0.20 1.00 0.99 1.00 0.97 0.97 0.94 0.99 1.00 0.97 0.97
 Pauli suppression factors
  5.00 0.25 1.00 1.00 1.00 1.00 0.98 0.96 1.00 1.00 1.00 0.98
 e,ep,th,sigb,sigqe=   10.59    4.39   21.00  0.1840E+01  0.1134E-03
 CRYO17 rad len=   0.00000   0.00146   0.00000   0.01147   0.01428
 CRYO17 rad len=   2.50317   0.00146   0.00335   0.00922   0.01345
 CRYO17 rad len=   7.50951   0.00146   0.01006   0.00341   0.01314
 CRYO17 rad len=   5.00634   0.00146   0.00671   0.00649   0.01317
 CRYO17 rad len=  10.01268   0.00146   0.01342  -0.00000   0.01332
 CRYO17 rad len=   0.00000   0.00146   0.00000   0.01147   0.01428
  10.589 21.000  6.18    0.51    0.29   -3.45    0.28    0.00   -3.17  0.978
   4.390  0.531  6.34    0.59    0.35   -8.90    0.35    0.00   -8.55 1.840E+00

   10.5890   4.3900  21.0000   0.5308   6.1751  0.18398E+01  0.18397E+01  0.11341E-03  0.16825E+01  0.11495E-04  0.63604E-02  0.16761E+01  0.10000E+01
 e,ep,th,sigb,sigqe=   10.59    4.40   21.00  0.1818E+01  0.1145E-03
  10.589 21.000  6.19    0.51    0.29   -3.52    0.28    0.00   -3.24  0.978
   4.400  0.533  6.31    0.59    0.35   -8.99    0.34    0.00   -8.65 1.818E+00

   10.5890   4.4000  21.0000   0.5329   6.1892  0.18179E+01  0.18178E+01  0.11451E-03  0.16607E+01  0.11108E-04  0.62675E-02  0.16544E+01  0.10000E+01
 e,ep,th,sigb,sigqe=   10.59    4.41   21.00  0.1796E+01  0.1156E-03
  10.589 21.000  6.20    0.51    0.28   -3.59    0.28    0.00   -3.31  0.980
   4.410  0.535  6.27    0.58    0.35   -9.09    0.34    0.00   -8.75 1.796E+00

   10.5890   4.4100  21.0000   0.5350   6.2033  0.17961E+01  0.17960E+01  0.11564E-03  0.16390E+01  0.10734E-04  0.61770E-02  0.16328E+01  0.10000E+01
 e,ep,th,sigb,sigqe=   10.59    4.42   21.00  0.1774E+01  0.1168E-03
  10.589 21.000  6.22    0.50    0.28   -3.66    0.28    0.00   -3.39  0.981
   4.420  0.537  6.24    0.58    0.35   -9.19    0.34    0.00   -8.85 1.774E+00

   10.5890   4.4200  21.0000   0.5371   6.2173  0.17744E+01  0.17742E+01  0.11679E-03  0.16174E+01  0.10370E-04  0.60882E-02  0.16113E+01  0.10000E+01
 e,ep,th,sigb,sigqe=   10.59    4.43   21.00  0.1753E+01  0.1180E-03
  10.589 21.000  6.23    0.50    0.28   -3.73    0.28    0.00   -3.46  0.982
   4.430  0.539  6.21    0.58    0.35   -9.29    0.34    0.00   -8.94 1.753E+00

   10.5890   4.4300  21.0000   0.5392   6.2314  0.17528E+01  0.17526E+01  0.11796E-03  0.15960E+01  0.10018E-04  0.60013E-02  0.15900E+01  0.10000E+01
 e,ep,th,sigb,sigqe=   10.59    4.44   21.00  0.1731E+01  0.1192E-03
  10.589 21.000  6.25    0.50    0.28   -3.81    0.28    0.00   -3.53  0.983
   4.440  0.541  6.17    0.57    0.35   -9.38    0.34    0.00   -9.04 1.731E+00

   10.5890   4.4400  21.0000   0.5412   6.2455  0.17313E+01  0.17311E+01  0.11915E-03  0.15747E+01  0.96796E-05  0.59173E-02  0.15688E+01  0.10000E+01
 e,ep,th,sigb,sigqe=   10.59    4.45   21.00  0.1710E+01  0.1204E-03
  10.589 21.000  6.26    0.50    0.28   -3.88    0.27    0.00   -3.60  0.978
   4.450  0.543  6.14    0.57    0.35   -9.49    0.34    0.00   -9.15 1.710E+00

   10.5890   4.4500  21.0000   0.5434   6.2595  0.17099E+01  0.17098E+01  0.12037E-03  0.15535E+01  0.93509E-05  0.57757E-02  0.15477E+01  0.10000E+01
 e,ep,th,sigb,sigqe=   10.59    4.46   21.00  0.1688E+01  0.1216E-03
  10.589 21.000  6.27    0.49    0.28   -3.95    0.28    0.00   -3.68  0.984
   4.460  0.545  6.11    0.57    0.35   -9.58    0.34    0.00   -9.24 1.689E+00

   10.5890   4.4600  21.0000   0.5455   6.2736  0.16886E+01  0.16885E+01  0.12161E-03  0.15325E+01  0.90336E-05  0.57401E-02  0.15267E+01  0.10000E+01
 e,ep,th,sigb,sigqe=   10.59    4.47   21.00  0.1667E+01  0.1229E-03
  10.589 21.000  6.29    0.49    0.28   -4.03    0.27    0.00   -3.75  0.985
   4.470  0.548  6.08    0.57    0.35   -9.68    0.34    0.00   -9.34 1.667E+00

   10.5890   4.4700  21.0000   0.5476   6.2877  0.16674E+01  0.16673E+01  0.12287E-03  0.15116E+01  0.87266E-05  0.56585E-02  0.15059E+01  0.10000E+01
 e,ep,th,sigb,sigqe=   10.59    4.48   21.00  0.1646E+01  0.1242E-03
  10.589 21.000  6.30    0.49    0.28   -4.10    0.27    0.00   -3.82  0.986
   4.480  0.550  6.04    0.56    0.35   -9.78    0.34    0.00   -9.44 1.646E+00

   10.5890   4.4800  21.0000   0.5497   6.3017  0.16463E+01  0.16462E+01  0.12416E-03  0.14909E+01  0.84307E-05  0.55780E-02  0.14853E+01  0.10000E+01
 e,ep,th,sigb,sigqe=   10.59    4.49   21.00  0.1625E+01  0.1255E-03
  10.589 21.000  6.32    0.49    0.28   -4.17    0.27    0.00   -3.89  0.988
   4.490  0.552  6.01    0.56    0.34   -9.88    0.34    0.00   -9.54 1.625E+00

   10.5890   4.4900  21.0000   0.5518   6.3158  0.16253E+01  0.16252E+01  0.12548E-03  0.14703E+01  0.80984E-05  0.55157E-02  0.14648E+01  0.10000E+01
 e,ep,th,sigb,sigqe=   10.59    4.50   21.00  0.1604E+01  0.1268E-03
  10.589 21.000  6.33    0.48    0.28   -4.24    0.27    0.00   -3.96  0.990
   4.500  0.554  5.98    0.56    0.34   -9.97    0.34    0.00   -9.63 1.604E+00

   10.5890   4.5000  21.0000   0.5540   6.3299  0.16044E+01  0.16042E+01  0.12682E-03  0.14498E+01  0.78661E-05  0.54403E-02  0.14444E+01  0.10000E+01
 e,ep,th,sigb,sigqe=   10.59    4.51   21.00  0.1583E+01  0.1282E-03
  10.589 21.000  6.34    0.48    0.28   -4.31    0.27    0.00   -4.03  0.991
   4.510  0.556  5.94    0.56    0.34  -10.07    0.34    0.00   -9.73 1.584E+00

   10.5890   4.5100  21.0000   0.5561   6.3439  0.15836E+01  0.15835E+01  0.12818E-03  0.14296E+01  0.75967E-05  0.53664E-02  0.14242E+01  0.10000E+01
 e,ep,th,sigb,sigqe=   10.59    4.52   21.00  0.1563E+01  0.1296E-03
  10.589 21.000  6.36    0.48    0.28   -4.37    0.27    0.00   -4.10  0.992
   4.520  0.558  5.91    0.55    0.34  -10.16    0.34    0.00   -9.82 1.563E+00

   10.5890   4.5200  21.0000   0.5583   6.3580  0.15629E+01  0.15628E+01  0.12958E-03  0.14094E+01  0.73381E-05  0.52941E-02  0.14041E+01  0.10000E+01
 e,ep,th,sigb,sigqe=   10.59    4.53   21.00  0.1542E+01  0.1310E-03
  10.589 21.000  6.37    0.48    0.28   -4.44    0.27    0.00   -4.17  0.993
   4.530  0.560  5.88    0.55    0.34  -10.25    0.34    0.00   -9.92 1.542E+00

   10.5890   4.5300  21.0000   0.5604   6.3721  0.15424E+01  0.15423E+01  0.13100E-03  0.13895E+01  0.70872E-05  0.52232E-02  0.13842E+01  0.10000E+01
 e,ep,th,sigb,sigqe=   10.59    4.54   21.00  0.1522E+01  0.1325E-03
  10.589 21.000  6.39    0.47    0.28   -4.51    0.27    0.00   -4.24  0.995
   4.540  0.563  5.85    0.55    0.34  -10.35    0.34    0.00  -10.01 1.522E+00

   10.5890   4.5400  21.0000   0.5626   6.3861  0.15220E+01  0.15219E+01  0.13245E-03  0.13696E+01  0.68452E-05  0.51537E-02  0.13645E+01  0.10000E+01
 e,ep,th,sigb,sigqe=   10.59    4.55   21.00  0.1502E+01  0.1339E-03
  10.589 21.000  6.40    0.47    0.28   -4.58    0.27    0.00   -4.31  0.996
   4.550  0.565  5.81    0.55    0.34  -10.45    0.34    0.00  -10.11 1.502E+00

   10.5890   4.5500  21.0000   0.5648   6.4002  0.15017E+01  0.15016E+01  0.13393E-03  0.13500E+01  0.66097E-05  0.50839E-02  0.13449E+01  0.10000E+01
 e,ep,th,sigb,sigqe=   10.59    4.56   21.00  0.1481E+01  0.1354E-03
  10.589 21.000  6.41    0.47    0.27   -4.65    0.27    0.00   -4.38  0.997
   4.560  0.567  5.78    0.55    0.34  -10.55    0.34    0.00  -10.21 1.482E+00

   10.5890   4.5600  21.0000   0.5669   6.4142  0.14816E+01  0.14815E+01  0.13545E-03  0.13304E+01  0.63852E-05  0.50174E-02  0.13253E+01  0.10000E+01
 e,ep,th,sigb,sigqe=   10.59    4.57   21.00  0.1461E+01  0.1370E-03
  10.589 21.000  6.43    0.47    0.27   -4.73    0.27    0.00   -4.45  0.999
   4.570  0.569  5.75    0.54    0.34  -10.64    0.34    0.00  -10.30 1.462E+00

   10.5890   4.5700  21.0000   0.5691   6.4283  0.14615E+01  0.14614E+01  0.13699E-03  0.13110E+01  0.61676E-05  0.49524E-02  0.13060E+01  0.10000E+01
 e,ep,th,sigb,sigqe=   10.59    4.58   21.00  0.1441E+01  0.1386E-03
  10.589 21.000  6.44    0.47    0.27   -4.79    0.27    0.00   -4.52  1.000
   4.580  0.571  5.71    0.54    0.34  -10.73    0.34    0.00  -10.39 1.442E+00

   10.5890   4.5800  21.0000   0.5713   6.4424  0.14416E+01  0.14415E+01  0.13857E-03  0.12918E+01  0.59568E-05  0.48887E-02  0.12869E+01  0.10000E+01
 e,ep,th,sigb,sigqe=   10.59    4.59   21.00  0.1422E+01  0.1402E-03
  10.589 21.000  6.46    0.47    0.27   -4.87    0.27    0.00   -4.59  1.002
   4.590  0.574  5.68    0.54    0.34  -10.83    0.34    0.00  -10.49 1.422E+00

   10.5890   4.5900  21.0000   0.5735   6.4564  0.14218E+01  0.14217E+01  0.14017E-03  0.12727E+01  0.57534E-05  0.48263E-02  0.12679E+01  0.10000E+01
 e,ep,th,sigb,sigqe=   10.59    4.60   21.00  0.1402E+01  0.1418E-03
  10.589 21.000  6.47    0.46    0.27   -4.94    0.28    0.00   -4.66  1.003
   4.600  0.576  5.65    0.54    0.34  -10.92    0.34    0.00  -10.58 1.402E+00

   10.5890   4.6000  21.0000   0.5757   6.4705  0.14022E+01  0.14020E+01  0.14182E-03  0.12538E+01  0.55568E-05  0.47655E-02  0.12490E+01  0.10000E+01
 e,ep,th,sigb,sigqe=   10.59    4.61   21.00  0.1383E+01  0.1435E-03
  10.589 21.000  6.48    0.46    0.27   -5.01    0.28    0.00   -4.73  1.005
   4.610  0.578  5.62    0.54    0.34  -11.02    0.34    0.00  -10.68 1.383E+00

   10.5890   4.6100  21.0000   0.5780   6.4846  0.13827E+01  0.13826E+01  0.14350E-03  0.12351E+01  0.53675E-05  0.47055E-02  0.12303E+01  0.10000E+01
 e,ep,th,sigb,sigqe=   10.59    4.62   21.00  0.1363E+01  0.1452E-03
  10.589 21.000  6.50    0.46    0.27   -5.08    0.28    0.00   -4.80  1.006
   4.620  0.580  5.58    0.54    0.34  -11.11    0.34    0.00  -10.77 1.363E+00

   10.5890   4.6200  21.0000   0.5802   6.4986  0.13634E+01  0.13632E+01  0.14521E-03  0.12165E+01  0.51847E-05  0.46469E-02  0.12119E+01  0.10000E+01
 e,ep,th,sigb,sigqe=   10.59    4.63   21.00  0.1344E+01  0.1470E-03
  10.589 21.000  6.51    0.46    0.27   -5.15    0.28    0.00   -4.87  1.008
   4.630  0.582  5.55    0.53    0.34  -11.21    0.34    0.00  -10.86 1.344E+00

   10.5890   4.6300  21.0000   0.5824   6.5127  0.13442E+01  0.13440E+01  0.14697E-03  0.11981E+01  0.50080E-05  0.45895E-02  0.11935E+01  0.10000E+01
 e,ep,th,sigb,sigqe=   10.59    4.64   21.00  0.1325E+01  0.1488E-03
  10.589 21.000  6.53    0.46    0.27   -5.21    0.28    0.00   -4.94  1.009
   4.640  0.585  5.52    0.53    0.34  -11.30    0.34    0.00  -10.96 1.325E+00

   10.5890   4.6400  21.0000   0.5846   6.5268  0.13251E+01  0.13250E+01  0.14876E-03  0.11799E+01  0.48390E-05  0.45333E-02  0.11754E+01  0.10000E+01
 e,ep,th,sigb,sigqe=   10.59    4.65   21.00  0.1306E+01  0.1506E-03
  10.589 21.000  6.54    0.46    0.27   -5.29    0.28    0.00   -5.01  1.012
   4.650  0.587  5.48    0.53    0.34  -11.40    0.34    0.00  -11.05 1.306E+00

   10.5890   4.6500  21.0000   0.5869   6.5408  0.13062E+01  0.13061E+01  0.15059E-03  0.11618E+01  0.46727E-05  0.44818E-02  0.11574E+01  0.10000E+01
 e,ep,th,sigb,sigqe=   10.59    4.66   21.00  0.1287E+01  0.1525E-03
  10.589 21.000  6.55    0.46    0.27   -5.36    0.28    0.00   -5.08  1.013
   4.660  0.589  5.45    0.53    0.34  -11.49    0.34    0.00  -11.15 1.287E+00

   10.5890   4.6600  21.0000   0.5891   6.5549  0.12875E+01  0.12873E+01  0.15247E-03  0.11439E+01  0.45135E-05  0.44274E-02  0.11395E+01  0.10000E+01
 e,ep,th,sigb,sigqe=   10.59    4.67   21.00  0.1269E+01  0.1544E-03
  10.589 21.000  6.57    0.45    0.27   -5.43    0.28    0.00   -5.15  1.015
   4.670  0.591  5.42    0.53    0.34  -11.59    0.34    0.00  -11.24 1.269E+00

   10.5890   4.6700  21.0000   0.5914   6.5690  0.12689E+01  0.12687E+01  0.15438E-03  0.11262E+01  0.43600E-05  0.43727E-02  0.11218E+01  0.10000E+01
 e,ep,th,sigb,sigqe=   10.59    4.68   21.00  0.1250E+01  0.1563E-03
  10.589 21.000  6.58    0.45    0.28   -5.50    0.28    0.00   -5.22  1.016
   4.680  0.594  5.39    0.53    0.34  -11.68    0.35    0.00  -11.33 1.250E+00

   10.5890   4.6800  21.0000   0.5937   6.5830  0.12504E+01  0.12502E+01  0.15634E-03  0.11087E+01  0.42126E-05  0.43204E-02  0.11043E+01  0.10000E+01
 e,ep,th,sigb,sigqe=   10.59    4.69   21.00  0.1232E+01  0.1583E-03
  10.589 21.000  6.60    0.45    0.28   -5.57    0.28    0.00   -5.28  1.018
   4.690  0.596  5.35    0.53    0.34  -11.78    0.35    0.00  -11.43 1.232E+00

   10.5890   4.6900  21.0000   0.5960   6.5971  0.12321E+01  0.12319E+01  0.15835E-03  0.10913E+01  0.40775E-05  0.42701E-02  0.10870E+01  0.10000E+01
 e,ep,th,sigb,sigqe=   10.59    4.70   21.00  0.1214E+01  0.1604E-03
  10.589 21.000  6.61    0.45    0.28   -5.63    0.28    0.00   -5.35  1.020
   4.700  0.598  5.32    0.53    0.34  -11.87    0.35    0.00  -11.52 1.214E+00

   10.5890   4.7000  21.0000   0.5982   6.6112  0.12139E+01  0.12137E+01  0.16040E-03  0.10740E+01  0.39391E-05  0.42208E-02  0.10698E+01  0.10000E+01
 e,ep,th,sigb,sigqe=   10.59    4.71   21.00  0.1196E+01  0.1625E-03
  10.589 21.000  6.63    0.45    0.28   -5.70    0.28    0.00   -5.42  1.022
   4.710  0.601  5.29    0.52    0.34  -11.96    0.35    0.00  -11.61 1.196E+00

   10.5890   4.7100  21.0000   0.6005   6.6252  0.11958E+01  0.11957E+01  0.16250E-03  0.10570E+01  0.38046E-05  0.41727E-02  0.10528E+01  0.10000E+01
 e,ep,th,sigb,sigqe=   10.59    4.72   21.00  0.1178E+01  0.1647E-03
  10.589 21.000  6.64    0.45    0.28   -5.77    0.28    0.00   -5.49  1.024
   4.720  0.603  5.25    0.52    0.34  -12.06    0.35    0.00  -11.71 1.178E+00

   10.5890   4.7200  21.0000   0.6028   6.6393  0.11780E+01  0.11778E+01  0.16466E-03  0.10401E+01  0.36747E-05  0.41255E-02  0.10359E+01  0.10000E+01
 e,ep,th,sigb,sigqe=   10.59    4.73   21.00  0.1160E+01  0.1669E-03
  10.589 21.000  6.65    0.45    0.28   -5.84    0.28    0.00   -5.56  1.026
   4.730  0.605  5.22    0.52    0.35  -12.15    0.35    0.00  -11.80 1.160E+00

   10.5890   4.7300  21.0000   0.6051   6.6534  0.11602E+01  0.11601E+01  0.16686E-03  0.10234E+01  0.35484E-05  0.40794E-02  0.10193E+01  0.10000E+01
 e,ep,th,sigb,sigqe=   10.59    4.74   21.00  0.1142E+01  0.1691E-03
  10.589 21.000  6.67    0.45    0.28   -5.91    0.29    0.00   -5.63  1.028
   4.740  0.607  5.19    0.52    0.35  -12.24    0.35    0.00  -11.89 1.143E+00

   10.5890   4.7400  21.0000   0.6075   6.6674  0.11427E+01  0.11425E+01  0.16912E-03  0.10068E+01  0.34264E-05  0.40343E-02  0.10028E+01  0.10000E+01
 e,ep,th,sigb,sigqe=   10.59    4.75   21.00  0.1125E+01  0.1714E-03
  10.589 21.000  6.68    0.45    0.28   -5.98    0.29    0.00   -5.69  1.030
   4.750  0.610  5.16    0.52    0.35  -12.34    0.35    0.00  -11.98 1.125E+00

   10.5890   4.7500  21.0000   0.6098   6.6815  0.11252E+01  0.11250E+01  0.17143E-03  0.99040E+00  0.33083E-05  0.39903E-02  0.98641E+00  0.10000E+01
 e,ep,th,sigb,sigqe=   10.59    4.76   21.00  0.1108E+01  0.1738E-03
  10.589 21.000  6.70    0.45    0.28   -6.05    0.29    0.00   -5.76  1.032
   4.760  0.612  5.12    0.52    0.35  -12.43    0.36    0.00  -12.07 1.108E+00

   10.5890   4.7600  21.0000   0.6121   6.6956  0.11079E+01  0.11077E+01  0.17380E-03  0.97417E+00  0.31944E-05  0.39473E-02  0.97022E+00  0.10000E+01
 e,ep,th,sigb,sigqe=   10.59    4.77   21.00  0.1091E+01  0.1762E-03
  10.589 21.000  6.71    0.44    0.28   -6.12    0.29    0.00   -5.83  1.034
   4.770  0.614  5.09    0.52    0.35  -12.52    0.36    0.00  -12.16 1.091E+00

   10.5890   4.7700  21.0000   0.6145   6.7096  0.10908E+01  0.10906E+01  0.17624E-03  0.95812E+00  0.30838E-05  0.39053E-02  0.95421E+00  0.10000E+01
 e,ep,th,sigb,sigqe=   10.59    4.78   21.00  0.1074E+01  0.1787E-03
  10.589 21.000  6.72    0.44    0.28   -6.19    0.29    0.00   -5.89  1.036
   4.780  0.617  5.06    0.52    0.35  -12.61    0.36    0.00  -12.25 1.074E+00

   10.5890   4.7800  21.0000   0.6168   6.7237  0.10738E+01  0.10736E+01  0.17873E-03  0.94224E+00  0.29775E-05  0.38643E-02  0.93837E+00  0.10000E+01
 e,ep,th,sigb,sigqe=   10.59    4.79   21.00  0.1057E+01  0.1813E-03
  10.589 21.000  6.74    0.44    0.28   -6.26    0.29    0.00   -5.96  1.038
   4.790  0.619  5.02    0.52    0.35  -12.71    0.36    0.00  -12.34 1.057E+00

   10.5890   4.7900  21.0000   0.6192   6.7378  0.10571E+01  0.10569E+01  0.18129E-03  0.92657E+00  0.28742E-05  0.38242E-02  0.92274E+00  0.10000E+01
 e,ep,th,sigb,sigqe=   10.59    4.80   21.00  0.1040E+01  0.1839E-03
  10.589 21.000  6.75    0.44    0.28   -6.32    0.29    0.00   -6.03  1.041
   4.800  0.622  4.99    0.52    0.35  -12.80    0.36    0.00  -12.44 1.040E+00

   10.5890   4.8000  21.0000   0.6215   6.7518  0.10405E+01  0.10403E+01  0.18391E-03  0.91108E+00  0.27750E-05  0.37851E-02  0.90729E+00  0.10000E+01
 e,ep,th,sigb,sigqe=   10.59    4.81   21.00  0.1024E+01  0.1866E-03
  10.589 21.000  6.77    0.44    0.28   -6.40    0.30    0.00   -6.10  1.043
   4.810  0.624  4.96    0.52    0.35  -12.90    0.37    0.00  -12.53 1.024E+00

   10.5890   4.8100  21.0000   0.6239   6.7659  0.10241E+01  0.10239E+01  0.18661E-03  0.89577E+00  0.26783E-05  0.37469E-02  0.89202E+00  0.10000E+01
 e,ep,th,sigb,sigqe=   10.59    4.82   21.00  0.1008E+01  0.1894E-03
  10.589 21.000  6.78    0.44    0.28   -6.47    0.30    0.00   -6.17  1.047
   4.820  0.626  4.93    0.52    0.36  -12.99    0.37    0.00  -12.62 1.008E+00

   10.5890   4.8200  21.0000   0.6263   6.7800  0.10078E+01  0.10076E+01  0.18938E-03  0.88062E+00  0.25856E-05  0.37206E-02  0.87690E+00  0.10000E+01
 e,ep,th,sigb,sigqe=   10.59    4.83   21.00  0.9915E+00  0.1922E-03
  10.589 21.000  6.79    0.44    0.29   -6.53    0.30    0.00   -6.23  1.048
   4.830  0.629  4.89    0.52    0.36  -13.08    0.37    0.00  -12.71 9.917E-01

   10.5890   4.8300  21.0000   0.6287   6.7940  0.99169E+00  0.99150E+00  0.19222E-03  0.86562E+00  0.24959E-05  0.36734E-02  0.86194E+00  0.10000E+01
 e,ep,th,sigb,sigqe=   10.59    4.84   21.00  0.9755E+00  0.1951E-03
  10.589 21.000  6.81    0.44    0.29   -6.61    0.30    0.00   -6.30  1.050
   4.840  0.631  4.86    0.52    0.36  -13.18    0.37    0.00  -12.81 9.757E-01

   10.5890   4.8400  21.0000   0.6311   6.8081  0.97567E+00  0.97547E+00  0.19514E-03  0.85073E+00  0.24095E-05  0.36380E-02  0.84709E+00  0.10000E+01
 e,ep,th,sigb,sigqe=   10.59    4.85   21.00  0.9596E+00  0.1981E-03
  10.589 21.000  6.82    0.44    0.29   -6.67    0.30    0.00   -6.37  1.053
   4.850  0.633  4.83    0.52    0.36  -13.27    0.38    0.00  -12.90 9.598E-01

   10.5890   4.8500  21.0000   0.6335   6.8222  0.95981E+00  0.95961E+00  0.19815E-03  0.83604E+00  0.23082E-05  0.36040E-02  0.83243E+00  0.10000E+01
 e,ep,th,sigb,sigqe=   10.59    4.86   21.00  0.9440E+00  0.2012E-03
  10.589 21.000  6.84    0.44    0.29   -6.74    0.31    0.00   -6.44  1.056
   4.860  0.636  4.79    0.52    0.36  -13.37    0.38    0.00  -12.99 9.442E-01

   10.5890   4.8600  21.0000   0.6359   6.8362  0.94417E+00  0.94397E+00  0.20123E-03  0.82155E+00  0.22453E-05  0.35691E-02  0.81798E+00  0.10000E+01
 e,ep,th,sigb,sigqe=   10.59    4.87   21.00  0.9285E+00  0.2044E-03
  10.589 21.000  6.85    0.44    0.29   -6.81    0.31    0.00   -6.51  1.059
   4.870  0.638  4.76    0.52    0.36  -13.46    0.38    0.00  -13.08 9.287E-01

   10.5890   4.8700  21.0000   0.6383   6.8503  0.92871E+00  0.92850E+00  0.20441E-03  0.80725E+00  0.21672E-05  0.35367E-02  0.80371E+00  0.10000E+01
 e,ep,th,sigb,sigqe=   10.59    4.88   21.00  0.9132E+00  0.2077E-03
  10.589 21.000  6.86    0.44    0.29   -6.89    0.31    0.00   -6.57  1.061
   4.880  0.641  4.73    0.52    0.37  -13.55    0.38    0.00  -13.17 9.134E-01

   10.5890   4.8800  21.0000   0.6407   6.8644  0.91342E+00  0.91321E+00  0.20767E-03  0.79312E+00  0.20921E-05  0.35035E-02  0.78962E+00  0.10000E+01
 e,ep,th,sigb,sigqe=   10.59    4.89   21.00  0.8981E+00  0.2110E-03
  10.589 21.000  6.88    0.44    0.29   -6.95    0.31    0.00   -6.64  1.064
   4.890  0.643  4.70    0.52    0.37  -13.65    0.39    0.00  -13.26 8.983E-01

   10.5890   4.8900  21.0000   0.6432   6.8784  0.89827E+00  0.89806E+00  0.21104E-03  0.77916E+00  0.20196E-05  0.34725E-02  0.77569E+00  0.10000E+01
 e,ep,th,sigb,sigqe=   10.59    4.90   21.00  0.8831E+00  0.2145E-03
  10.589 21.000  6.89    0.44    0.30   -7.02    0.32    0.00   -6.71  1.066
   4.900  0.646  4.66    0.52    0.37  -13.74    0.39    0.00  -13.35 8.833E-01

   10.5890   4.9000  21.0000   0.6456   6.8925  0.88329E+00  0.88307E+00  0.21450E-03  0.76537E+00  0.19495E-05  0.34424E-02  0.76192E+00  0.10000E+01
 e,ep,th,sigb,sigqe=   10.59    4.91   21.00  0.8683E+00  0.2181E-03
  10.589 21.000  6.91    0.44    0.30   -7.09    0.32    0.00   -6.77  1.069
   4.910  0.648  4.63    0.52    0.37  -13.83    0.39    0.00  -13.44 8.685E-01

   10.5890   4.9100  21.0000   0.6481   6.9066  0.86848E+00  0.86826E+00  0.21807E-03  0.75176E+00  0.18820E-05  0.34131E-02  0.74834E+00  0.10000E+01
 e,ep,th,sigb,sigqe=   10.59    4.92   21.00  0.8536E+00  0.2217E-03
  10.589 21.000  6.92    0.44    0.30   -7.16    0.32    0.00   -6.84  1.072
   4.920  0.651  4.60    0.52    0.38  -13.93    0.40    0.00  -13.53 8.538E-01

   10.5890   4.9200  21.0000   0.6505   6.9206  0.85384E+00  0.85362E+00  0.22174E-03  0.73829E+00  0.18170E-05  0.33848E-02  0.73491E+00  0.10000E+01
 e,ep,th,sigb,sigqe=   10.59    4.93   21.00  0.8392E+00  0.2255E-03
  10.589 21.000  6.93    0.44    0.30   -7.24    0.32    0.00   -6.91  1.076
   4.930  0.653  4.57    0.53    0.38  -14.02    0.40    0.00  -13.62 8.394E-01

   10.5890   4.9300  21.0000   0.6530   6.9347  0.83940E+00  0.83917E+00  0.22553E-03  0.72503E+00  0.17539E-05  0.33572E-02  0.72168E+00  0.10000E+01
 e,ep,th,sigb,sigqe=   10.59    4.94   21.00  0.8249E+00  0.2294E-03
  10.589 21.000  6.95    0.44    0.30   -7.31    0.33    0.00   -6.98  1.079
   4.940  0.656  4.53    0.53    0.38  -14.13    0.40    0.00  -13.72 8.252E-01

   10.5890   4.9400  21.0000   0.6555   6.9488  0.82516E+00  0.82493E+00  0.22944E-03  0.71193E+00  0.16928E-05  0.33305E-02  0.70860E+00  0.10000E+01
 e,ep,th,sigb,sigqe=   10.59    4.95   21.00  0.8109E+00  0.2335E-03
  10.589 21.000  6.96    0.44    0.31   -7.39    0.33    0.00   -7.06  1.082
   4.950  0.658  4.50    0.53    0.38  -14.22    0.41    0.00  -13.82 8.111E-01

   10.5890   4.9500  21.0000   0.6580   6.9628  0.81112E+00  0.81089E+00  0.23347E-03  0.69904E+00  0.16344E-05  0.33046E-02  0.69574E+00  0.10000E+01
 e,ep,th,sigb,sigqe=   10.59    4.96   21.00  0.7970E+00  0.2376E-03
  10.589 21.000  6.98    0.44    0.31   -7.46    0.33    0.00   -7.12  1.086
   4.960  0.660  4.47    0.53    0.39  -14.32    0.41    0.00  -13.91 7.972E-01

   10.5890   4.9600  21.0000   0.6605   6.9769  0.79725E+00  0.79701E+00  0.23763E-03  0.68635E+00  0.15777E-05  0.32795E-02  0.68307E+00  0.10000E+01
 e,ep,th,sigb,sigqe=   10.59    4.97   21.00  0.7833E+00  0.2419E-03
  10.589 21.000  6.99    0.45    0.31   -7.53    0.34    0.00   -7.19  1.089
   4.970  0.663  4.43    0.53    0.39  -14.42    0.42    0.00  -14.01 7.835E-01

   10.5890   4.9700  21.0000   0.6630   6.9910  0.78351E+00  0.78327E+00  0.24193E-03  0.67378E+00  0.15224E-05  0.32553E-02  0.67052E+00  0.10000E+01
 e,ep,th,sigb,sigqe=   10.59    4.98   21.00  0.7696E+00  0.2464E-03
  10.589 21.000  7.01    0.45    0.31   -7.60    0.34    0.00   -7.26  1.093
   4.980  0.666  4.40    0.53    0.39  -14.52    0.42    0.00  -14.10 7.699E-01

   10.5890   4.9800  21.0000   0.6655   7.0050  0.76986E+00  0.76961E+00  0.24637E-03  0.66134E+00  0.14692E-05  0.32319E-02  0.65811E+00  0.10000E+01
 e,ep,th,sigb,sigqe=   10.59    4.99   21.00  0.7561E+00  0.2510E-03
  10.589 21.000  7.02    0.45    0.31   -7.67    0.34    0.00   -7.33  1.096
   4.990  0.668  4.37    0.53    0.39  -14.61    0.42    0.00  -14.18 7.563E-01

   10.5890   4.9900  21.0000   0.6680   7.0191  0.75632E+00  0.75607E+00  0.25095E-03  0.64905E+00  0.14177E-05  0.32094E-02  0.64584E+00  0.10000E+01
 e,ep,th,sigb,sigqe=   10.59    5.00   21.00  0.7427E+00  0.2557E-03
  10.589 21.000  7.03    0.45    0.32   -7.74    0.35    0.00   -7.39  1.100
   5.000  0.671  4.34    0.54    0.40  -14.70    0.43    0.00  -14.27 7.430E-01

   10.5890   5.0000  21.0000   0.6706   7.0332  0.74299E+00  0.74273E+00  0.25569E-03  0.63694E+00  0.13682E-05  0.31875E-02  0.63375E+00  0.10000E+01
 e,ep,th,sigb,sigqe=   10.59    5.01   21.00  0.7296E+00  0.2606E-03
  10.589 21.000  7.05    0.45    0.32   -7.82    0.35    0.00   -7.46  1.104
   5.010  0.673  4.30    0.54    0.40  -14.80    0.43    0.00  -14.37 7.299E-01

   10.5890   5.0100  21.0000   0.6731   7.0472  0.72989E+00  0.72963E+00  0.26060E-03  0.62503E+00  0.13202E-05  0.31665E-02  0.62186E+00  0.10000E+01
 e,ep,th,sigb,sigqe=   10.59    5.02   21.00  0.7168E+00  0.2657E-03
  10.589 21.000  7.06    0.45    0.32   -7.89    0.36    0.00   -7.53  1.108
   5.020  0.676  4.27    0.54    0.40  -14.90    0.44    0.00  -14.46 7.170E-01

   10.5890   5.0200  21.0000   0.6757   7.0613  0.71705E+00  0.71678E+00  0.26567E-03  0.61335E+00  0.12741E-05  0.31463E-02  0.61021E+00  0.10000E+01
 e,ep,th,sigb,sigqe=   10.59    5.03   21.00  0.7042E+00  0.2709E-03
  10.589 21.000  7.08    0.45    0.32   -7.97    0.36    0.00   -7.61  1.112
   5.030  0.678  4.24    0.54    0.41  -15.01    0.44    0.00  -14.56 7.045E-01

   10.5890   5.0300  21.0000   0.6783   7.0754  0.70446E+00  0.70419E+00  0.27092E-03  0.60185E+00  0.12296E-05  0.31270E-02  0.59873E+00  0.10000E+01
 e,ep,th,sigb,sigqe=   10.59    5.04   21.00  0.6918E+00  0.2764E-03
  10.589 21.000  7.09    0.45    0.33   -8.05    0.36    0.00   -7.69  1.116
   5.040  0.681  4.20    0.54    0.41  -15.12    0.45    0.00  -14.67 6.921E-01

   10.5890   5.0400  21.0000   0.6808   7.0894  0.69212E+00  0.69185E+00  0.27636E-03  0.59059E+00  0.11866E-05  0.31084E-02  0.58748E+00  0.10000E+01
 e,ep,th,sigb,sigqe=   10.59    5.05   21.00  0.6797E+00  0.2820E-03
  10.589 21.000  7.10    0.45    0.33   -8.14    0.37    0.00   -7.77  1.120
   5.050  0.683  4.17    0.55    0.42  -15.23    0.45    0.00  -14.78 6.800E-01

   10.5890   5.0500  21.0000   0.6834   7.1035  0.67999E+00  0.67971E+00  0.28200E-03  0.57948E+00  0.11453E-05  0.30906E-02  0.57639E+00  0.10000E+01
 e,ep,th,sigb,sigqe=   10.59    5.06   21.00  0.6676E+00  0.2878E-03
  10.589 21.000  7.12    0.46    0.33   -8.23    0.37    0.00   -7.85  1.125
   5.060  0.686  4.14    0.55    0.42  -15.35    0.46    0.00  -14.89 6.679E-01

   10.5890   5.0600  21.0000   0.6860   7.1176  0.66792E+00  0.66764E+00  0.28785E-03  0.56849E+00  0.11051E-05  0.30736E-02  0.56541E+00  0.10000E+01
 e,ep,th,sigb,sigqe=   10.59    5.07   21.00  0.6556E+00  0.2939E-03
  10.589 21.000  7.13    0.46    0.34   -8.31    0.38    0.00   -7.93  1.129
   5.070  0.689  4.11    0.55    0.42  -15.46    0.47    0.00  -14.99 6.559E-01

   10.5890   5.0700  21.0000   0.6886   7.1316  0.65587E+00  0.65557E+00  0.29391E-03  0.55756E+00  0.10663E-05  0.30574E-02  0.55450E+00  0.10000E+01
 e,ep,th,sigb,sigqe=   10.59    5.08   21.00  0.6436E+00  0.3002E-03
  10.589 21.000  7.15    0.46    0.34   -8.38    0.38    0.00   -8.00  1.134
   5.080  0.691  4.07    0.55    0.43  -15.56    0.47    0.00  -15.09 6.439E-01

   10.5890   5.0800  21.0000   0.6912   7.1457  0.64388E+00  0.64358E+00  0.30020E-03  0.54673E+00  0.10291E-05  0.30433E-02  0.54369E+00  0.10000E+01
 e,ep,th,sigb,sigqe=   10.59    5.09   21.00  0.6318E+00  0.3067E-03
  10.589 21.000  7.16    0.46    0.34   -8.46    0.39    0.00   -8.07  1.140
   5.090  0.694  4.04    0.56    0.43  -15.67    0.48    0.00  -15.19 6.321E-01

   10.5890   5.0900  21.0000   0.6938   7.1598  0.63212E+00  0.63181E+00  0.30673E-03  0.53612E+00  0.99320E-06  0.30304E-02  0.53309E+00  0.10000E+01
 e,ep,th,sigb,sigqe=   10.59    5.10   21.00  0.6203E+00  0.3135E-03
  10.589 21.000  7.17    0.46    0.35   -8.55    0.39    0.00   -8.16  1.144
   5.100  0.696  4.01    0.56    0.44  -15.78    0.49    0.00  -15.30 6.206E-01

   10.5890   5.1000  21.0000   0.6965   7.1738  0.62058E+00  0.62026E+00  0.31351E-03  0.52566E+00  0.95848E-06  0.30134E-02  0.52264E+00  0.10000E+01
 e,ep,th,sigb,sigqe=   10.59    5.11   21.00  0.6089E+00  0.3206E-03
  10.589 21.000  7.19    0.47    0.35   -8.64    0.40    0.00   -8.23  1.149
   5.110  0.699  3.97    0.56    0.44  -15.89    0.49    0.00  -15.40 6.092E-01

   10.5890   5.1100  21.0000   0.6991   7.1879  0.60919E+00  0.60886E+00  0.32055E-03  0.51537E+00  0.92498E-06  0.30004E-02  0.51237E+00  0.10000E+01
 e,ep,th,sigb,sigqe=   10.59    5.12   21.00  0.5975E+00  0.3279E-03
  10.589 21.000  7.20    0.47    0.35   -8.72    0.41    0.00   -8.31  1.154
   5.120  0.702  3.94    0.57    0.45  -16.00    0.50    0.00  -15.50 5.978E-01

   10.5890   5.1200  21.0000   0.7017   7.2020  0.59783E+00  0.59750E+00  0.32788E-03  0.50517E+00  0.89266E-06  0.29881E-02  0.50218E+00  0.10000E+01
 e,ep,th,sigb,sigqe=   10.59    5.13   21.00  0.5864E+00  0.3355E-03
  10.589 21.000  7.22    0.47    0.36   -8.80    0.41    0.00   -8.38  1.160
   5.130  0.704  3.91    0.57    0.45  -16.11    0.51    0.00  -15.60 5.867E-01

   10.5890   5.1300  21.0000   0.7044   7.2160  0.58669E+00  0.58635E+00  0.33550E-03  0.49515E+00  0.86102E-06  0.29768E-02  0.49217E+00  0.10000E+01
 e,ep,th,sigb,sigqe=   10.59    5.14   21.00  0.5755E+00  0.3434E-03
  10.589 21.000  7.23    0.47    0.36   -8.89    0.42    0.00   -8.47  1.166
   5.140  0.707  3.88    0.57    0.46  -16.23    0.52    0.00  -15.71 5.758E-01

   10.5890   5.1400  21.0000   0.7071   7.2301  0.57584E+00  0.57550E+00  0.34343E-03  0.48537E+00  0.83158E-06  0.29671E-02  0.48240E+00  0.10000E+01
 e,ep,th,sigb,sigqe=   10.59    5.15   21.00  0.5650E+00  0.3517E-03
  10.589 21.000  7.24    0.48    0.36   -8.98    0.43    0.00   -8.56  1.171
   5.150  0.710  3.84    0.58    0.46  -16.36    0.52    0.00  -15.84 5.654E-01

   10.5890   5.1500  21.0000   0.7098   7.2442  0.56538E+00  0.56502E+00  0.35168E-03  0.47585E+00  0.80250E-06  0.29576E-02  0.47289E+00  0.10000E+01
 e,ep,th,sigb,sigqe=   10.59    5.16   21.00  0.5548E+00  0.3603E-03
  10.589 21.000  7.26    0.48    0.37   -9.09    0.43    0.00   -8.66  1.177
   5.160  0.712  3.81    0.58    0.47  -16.50    0.53    0.00  -15.97 5.551E-01

   10.5890   5.1600  21.0000   0.7124   7.2582  0.55513E+00  0.55477E+00  0.36028E-03  0.46650E+00  0.77442E-06  0.29485E-02  0.46355E+00  0.10000E+01
 e,ep,th,sigb,sigqe=   10.59    5.17   21.00  0.5446E+00  0.3692E-03
  10.589 21.000  7.27    0.48    0.37   -9.19    0.44    0.00   -8.75  1.183
   5.170  0.715  3.78    0.59    0.47  -16.64    0.54    0.00  -16.10 5.450E-01

   10.5890   5.1700  21.0000   0.7151   7.2723  0.54499E+00  0.54462E+00  0.36924E-03  0.45726E+00  0.74731E-06  0.29408E-02  0.45432E+00  0.10000E+01
 e,ep,th,sigb,sigqe=   10.59    5.18   21.00  0.5344E+00  0.3786E-03
  10.589 21.000  7.29    0.48    0.38   -9.30    0.45    0.00   -8.85  1.190
   5.180  0.718  3.74    0.59    0.48  -16.77    0.55    0.00  -16.22 5.348E-01

   10.5890   5.1800  21.0000   0.7178   7.2864  0.53480E+00  0.53442E+00  0.37858E-03  0.44803E+00  0.72106E-06  0.29340E-02  0.44510E+00  0.10000E+01
 e,ep,th,sigb,sigqe=   10.59    5.19   21.00  0.5243E+00  0.3883E-03
  10.589 21.000  7.30    0.49    0.38   -9.40    0.46    0.00   -8.94  1.197
   5.190  0.721  3.71    0.60    0.48  -16.90    0.56    0.00  -16.35 5.247E-01

   10.5890   5.1900  21.0000   0.7206   7.3004  0.52465E+00  0.52426E+00  0.38833E-03  0.43889E+00  0.69564E-06  0.29282E-02  0.43596E+00  0.10000E+01
 e,ep,th,sigb,sigqe=   10.59    5.20   21.00  0.5143E+00  0.3985E-03
  10.589 21.000  7.31    0.49    0.39   -9.50    0.46    0.00   -9.03  1.203
   5.200  0.723  3.68    0.60    0.49  -17.04    0.57    0.00  -16.47 5.147E-01

   10.5890   5.2000  21.0000   0.7233   7.3145  0.51467E+00  0.51427E+00  0.39850E-03  0.42990E+00  0.67116E-06  0.29233E-02  0.42697E+00  0.10000E+01
 e,ep,th,sigb,sigqe=   10.59    5.21   21.00  0.5044E+00  0.4091E-03
  10.589 21.000  7.33    0.49    0.39   -9.60    0.47    0.00   -9.13  1.211
   5.210  0.726  3.65    0.61    0.50  -17.18    0.58    0.00  -16.60 5.048E-01

   10.5890   5.2100  21.0000   0.7260   7.3286  0.50483E+00  0.50442E+00  0.40912E-03  0.42103E+00  0.64759E-06  0.29193E-02  0.41811E+00  0.10000E+01
 e,ep,th,sigb,sigqe=   10.59    5.22   21.00  0.4947E+00  0.4202E-03
  10.589 21.000  7.34    0.50    0.40   -9.71    0.48    0.00   -9.23  1.218
   5.220  0.729  3.61    0.61    0.50  -17.32    0.59    0.00  -16.73 4.951E-01

   10.5890   5.2200  21.0000   0.7288   7.3426  0.49513E+00  0.49471E+00  0.42021E-03  0.41228E+00  0.62474E-06  0.29163E-02  0.40937E+00  0.10000E+01
 e,ep,th,sigb,sigqe=   10.59    5.23   21.00  0.4850E+00  0.4318E-03
  10.589 21.000  7.36    0.50    0.40   -9.82    0.49    0.00   -9.33  1.225
   5.230  0.732  3.58    0.62    0.51  -17.46    0.60    0.00  -16.86 4.855E-01

   10.5890   5.2300  21.0000   0.7315   7.3567  0.48546E+00  0.48503E+00  0.43181E-03  0.40361E+00  0.60270E-06  0.29143E-02  0.40069E+00  0.10000E+01
 e,ep,th,sigb,sigqe=   10.59    5.24   21.00  0.4753E+00  0.4439E-03
  10.589 21.000  7.37    0.51    0.41   -9.91    0.50    0.00   -9.41  1.233
   5.240  0.734  3.55    0.62    0.52  -17.59    0.61    0.00  -16.98 4.757E-01

   10.5890   5.2400  21.0000   0.7343   7.3708  0.47574E+00  0.47529E+00  0.44393E-03  0.39497E+00  0.58143E-06  0.29132E-02  0.39206E+00  0.10000E+01
 e,ep,th,sigb,sigqe=   10.59    5.25   21.00  0.4657E+00  0.4566E-03
  10.589 21.000  7.38    0.51    0.41  -10.01    0.51    0.00   -9.50  1.241
   5.250  0.737  3.51    0.63    0.53  -17.72    0.62    0.00  -17.09 4.661E-01

   10.5890   5.2500  21.0000   0.7371   7.3848  0.46614E+00  0.46568E+00  0.45662E-03  0.38646E+00  0.56063E-06  0.29131E-02  0.38354E+00  0.10000E+01
 e,ep,th,sigb,sigqe=   10.59    5.26   21.00  0.4564E+00  0.4699E-03
  10.589 21.000  7.40    0.52    0.42  -10.12    0.52    0.00   -9.60  1.250
   5.260  0.740  3.48    0.64    0.54  -17.86    0.64    0.00  -17.22 4.569E-01

   10.5890   5.2600  21.0000   0.7399   7.3989  0.45690E+00  0.45643E+00  0.46989E-03  0.37820E+00  0.54105E-06  0.29147E-02  0.37529E+00  0.10000E+01
 e,ep,th,sigb,sigqe=   10.59    5.27   21.00  0.4476E+00  0.4838E-03
  10.589 21.000  7.41    0.52    0.43  -10.25    0.54    0.00   -9.71  1.259
   5.270  0.743  3.45    0.64    0.54  -18.03    0.65    0.00  -17.38 4.480E-01

   10.5890   5.2700  21.0000   0.7427   7.4130  0.44804E+00  0.44756E+00  0.48380E-03  0.37018E+00  0.52191E-06  0.29167E-02  0.36726E+00  0.10000E+01
 e,ep,th,sigb,sigqe=   10.59    5.28   21.00  0.4389E+00  0.4984E-03
  10.589 21.000  7.43    0.53    0.43  -10.38    0.55    0.00   -9.83  1.268
   5.280  0.745  3.42    0.65    0.55  -18.20    0.66    0.00  -17.54 4.394E-01

   10.5890   5.2800  21.0000   0.7455   7.4270  0.43938E+00  0.43888E+00  0.49837E-03  0.36231E+00  0.50339E-06  0.29199E-02  0.35939E+00  0.10000E+01
 e,ep,th,sigb,sigqe=   10.59    5.29   21.00  0.4302E+00  0.5136E-03
  10.589 21.000  7.44    0.53    0.44  -10.51    0.56    0.00   -9.95  1.277
   5.290  0.748  3.38    0.66    0.56  -18.37    0.68    0.00  -17.69 4.307E-01

   10.5890   5.2900  21.0000   0.7483   7.4411  0.43070E+00  0.43019E+00  0.51364E-03  0.35450E+00  0.48556E-06  0.29243E-02  0.35157E+00  0.10000E+01
 e,ep,th,sigb,sigqe=   10.59    5.30   21.00  0.4213E+00  0.5297E-03
  10.589 21.000  7.46    0.54    0.45  -10.63    0.57    0.00  -10.06  1.287
   5.300  0.751  3.35    0.67    0.57  -18.53    0.69    0.00  -17.84 4.218E-01

   10.5890   5.3000  21.0000   0.7511   7.4552  0.42182E+00  0.42129E+00  0.52965E-03  0.34658E+00  0.46813E-06  0.29298E-02  0.34365E+00  0.10000E+01
 e,ep,th,sigb,sigqe=   10.59    5.31   21.00  0.4124E+00  0.5465E-03
  10.589 21.000  7.47    0.54    0.45  -10.75    0.59    0.00  -10.16  1.297
   5.310  0.754  3.32    0.68    0.58  -18.69    0.71    0.00  -17.98 4.129E-01

   10.5890   5.3100  21.0000   0.7540   7.4692  0.41293E+00  0.41238E+00  0.54645E-03  0.33870E+00  0.45148E-06  0.29353E-02  0.33577E+00  0.10000E+01
 e,ep,th,sigb,sigqe=   10.59    5.32   21.00  0.4036E+00  0.5641E-03
  10.589 21.000  7.48    0.55    0.46  -10.87    0.60    0.00  -10.27  1.307
   5.320  0.757  3.28    0.68    0.59  -18.85    0.73    0.00  -18.12 4.042E-01

   10.5890   5.3200  21.0000   0.7568   7.4833  0.40421E+00  0.40365E+00  0.56409E-03  0.33098E+00  0.43543E-06  0.29434E-02  0.32803E+00  0.10000E+01
 e,ep,th,sigb,sigqe=   10.59    5.33   21.00  0.3953E+00  0.5826E-03
  10.589 21.000  7.50    0.56    0.47  -11.01    0.62    0.00  -10.39  1.318
   5.330  0.760  3.25    0.69    0.60  -19.03    0.75    0.00  -18.28 3.959E-01

   10.5890   5.3300  21.0000   0.7597   7.4974  0.39593E+00  0.39534E+00  0.58261E-03  0.32354E+00  0.41990E-06  0.29528E-02  0.32058E+00  0.10000E+01
 e,ep,th,sigb,sigqe=   10.59    5.34   21.00  0.3871E+00  0.6021E-03
  10.589 21.000  7.51    0.56    0.48  -11.15    0.63    0.00  -10.52  1.329
   5.340  0.763  3.22    0.70    0.61  -19.22    0.76    0.00  -18.45 3.877E-01

   10.5890   5.3400  21.0000   0.7626   7.5114  0.38770E+00  0.38710E+00  0.60208E-03  0.31616E+00  0.40486E-06  0.29635E-02  0.31320E+00  0.10000E+01
 e,ep,th,sigb,sigqe=   10.59    5.35   21.00  0.3788E+00  0.6225E-03
  10.589 21.000  7.53    0.57    0.49  -11.29    0.65    0.00  -10.64  1.341
   5.350  0.765  3.19    0.71    0.62  -19.40    0.78    0.00  -18.62 3.794E-01

   10.5890   5.3500  21.0000   0.7655   7.5255  0.37944E+00  0.37882E+00  0.62254E-03  0.30880E+00  0.39026E-06  0.29757E-02  0.30583E+00  0.10000E+01
 e,ep,th,sigb,sigqe=   10.59    5.36   21.00  0.3707E+00  0.6441E-03
  10.589 21.000  7.54    0.58    0.49  -11.44    0.67    0.00  -10.77  1.354
   5.360  0.768  3.15    0.73    0.64  -19.59    0.81    0.00  -18.79 3.713E-01

   10.5890   5.3600  21.0000   0.7684   7.5396  0.37132E+00  0.37068E+00  0.64406E-03  0.30157E+00  0.37608E-06  0.29892E-02  0.29858E+00  0.10000E+01
 e,ep,th,sigb,sigqe=   10.59    5.37   21.00  0.3627E+00  0.6667E-03
  10.589 21.000  7.55    0.59    0.50  -11.59    0.69    0.00  -10.91  1.366
   5.370  0.771  3.12    0.74    0.65  -19.79    0.83    0.00  -18.97 3.634E-01

   10.5890   5.3700  21.0000   0.7713   7.5536  0.36337E+00  0.36270E+00  0.66670E-03  0.29445E+00  0.36242E-06  0.30042E-02  0.29144E+00  0.10000E+01
 e,ep,th,sigb,sigqe=   10.59    5.38   21.00  0.3550E+00  0.6905E-03
  10.589 21.000  7.57    0.59    0.51  -11.77    0.71    0.00  -11.06  1.379
   5.380  0.774  3.09    0.75    0.66  -20.02    0.85    0.00  -19.17 3.557E-01

   10.5890   5.3800  21.0000   0.7742   7.5677  0.35567E+00  0.35497E+00  0.69054E-03  0.28749E+00  0.34923E-06  0.30207E-02  0.28446E+00  0.10000E+01
 e,ep,th,sigb,sigqe=   10.59    5.39   21.00  0.3472E+00  0.7156E-03
  10.589 21.000  7.58    0.60    0.52  -11.94    0.73    0.00  -11.21  1.393
   5.390  0.777  3.05    0.76    0.67  -20.25    0.87    0.00  -19.37 3.479E-01

   10.5890   5.3900  21.0000   0.7771   7.5818  0.34793E+00  0.34721E+00  0.71564E-03  0.28052E+00  0.33645E-06  0.30387E-02  0.27748E+00  0.10000E+01
 e,ep,th,sigb,sigqe=   10.59    5.40   21.00  0.3393E+00  0.7421E-03
  10.589 21.000  7.60    0.61    0.54  -12.11    0.75    0.00  -11.36  1.407
   5.400  0.780  3.02    0.77    0.69  -20.47    0.90    0.00  -19.57 3.400E-01

   10.5890   5.4000  21.0000   0.7801   7.5958  0.34005E+00  0.33931E+00  0.74210E-03  0.27350E+00  0.32411E-06  0.30584E-02  0.27044E+00  0.10000E+01
 e,ep,th,sigb,sigqe=   10.59    5.41   21.00  0.3312E+00  0.7700E-03
  10.589 21.000  7.61    0.63    0.55  -12.28    0.78    0.00  -11.50  1.422
   5.410  0.783  2.99    0.79    0.71  -20.68    0.93    0.00  -19.75 3.320E-01

   10.5890   5.4100  21.0000   0.7830   7.6099  0.33197E+00  0.33120E+00  0.76999E-03  0.26640E+00  0.31221E-06  0.30799E-02  0.26332E+00  0.10000E+01
 e,ep,th,sigb,sigqe=   10.59    5.42   21.00  0.3229E+00  0.7994E-03
  10.589 21.000  7.62    0.64    0.56  -12.43    0.81    0.00  -11.62  1.438
   5.420  0.786  2.96    0.81    0.72  -20.88    0.96    0.00  -19.92 3.237E-01

   10.5890   5.4200  21.0000   0.7860   7.6240  0.32374E+00  0.32294E+00  0.79940E-03  0.25926E+00  0.30071E-06  0.31052E-02  0.25616E+00  0.10000E+01
 e,ep,th,sigb,sigqe=   10.59    5.43   21.00  0.3146E+00  0.8304E-03
  10.589 21.000  7.64    0.65    0.57  -12.57    0.84    0.00  -11.73  1.454
   5.430  0.789  2.92    0.82    0.74  -21.06    0.99    0.00  -20.07 3.154E-01

   10.5890   5.4300  21.0000   0.7890   7.6380  0.31540E+00  0.31457E+00  0.83044E-03  0.25211E+00  0.28954E-06  0.31301E-02  0.24898E+00  0.10000E+01
 e,ep,th,sigb,sigqe=   10.59    5.44   21.00  0.3068E+00  0.8632E-03
  10.589 21.000  7.65    0.66    0.59  -12.76    0.87    0.00  -11.89  1.471
   5.440  0.792  2.89    0.84    0.76  -21.30    1.03    0.00  -20.28 3.077E-01

   10.5890   5.4400  21.0000   0.7919   7.6521  0.30769E+00  0.30683E+00  0.86321E-03  0.24530E+00  0.27884E-06  0.31568E-02  0.24214E+00  0.10000E+01
 e,ep,th,sigb,sigqe=   10.59    5.45   21.00  0.2989E+00  0.8978E-03
  10.589 21.000  7.67    0.68    0.60  -12.95    0.90    0.00  -12.05  1.488
   5.450  0.795  2.86    0.86    0.78  -21.55    1.06    0.00  -20.48 2.998E-01

   10.5890   5.4500  21.0000   0.7949   7.6662  0.29985E+00  0.29895E+00  0.89782E-03  0.23843E+00  0.26847E-06  0.31854E-02  0.23524E+00  0.10000E+01
 e,ep,th,sigb,sigqe=   10.59    5.46   21.00  0.2908E+00  0.9344E-03
  10.589 21.000  7.68    0.69    0.62  -13.12    0.93    0.00  -12.19  1.505
   5.460  0.798  2.83    0.88    0.80  -21.77    1.10    0.00  -20.66 2.917E-01

   10.5890   5.4600  21.0000   0.7980   7.6802  0.29171E+00  0.29077E+00  0.93440E-03  0.23143E+00  0.25842E-06  0.32158E-02  0.22821E+00  0.10000E+01
 e,ep,th,sigb,sigqe=   10.59    5.47   21.00  0.2818E+00  0.9731E-03
  10.589 21.000  7.69    0.71    0.64  -13.24    0.98    0.00  -12.27  1.524
   5.470  0.801  2.79    0.91    0.83  -21.92    1.15    0.00  -20.77 2.828E-01

   10.5890   5.4700  21.0000   0.8010   7.6943  0.28277E+00  0.28180E+00  0.97307E-03  0.22405E+00  0.24877E-06  0.32493E-02  0.22080E+00  0.10000E+01
 e,ep,th,sigb,sigqe=   10.59    5.48   21.00  0.2727E+00  0.1014E-02
  10.589 21.000  7.71    0.73    0.66  -13.34    1.02    0.00  -12.32  1.544
   5.480  0.804  2.76    0.94    0.86  -22.04    1.20    0.00  -20.84 2.737E-01

   10.5890   5.4800  21.0000   0.8040   7.7084  0.27369E+00  0.27268E+00  0.10140E-02  0.21667E+00  0.23945E-06  0.32853E-02  0.21338E+00  0.10000E+01
 e,ep,th,sigb,sigqe=   10.59    5.49   21.00  0.2637E+00  0.1057E-02
  10.589 21.000  7.72    0.76    0.69  -13.43    1.07    0.00  -12.36  1.564
   5.490  0.807  2.73    0.97    0.89  -22.15    1.26    0.00  -20.89 2.647E-01

   10.5890   5.4900  21.0000   0.8071   7.7224  0.26475E+00  0.26369E+00  0.10573E-02  0.20943E+00  0.23042E-06  0.33236E-02  0.20611E+00  0.10000E+01
 e,ep,th,sigb,sigqe=   10.59    5.50   21.00  0.2551E+00  0.1103E-02
  10.589 21.000  7.74    0.78    0.71  -13.53    1.13    0.00  -12.41  1.585
   5.500  0.810  2.69    1.00    0.92  -22.27    1.31    0.00  -20.96 2.562E-01

   10.5890   5.5000  21.0000   0.8101   7.7365  0.25621E+00  0.25510E+00  0.11031E-02  0.20251E+00  0.22173E-06  0.33645E-02  0.19914E+00  0.10000E+01
 e,ep,th,sigb,sigqe=   10.59    5.51   21.00  0.2471E+00  0.1152E-02
  10.589 21.000  7.75    0.80    0.73  -13.67    1.18    0.00  -12.49  1.607
   5.510  0.813  2.66    1.03    0.95  -22.44    1.37    0.00  -21.06 2.482E-01

   10.5890   5.5100  21.0000   0.8132   7.7506  0.24822E+00  0.24706E+00  0.11517E-02  0.19593E+00  0.21333E-06  0.34082E-02  0.19252E+00  0.10000E+01
 e,ep,th,sigb,sigqe=   10.59    5.52   21.00  0.2393E+00  0.1203E-02
  10.589 21.000  7.76    0.83    0.76  -13.81    1.24    0.00  -12.57  1.630
   5.520  0.816  2.63    1.06    0.99  -22.61    1.44    0.00  -21.18 2.405E-01

   10.5890   5.5200  21.0000   0.8163   7.7646  0.24051E+00  0.23931E+00  0.12031E-02  0.18958E+00  0.20521E-06  0.34547E-02  0.18612E+00  0.10000E+01
 e,ep,th,sigb,sigqe=   10.59    5.53   21.00  0.2317E+00  0.1258E-02
  10.589 21.000  7.78    0.86    0.79  -13.95    1.30    0.00  -12.65  1.654
   5.530  0.819  2.60    1.10    1.02  -22.78    1.50    0.00  -21.28 2.329E-01

   10.5890   5.5300  21.0000   0.8194   7.7787  0.23292E+00  0.23166E+00  0.12577E-02  0.18335E+00  0.19737E-06  0.35043E-02  0.17985E+00  0.10000E+01
 e,ep,th,sigb,sigqe=   10.59    5.54   21.00  0.2241E+00  0.1316E-02
  10.589 21.000  7.79    0.88    0.82  -14.09    1.37    0.00  -12.72  1.678
   5.540  0.822  2.56    1.14    1.06  -22.95    1.58    0.00  -21.37 2.254E-01

   10.5890   5.5400  21.0000   0.8225   7.7928  0.22540E+00  0.22409E+00  0.13156E-02  0.17722E+00  0.18984E-06  0.35570E-02  0.17367E+00  0.10000E+01
 e,ep,th,sigb,sigqe=   10.59    5.55   21.00  0.2171E+00  0.1377E-02
  10.589 21.000  7.81    0.91    0.84  -14.27    1.44    0.00  -12.83  1.704
   5.550  0.826  2.53    1.17    1.10  -23.17    1.65    0.00  -21.52 2.184E-01

   10.5890   5.5500  21.0000   0.8256   7.8068  0.21844E+00  0.21706E+00  0.13771E-02  0.17144E+00  0.18258E-06  0.36131E-02  0.16782E+00  0.10000E+01
 e,ep,th,sigb,sigqe=   10.59    5.56   21.00  0.2103E+00  0.1442E-02
  10.589 21.000  7.82    0.94    0.87  -14.46    1.51    0.00  -12.95  1.731
   5.560  0.829  2.50    1.21    1.14  -23.41    1.74    0.00  -21.68 2.117E-01

   10.5890   5.5600  21.0000   0.8287   7.8209  0.21170E+00  0.21025E+00  0.14424E-02  0.16581E+00  0.17558E-06  0.36731E-02  0.16214E+00  0.10000E+01
 e,ep,th,sigb,sigqe=   10.59    5.57   21.00  0.2035E+00  0.1512E-02
  10.589 21.000  7.83    0.97    0.91  -14.66    1.60    0.00  -13.07  1.759
   5.570  0.832  2.46    1.26    1.18  -23.66    1.82    0.00  -21.83 2.050E-01

   10.5890   5.5700  21.0000   0.8319   7.8349  0.20503E+00  0.20352E+00  0.15118E-02  0.16026E+00  0.16885E-06  0.37365E-02  0.15653E+00  0.10000E+01
 e,ep,th,sigb,sigqe=   10.59    5.58   21.00  0.1967E+00  0.1586E-02
  10.589 21.000  7.85    1.01    0.94  -14.86    1.69    0.00  -13.17  1.788
   5.580  0.835  2.43    1.30    1.23  -23.89    1.92    0.00  -21.97 1.983E-01

   10.5890   5.5800  21.0000   0.8350   7.8490  0.19828E+00  0.19670E+00  0.15856E-02  0.15472E+00  0.16233E-06  0.38039E-02  0.15091E+00  0.10000E+01
 e,ep,th,sigb,sigqe=   10.59    5.59   21.00  0.1898E+00  0.1664E-02
  10.589 21.000  7.86    1.05    0.98  -15.04    1.79    0.00  -13.25  1.818
   5.590  0.838  2.40    1.36    1.28  -24.10    2.02    0.00  -22.08 1.914E-01

   10.5890   5.5900  21.0000   0.8382   7.8631  0.19143E+00  0.18977E+00  0.16641E-02  0.14916E+00  0.15609E-06  0.38755E-02  0.14529E+00  0.10000E+01
 e,ep,th,sigb,sigqe=   10.59    5.60   21.00  0.1829E+00  0.1748E-02
  10.589 21.000  7.88    1.09    1.03  -15.22    1.90    0.00  -13.32  1.849
   5.600  0.841  2.37    1.41    1.34  -24.31    2.14    0.00  -22.17 1.846E-01

   10.5890   5.6000  21.0000   0.8414   7.8771  0.18460E+00  0.18285E+00  0.17477E-02  0.14367E+00  0.15006E-06  0.39515E-02  0.13972E+00  0.10000E+01
 e,ep,th,sigb,sigqe=   10.59    5.61   21.00  0.1761E+00  0.1837E-02
  10.589 21.000  7.89    1.13    1.07  -15.41    2.01    0.00  -13.40  1.881
   5.610  0.845  2.33    1.47    1.40  -24.53    2.27    0.00  -22.27 1.780E-01

   10.5890   5.6100  21.0000   0.8446   7.8912  0.17798E+00  0.17615E+00  0.18367E-02  0.13835E+00  0.14419E-06  0.40326E-02  0.13432E+00  0.10000E+01
 e,ep,th,sigb,sigqe=   10.59    5.62   21.00  0.1699E+00  0.1932E-02
  10.589 21.000  7.91    1.18    1.12  -15.64    2.14    0.00  -13.50  1.915
   5.620  0.848  2.30    1.53    1.46  -24.81    2.40    0.00  -22.41 1.718E-01

   10.5890   5.6200  21.0000   0.8478   7.9053  0.17180E+00  0.16987E+00  0.19316E-02  0.13330E+00  0.13862E-06  0.41187E-02  0.12918E+00  0.10000E+01
 e,ep,th,sigb,sigqe=   10.59    5.63   21.00  0.1636E+00  0.2033E-02
  10.589 21.000  7.92    1.23    1.17  -15.88    2.28    0.00  -13.60  1.950
   5.630  0.851  2.27    1.60    1.53  -25.08    2.54    0.00  -22.54 1.656E-01

   10.5890   5.6300  21.0000   0.8510   7.9193  0.16564E+00  0.16361E+00  0.20329E-02  0.12830E+00  0.13322E-06  0.42100E-02  0.12409E+00  0.10000E+01
 e,ep,th,sigb,sigqe=   10.59    5.64   21.00  0.1572E+00  0.2141E-02
  10.589 21.000  7.93    1.29    1.22  -16.11    2.43    0.00  -13.68  1.986
   5.640  0.854  2.23    1.68    1.60  -25.34    2.70    0.00  -22.64 1.594E-01

   10.5890   5.6400  21.0000   0.8542   7.9334  0.15936E+00  0.15722E+00  0.21409E-02  0.12328E+00  0.12806E-06  0.43055E-02  0.11898E+00  0.10000E+01
 e,ep,th,sigb,sigqe=   10.59    5.65   21.00  0.1509E+00  0.2256E-02
  10.589 21.000  7.95    1.35    1.29  -16.34    2.60    0.00  -13.74  2.023
   5.650  0.857  2.20    1.76    1.68  -25.60    2.88    0.00  -22.72 1.531E-01

   10.5890   5.6500  21.0000   0.8575   7.9475  0.15315E+00  0.15089E+00  0.22563E-02  0.11835E+00  0.12305E-06  0.44083E-02  0.11394E+00  0.10000E+01
 e,ep,th,sigb,sigqe=   10.59    5.66   21.00  0.1445E+00  0.2380E-02
  10.589 21.000  7.96    1.42    1.35  -16.56    2.79    0.00  -13.77  2.062
   5.660  0.861  2.17    1.85    1.77  -25.84    3.08    0.00  -22.76 1.469E-01

   10.5890   5.6600  21.0000   0.8607   7.9615  0.14688E+00  0.14450E+00  0.23796E-02  0.11345E+00  0.11825E-06  0.45174E-02  0.10893E+00  0.10000E+01
 e,ep,th,sigb,sigqe=   10.59    5.67   21.00  0.1381E+00  0.2511E-02
  10.589 21.000  7.98    1.49    1.43  -16.77    3.00    0.00  -13.77  2.102
   5.670  0.864  2.14    1.95    1.87  -26.05    3.30    0.00  -22.76 1.406E-01

   10.5890   5.6700  21.0000   0.8640   7.9756  0.14060E+00  0.13809E+00  0.25114E-02  0.10860E+00  0.11363E-06  0.46334E-02  0.10397E+00  0.10000E+01
 e,ep,th,sigb,sigqe=   10.59    5.68   21.00  0.1319E+00  0.2653E-02
  10.589 21.000  7.99    1.57    1.51  -16.99    3.24    0.00  -13.75  2.144
   5.680  0.867  2.10    2.06    1.98  -26.28    3.54    0.00  -22.74 1.345E-01

   10.5890   5.6800  21.0000   0.8673   7.9897  0.13452E+00  0.13187E+00  0.26525E-02  0.10393E+00  0.10916E-06  0.47566E-02  0.99176E-01  0.10000E+01
 e,ep,th,sigb,sigqe=   10.59    5.69   21.00  0.1259E+00  0.2804E-02
  10.589 21.000  8.00    1.66    1.60  -17.22    3.49    0.00  -13.73  2.186
   5.690  0.871  2.07    2.17    2.10  -26.51    3.80    0.00  -22.71 1.287E-01

   10.5890   5.6900  21.0000   0.8706   8.0037  0.12870E+00  0.12589E+00  0.28036E-02  0.99467E-01  0.10487E-06  0.48876E-02  0.94579E-01  0.10000E+01
 e,ep,th,sigb,sigqe=   10.59    5.70   21.00  0.1203E+00  0.2966E-02
  10.589 21.000  8.02    1.75    1.69  -17.49    3.77    0.00  -13.72  2.231
   5.700  0.874  2.04    2.30    2.22  -26.78    4.08    0.00  -22.70 1.233E-01

   10.5890   5.7000  21.0000   0.8739   8.0178  0.12326E+00  0.12029E+00  0.29656E-02  0.95273E-01  0.10075E-06  0.50268E-02  0.90246E-01  0.10000E+01
 e,ep,th,sigb,sigqe=   10.59    5.71   21.00  0.1151E+00  0.3139E-02
  10.589 21.000  8.03    1.85    1.79  -17.80    4.07    0.00  -13.74  2.276
   5.710  0.877  2.00    2.42    2.35  -27.10    4.38    0.00  -22.72 1.182E-01

   10.5890   5.7100  21.0000   0.8773   8.0319  0.11820E+00  0.11506E+00  0.31392E-02  0.91338E-01  0.96779E-07  0.51750E-02  0.86163E-01  0.10000E+01
 e,ep,th,sigb,sigqe=   10.59    5.72   21.00  0.1101E+00  0.3326E-02
  10.589 21.000  8.05    1.95    1.89  -18.15    4.39    0.00  -13.76  2.323
   5.720  0.881  1.97    2.56    2.48  -27.46    4.70    0.00  -22.76 1.134E-01

   10.5890   5.7200  21.0000   0.8806   8.0459  0.11341E+00  0.11008E+00  0.33256E-02  0.87597E-01  0.92953E-07  0.53323E-02  0.82265E-01  0.10000E+01
 e,ep,th,sigb,sigqe=   10.59    5.73   21.00  0.1053E+00  0.3526E-02
  10.589 21.000  8.06    2.06    2.00  -18.54    4.74    0.00  -13.79  2.371
   5.730  0.884  1.94    2.71    2.63  -27.86    5.05    0.00  -22.80 1.088E-01

   10.5890   5.7300  21.0000   0.8839   8.0600  0.10884E+00  0.10531E+00  0.35257E-02  0.84021E-01  0.89256E-07  0.54998E-02  0.78521E-01  0.10000E+01
 e,ep,th,sigb,sigqe=   10.59    5.74   21.00  0.1007E+00  0.3741E-02
  10.589 21.000  8.07    2.18    2.12  -18.95    5.13    0.00  -13.82  2.420
   5.740  0.887  1.91    2.87    2.79  -28.28    5.44    0.00  -22.84 1.044E-01

   10.5890   5.7400  21.0000   0.8873   8.0741  0.10441E+00  0.10067E+00  0.37409E-02  0.80562E-01  0.85699E-07  0.56780E-02  0.74884E-01  0.10000E+01
 e,ep,th,sigb,sigqe=   10.59    5.75   21.00  0.9606E-01  0.3972E-02
  10.589 21.000  8.09    2.31    2.25  -19.39    5.56    0.00  -13.83  2.470
   5.750  0.891  1.87    3.04    2.96  -28.71    5.87    0.00  -22.85 1.000E-01

   10.5890   5.7500  21.0000   0.8907   8.0881  0.10003E+00  0.96059E-01  0.39722E-02  0.77176E-01  0.82280E-07  0.58678E-02  0.71308E-01  0.10000E+01
 e,ep,th,sigb,sigqe=   10.59    5.76   21.00  0.9155E-01  0.4221E-02
  10.589 21.000  8.10    2.46    2.40  -19.86    6.04    0.00  -13.82  2.521
   5.760  0.894  1.84    3.24    3.15  -29.17    6.34    0.00  -22.83 9.577E-02

   10.5890   5.7600  21.0000   0.8941   8.1022  0.95771E-01  0.91550E-01  0.42212E-02  0.73904E-01  0.78986E-07  0.60698E-02  0.67834E-01  0.10000E+01
 e,ep,th,sigb,sigqe=   10.59    5.77   21.00  0.8704E-01  0.4489E-02
  10.589 21.000  8.12    2.62    2.56  -20.33    6.58    0.00  -13.75  2.573
   5.770  0.898  1.81    3.45    3.37  -29.62    6.87    0.00  -22.75 9.153E-02

   10.5890   5.7700  21.0000   0.8975   8.1163  0.91528E-01  0.87039E-01  0.44894E-02  0.70702E-01  0.75810E-07  0.62851E-02  0.64417E-01  0.10000E+01
 e,ep,th,sigb,sigqe=   10.59    5.78   21.00  0.8283E-01  0.4778E-02
  10.589 21.000  8.13    2.79    2.73  -20.87    7.16    0.00  -13.71  2.625
   5.780  0.901  1.77    3.68    3.59  -30.13    7.44    0.00  -22.70 8.761E-02

   10.5890   5.7800  21.0000   0.9009   8.1303  0.87606E-01  0.82827E-01  0.47783E-02  0.67722E-01  0.72744E-07  0.65143E-02  0.61207E-01  0.10000E+01
 e,ep,th,sigb,sigqe=   10.59    5.79   21.00  0.7923E-01  0.5090E-02
  10.589 21.000  8.14    2.96    2.90  -21.52    7.77    0.00  -13.76  2.678
   5.790  0.904  1.74    3.91    3.82  -30.78    8.02    0.00  -22.77 8.432E-02

   10.5890   5.7900  21.0000   0.9044   8.1444  0.84320E-01  0.79230E-01  0.50898E-02  0.65124E-01  0.69795E-07  0.67585E-02  0.58365E-01  0.10000E+01
 e,ep,th,sigb,sigqe=   10.59    5.80   21.00  0.7571E-01  0.5426E-02
  10.589 21.000  8.16    3.15    3.09  -22.24    8.43    0.00  -13.81  2.730
   5.800  0.908  1.71    4.16    4.06  -31.49    8.65    0.00  -22.84 8.114E-02

   10.5890   5.8000  21.0000   0.9078   8.1585  0.81141E-01  0.75715E-01  0.54259E-02  0.62611E-01  0.66941E-07  0.70186E-02  0.55592E-01  0.10000E+01
 e,ep,th,sigb,sigqe=   10.59    5.81   21.00  0.7240E-01  0.5789E-02
  10.589 21.000  8.17    3.35    3.29  -23.04    9.15    0.00  -13.89  2.782
   5.810  0.911  1.68    4.42    4.33  -32.28    9.33    0.00  -22.95 7.818E-02

   10.5890   5.8100  21.0000   0.9113   8.1725  0.78185E-01  0.72396E-01  0.57885E-02  0.60245E-01  0.64201E-07  0.72956E-02  0.52949E-01  0.10000E+01
 e,ep,th,sigb,sigqe=   10.59    5.82   21.00  0.6922E-01  0.6180E-02
  10.589 21.000  8.19    3.56    3.50  -23.93    9.92    0.00  -14.00  2.834
   5.820  0.915  1.64    4.71    4.61  -33.16   10.07    0.00  -23.09 7.540E-02

   10.5890   5.8200  21.0000   0.9148   8.1866  0.75400E-01  0.69220E-01  0.61799E-02  0.57989E-01  0.61552E-07  0.75906E-02  0.50398E-01  0.10000E+01
 e,ep,th,sigb,sigqe=   10.59    5.83   21.00  0.6605E-01  0.6602E-02
  10.589 21.000  8.20    3.80    3.74  -24.90   10.79    0.00  -14.11  2.883
   5.830  0.918  1.61    5.03    4.93  -34.12   10.88    0.00  -23.24 7.265E-02

   10.5890   5.8300  21.0000   0.9183   8.2007  0.72655E-01  0.66052E-01  0.66024E-02  0.55771E-01  0.58995E-07  0.79045E-02  0.47866E-01  0.10000E+01
 e,ep,th,sigb,sigqe=   10.59    5.84   21.00  0.6289E-01  0.7058E-02
  10.589 21.000  8.21    4.07    4.01  -25.98   11.75    0.00  -14.23  2.931
   5.840  0.922  1.58    5.38    5.28  -35.17   11.78    0.00  -23.39 6.995E-02

   10.5890   5.8400  21.0000   0.9218   8.2147  0.69949E-01  0.62890E-01  0.70583E-02  0.53587E-01  0.56528E-07  0.82384E-02  0.45349E-01  0.10000E+01
 e,ep,th,sigb,sigqe=   10.59    5.85   21.00  0.5966E-01  0.7550E-02
  10.589 21.000  8.23    4.37    4.31  -27.16   12.83    0.00  -14.33  2.975
   5.850  0.925  1.54    5.79    5.68  -36.31   12.78    0.00  -23.52 6.721E-02

   10.5890   5.8500  21.0000   0.9253   8.2288  0.67213E-01  0.59663E-01  0.75502E-02  0.51402E-01  0.54151E-07  0.85920E-02  0.42810E-01  0.10000E+01
 e,ep,th,sigb,sigqe=   10.59    5.86   21.00  0.5634E-01  0.8080E-02
  10.589 21.000  8.24    4.72    4.66  -28.45   14.06    0.00  -14.40  3.015
   5.860  0.929  1.51    6.25    6.14  -37.53   13.92    0.00  -23.61 6.442E-02

   10.5890   5.8600  21.0000   0.9289   8.2429  0.64421E-01  0.56341E-01  0.80803E-02  0.49212E-01  0.51858E-07  0.89692E-02  0.40243E-01  0.10000E+01
 e,ep,th,sigb,sigqe=   10.59    5.87   21.00  0.5285E-01  0.8651E-02
  10.589 21.000  8.26    5.14    5.07  -29.87   15.48    0.00  -14.40  3.050
   5.870  0.932  1.48    6.80    6.68  -38.84   15.23    0.00  -23.61 6.150E-02

   10.5890   5.8700  21.0000   0.9324   8.2569  0.61499E-01  0.52848E-01  0.86511E-02  0.46978E-01  0.49641E-07  0.93675E-02  0.37611E-01  0.10000E+01
 e,ep,th,sigb,sigqe=   10.59    5.88   21.00  0.4932E-01  0.9265E-02
  10.589 21.000  8.27    5.61    5.55  -31.44   17.08    0.00  -14.36  3.078
   5.880  0.936  1.45    7.43    7.30  -40.27   16.71    0.00  -23.56 5.859E-02

   10.5890   5.8800  21.0000   0.9360   8.2710  0.58589E-01  0.49324E-01  0.92647E-02  0.44785E-01  0.47489E-07  0.97881E-02  0.34997E-01  0.10000E+01
 e,ep,th,sigb,sigqe=   10.59    5.89   21.00  0.4580E-01  0.9923E-02
  10.589 21.000  8.29    6.17    6.10  -33.16   18.89    0.00  -14.27  3.097
   5.890  0.940  1.41    8.16    8.02  -41.81   18.36    0.00  -23.45 5.572E-02

   10.5890   5.8900  21.0000   0.9396   8.2851  0.55718E-01  0.45796E-01  0.99225E-02  0.42651E-01  0.45425E-07  0.10231E-01  0.32420E-01  0.10000E+01
 e,ep,th,sigb,sigqe=   10.59    5.90   21.00  0.4235E-01  0.1063E-01
  10.589 21.000  8.30    6.80    6.73  -35.06   20.90    0.00  -14.16  3.106
   5.900  0.943  1.38    9.00    8.84  -43.50   20.19    0.00  -23.31 5.297E-02

   10.5890   5.9000  21.0000   0.9432   8.2991  0.52974E-01  0.42348E-01  0.10626E-01  0.40627E-01  0.43438E-07  0.10696E-01  0.29932E-01  0.10000E+01
 e,ep,th,sigb,sigqe=   10.59    5.91   21.00  0.3904E-01  0.1137E-01
  10.589 21.000  8.31    7.52    7.45  -37.14   23.11    0.00  -14.04  3.102
   5.910  0.947  1.35    9.95    9.78  -45.32   22.17    0.00  -23.15 5.042E-02

   10.5890   5.9100  21.0000   0.9468   8.3132  0.50418E-01  0.39043E-01  0.11375E-01  0.38746E-01  0.41514E-07  0.11180E-01  0.27566E-01  0.10000E+01
 e,ep,th,sigb,sigqe=   10.59    5.92   21.00  0.3590E-01  0.1217E-01
  10.589 21.000  8.33    8.35    8.27  -39.40   25.49    0.00  -13.91  3.082
   5.920  0.950  1.31   11.04   10.85  -47.30   24.30    0.00  -22.99 4.807E-02

   10.5890   5.9200  21.0000   0.9504   8.3273  0.48065E-01  0.35898E-01  0.12167E-01  0.37014E-01  0.39657E-07  0.11682E-01  0.25332E-01  0.10000E+01
 e,ep,th,sigb,sigqe=   10.59    5.93   21.00  0.3304E-01  0.1300E-01
  10.589 21.000  8.34    9.27    9.18  -41.80   27.96    0.00  -13.85  3.044
   5.930  0.954  1.28   12.25   12.04  -49.40   26.49    0.00  -22.91 4.604E-02

   10.5890   5.9300  21.0000   0.9541   8.3413  0.46040E-01  0.33039E-01  0.13002E-01  0.35493E-01  0.37859E-07  0.12197E-01  0.23295E-01  0.10000E+01
 e,ep,th,sigb,sigqe=   10.59    5.94   21.00  0.3039E-01  0.1387E-01
  10.589 21.000  8.36   10.32   10.23  -44.35   30.52    0.00  -13.82  2.984
   5.940  0.958  1.25   13.63   13.39  -51.62   28.74    0.00  -22.88 4.426E-02

   10.5890   5.9400  21.0000   0.9577   8.3554  0.44264E-01  0.30392E-01  0.13871E-01  0.34134E-01  0.36135E-07  0.12721E-01  0.21413E-01  0.10000E+01
 e,ep,th,sigb,sigqe=   10.59    5.95   21.00  0.2796E-01  0.1477E-01
  10.589 21.000  8.37   11.53   11.43  -46.99   33.13    0.00  -13.86  2.899
   5.950  0.961  1.22   15.22   14.94  -53.94   31.00    0.00  -22.94 4.273E-02

   10.5890   5.9500  21.0000   0.9614   8.3695  0.42730E-01  0.27961E-01  0.14769E-01  0.32928E-01  0.34468E-07  0.13247E-01  0.19681E-01  0.10000E+01
 e,ep,th,sigb,sigqe=   10.59    5.96   21.00  0.2575E-01  0.1568E-01
  10.589 21.000  8.38   12.94   12.83  -49.70   35.73    0.00  -13.98  2.786
   5.960  0.965  1.18   17.07   16.74  -56.31   33.22    0.00  -23.09 4.143E-02

   10.5890   5.9600  21.0000   0.9651   8.3835  0.41435E-01  0.25752E-01  0.15683E-01  0.31866E-01  0.32827E-07  0.13765E-01  0.18101E-01  0.10000E+01
 e,ep,th,sigb,sigqe=   10.59    5.97   21.00  0.2368E-01  0.1660E-01
  10.589 21.000  8.40   14.65   14.52  -52.46   38.32    0.00  -14.14  2.640
   5.970  0.969  1.15   19.31   18.91  -58.72   35.41    0.00  -23.31 4.028E-02

   10.5890   5.9700  21.0000   0.9688   8.3976  0.40279E-01  0.23682E-01  0.16597E-01  0.30890E-01  0.31309E-07  0.14265E-01  0.16626E-01  0.10000E+01
 e,ep,th,sigb,sigqe=   10.59    5.98   21.00  0.2175E-01  0.1749E-01
  10.589 21.000  8.41   16.78   16.62  -55.22   40.87    0.00  -14.35  2.459
   5.980  0.973  1.12   22.09   21.60  -61.13   37.54    0.00  -23.59 3.924E-02

   10.5890   5.9800  21.0000   0.9726   8.4117  0.39244E-01  0.21751E-01  0.17493E-01  0.29986E-01  0.29816E-07  0.14733E-01  0.15253E-01  0.10000E+01
 e,ep,th,sigb,sigqe=   10.59    5.99   21.00  0.1995E-01  0.1835E-01
  10.589 21.000  8.43   19.54   19.34  -57.94   43.33    0.00  -14.61  2.241
   5.990  0.976  1.08   25.70   25.06  -63.51   39.57    0.00  -23.93 3.830E-02

   10.5890   5.9900  21.0000   0.9763   8.4257  0.38295E-01  0.19949E-01  0.18346E-01  0.29130E-01  0.28396E-07  0.15154E-01  0.13976E-01  0.10000E+01
 e,ep,th,sigb,sigqe=   10.59    6.00   21.00  0.1830E-01  0.1913E-01
  10.589 21.000  8.44   23.27   23.00  -60.56   45.63    0.00  -14.93  1.984
   6.000  0.980  1.05   30.59   29.73  -65.79   41.44    0.00  -24.35 3.743E-02

   10.5890   6.0000  21.0000   0.9801   8.4398  0.37431E-01  0.18301E-01  0.19131E-01  0.28316E-01  0.27040E-07  0.15512E-01  0.12804E-01  0.10000E+01
 e,ep,th,sigb,sigqe=   10.59    6.01   21.00  0.1678E-01  0.1982E-01
  10.589 21.000  8.45   28.68   28.30  -63.05   47.76    0.00  -15.29  1.688
   6.010  0.984  1.02   37.71   36.44  -67.97   43.15    0.00  -24.82 3.659E-02

   10.5890   6.0100  21.0000   0.9838   8.4539  0.36595E-01  0.16777E-01  0.19818E-01  0.27512E-01  0.25750E-07  0.15790E-01  0.11722E-01  0.10000E+01
 e,ep,th,sigb,sigqe=   10.59    6.02   21.00  0.1533E-01  0.2038E-01
  10.589 21.000  8.47   37.38   36.74  -65.42   49.77    0.00  -15.65  1.355
   6.020  0.988  0.99   49.21   47.10  -70.03   44.73    0.00  -25.30 3.570E-02

   10.5890   6.0200  21.0000   0.9876   8.4679  0.35704E-01  0.15326E-01  0.20378E-01  0.26672E-01  0.24515E-07  0.15971E-01  0.10700E-01  0.10000E+01
 e,ep,th,sigb,sigqe=   10.59    6.03   21.00  0.1395E-01  0.2079E-01
  10.589 21.000  8.48   53.64   52.27  -67.65   51.63    0.00  -16.02  0.988
   6.030  0.991  0.95   71.09   66.62  -71.96   46.18    0.00  -25.78 3.474E-02

   10.5890   6.0300  21.0000   0.9914   8.4820  0.34736E-01  0.13949E-01  0.20787E-01  0.25783E-01  0.23333E-07  0.16043E-01  0.97401E-02  0.10000E+01
 e,ep,th,sigb,sigqe=   10.59    6.04   21.00  0.1269E-01  0.2102E-01
  10.589 21.000  8.50   95.10   88.90  -69.67   53.27    0.00  -16.40  1.000
   6.040  0.995  0.92  129.57  110.15  -73.71   47.44    0.00  -26.27 3.371E-02

   10.5890   6.0400  21.0000   0.9953   8.4961  0.33713E-01  0.12691E-01  0.21022E-01  0.24857E-01  0.22204E-07  0.15993E-01  0.88641E-02  0.10000E+01
 e,ep,th,sigb,sigqe=   10.59    6.05   21.00  0.1156E-01  0.2101E-01
  10.589 21.000  8.51  468.76  210.00  -71.41   54.65    0.00  -16.75  1.000
   6.050  0.999  0.89  834.22   73.97  -75.21   48.48    0.00  -26.73 3.257E-02

   10.5890   6.0500  21.0000   0.9991   8.5101  0.32569E-01  0.11556E-01  0.21012E-01  0.23863E-01  0.21125E-07  0.15790E-01  0.80732E-02  0.10000E+01
 e,ep,th,sigb,sigqe=   10.59    6.06   21.00  0.1053E-01  0.2076E-01
  10.589 21.000  8.52    0.00    0.00  -72.87   55.80    0.00  -17.07  1.000
   6.060  1.003  0.86    0.00    0.00  -76.48   49.34    0.00  -27.14 3.129E-02

   10.5890   6.0600  21.0000   1.0030   8.5242  0.31289E-01  0.10530E-01  0.20759E-01  0.22796E-01  0.20098E-07  0.15438E-01  0.73581E-02  0.10000E+01
 e,ep,th,sigb,sigqe=   10.59    6.07   21.00  0.9592E-02  0.2032E-01
  10.589 21.000  8.54    0.00    0.00  -74.15   56.79    0.00  -17.36  1.000
   6.070  1.007  0.82    0.00    0.00  -77.58   50.06    0.00  -27.53 2.991E-02

   10.5890   6.0700  21.0000   1.0069   8.5383  0.29914E-01  0.95921E-02  0.20322E-01  0.21680E-01  0.19115E-07  0.14975E-01  0.67053E-02  0.10000E+01
 e,ep,th,sigb,sigqe=   10.59    6.08   21.00  0.8754E-02  0.1972E-01
  10.589 21.000  8.55    0.00    0.00  -75.21   57.58    0.00  -17.64  1.000
   6.080  1.011  0.79    0.00    0.00  -78.51   50.63    0.00  -27.88 2.847E-02

   10.5890   6.0800  21.0000   1.0107   8.5523  0.28472E-01  0.87536E-02  0.19719E-01  0.20535E-01  0.18177E-07  0.14415E-01  0.61198E-02  0.10000E+01
 e,ep,th,sigb,sigqe=   10.59    6.09   21.00  0.8007E-02  0.1897E-01
  10.589 21.000  8.57    0.00    0.00  -76.08   58.19    0.00  -17.89  1.000
   6.090  1.015  0.76    0.00    0.00  -79.26   51.06    0.00  -28.20 2.698E-02

   10.5890   6.0900  21.0000   1.0147   8.5664  0.26980E-01  0.80074E-02  0.18972E-01  0.19370E-01  0.17281E-07  0.13775E-01  0.55958E-02  0.10000E+01
 e,ep,th,sigb,sigqe=   10.59    6.10   21.00  0.7337E-02  0.1811E-01
  10.589 21.000  8.58    0.00    0.00  -76.78   58.66    0.00  -18.12  1.000
   6.100  1.019  0.72    0.00    0.00  -79.87   51.37    0.00  -28.50 2.545E-02

   10.5890   6.1000  21.0000   1.0186   8.5805  0.25449E-01  0.73375E-02  0.18112E-01  0.18196E-01  0.16425E-07  0.13074E-01  0.51223E-02  0.10000E+01
 e,ep,th,sigb,sigqe=   10.59    6.11   21.00  0.6724E-02  0.1717E-01
  10.589 21.000  8.59    0.00    0.00  -77.35   59.03    0.00  -18.32  1.000
   6.110  1.023  0.69    0.00    0.00  -80.38   51.62    0.00  -28.76 2.389E-02

   10.5890   6.1100  21.0000   1.0225   8.5945  0.23893E-01  0.67245E-02  0.17168E-01  0.17021E-01  0.15610E-07  0.12333E-01  0.46881E-02  0.10000E+01
 e,ep,th,sigb,sigqe=   10.59    6.12   21.00  0.6151E-02  0.1617E-01
  10.589 21.000  8.61    0.00    0.00  -77.84   59.36    0.00  -18.48  1.000
   6.120  1.027  0.66    0.00    0.00  -80.81   51.83    0.00  -28.98 2.232E-02

   10.5890   6.1200  21.0000   1.0265   8.6086  0.22323E-01  0.61511E-02  0.16172E-01  0.15854E-01  0.14829E-07  0.11571E-01  0.42839E-02  0.10000E+01
 e,ep,th,sigb,sigqe=   10.59    6.13   21.00  0.5599E-02  0.1515E-01
  10.589 21.000  8.62    0.00    0.00  -78.30   59.69    0.00  -18.61  1.000
   6.130  1.030  0.63    0.00    0.00  -81.21   52.07    0.00  -29.14 2.075E-02

   10.5890   6.1300  21.0000   1.0305   8.6227  0.20749E-01  0.55992E-02  0.15150E-01  0.14704E-01  0.14085E-07  0.10804E-01  0.38996E-02  0.10000E+01
 e,ep,th,sigb,sigqe=   10.59    6.14   21.00  0.5081E-02  0.1413E-01
  10.589 21.000  8.64    0.00    0.00  -78.71   60.02    0.00  -18.69  1.000
   6.140  1.034  0.59    0.00    0.00  -81.56   52.31    0.00  -29.25 1.921E-02

   10.5890   6.1400  21.0000   1.0345   8.6367  0.19208E-01  0.50812E-02  0.14127E-01  0.13590E-01  0.13374E-07  0.10048E-01  0.35422E-02  0.10000E+01
 e,ep,th,sigb,sigqe=   10.59    6.15   21.00  0.4617E-02  0.1312E-01
  10.589 21.000  8.65    0.00    0.00  -79.05   60.28    0.00  -18.76  1.000
   6.150  1.039  0.56    0.00    0.00  -81.84   52.51    0.00  -29.33 1.774E-02

   10.5890   6.1500  21.0000   1.0385   8.6508  0.17738E-01  0.46166E-02  0.13121E-01  0.12535E-01  0.12694E-07  0.93135E-02  0.32211E-02  0.10000E+01
 e,ep,th,sigb,sigqe=   10.59    6.16   21.00  0.4214E-02  0.1215E-01
  10.589 21.000  8.66    0.00    0.00  -79.26   60.44    0.00  -18.83  1.000
   6.160  1.043  0.53    0.00    0.00  -82.03   52.61    0.00  -29.42 1.636E-02

   10.5890   6.1600  21.0000   1.0425   8.6649  0.16363E-01  0.42143E-02  0.12148E-01  0.11549E-01  0.12045E-07  0.86088E-02  0.29403E-02  0.10000E+01
 e,ep,th,sigb,sigqe=   10.59    6.17   21.00  0.3850E-02  0.1122E-01
  10.589 21.000  8.68    0.00    0.00  -79.43   60.55    0.00  -18.88  1.000
   6.170  1.047  0.49    0.00    0.00  -82.18   52.69    0.00  -29.49 1.507E-02

   10.5890   6.1700  21.0000   1.0466   8.6789  0.15068E-01  0.38498E-02  0.11218E-01  0.10625E-01  0.11425E-07  0.79398E-02  0.26853E-02  0.10000E+01
 e,ep,th,sigb,sigqe=   10.59    6.18   21.00  0.3516E-02  0.1034E-01
  10.589 21.000  8.69    0.00    0.00  -79.57   60.66    0.00  -18.92  1.000
   6.180  1.051  0.46    0.00    0.00  -82.30   52.77    0.00  -29.53 1.385E-02

   10.5890   6.1800  21.0000   1.0507   8.6930  0.13854E-01  0.35157E-02  0.10338E-01  0.97621E-02  0.10833E-07  0.73101E-02  0.24520E-02  0.10000E+01
 e,ep,th,sigb,sigqe=   10.59    6.19   21.00  0.3216E-02  0.9512E-02
  10.589 21.000  8.71    0.00    0.00  -79.67   60.72    0.00  -18.95  1.000
   6.190  1.055  0.43    0.00    0.00  -82.39   52.81    0.00  -29.58 1.273E-02

   10.5890   6.1900  21.0000   1.0548   8.7071  0.12727E-01  0.32159E-02  0.95115E-02  0.89627E-02  0.10267E-07  0.67212E-02  0.22415E-02  0.10000E+01
 e,ep,th,sigb,sigqe=   10.59    6.20   21.00  0.2944E-02  0.8741E-02
  10.589 21.000  8.72    0.00    0.00  -79.75   60.76    0.00  -18.99  1.000
   6.200  1.059  0.40    0.00    0.00  -82.46   52.84    0.00  -29.62 1.168E-02

   10.5890   6.2000  21.0000   1.0589   8.7211  0.11685E-01  0.29440E-02  0.87405E-02  0.82233E-02  0.97264E-08  0.61736E-02  0.20497E-02  0.10000E+01
 e,ep,th,sigb,sigqe=   10.59    6.21   21.00  0.2690E-02  0.8025E-02
  10.589 21.000  8.74    0.00    0.00  -79.83   60.82    0.00  -19.01  1.000
   6.210  1.063  0.36    0.00    0.00  -82.53   52.88    0.00  -29.65 1.071E-02

   10.5890   6.2100  21.0000   1.0630   8.7352  0.10715E-01  0.26900E-02  0.80248E-02  0.75379E-02  0.92091E-08  0.56665E-02  0.18714E-02  0.10000E+01
 e,ep,th,sigb,sigqe=   10.59    6.22   21.00  0.2439E-02  0.7363E-02
  10.589 21.000  8.75    0.00    0.00  -79.99   60.99    0.00  -19.00  1.000
   6.220  1.067  0.33    0.00    0.00  -82.67   53.03    0.00  -29.64 9.802E-03

   10.5890   6.2200  21.0000   1.0672   8.7493  0.98025E-02  0.24395E-02  0.73630E-02  0.68973E-02  0.87158E-08  0.51985E-02  0.16988E-02  0.10000E+01
 e,ep,th,sigb,sigqe=   10.59    6.23   21.00  0.2212E-02  0.6753E-02
  10.589 21.000  8.76    0.00    0.00  -80.15   61.16    0.00  -18.98  1.000
   6.230  1.071  0.30    0.00    0.00  -82.80   53.18    0.00  -29.61 8.965E-03

   10.5890   6.2300  21.0000   1.0713   8.7633  0.89646E-02  0.22118E-02  0.67529E-02  0.63100E-02  0.82441E-08  0.47677E-02  0.15423E-02  0.10000E+01
 e,ep,th,sigb,sigqe=   10.59    6.24   21.00  0.2010E-02  0.6192E-02
  10.589 21.000  8.78    0.00    0.00  -80.27   61.30    0.00  -18.97  1.000
   6.240  1.076  0.26    0.00    0.00  -82.89   53.30    0.00  -29.59 8.202E-03

   10.5890   6.2400  21.0000   1.0755   8.7774  0.82015E-02  0.20097E-02  0.61918E-02  0.57749E-02  0.77932E-08  0.43718E-02  0.14030E-02  0.10000E+01
 e,ep,th,sigb,sigqe=   10.59    6.25   21.00  0.1834E-02  0.5677E-02
  10.589 21.000  8.79    0.00    0.00  -80.34   61.38    0.00  -18.96  1.000
   6.250  1.080  0.23    0.00    0.00  -82.95   53.38    0.00  -29.57 7.510E-03

   10.5890   6.2500  21.0000   1.0797   8.7915  0.75101E-02  0.18335E-02  0.56766E-02  0.52891E-02  0.73632E-08  0.40087E-02  0.12804E-02  0.10000E+01
 e,ep,th,sigb,sigqe=   10.59    6.26   21.00  0.1677E-02  0.5204E-02
  10.589 21.000  8.81    0.00    0.00  -80.38   61.42    0.00  -18.95  1.000
   6.260  1.084  0.20    0.00    0.00  -82.99   53.42    0.00  -29.57 6.881E-03

   10.5890   6.2600  21.0000   1.0839   8.8055  0.68812E-02  0.16769E-02  0.52042E-02  0.48465E-02  0.69526E-08  0.36758E-02  0.11707E-02  0.10000E+01
 e,ep,th,sigb,sigqe=   10.59    6.27   21.00  0.1532E-02  0.4772E-02
  10.589 21.000  8.82    0.00    0.00  -80.43   61.49    0.00  -18.95  1.000
   6.270  1.088  0.17    0.00    0.00  -83.04   53.48    0.00  -29.56 6.303E-03

   10.5890   6.2700  21.0000   1.0882   8.8196  0.63034E-02  0.15319E-02  0.47715E-02  0.44404E-02  0.65612E-08  0.33711E-02  0.10693E-02  0.10000E+01
 e,ep,th,sigb,sigqe=   10.59    6.28   21.00  0.1394E-02  0.4375E-02
  10.589 21.000  8.83    0.00    0.00  -80.53   61.61    0.00  -18.92  1.000
   6.280  1.092  0.13    0.00    0.00  -83.12   53.59    0.00  -29.53 5.770E-03

   10.5890   6.2800  21.0000   1.0925   8.8337  0.57696E-02  0.13943E-02  0.43753E-02  0.40661E-02  0.61886E-08  0.30922E-02  0.97393E-03  0.10000E+01
 e,ep,th,sigb,sigqe=   10.59    6.29   21.00  0.1267E-02  0.4013E-02
  10.589 21.000  8.85    0.00    0.00  -80.65   61.76    0.00  -18.89  1.000
   6.290  1.097  0.10    0.00    0.00  -83.22   53.73    0.00  -29.48 5.280E-03

   10.5890   6.2900  21.0000   1.0967   8.8477  0.52798E-02  0.12670E-02  0.40128E-02  0.37231E-02  0.58339E-08  0.28369E-02  0.88613E-03  0.10000E+01
 e,ep,th,sigb,sigqe=   10.59    6.30   21.00  0.1148E-02  0.3681E-02
  10.589 21.000  8.86    0.00    0.00  -80.81   61.96    0.00  -18.85  1.000
   6.300  1.101  0.07    0.00    0.00  -83.34   53.91    0.00  -29.42 4.829E-03

   10.5890   6.3000  21.0000   1.1010   8.8618  0.48288E-02  0.11478E-02  0.36810E-02  0.34080E-02  0.54964E-08  0.26034E-02  0.80456E-03  0.10000E+01
 e,ep,th,sigb,sigqe=   10.59    6.31   21.00  0.1039E-02  0.3378E-02
  10.589 21.000  8.88    0.00    0.00  -80.97   62.19    0.00  -18.79  1.000
   6.310  1.105  0.03    0.00    0.00  -83.46   54.12    0.00  -29.35 4.416E-03

   10.5890   6.3100  21.0000   1.1054   8.8759  0.44162E-02  0.10386E-02  0.33776E-02  0.31202E-02  0.51759E-08  0.23899E-02  0.73033E-03  0.10000E+01
 e,ep,th,sigb,sigqe=   10.59    6.32   21.00  0.9382E-03  0.3100E-02
  10.589 21.000  8.89    0.00    0.00  -81.15   62.44    0.00  -18.71  1.000
   6.320  1.110  0.00    0.00    0.00  -83.59   54.34    0.00  -29.25 4.038E-03

   10.5890   6.3200  21.0000   1.1097   8.8899  0.40382E-02  0.93823E-03  0.31000E-02  0.28572E-02  0.48717E-08  0.21945E-02  0.66267E-03  0.10000E+01
 e,ep,th,sigb,sigqe=   10.59    6.33   21.00  0.8478E-03  0.2846E-02
  10.589 21.000  8.90    0.00    0.00  -81.31   62.69    0.00  -18.62  1.000
   6.330  1.114 -0.03    0.00    0.00  -83.70   54.57    0.00  -29.13 3.694E-03

   10.5890   6.3300  21.0000   1.1141   8.9040  0.36939E-02  0.84780E-03  0.28461E-02  0.26180E-02  0.45828E-08  0.20158E-02  0.60219E-03  0.10000E+01
 e,ep,th,sigb,sigqe=   10.59    6.34   21.00  0.7670E-03  0.2614E-02
  10.589 21.000  8.92    0.00    0.00  -81.43   62.92    0.00  -18.51  1.000
   6.340  1.118 -0.06    0.00    0.00  -83.77   54.79    0.00  -28.98 3.381E-03

   10.5890   6.3400  21.0000   1.1185   8.9181  0.33808E-02  0.76704E-03  0.26137E-02  0.24010E-02  0.43100E-08  0.18523E-02  0.54876E-03  0.10000E+01
 e,ep,th,sigb,sigqe=   10.59    6.35   21.00  0.7049E-03  0.2401E-02
  10.589 21.000  8.93    0.00    0.00  -81.38   62.94    0.00  -18.43  1.000
   6.350  1.123 -0.10    0.00    0.00  -83.70   54.82    0.00  -28.88 3.106E-03

   10.5890   6.3500  21.0000   1.1229   8.9321  0.31061E-02  0.70489E-03  0.24012E-02  0.22090E-02  0.40519E-08  0.17026E-02  0.50637E-03  0.10000E+01
 e,ep,th,sigb,sigqe=   10.59    6.36   21.00  0.6603E-03  0.2207E-02
  10.589 21.000  8.95    0.00    0.00  -81.10   62.69    0.00  -18.41  1.000
   6.360  1.127 -0.13    0.00    0.00  -83.46   54.61    0.00  -28.84 2.867E-03

   10.5890   6.3600  21.0000   1.1273   8.9462  0.28670E-02  0.66034E-03  0.22066E-02  0.20400E-02  0.38082E-08  0.15657E-02  0.47427E-03  0.10000E+01
 e,ep,th,sigb,sigqe=   10.59    6.37   21.00  0.6191E-03  0.2029E-02
  10.589 21.000  8.96    0.00    0.00  -80.82   62.44    0.00  -18.38  1.000
   6.370  1.132 -0.16    0.00    0.00  -83.21   54.40    0.00  -28.81 2.648E-03

   10.5890   6.3700  21.0000   1.1317   8.9603  0.26478E-02  0.61914E-03  0.20286E-02  0.18849E-02  0.35784E-08  0.14404E-02  0.44446E-03  0.10000E+01
 e,ep,th,sigb,sigqe=   10.59    6.38   21.00  0.5828E-03  0.1866E-02
  10.589 21.000  8.97    0.00    0.00  -80.50   62.13    0.00  -18.37  1.000
   6.380  1.136 -0.20    0.00    0.00  -82.94   54.14    0.00  -28.80 2.449E-03

   10.5890   6.3800  21.0000   1.1362   8.9743  0.24485E-02  0.58281E-03  0.18657E-02  0.17434E-02  0.33617E-08  0.13257E-02  0.41768E-03  0.10000E+01
 e,ep,th,sigb,sigqe=   10.59    6.39   21.00  0.5484E-03  0.1717E-02
  10.589 21.000  8.99    0.00    0.00  -80.19   61.82    0.00  -18.36  1.000
   6.390  1.141 -0.23    0.00    0.00  -82.68   53.90    0.00  -28.78 2.265E-03

   10.5890   6.3900  21.0000   1.1407   8.9884  0.22650E-02  0.54839E-03  0.17166E-02  0.16131E-02  0.31581E-08  0.12208E-02  0.39231E-03  0.10000E+01
 e,ep,th,sigb,sigqe=   10.59    6.40   21.00  0.5132E-03  0.1580E-02
  10.589 21.000  9.00    0.00    0.00  -79.94   61.61    0.00  -18.33  1.000
   6.400  1.145 -0.26    0.00    0.00  -82.47   53.73    0.00  -28.74 2.093E-03

   10.5890   6.4000  21.0000   1.1452   9.0025  0.20933E-02  0.51320E-03  0.15801E-02  0.14916E-02  0.29663E-08  0.11246E-02  0.36694E-03  0.10000E+01
 e,ep,th,sigb,sigqe=   10.59    6.41   21.00  0.4789E-03  0.1455E-02
  10.589 21.000  9.02    0.00    0.00  -79.74   61.45    0.00  -18.29  1.000
   6.410  1.150 -0.29    0.00    0.00  -82.29   53.60    0.00  -28.69 1.934E-03

   10.5890   6.4100  21.0000   1.1498   9.0165  0.19340E-02  0.47886E-03  0.14551E-02  0.13791E-02  0.27859E-08  0.10367E-02  0.34249E-03  0.10000E+01
 e,ep,th,sigb,sigqe=   10.59    6.42   21.00  0.4480E-03  0.1341E-02
  10.589 21.000  9.03    0.00    0.00  -79.51   61.26    0.00  -18.26  1.000
   6.420  1.154 -0.33    0.00    0.00  -82.09   53.45    0.00  -28.64 1.789E-03

   10.5890   6.4200  21.0000   1.1543   9.0306  0.17887E-02  0.44795E-03  0.13408E-02  0.12764E-02  0.26163E-08  0.95608E-03  0.32029E-03  0.10000E+01
 e,ep,th,sigb,sigqe=   10.59    6.43   21.00  0.4202E-03  0.1236E-02
  10.589 21.000  9.04    0.00    0.00  -79.26   61.03    0.00  -18.23  1.000
   6.430  1.159 -0.36    0.00    0.00  -81.88   53.27    0.00  -28.61 1.656E-03

   10.5890   6.4300  21.0000   1.1589   9.0447  0.16562E-02  0.42015E-03  0.12360E-02  0.11824E-02  0.24571E-08  0.88232E-03  0.30008E-03  0.10000E+01
 e,ep,th,sigb,sigqe=   10.59    6.44   21.00  0.3947E-03  0.1140E-02
  10.589 21.000  9.06    0.00    0.00  -79.00   60.79    0.00  -18.21  1.000
   6.440  1.163 -0.39    0.00    0.00  -81.66   53.08    0.00  -28.58 1.535E-03

   10.5890   6.4400  21.0000   1.1635   9.0587  0.15349E-02  0.39475E-03  0.11402E-02  0.10962E-02  0.23074E-08  0.81476E-03  0.28145E-03  0.10000E+01
 e,ep,th,sigb,sigqe=   10.59    6.45   21.00  0.3699E-03  0.1052E-02
  10.589 21.000  9.07    0.00    0.00  -78.78   60.60    0.00  -18.19  1.000
   6.450  1.168 -0.43    0.00    0.00  -81.48   52.93    0.00  -28.55 1.422E-03

   10.5890   6.4500  21.0000   1.1681   9.0728  0.14224E-02  0.36993E-03  0.10524E-02  0.10163E-02  0.21666E-08  0.75289E-03  0.26342E-03  0.10000E+01
 e,ep,th,sigb,sigqe=   10.59    6.46   21.00  0.3450E-03  0.9721E-03
  10.589 21.000  9.09    0.00    0.00  -78.63   60.49    0.00  -18.14  1.000
   6.460  1.173 -0.46    0.00    0.00  -81.35   52.86    0.00  -28.49 1.317E-03

   10.5890   6.4600  21.0000   1.1728   9.0869  0.13171E-02  0.34504E-03  0.97208E-03  0.94192E-03  0.20347E-08  0.69623E-03  0.24569E-03  0.10000E+01
 e,ep,th,sigb,sigqe=   10.59    6.47   21.00  0.3204E-03  0.8985E-03
  10.589 21.000  9.10    0.00    0.00  -78.54   60.46    0.00  -18.07  1.000
   6.470  1.177 -0.49    0.00    0.00  -81.26   52.86    0.00  -28.40 1.219E-03

   10.5890   6.4700  21.0000   1.1774   9.1009  0.12189E-02  0.32040E-03  0.89852E-03  0.87278E-03  0.19106E-08  0.64433E-03  0.22845E-03  0.10000E+01
 e,ep,th,sigb,sigqe=   10.59    6.48   21.00  0.2992E-03  0.8312E-03
  10.589 21.000  9.11    0.00    0.00  -78.39   60.36    0.00  -18.02  1.000
   6.480  1.182 -0.52    0.00    0.00  -81.13   52.80    0.00  -28.33 1.130E-03

   10.5890   6.4800  21.0000   1.1821   9.1150  0.11304E-02  0.29919E-03  0.83118E-03  0.81012E-03  0.17940E-08  0.59678E-03  0.21334E-03  0.10000E+01
 e,ep,th,sigb,sigqe=   10.59    6.49   21.00  0.2819E-03  0.7695E-03
  10.589 21.000  9.13    0.00    0.00  -78.14   60.14    0.00  -18.01  1.000
   6.490  1.187 -0.56    0.00    0.00  -80.93   52.62    0.00  -28.31 1.051E-03

   10.5890   6.4900  21.0000   1.1868   9.1291  0.10514E-02  0.28185E-03  0.76952E-03  0.75371E-03  0.16848E-08  0.55321E-03  0.20050E-03  0.10000E+01
 e,ep,th,sigb,sigqe=   10.59    6.50   21.00  0.2655E-03  0.7131E-03
  10.589 21.000  9.14    0.00    0.00  -77.92   59.92    0.00  -18.00  1.000
   6.500  1.192 -0.59    0.00    0.00  -80.75   52.45    0.00  -28.30 9.786E-04

   10.5890   6.5000  21.0000   1.1916   9.1431  0.97857E-03  0.26552E-03  0.71305E-03  0.70165E-03  0.15820E-08  0.51328E-03  0.18837E-03  0.10000E+01
 e,ep,th,sigb,sigqe=   10.59    6.51   21.00  0.2487E-03  0.6613E-03
  10.589 21.000  9.16    0.00    0.00  -77.78   59.81    0.00  -17.97  1.000
   6.510  1.196 -0.62    0.00    0.00  -80.64   52.38    0.00  -28.26 9.100E-04

   10.5890   6.5100  21.0000   1.1963   9.1572  0.91005E-03  0.24871E-03  0.66134E-03  0.65284E-03  0.14853E-08  0.47668E-03  0.17616E-03  0.10000E+01
 e,ep,th,sigb,sigqe=   10.59    6.52   21.00  0.2315E-03  0.6140E-03
  10.589 21.000  9.17    0.00    0.00  -77.74   59.82    0.00  -17.92  1.000
   6.520  1.201 -0.66    0.00    0.00  -80.61   52.41    0.00  -28.20 8.455E-04

   10.5890   6.5200  21.0000   1.2011   9.1713  0.84551E-03  0.23154E-03  0.61397E-03  0.60710E-03  0.13947E-08  0.44311E-03  0.16398E-03  0.10000E+01
 e,ep,th,sigb,sigqe=   10.59    6.53   21.00  0.2159E-03  0.5706E-03
  10.589 21.000  9.19    0.00    0.00  -77.69   59.81    0.00  -17.88  1.000
   6.530  1.206 -0.69    0.00    0.00  -80.57   52.42    0.00  -28.14 7.865E-04

   10.5890   6.5300  21.0000   1.2059   9.1853  0.78651E-03  0.21595E-03  0.57056E-03  0.56518E-03  0.13096E-08  0.41232E-03  0.15285E-03  0.10000E+01
 e,ep,th,sigb,sigqe=   10.59    6.54   21.00  0.2020E-03  0.5308E-03
  10.589 21.000  9.20    0.00    0.00  -77.62   59.77    0.00  -17.85  1.000
   6.540  1.211 -0.72    0.00    0.00  -80.52   52.41    0.00  -28.10 7.328E-04

   10.5890   6.5400  21.0000   1.2107   9.1994  0.73280E-03  0.20202E-03  0.53078E-03  0.52685E-03  0.12297E-08  0.38406E-03  0.14279E-03  0.10000E+01
 e,ep,th,sigb,sigqe=   10.59    6.55   21.00  0.1890E-03  0.4943E-03
  10.589 21.000  9.21    0.00    0.00  -77.57   59.74    0.00  -17.83  1.000
   6.550  1.216 -0.75    0.00    0.00  -80.48   52.41    0.00  -28.07 6.833E-04

   10.5890   6.5500  21.0000   1.2156   9.2135  0.68328E-03  0.18898E-03  0.49430E-03  0.49145E-03  0.11547E-08  0.35811E-03  0.13335E-03  0.10000E+01
 e,ep,th,sigb,sigqe=   10.59    6.56   21.00  0.1766E-03  0.4608E-03
  10.589 21.000  9.23    0.00    0.00  -77.57   59.76    0.00  -17.81  1.000
   6.560  1.220 -0.79    0.00    0.00  -80.49   52.44    0.00  -28.04 6.374E-04

   10.5890   6.5600  21.0000   1.2205   9.2275  0.63738E-03  0.17655E-03  0.46083E-03  0.45863E-03  0.10845E-08  0.33426E-03  0.12437E-03  0.10000E+01
 e,ep,th,sigb,sigqe=   10.59    6.57   21.00  0.1647E-03  0.4301E-03
  10.589 21.000  9.24    0.00    0.00  -77.59   59.81    0.00  -17.78  1.000
   6.570  1.225 -0.82    0.00    0.00  -80.52   52.51    0.00  -28.01 5.948E-04

   10.5890   6.5700  21.0000   1.2254   9.2416  0.59480E-03  0.16470E-03  0.43010E-03  0.42818E-03  0.10187E-08  0.31232E-03  0.11586E-03  0.10000E+01
 e,ep,th,sigb,sigqe=   10.59    6.58   21.00  0.1529E-03  0.4019E-03
  10.589 21.000  9.26    0.00    0.00  -77.70   59.96    0.00  -17.74  1.000
   6.580  1.230 -0.85    0.00    0.00  -80.62   52.66    0.00  -27.96 5.547E-04

   10.5890   6.5800  21.0000   1.2303   9.2556  0.55475E-03  0.15288E-03  0.40186E-03  0.39965E-03  0.95712E-09  0.29213E-03  0.10751E-03  0.10000E+01
 e,ep,th,sigb,sigqe=   10.59    6.59   21.00  0.1420E-03  0.3759E-03
  10.589 21.000  9.27    0.00    0.00  -77.82   60.12    0.00  -17.71  1.000
   6.590  1.235 -0.88    0.00    0.00  -80.73   52.82    0.00  -27.91 5.179E-04

   10.5890   6.5900  21.0000   1.2352   9.2697  0.51789E-03  0.14199E-03  0.37590E-03  0.37335E-03  0.89954E-09  0.27353E-03  0.99817E-04  0.10000E+01
 e,ep,th,sigb,sigqe=   10.59    6.60   21.00  0.1324E-03  0.3520E-03
  10.589 21.000  9.28    0.00    0.00  -77.92   60.22    0.00  -17.69  1.000
   6.600  1.240 -0.92    0.00    0.00  -80.81   52.92    0.00  -27.89 4.844E-04

   10.5890   6.6000  21.0000   1.2402   9.2838  0.48441E-03  0.13241E-03  0.35201E-03  0.34931E-03  0.84579E-09  0.25637E-03  0.92936E-04  0.10000E+01
 e,ep,th,sigb,sigqe=   10.59    6.61   21.00  0.1237E-03  0.3300E-03
  10.589 21.000  9.30    0.00    0.00  -78.00   60.31    0.00  -17.69  1.000
   6.610  1.245 -0.95    0.00    0.00  -80.91   53.02    0.00  -27.89 4.537E-04

   10.5890   6.6100  21.0000   1.2452   9.2978  0.45369E-03  0.12369E-03  0.32999E-03  0.32716E-03  0.79571E-09  0.24053E-03  0.86627E-04  0.10000E+01
 e,ep,th,sigb,sigqe=   10.59    6.62   21.00  0.1152E-03  0.3097E-03
  10.589 21.000  9.31    0.00    0.00  -78.15   60.46    0.00  -17.69  1.000
   6.620  1.250 -0.98    0.00    0.00  -81.05   53.16    0.00  -27.88 4.249E-04

   10.5890   6.6200  21.0000   1.2502   9.3119  0.42490E-03  0.11522E-03  0.30968E-03  0.30642E-03  0.74904E-09  0.22588E-03  0.80537E-04  0.10000E+01
 e,ep,th,sigb,sigqe=   10.59    6.63   21.00  0.1070E-03  0.2909E-03
  10.589 21.000  9.33    0.00    0.00  -78.35   60.68    0.00  -17.68  1.000
   6.630  1.255 -1.02    0.00    0.00  -81.23   53.36    0.00  -27.87 3.979E-04

   10.5890   6.6300  21.0000   1.2553   9.3260  0.39789E-03  0.10698E-03  0.29091E-03  0.28700E-03  0.70566E-09  0.21231E-03  0.74681E-04  0.10000E+01
