 Enter the input file name (in INP directory)
 filename=INP/40degd2cryo17.inp                                                
input files for EXTERNAL: runplan/target/output                         
RUNPLAN/40deg_short.inp                                                         
TARG/targ.D2cryo17_shms                                                         
OUT/40deg_details_d2cryo17.out                                                  
 got here
 Reading parameters for Ioana's model
 Pauli suppression factors
  1.00 0.05 1.00 0.63 1.00 0.61 0.83 0.68 0.63 1.00 0.61 0.83
 Pauli suppression factors
  1.00 0.10 1.00 0.83 1.00 0.79 0.92 0.84 0.83 1.00 0.79 0.92
 Pauli suppression factors
  1.00 0.15 1.00 0.94 1.00 0.87 0.96 0.91 0.94 1.00 0.87 0.96
 Pauli suppression factors
  1.00 0.20 1.00 0.99 1.00 0.89 0.97 0.94 0.99 1.00 0.89 0.97
 Pauli suppression factors
  1.00 0.25 1.00 1.00 1.00 1.00 0.98 0.96 1.00 1.00 1.00 0.98
 Pauli suppression factors
  2.00 0.05 1.00 0.63 1.00 0.62 0.83 0.68 0.63 1.00 0.62 0.83
 Pauli suppression factors
  2.00 0.10 1.00 0.83 1.00 0.80 0.92 0.84 0.83 1.00 0.80 0.92
 Pauli suppression factors
  2.00 0.15 1.00 0.94 1.00 0.90 0.96 0.91 0.94 1.00 0.90 0.96
 Pauli suppression factors
  2.00 0.20 1.00 0.99 1.00 0.94 0.97 0.94 0.99 1.00 0.94 0.97
 Pauli suppression factors
  2.00 0.25 1.00 1.00 1.00 1.00 0.98 0.96 1.00 1.00 1.00 0.98
 Pauli suppression factors
  3.00 0.05 1.00 0.63 1.00 0.62 0.83 0.68 0.63 1.00 0.62 0.83
 Pauli suppression factors
  3.00 0.10 1.00 0.83 1.00 0.81 0.92 0.84 0.83 1.00 0.81 0.92
 Pauli suppression factors
  3.00 0.15 1.00 0.94 1.00 0.91 0.96 0.91 0.94 1.00 0.91 0.96
 Pauli suppression factors
  3.00 0.20 1.00 0.99 1.00 0.95 0.97 0.94 0.99 1.00 0.95 0.97
 Pauli suppression factors
  3.00 0.25 1.00 1.00 1.00 1.00 0.98 0.96 1.00 1.00 1.00 0.98
 Pauli suppression factors
  4.00 0.05 1.00 0.63 1.00 0.62 0.83 0.68 0.63 1.00 0.62 0.83
 Pauli suppression factors
  4.00 0.10 1.00 0.83 1.00 0.81 0.92 0.84 0.83 1.00 0.81 0.92
 Pauli suppression factors
  4.00 0.15 1.00 0.94 1.00 0.91 0.96 0.91 0.94 1.00 0.91 0.96
 Pauli suppression factors
  4.00 0.20 1.00 0.99 1.00 0.96 0.97 0.94 0.99 1.00 0.96 0.97
 Pauli suppression factors
  4.00 0.25 1.00 1.00 1.00 1.00 0.98 0.96 1.00 1.00 1.00 0.98
 Pauli suppression factors
  5.00 0.05 1.00 0.63 1.00 0.62 0.83 0.68 0.63 1.00 0.62 0.83
 Pauli suppression factors
  5.00 0.10 1.00 0.83 1.00 0.81 0.92 0.84 0.83 1.00 0.81 0.92
 Pauli suppression factors
  5.00 0.15 1.00 0.94 1.00 0.92 0.96 0.91 0.94 1.00 0.92 0.96
 Pauli suppression factors
  5.00 0.20 1.00 0.99 1.00 0.97 0.97 0.94 0.99 1.00 0.97 0.97
 Pauli suppression factors
  5.00 0.25 1.00 1.00 1.00 1.00 0.98 0.96 1.00 1.00 1.00 0.98
 e,ep,th,sigb,sigqe=    5.77    0.67   40.00  0.4948E+01  0.2812E-03
 CRYO17 rad len=   0.00000   0.00146   0.00000   0.00696   0.01462
 CRYO17 rad len=   2.50317   0.00146   0.00335   0.00696   0.01462
 CRYO17 rad len=   7.50951   0.00146   0.01006   0.00356   0.01317
 CRYO17 rad len=   5.00634   0.00146   0.00671   0.00595   0.01328
 CRYO17 rad len=  10.01268   0.00146   0.01342  -0.00000   0.01394
 CRYO17 rad len=   0.00000   0.00146   0.00000   0.00696   0.01462
   5.766 40.000  1.81   24.85   33.03   29.00   31.76    1.05   61.82  0.962
   0.671  0.189  8.63   36.47   43.15   35.75   41.45    1.37   78.57 4.948E+00

    5.7660   0.6706  40.0000   0.1892   1.8093  0.49482E+01  0.49480E+01  0.28116E-03  0.88359E+01  0.67614E-01  0.20512E+01  0.67171E+01  0.10000E+01
 e,ep,th,sigb,sigqe=    5.77    0.68   40.00  0.4894E+01  0.2764E-03
   5.766 40.000  1.84   24.05   31.83   28.54   30.58    0.96   60.09  0.961
   0.681  0.192  8.59   35.23   41.52   35.09   39.86    1.25   76.20 4.894E+00

    5.7660   0.6806  40.0000   0.1924   1.8362  0.48939E+01  0.48936E+01  0.27640E-03  0.86227E+01  0.60941E-01  0.19507E+01  0.66111E+01  0.10000E+01
 e,ep,th,sigb,sigqe=    5.77    1.03   40.00  0.3126E+01  0.2011E-03
   5.766 40.000  2.78    8.44    9.37   13.86    8.81    0.06   22.73  0.941
   1.031  0.313  6.99   11.60   11.90   14.76   11.19    0.07   26.01 3.126E+00

    5.7660   1.0306  40.0000   0.3129   2.7805  0.31263E+01  0.31261E+01  0.20109E-03  0.39395E+01  0.21717E-02  0.34972E+00  0.35876E+01  0.10000E+01
 e,ep,th,sigb,sigqe=    5.77    1.04   40.00  0.3081E+01  0.2007E-03
   5.766 40.000  2.81    8.21    9.06   13.51    8.52    0.06   22.09  0.940
   1.041  0.317  6.94   11.26   11.50   14.28   10.81    0.06   25.16 3.082E+00

    5.7660   1.0406  40.0000   0.3166   2.8075  0.30816E+01  0.30814E+01  0.20066E-03  0.38570E+01  0.19919E-02  0.33318E+00  0.35218E+01  0.10000E+01
